CRITICAL - 2021-01-18 16:11:56 --> Access denied for user '****'@'localhost' (using password: NO)
#0 D:\www\plantation\system\Database\BaseConnection.php(377): CodeIgniter\Database\MySQLi\Connection->connect(false)
#1 D:\www\plantation\system\Database\BaseConnection.php(643): CodeIgniter\Database\BaseConnection->initialize()
#2 D:\www\plantation\system\Database\BaseBuilder.php(1845): CodeIgniter\Database\BaseConnection->query('SELECT *\nFROM `...', Array, false)
#3 D:\www\plantation\app\Core\BaseModel.php(237): CodeIgniter\Database\BaseBuilder->get()
#4 D:\www\plantation\app\Controllers\API.php(380): App\Core\BaseModel->login('emmwee', 'asd')
#5 D:\www\plantation\system\CodeIgniter.php(914): App\Controllers\API->login()
#6 D:\www\plantation\system\CodeIgniter.php(400): CodeIgniter\CodeIgniter->runController(Object(App\Controllers\API))
#7 D:\www\plantation\system\CodeIgniter.php(308): CodeIgniter\CodeIgniter->handleRequest(NULL, Object(Config\Cache), false)
#8 D:\www\plantation\index.php(45): CodeIgniter\CodeIgniter->run()
#9 {main}
CRITICAL - 2021-01-18 16:11:58 --> Access denied for user '****'@'localhost' (using password: NO)
#0 D:\www\plantation\system\Database\BaseConnection.php(377): CodeIgniter\Database\MySQLi\Connection->connect(false)
#1 D:\www\plantation\system\Database\BaseConnection.php(643): CodeIgniter\Database\BaseConnection->initialize()
#2 D:\www\plantation\system\Database\BaseBuilder.php(1845): CodeIgniter\Database\BaseConnection->query('SELECT *\nFROM `...', Array, false)
#3 D:\www\plantation\app\Core\BaseModel.php(237): CodeIgniter\Database\BaseBuilder->get()
#4 D:\www\plantation\app\Controllers\API.php(380): App\Core\BaseModel->login('emmwee', 'asd')
#5 D:\www\plantation\system\CodeIgniter.php(914): App\Controllers\API->login()
#6 D:\www\plantation\system\CodeIgniter.php(400): CodeIgniter\CodeIgniter->runController(Object(App\Controllers\API))
#7 D:\www\plantation\system\CodeIgniter.php(308): CodeIgniter\CodeIgniter->handleRequest(NULL, Object(Config\Cache), false)
#8 D:\www\plantation\index.php(45): CodeIgniter\CodeIgniter->run()
#9 {main}
CRITICAL - 2021-01-18 16:12:06 --> Access denied for user '****'@'localhost' (using password: NO)
#0 D:\www\plantation\system\Database\BaseConnection.php(377): CodeIgniter\Database\MySQLi\Connection->connect(false)
#1 D:\www\plantation\system\Database\BaseConnection.php(643): CodeIgniter\Database\BaseConnection->initialize()
#2 D:\www\plantation\system\Database\BaseBuilder.php(1845): CodeIgniter\Database\BaseConnection->query('SELECT *\nFROM `...', Array, false)
#3 D:\www\plantation\app\Core\BaseModel.php(237): CodeIgniter\Database\BaseBuilder->get()
#4 D:\www\plantation\app\Controllers\API.php(380): App\Core\BaseModel->login('emmwee', 'asd')
#5 D:\www\plantation\system\CodeIgniter.php(914): App\Controllers\API->login()
#6 D:\www\plantation\system\CodeIgniter.php(400): CodeIgniter\CodeIgniter->runController(Object(App\Controllers\API))
#7 D:\www\plantation\system\CodeIgniter.php(308): CodeIgniter\CodeIgniter->handleRequest(NULL, Object(Config\Cache), false)
#8 D:\www\plantation\index.php(45): CodeIgniter\CodeIgniter->run()
#9 {main}
CRITICAL - 2021-01-18 16:12:42 --> Unknown column 'last_login' in 'field list'
#0 D:\www\plantation\system\Database\MySQLi\Connection.php(331): mysqli->query('UPDATE `admin` ...')
#1 D:\www\plantation\system\Database\BaseConnection.php(738): CodeIgniter\Database\MySQLi\Connection->execute('UPDATE `admin` ...')
#2 D:\www\plantation\system\Database\BaseConnection.php(666): CodeIgniter\Database\BaseConnection->simpleQuery('UPDATE `admin` ...')
#3 D:\www\plantation\system\Database\BaseBuilder.php(2441): CodeIgniter\Database\BaseConnection->query('UPDATE `admin` ...', Array, false)
#4 D:\www\plantation\app\Core\BaseModel.php(213): CodeIgniter\Database\BaseBuilder->update(Array)
#5 D:\www\plantation\app\Controllers\API.php(403): App\Core\BaseModel->updateWhere(Array, Array)
#6 D:\www\plantation\system\CodeIgniter.php(914): App\Controllers\API->login()
#7 D:\www\plantation\system\CodeIgniter.php(400): CodeIgniter\CodeIgniter->runController(Object(App\Controllers\API))
#8 D:\www\plantation\system\CodeIgniter.php(308): CodeIgniter\CodeIgniter->handleRequest(NULL, Object(Config\Cache), false)
#9 D:\www\plantation\index.php(45): CodeIgniter\CodeIgniter->run()
#10 {main}
