CRITICAL - 2021-11-11 11:35:48 --> Unknown column 'users.contact' in 'field list'
#0 D:\www\carlink_backend\system\Database\MySQLi\Connection.php(331): mysqli->query('SELECT `car`.*,...')
#1 D:\www\carlink_backend\system\Database\BaseConnection.php(738): CodeIgniter\Database\MySQLi\Connection->execute('SELECT `car`.*,...')
#2 D:\www\carlink_backend\system\Database\BaseConnection.php(666): CodeIgniter\Database\BaseConnection->simpleQuery('SELECT `car`.*,...')
#3 D:\www\carlink_backend\system\Database\BaseBuilder.php(1845): CodeIgniter\Database\BaseConnection->query('SELECT `car`.*,...', Array, false)
#4 D:\www\carlink_backend\app\Models\CarModel.php(38): CodeIgniter\Database\BaseBuilder->get()
#5 D:\www\carlink_backend\app\Controllers\Car.php(50): App\Models\CarModel->getAll()
#6 D:\www\carlink_backend\system\CodeIgniter.php(914): App\Controllers\Car->index()
#7 D:\www\carlink_backend\system\CodeIgniter.php(400): CodeIgniter\CodeIgniter->runController(Object(App\Controllers\Car))
#8 D:\www\carlink_backend\system\CodeIgniter.php(308): CodeIgniter\CodeIgniter->handleRequest(NULL, Object(Config\Cache), false)
#9 D:\www\carlink_backend\index.php(45): CodeIgniter\CodeIgniter->run()
#10 {main}
CRITICAL - 2021-11-11 11:36:18 --> Unknown column 'users.contact' in 'field list'
#0 D:\www\carlink_backend\system\Database\MySQLi\Connection.php(331): mysqli->query('SELECT `car`.*,...')
#1 D:\www\carlink_backend\system\Database\BaseConnection.php(738): CodeIgniter\Database\MySQLi\Connection->execute('SELECT `car`.*,...')
#2 D:\www\carlink_backend\system\Database\BaseConnection.php(666): CodeIgniter\Database\BaseConnection->simpleQuery('SELECT `car`.*,...')
#3 D:\www\carlink_backend\system\Database\BaseBuilder.php(1845): CodeIgniter\Database\BaseConnection->query('SELECT `car`.*,...', Array, false)
#4 D:\www\carlink_backend\app\Models\CarModel.php(37): CodeIgniter\Database\BaseBuilder->get()
#5 D:\www\carlink_backend\app\Controllers\Car.php(50): App\Models\CarModel->getAll()
#6 D:\www\carlink_backend\system\CodeIgniter.php(914): App\Controllers\Car->index()
#7 D:\www\carlink_backend\system\CodeIgniter.php(400): CodeIgniter\CodeIgniter->runController(Object(App\Controllers\Car))
#8 D:\www\carlink_backend\system\CodeIgniter.php(308): CodeIgniter\CodeIgniter->handleRequest(NULL, Object(Config\Cache), false)
#9 D:\www\carlink_backend\index.php(45): CodeIgniter\CodeIgniter->run()
#10 {main}
CRITICAL - 2021-11-11 11:36:18 --> Unknown column 'users.contact' in 'field list'
#0 D:\www\carlink_backend\system\Database\MySQLi\Connection.php(331): mysqli->query('SELECT `car`.*,...')
#1 D:\www\carlink_backend\system\Database\BaseConnection.php(738): CodeIgniter\Database\MySQLi\Connection->execute('SELECT `car`.*,...')
#2 D:\www\carlink_backend\system\Database\BaseConnection.php(666): CodeIgniter\Database\BaseConnection->simpleQuery('SELECT `car`.*,...')
#3 D:\www\carlink_backend\system\Database\BaseBuilder.php(1845): CodeIgniter\Database\BaseConnection->query('SELECT `car`.*,...', Array, false)
#4 D:\www\carlink_backend\app\Models\CarModel.php(37): CodeIgniter\Database\BaseBuilder->get()
#5 D:\www\carlink_backend\app\Controllers\Car.php(50): App\Models\CarModel->getAll()
#6 D:\www\carlink_backend\system\CodeIgniter.php(914): App\Controllers\Car->index()
#7 D:\www\carlink_backend\system\CodeIgniter.php(400): CodeIgniter\CodeIgniter->runController(Object(App\Controllers\Car))
#8 D:\www\carlink_backend\system\CodeIgniter.php(308): CodeIgniter\CodeIgniter->handleRequest(NULL, Object(Config\Cache), false)
#9 D:\www\carlink_backend\index.php(45): CodeIgniter\CodeIgniter->run()
#10 {main}
CRITICAL - 2021-11-11 12:23:35 --> Undefined index: area_id
#0 D:\www\carlink_backend\app\Views\admin\car\add.php(49): CodeIgniter\Debug\Exceptions->errorHandler(8, 'Undefined index...', 'D:\\www\\carlink_...', 49, Array)
#1 D:\www\carlink_backend\system\View\View.php(246): include('D:\\www\\carlink_...')
#2 D:\www\carlink_backend\system\Common.php(1087): CodeIgniter\View\View->render('admin/car/add', Array, true)
#3 D:\www\carlink_backend\app\Controllers\Car.php(92): view('admin/car/add')
#4 D:\www\carlink_backend\system\CodeIgniter.php(914): App\Controllers\Car->add()
#5 D:\www\carlink_backend\system\CodeIgniter.php(400): CodeIgniter\CodeIgniter->runController(Object(App\Controllers\Car))
#6 D:\www\carlink_backend\system\CodeIgniter.php(308): CodeIgniter\CodeIgniter->handleRequest(NULL, Object(Config\Cache), false)
#7 D:\www\carlink_backend\index.php(45): CodeIgniter\CodeIgniter->run()
#8 {main}
CRITICAL - 2021-11-11 12:25:13 --> Undefined index: transmission_id
#0 D:\www\carlink_backend\app\Views\admin\car\add.php(50): CodeIgniter\Debug\Exceptions->errorHandler(8, 'Undefined index...', 'D:\\www\\carlink_...', 50, Array)
#1 D:\www\carlink_backend\system\View\View.php(246): include('D:\\www\\carlink_...')
#2 D:\www\carlink_backend\system\Common.php(1087): CodeIgniter\View\View->render('admin/car/add', Array, true)
#3 D:\www\carlink_backend\app\Controllers\Car.php(92): view('admin/car/add')
#4 D:\www\carlink_backend\system\CodeIgniter.php(914): App\Controllers\Car->add()
#5 D:\www\carlink_backend\system\CodeIgniter.php(400): CodeIgniter\CodeIgniter->runController(Object(App\Controllers\Car))
#6 D:\www\carlink_backend\system\CodeIgniter.php(308): CodeIgniter\CodeIgniter->handleRequest(NULL, Object(Config\Cache), false)
#7 D:\www\carlink_backend\index.php(45): CodeIgniter\CodeIgniter->run()
#8 {main}
CRITICAL - 2021-11-11 12:25:13 --> Undefined index: transmission_id
#0 D:\www\carlink_backend\app\Views\admin\car\add.php(50): CodeIgniter\Debug\Exceptions->errorHandler(8, 'Undefined index...', 'D:\\www\\carlink_...', 50, Array)
#1 D:\www\carlink_backend\system\View\View.php(246): include('D:\\www\\carlink_...')
#2 D:\www\carlink_backend\system\Common.php(1087): CodeIgniter\View\View->render('admin/car/add', Array, true)
#3 D:\www\carlink_backend\app\Controllers\Car.php(92): view('admin/car/add')
#4 D:\www\carlink_backend\system\CodeIgniter.php(914): App\Controllers\Car->add()
#5 D:\www\carlink_backend\system\CodeIgniter.php(400): CodeIgniter\CodeIgniter->runController(Object(App\Controllers\Car))
#6 D:\www\carlink_backend\system\CodeIgniter.php(308): CodeIgniter\CodeIgniter->handleRequest(NULL, Object(Config\Cache), false)
#7 D:\www\carlink_backend\index.php(45): CodeIgniter\CodeIgniter->run()
#8 {main}
CRITICAL - 2021-11-11 12:26:59 --> Undefined index: area_id
#0 D:\www\carlink_backend\app\Views\admin\car\add.php(49): CodeIgniter\Debug\Exceptions->errorHandler(8, 'Undefined index...', 'D:\\www\\carlink_...', 49, Array)
#1 D:\www\carlink_backend\system\View\View.php(246): include('D:\\www\\carlink_...')
#2 D:\www\carlink_backend\system\Common.php(1087): CodeIgniter\View\View->render('admin/car/add', Array, true)
#3 D:\www\carlink_backend\app\Controllers\Car.php(92): view('admin/car/add')
#4 D:\www\carlink_backend\system\CodeIgniter.php(914): App\Controllers\Car->add()
#5 D:\www\carlink_backend\system\CodeIgniter.php(400): CodeIgniter\CodeIgniter->runController(Object(App\Controllers\Car))
#6 D:\www\carlink_backend\system\CodeIgniter.php(308): CodeIgniter\CodeIgniter->handleRequest(NULL, Object(Config\Cache), false)
#7 D:\www\carlink_backend\index.php(45): CodeIgniter\CodeIgniter->run()
#8 {main}
CRITICAL - 2021-11-11 12:27:38 --> Undefined index: area_id
#0 D:\www\carlink_backend\app\Views\admin\car\add.php(49): CodeIgniter\Debug\Exceptions->errorHandler(8, 'Undefined index...', 'D:\\www\\carlink_...', 49, Array)
#1 D:\www\carlink_backend\system\View\View.php(246): include('D:\\www\\carlink_...')
#2 D:\www\carlink_backend\system\Common.php(1087): CodeIgniter\View\View->render('admin/car/add', Array, true)
#3 D:\www\carlink_backend\app\Controllers\Car.php(92): view('admin/car/add')
#4 D:\www\carlink_backend\system\CodeIgniter.php(914): App\Controllers\Car->add()
#5 D:\www\carlink_backend\system\CodeIgniter.php(400): CodeIgniter\CodeIgniter->runController(Object(App\Controllers\Car))
#6 D:\www\carlink_backend\system\CodeIgniter.php(308): CodeIgniter\CodeIgniter->handleRequest(NULL, Object(Config\Cache), false)
#7 D:\www\carlink_backend\index.php(45): CodeIgniter\CodeIgniter->run()
#8 {main}
CRITICAL - 2021-11-11 12:27:39 --> Undefined index: area_id
#0 D:\www\carlink_backend\app\Views\admin\car\add.php(49): CodeIgniter\Debug\Exceptions->errorHandler(8, 'Undefined index...', 'D:\\www\\carlink_...', 49, Array)
#1 D:\www\carlink_backend\system\View\View.php(246): include('D:\\www\\carlink_...')
#2 D:\www\carlink_backend\system\Common.php(1087): CodeIgniter\View\View->render('admin/car/add', Array, true)
#3 D:\www\carlink_backend\app\Controllers\Car.php(92): view('admin/car/add')
#4 D:\www\carlink_backend\system\CodeIgniter.php(914): App\Controllers\Car->add()
#5 D:\www\carlink_backend\system\CodeIgniter.php(400): CodeIgniter\CodeIgniter->runController(Object(App\Controllers\Car))
#6 D:\www\carlink_backend\system\CodeIgniter.php(308): CodeIgniter\CodeIgniter->handleRequest(NULL, Object(Config\Cache), false)
#7 D:\www\carlink_backend\index.php(45): CodeIgniter\CodeIgniter->run()
#8 {main}
CRITICAL - 2021-11-11 12:43:38 --> Unknown column 'users.contact' in 'field list'
#0 D:\www\carlink_backend\system\Database\MySQLi\Connection.php(331): mysqli->query('SELECT `car`.*,...')
#1 D:\www\carlink_backend\system\Database\BaseConnection.php(738): CodeIgniter\Database\MySQLi\Connection->execute('SELECT `car`.*,...')
#2 D:\www\carlink_backend\system\Database\BaseConnection.php(666): CodeIgniter\Database\BaseConnection->simpleQuery('SELECT `car`.*,...')
#3 D:\www\carlink_backend\system\Database\BaseBuilder.php(1845): CodeIgniter\Database\BaseConnection->query('SELECT `car`.*,...', Array, false)
#4 D:\www\carlink_backend\app\Models\CarModel.php(62): CodeIgniter\Database\BaseBuilder->get()
#5 D:\www\carlink_backend\app\Controllers\Car.php(111): App\Models\CarModel->getWhere(Array)
#6 D:\www\carlink_backend\system\CodeIgniter.php(914): App\Controllers\Car->detail('11')
#7 D:\www\carlink_backend\system\CodeIgniter.php(400): CodeIgniter\CodeIgniter->runController(Object(App\Controllers\Car))
#8 D:\www\carlink_backend\system\CodeIgniter.php(308): CodeIgniter\CodeIgniter->handleRequest(NULL, Object(Config\Cache), false)
#9 D:\www\carlink_backend\index.php(45): CodeIgniter\CodeIgniter->run()
#10 {main}
CRITICAL - 2021-11-11 12:43:54 --> Unknown column 'users.contact' in 'field list'
#0 D:\www\carlink_backend\system\Database\MySQLi\Connection.php(331): mysqli->query('SELECT `car`.*,...')
#1 D:\www\carlink_backend\system\Database\BaseConnection.php(738): CodeIgniter\Database\MySQLi\Connection->execute('SELECT `car`.*,...')
#2 D:\www\carlink_backend\system\Database\BaseConnection.php(666): CodeIgniter\Database\BaseConnection->simpleQuery('SELECT `car`.*,...')
#3 D:\www\carlink_backend\system\Database\BaseBuilder.php(1845): CodeIgniter\Database\BaseConnection->query('SELECT `car`.*,...', Array, false)
#4 D:\www\carlink_backend\app\Models\CarModel.php(62): CodeIgniter\Database\BaseBuilder->get()
#5 D:\www\carlink_backend\app\Controllers\Car.php(111): App\Models\CarModel->getWhere(Array)
#6 D:\www\carlink_backend\system\CodeIgniter.php(914): App\Controllers\Car->detail('11')
#7 D:\www\carlink_backend\system\CodeIgniter.php(400): CodeIgniter\CodeIgniter->runController(Object(App\Controllers\Car))
#8 D:\www\carlink_backend\system\CodeIgniter.php(308): CodeIgniter\CodeIgniter->handleRequest(NULL, Object(Config\Cache), false)
#9 D:\www\carlink_backend\index.php(45): CodeIgniter\CodeIgniter->run()
#10 {main}
CRITICAL - 2021-11-11 17:10:11 --> syntax error, unexpected 'function' (T_FUNCTION), expecting '('
#0 D:\www\carlink_backend\system\Autoloader\Autoloader.php(296): CodeIgniter\Autoloader\Autoloader->requireFile('D:\\www\\carlink_...')
#1 D:\www\carlink_backend\system\Autoloader\Autoloader.php(258): CodeIgniter\Autoloader\Autoloader->loadInNamespace('App\\Core\\BaseMo...')
#2 [internal function]: CodeIgniter\Autoloader\Autoloader->loadClass('App\\Core\\BaseMo...')
#3 D:\www\carlink_backend\app\Models\WalletModel.php(6): spl_autoload_call('App\\Core\\BaseMo...')
#4 D:\www\carlink_backend\system\Autoloader\Autoloader.php(365): require_once('D:\\www\\carlink_...')
#5 D:\www\carlink_backend\system\Autoloader\Autoloader.php(296): CodeIgniter\Autoloader\Autoloader->requireFile('D:\\www\\carlink_...')
#6 D:\www\carlink_backend\system\Autoloader\Autoloader.php(258): CodeIgniter\Autoloader\Autoloader->loadInNamespace('App\\Models\\Wall...')
#7 [internal function]: CodeIgniter\Autoloader\Autoloader->loadClass('App\\Models\\Wall...')
#8 D:\www\carlink_backend\app\Controllers\Users.php(14): spl_autoload_call('App\\Models\\Wall...')
#9 D:\www\carlink_backend\system\CodeIgniter.php(886): App\Controllers\Users->__construct()
#10 D:\www\carlink_backend\system\CodeIgniter.php(395): CodeIgniter\CodeIgniter->createController()
#11 D:\www\carlink_backend\system\CodeIgniter.php(308): CodeIgniter\CodeIgniter->handleRequest(NULL, Object(Config\Cache), false)
#12 D:\www\carlink_backend\index.php(45): CodeIgniter\CodeIgniter->run()
#13 {main}
CRITICAL - 2021-11-11 17:10:21 --> syntax error, unexpected 'function' (T_FUNCTION), expecting '('
#0 D:\www\carlink_backend\system\Autoloader\Autoloader.php(296): CodeIgniter\Autoloader\Autoloader->requireFile('D:\\www\\carlink_...')
#1 D:\www\carlink_backend\system\Autoloader\Autoloader.php(258): CodeIgniter\Autoloader\Autoloader->loadInNamespace('App\\Core\\BaseMo...')
#2 [internal function]: CodeIgniter\Autoloader\Autoloader->loadClass('App\\Core\\BaseMo...')
#3 D:\www\carlink_backend\app\Models\WalletModel.php(6): spl_autoload_call('App\\Core\\BaseMo...')
#4 D:\www\carlink_backend\system\Autoloader\Autoloader.php(365): require_once('D:\\www\\carlink_...')
#5 D:\www\carlink_backend\system\Autoloader\Autoloader.php(296): CodeIgniter\Autoloader\Autoloader->requireFile('D:\\www\\carlink_...')
#6 D:\www\carlink_backend\system\Autoloader\Autoloader.php(258): CodeIgniter\Autoloader\Autoloader->loadInNamespace('App\\Models\\Wall...')
#7 [internal function]: CodeIgniter\Autoloader\Autoloader->loadClass('App\\Models\\Wall...')
#8 D:\www\carlink_backend\app\Controllers\Users.php(14): spl_autoload_call('App\\Models\\Wall...')
#9 D:\www\carlink_backend\system\CodeIgniter.php(886): App\Controllers\Users->__construct()
#10 D:\www\carlink_backend\system\CodeIgniter.php(395): CodeIgniter\CodeIgniter->createController()
#11 D:\www\carlink_backend\system\CodeIgniter.php(308): CodeIgniter\CodeIgniter->handleRequest(NULL, Object(Config\Cache), false)
#12 D:\www\carlink_backend\index.php(45): CodeIgniter\CodeIgniter->run()
#13 {main}
CRITICAL - 2021-11-11 17:10:22 --> Cannot use App\Models\AboutModel as AboutModel because the name is already in use
#0 [internal function]: CodeIgniter\Debug\Exceptions->shutdownHandler()
#1 {main}
CRITICAL - 2021-11-11 17:10:22 --> Cannot use App\Models\AboutModel as AboutModel because the name is already in use
#0 [internal function]: CodeIgniter\Debug\Exceptions->shutdownHandler()
#1 {main}
CRITICAL - 2021-11-11 17:10:22 --> Cannot use App\Models\AboutModel as AboutModel because the name is already in use
#0 [internal function]: CodeIgniter\Debug\Exceptions->shutdownHandler()
#1 {main}
CRITICAL - 2021-11-11 17:10:22 --> Cannot use App\Models\AboutModel as AboutModel because the name is already in use
#0 [internal function]: CodeIgniter\Debug\Exceptions->shutdownHandler()
#1 {main}
CRITICAL - 2021-11-11 17:10:23 --> Cannot use App\Models\AboutModel as AboutModel because the name is already in use
#0 [internal function]: CodeIgniter\Debug\Exceptions->shutdownHandler()
#1 {main}
CRITICAL - 2021-11-11 17:10:23 --> Cannot use App\Models\AboutModel as AboutModel because the name is already in use
#0 [internal function]: CodeIgniter\Debug\Exceptions->shutdownHandler()
#1 {main}
CRITICAL - 2021-11-11 17:10:23 --> Cannot use App\Models\AboutModel as AboutModel because the name is already in use
#0 [internal function]: CodeIgniter\Debug\Exceptions->shutdownHandler()
#1 {main}
CRITICAL - 2021-11-11 17:10:23 --> Cannot use App\Models\AboutModel as AboutModel because the name is already in use
#0 [internal function]: CodeIgniter\Debug\Exceptions->shutdownHandler()
#1 {main}
CRITICAL - 2021-11-11 17:10:23 --> Cannot use App\Models\AboutModel as AboutModel because the name is already in use
#0 [internal function]: CodeIgniter\Debug\Exceptions->shutdownHandler()
#1 {main}
CRITICAL - 2021-11-11 17:10:23 --> Cannot use App\Models\AboutModel as AboutModel because the name is already in use
#0 [internal function]: CodeIgniter\Debug\Exceptions->shutdownHandler()
#1 {main}
CRITICAL - 2021-11-11 17:10:23 --> Cannot use App\Models\AboutModel as AboutModel because the name is already in use
#0 [internal function]: CodeIgniter\Debug\Exceptions->shutdownHandler()
#1 {main}
CRITICAL - 2021-11-11 17:10:24 --> Cannot use App\Models\AboutModel as AboutModel because the name is already in use
#0 [internal function]: CodeIgniter\Debug\Exceptions->shutdownHandler()
#1 {main}
CRITICAL - 2021-11-11 17:10:24 --> Cannot use App\Models\AboutModel as AboutModel because the name is already in use
#0 [internal function]: CodeIgniter\Debug\Exceptions->shutdownHandler()
#1 {main}
CRITICAL - 2021-11-11 17:10:24 --> Cannot use App\Models\AboutModel as AboutModel because the name is already in use
#0 [internal function]: CodeIgniter\Debug\Exceptions->shutdownHandler()
#1 {main}
CRITICAL - 2021-11-11 17:10:24 --> Cannot use App\Models\AboutModel as AboutModel because the name is already in use
#0 [internal function]: CodeIgniter\Debug\Exceptions->shutdownHandler()
#1 {main}
CRITICAL - 2021-11-11 17:10:24 --> Cannot use App\Models\AboutModel as AboutModel because the name is already in use
#0 [internal function]: CodeIgniter\Debug\Exceptions->shutdownHandler()
#1 {main}
CRITICAL - 2021-11-11 17:10:24 --> Cannot use App\Models\AboutModel as AboutModel because the name is already in use
#0 [internal function]: CodeIgniter\Debug\Exceptions->shutdownHandler()
#1 {main}
CRITICAL - 2021-11-11 17:10:25 --> Cannot use App\Models\AboutModel as AboutModel because the name is already in use
#0 [internal function]: CodeIgniter\Debug\Exceptions->shutdownHandler()
#1 {main}
CRITICAL - 2021-11-11 17:10:25 --> Cannot use App\Models\AboutModel as AboutModel because the name is already in use
#0 [internal function]: CodeIgniter\Debug\Exceptions->shutdownHandler()
#1 {main}
CRITICAL - 2021-11-11 17:10:25 --> Cannot use App\Models\AboutModel as AboutModel because the name is already in use
#0 [internal function]: CodeIgniter\Debug\Exceptions->shutdownHandler()
#1 {main}
CRITICAL - 2021-11-11 17:10:28 --> Cannot use App\Models\AboutModel as AboutModel because the name is already in use
#0 [internal function]: CodeIgniter\Debug\Exceptions->shutdownHandler()
#1 {main}
CRITICAL - 2021-11-11 17:10:29 --> Cannot use App\Models\AboutModel as AboutModel because the name is already in use
#0 [internal function]: CodeIgniter\Debug\Exceptions->shutdownHandler()
#1 {main}
CRITICAL - 2021-11-11 17:10:29 --> Cannot use App\Models\AboutModel as AboutModel because the name is already in use
#0 [internal function]: CodeIgniter\Debug\Exceptions->shutdownHandler()
#1 {main}
CRITICAL - 2021-11-11 17:10:29 --> Cannot use App\Models\AboutModel as AboutModel because the name is already in use
#0 [internal function]: CodeIgniter\Debug\Exceptions->shutdownHandler()
#1 {main}
CRITICAL - 2021-11-11 17:16:26 --> Call to a member function getCountOfUndone() on null
#0 D:\www\carlink_backend\app\Models\WalletModel.php(10): App\Core\BaseModel->__construct()
#1 D:\www\carlink_backend\app\Controllers\Topup.php(10): App\Models\WalletModel->__construct()
#2 D:\www\carlink_backend\system\CodeIgniter.php(886): App\Controllers\Topup->__construct()
#3 D:\www\carlink_backend\system\CodeIgniter.php(395): CodeIgniter\CodeIgniter->createController()
#4 D:\www\carlink_backend\system\CodeIgniter.php(308): CodeIgniter\CodeIgniter->handleRequest(NULL, Object(Config\Cache), false)
#5 D:\www\carlink_backend\index.php(45): CodeIgniter\CodeIgniter->run()
#6 {main}
CRITICAL - 2021-11-11 17:16:27 --> Call to a member function getCountOfUndone() on null
#0 D:\www\carlink_backend\app\Models\WalletModel.php(10): App\Core\BaseModel->__construct()
#1 D:\www\carlink_backend\app\Controllers\Topup.php(10): App\Models\WalletModel->__construct()
#2 D:\www\carlink_backend\system\CodeIgniter.php(886): App\Controllers\Topup->__construct()
#3 D:\www\carlink_backend\system\CodeIgniter.php(395): CodeIgniter\CodeIgniter->createController()
#4 D:\www\carlink_backend\system\CodeIgniter.php(308): CodeIgniter\CodeIgniter->handleRequest(NULL, Object(Config\Cache), false)
#5 D:\www\carlink_backend\index.php(45): CodeIgniter\CodeIgniter->run()
#6 {main}
CRITICAL - 2021-11-11 17:16:27 --> Call to a member function getCountOfUndone() on null
#0 D:\www\carlink_backend\app\Models\WalletModel.php(10): App\Core\BaseModel->__construct()
#1 D:\www\carlink_backend\app\Controllers\Topup.php(10): App\Models\WalletModel->__construct()
#2 D:\www\carlink_backend\system\CodeIgniter.php(886): App\Controllers\Topup->__construct()
#3 D:\www\carlink_backend\system\CodeIgniter.php(395): CodeIgniter\CodeIgniter->createController()
#4 D:\www\carlink_backend\system\CodeIgniter.php(308): CodeIgniter\CodeIgniter->handleRequest(NULL, Object(Config\Cache), false)
#5 D:\www\carlink_backend\index.php(45): CodeIgniter\CodeIgniter->run()
#6 {main}
CRITICAL - 2021-11-11 17:16:36 --> Call to a member function getCountOfUndone() on null
#0 D:\www\carlink_backend\app\Models\WalletModel.php(10): App\Core\BaseModel->__construct()
#1 D:\www\carlink_backend\app\Controllers\Topup.php(10): App\Models\WalletModel->__construct()
#2 D:\www\carlink_backend\system\CodeIgniter.php(886): App\Controllers\Topup->__construct()
#3 D:\www\carlink_backend\system\CodeIgniter.php(395): CodeIgniter\CodeIgniter->createController()
#4 D:\www\carlink_backend\system\CodeIgniter.php(308): CodeIgniter\CodeIgniter->handleRequest(NULL, Object(Config\Cache), false)
#5 D:\www\carlink_backend\index.php(45): CodeIgniter\CodeIgniter->run()
#6 {main}
CRITICAL - 2021-11-11 17:18:30 --> Class 'App\Core\AboutModel' not found
#0 D:\www\carlink_backend\app\Models\WalletModel.php(10): App\Core\BaseModel->__construct()
#1 D:\www\carlink_backend\app\Controllers\Topup.php(10): App\Models\WalletModel->__construct()
#2 D:\www\carlink_backend\system\CodeIgniter.php(886): App\Controllers\Topup->__construct()
#3 D:\www\carlink_backend\system\CodeIgniter.php(395): CodeIgniter\CodeIgniter->createController()
#4 D:\www\carlink_backend\system\CodeIgniter.php(308): CodeIgniter\CodeIgniter->handleRequest(NULL, Object(Config\Cache), false)
#5 D:\www\carlink_backend\index.php(45): CodeIgniter\CodeIgniter->run()
#6 {main}
CRITICAL - 2021-11-11 17:19:17 --> Class 'App\Controllers\WalletWithdrawModel' not found
#0 D:\www\carlink_backend\system\CodeIgniter.php(886): App\Controllers\Car->__construct()
#1 D:\www\carlink_backend\system\CodeIgniter.php(395): CodeIgniter\CodeIgniter->createController()
#2 D:\www\carlink_backend\system\CodeIgniter.php(308): CodeIgniter\CodeIgniter->handleRequest(NULL, Object(Config\Cache), false)
#3 D:\www\carlink_backend\index.php(45): CodeIgniter\CodeIgniter->run()
#4 {main}
CRITICAL - 2021-11-11 17:19:17 --> Class 'App\Controllers\WalletWithdrawModel' not found
#0 D:\www\carlink_backend\system\CodeIgniter.php(886): App\Controllers\Car->__construct()
#1 D:\www\carlink_backend\system\CodeIgniter.php(395): CodeIgniter\CodeIgniter->createController()
#2 D:\www\carlink_backend\system\CodeIgniter.php(308): CodeIgniter\CodeIgniter->handleRequest(NULL, Object(Config\Cache), false)
#3 D:\www\carlink_backend\index.php(45): CodeIgniter\CodeIgniter->run()
#4 {main}
CRITICAL - 2021-11-11 17:19:22 --> Class 'App\Controllers\WalletWithdrawModel' not found
#0 D:\www\carlink_backend\system\CodeIgniter.php(886): App\Controllers\Car->__construct()
#1 D:\www\carlink_backend\system\CodeIgniter.php(395): CodeIgniter\CodeIgniter->createController()
#2 D:\www\carlink_backend\system\CodeIgniter.php(308): CodeIgniter\CodeIgniter->handleRequest(NULL, Object(Config\Cache), false)
#3 D:\www\carlink_backend\index.php(45): CodeIgniter\CodeIgniter->run()
#4 {main}
CRITICAL - 2021-11-11 17:19:23 --> Undefined variable: undonw_withdraw
#0 D:\www\carlink_backend\app\Views\admin\header.php(46): CodeIgniter\Debug\Exceptions->errorHandler(8, 'Undefined varia...', 'D:\\www\\carlink_...', 46, Array)
#1 D:\www\carlink_backend\system\View\View.php(246): include('D:\\www\\carlink_...')
#2 D:\www\carlink_backend\system\Common.php(1087): CodeIgniter\View\View->render('admin/header', Array, true)
#3 D:\www\carlink_backend\app\Controllers\Car.php(78): view('admin/header', Array)
#4 D:\www\carlink_backend\system\CodeIgniter.php(914): App\Controllers\Car->index()
#5 D:\www\carlink_backend\system\CodeIgniter.php(400): CodeIgniter\CodeIgniter->runController(Object(App\Controllers\Car))
#6 D:\www\carlink_backend\system\CodeIgniter.php(308): CodeIgniter\CodeIgniter->handleRequest(NULL, Object(Config\Cache), false)
#7 D:\www\carlink_backend\index.php(45): CodeIgniter\CodeIgniter->run()
#8 {main}
CRITICAL - 2021-11-11 17:19:23 --> Undefined variable: undonw_withdraw
#0 D:\www\carlink_backend\app\Views\admin\header.php(46): CodeIgniter\Debug\Exceptions->errorHandler(8, 'Undefined varia...', 'D:\\www\\carlink_...', 46, Array)
#1 D:\www\carlink_backend\system\View\View.php(246): include('D:\\www\\carlink_...')
#2 D:\www\carlink_backend\system\Common.php(1087): CodeIgniter\View\View->render('admin/header', Array, true)
#3 D:\www\carlink_backend\app\Controllers\Car.php(78): view('admin/header', Array)
#4 D:\www\carlink_backend\system\CodeIgniter.php(914): App\Controllers\Car->index()
#5 D:\www\carlink_backend\system\CodeIgniter.php(400): CodeIgniter\CodeIgniter->runController(Object(App\Controllers\Car))
#6 D:\www\carlink_backend\system\CodeIgniter.php(308): CodeIgniter\CodeIgniter->handleRequest(NULL, Object(Config\Cache), false)
#7 D:\www\carlink_backend\index.php(45): CodeIgniter\CodeIgniter->run()
#8 {main}
CRITICAL - 2021-11-11 17:19:24 --> Undefined variable: undonw_withdraw
#0 D:\www\carlink_backend\app\Views\admin\header.php(46): CodeIgniter\Debug\Exceptions->errorHandler(8, 'Undefined varia...', 'D:\\www\\carlink_...', 46, Array)
#1 D:\www\carlink_backend\system\View\View.php(246): include('D:\\www\\carlink_...')
#2 D:\www\carlink_backend\system\Common.php(1087): CodeIgniter\View\View->render('admin/header', Array, true)
#3 D:\www\carlink_backend\app\Controllers\Car.php(78): view('admin/header', Array)
#4 D:\www\carlink_backend\system\CodeIgniter.php(914): App\Controllers\Car->index()
#5 D:\www\carlink_backend\system\CodeIgniter.php(400): CodeIgniter\CodeIgniter->runController(Object(App\Controllers\Car))
#6 D:\www\carlink_backend\system\CodeIgniter.php(308): CodeIgniter\CodeIgniter->handleRequest(NULL, Object(Config\Cache), false)
#7 D:\www\carlink_backend\index.php(45): CodeIgniter\CodeIgniter->run()
#8 {main}
CRITICAL - 2021-11-11 17:19:30 --> Undefined variable: undonw_withdraw
#0 D:\www\carlink_backend\app\Views\admin\header.php(46): CodeIgniter\Debug\Exceptions->errorHandler(8, 'Undefined varia...', 'D:\\www\\carlink_...', 46, Array)
#1 D:\www\carlink_backend\system\View\View.php(246): include('D:\\www\\carlink_...')
#2 D:\www\carlink_backend\system\Common.php(1087): CodeIgniter\View\View->render('admin/header', Array, true)
#3 D:\www\carlink_backend\app\Controllers\Car.php(78): view('admin/header', Array)
#4 D:\www\carlink_backend\system\CodeIgniter.php(914): App\Controllers\Car->index()
#5 D:\www\carlink_backend\system\CodeIgniter.php(400): CodeIgniter\CodeIgniter->runController(Object(App\Controllers\Car))
#6 D:\www\carlink_backend\system\CodeIgniter.php(308): CodeIgniter\CodeIgniter->handleRequest(NULL, Object(Config\Cache), false)
#7 D:\www\carlink_backend\index.php(45): CodeIgniter\CodeIgniter->run()
#8 {main}
CRITICAL - 2021-11-11 17:19:31 --> Undefined variable: undonw_withdraw
#0 D:\www\carlink_backend\app\Views\admin\header.php(46): CodeIgniter\Debug\Exceptions->errorHandler(8, 'Undefined varia...', 'D:\\www\\carlink_...', 46, Array)
#1 D:\www\carlink_backend\system\View\View.php(246): include('D:\\www\\carlink_...')
#2 D:\www\carlink_backend\system\Common.php(1087): CodeIgniter\View\View->render('admin/header', Array, true)
#3 D:\www\carlink_backend\app\Controllers\Car.php(78): view('admin/header', Array)
#4 D:\www\carlink_backend\system\CodeIgniter.php(914): App\Controllers\Car->index()
#5 D:\www\carlink_backend\system\CodeIgniter.php(400): CodeIgniter\CodeIgniter->runController(Object(App\Controllers\Car))
#6 D:\www\carlink_backend\system\CodeIgniter.php(308): CodeIgniter\CodeIgniter->handleRequest(NULL, Object(Config\Cache), false)
#7 D:\www\carlink_backend\index.php(45): CodeIgniter\CodeIgniter->run()
#8 {main}
CRITICAL - 2021-11-11 17:22:15 --> Class 'App\Core\AdminModel' not found
#0 D:\www\carlink_backend\app\Models\CarImageModel.php(9): App\Core\BaseModel->__construct()
#1 D:\www\carlink_backend\app\Controllers\Car.php(20): App\Models\CarImageModel->__construct()
#2 D:\www\carlink_backend\system\CodeIgniter.php(886): App\Controllers\Car->__construct()
#3 D:\www\carlink_backend\system\CodeIgniter.php(395): CodeIgniter\CodeIgniter->createController()
#4 D:\www\carlink_backend\system\CodeIgniter.php(308): CodeIgniter\CodeIgniter->handleRequest(NULL, Object(Config\Cache), false)
#5 D:\www\carlink_backend\index.php(45): CodeIgniter\CodeIgniter->run()
#6 {main}
CRITICAL - 2021-11-11 17:22:16 --> Class 'App\Core\AdminModel' not found
#0 D:\www\carlink_backend\app\Models\CarImageModel.php(9): App\Core\BaseModel->__construct()
#1 D:\www\carlink_backend\app\Controllers\Car.php(20): App\Models\CarImageModel->__construct()
#2 D:\www\carlink_backend\system\CodeIgniter.php(886): App\Controllers\Car->__construct()
#3 D:\www\carlink_backend\system\CodeIgniter.php(395): CodeIgniter\CodeIgniter->createController()
#4 D:\www\carlink_backend\system\CodeIgniter.php(308): CodeIgniter\CodeIgniter->handleRequest(NULL, Object(Config\Cache), false)
#5 D:\www\carlink_backend\index.php(45): CodeIgniter\CodeIgniter->run()
#6 {main}
CRITICAL - 2021-11-11 17:22:16 --> Class 'App\Core\AdminModel' not found
#0 D:\www\carlink_backend\app\Models\CarImageModel.php(9): App\Core\BaseModel->__construct()
#1 D:\www\carlink_backend\app\Controllers\Car.php(20): App\Models\CarImageModel->__construct()
#2 D:\www\carlink_backend\system\CodeIgniter.php(886): App\Controllers\Car->__construct()
#3 D:\www\carlink_backend\system\CodeIgniter.php(395): CodeIgniter\CodeIgniter->createController()
#4 D:\www\carlink_backend\system\CodeIgniter.php(308): CodeIgniter\CodeIgniter->handleRequest(NULL, Object(Config\Cache), false)
#5 D:\www\carlink_backend\index.php(45): CodeIgniter\CodeIgniter->run()
#6 {main}
CRITICAL - 2021-11-11 17:22:23 --> Class 'App\Core\AdminModel' not found
#0 D:\www\carlink_backend\app\Models\CarImageModel.php(9): App\Core\BaseModel->__construct()
#1 D:\www\carlink_backend\app\Controllers\Car.php(20): App\Models\CarImageModel->__construct()
#2 D:\www\carlink_backend\system\CodeIgniter.php(886): App\Controllers\Car->__construct()
#3 D:\www\carlink_backend\system\CodeIgniter.php(395): CodeIgniter\CodeIgniter->createController()
#4 D:\www\carlink_backend\system\CodeIgniter.php(308): CodeIgniter\CodeIgniter->handleRequest(NULL, Object(Config\Cache), false)
#5 D:\www\carlink_backend\index.php(45): CodeIgniter\CodeIgniter->run()
#6 {main}
CRITICAL - 2021-11-11 17:22:24 --> Class 'App\Core\AdminModel' not found
#0 D:\www\carlink_backend\app\Models\CarImageModel.php(9): App\Core\BaseModel->__construct()
#1 D:\www\carlink_backend\app\Controllers\Car.php(20): App\Models\CarImageModel->__construct()
#2 D:\www\carlink_backend\system\CodeIgniter.php(886): App\Controllers\Car->__construct()
#3 D:\www\carlink_backend\system\CodeIgniter.php(395): CodeIgniter\CodeIgniter->createController()
#4 D:\www\carlink_backend\system\CodeIgniter.php(308): CodeIgniter\CodeIgniter->handleRequest(NULL, Object(Config\Cache), false)
#5 D:\www\carlink_backend\index.php(45): CodeIgniter\CodeIgniter->run()
#6 {main}
CRITICAL - 2021-11-11 17:22:24 --> Class 'App\Core\AdminModel' not found
#0 D:\www\carlink_backend\app\Models\CarImageModel.php(9): App\Core\BaseModel->__construct()
#1 D:\www\carlink_backend\app\Controllers\Car.php(20): App\Models\CarImageModel->__construct()
#2 D:\www\carlink_backend\system\CodeIgniter.php(886): App\Controllers\Car->__construct()
#3 D:\www\carlink_backend\system\CodeIgniter.php(395): CodeIgniter\CodeIgniter->createController()
#4 D:\www\carlink_backend\system\CodeIgniter.php(308): CodeIgniter\CodeIgniter->handleRequest(NULL, Object(Config\Cache), false)
#5 D:\www\carlink_backend\index.php(45): CodeIgniter\CodeIgniter->run()
#6 {main}
CRITICAL - 2021-11-11 17:47:52 --> Undefined index: car_inspection.car_id
#0 D:\www\carlink_backend\app\Models\InspectionPartModel.php(35): CodeIgniter\Debug\Exceptions->errorHandler(8, 'Undefined index...', 'D:\\www\\carlink_...', 35, Array)
#1 D:\www\carlink_backend\app\Controllers\InspectionPart.php(96): App\Models\InspectionPartModel->getWhere(Array)
#2 D:\www\carlink_backend\system\CodeIgniter.php(914): App\Controllers\InspectionPart->detail('1')
#3 D:\www\carlink_backend\system\CodeIgniter.php(400): CodeIgniter\CodeIgniter->runController(Object(App\Controllers\InspectionPart))
#4 D:\www\carlink_backend\system\CodeIgniter.php(308): CodeIgniter\CodeIgniter->handleRequest(NULL, Object(Config\Cache), false)
#5 D:\www\carlink_backend\index.php(45): CodeIgniter\CodeIgniter->run()
#6 {main}
CRITICAL - 2021-11-11 17:49:00 --> Undefined index: car_inspection.car_id
#0 D:\www\carlink_backend\app\Models\InspectionPartModel.php(35): CodeIgniter\Debug\Exceptions->errorHandler(8, 'Undefined index...', 'D:\\www\\carlink_...', 35, Array)
#1 D:\www\carlink_backend\app\Controllers\InspectionPart.php(96): App\Models\InspectionPartModel->getWhere(Array)
#2 D:\www\carlink_backend\system\CodeIgniter.php(914): App\Controllers\InspectionPart->detail('1')
#3 D:\www\carlink_backend\system\CodeIgniter.php(400): CodeIgniter\CodeIgniter->runController(Object(App\Controllers\InspectionPart))
#4 D:\www\carlink_backend\system\CodeIgniter.php(308): CodeIgniter\CodeIgniter->handleRequest(NULL, Object(Config\Cache), false)
#5 D:\www\carlink_backend\index.php(45): CodeIgniter\CodeIgniter->run()
#6 {main}
CRITICAL - 2021-11-11 17:59:18 --> Undefined index: car_inspection.car_id
#0 D:\www\carlink_backend\app\Models\InspectionPartModel.php(35): CodeIgniter\Debug\Exceptions->errorHandler(8, 'Undefined index...', 'D:\\www\\carlink_...', 35, Array)
#1 D:\www\carlink_backend\app\Controllers\InspectionPart.php(124): App\Models\InspectionPartModel->getWhere(Array)
#2 D:\www\carlink_backend\system\CodeIgniter.php(914): App\Controllers\InspectionPart->edit('1')
#3 D:\www\carlink_backend\system\CodeIgniter.php(400): CodeIgniter\CodeIgniter->runController(Object(App\Controllers\InspectionPart))
#4 D:\www\carlink_backend\system\CodeIgniter.php(308): CodeIgniter\CodeIgniter->handleRequest(NULL, Object(Config\Cache), false)
#5 D:\www\carlink_backend\index.php(45): CodeIgniter\CodeIgniter->run()
#6 {main}
CRITICAL - 2021-11-11 17:59:19 --> Undefined index: car_inspection.car_id
#0 D:\www\carlink_backend\app\Models\InspectionPartModel.php(35): CodeIgniter\Debug\Exceptions->errorHandler(8, 'Undefined index...', 'D:\\www\\carlink_...', 35, Array)
#1 D:\www\carlink_backend\app\Controllers\InspectionPart.php(124): App\Models\InspectionPartModel->getWhere(Array)
#2 D:\www\carlink_backend\system\CodeIgniter.php(914): App\Controllers\InspectionPart->edit('1')
#3 D:\www\carlink_backend\system\CodeIgniter.php(400): CodeIgniter\CodeIgniter->runController(Object(App\Controllers\InspectionPart))
#4 D:\www\carlink_backend\system\CodeIgniter.php(308): CodeIgniter\CodeIgniter->handleRequest(NULL, Object(Config\Cache), false)
#5 D:\www\carlink_backend\index.php(45): CodeIgniter\CodeIgniter->run()
#6 {main}
CRITICAL - 2021-11-11 17:59:20 --> Undefined index: car_inspection.car_id
#0 D:\www\carlink_backend\app\Models\InspectionPartModel.php(35): CodeIgniter\Debug\Exceptions->errorHandler(8, 'Undefined index...', 'D:\\www\\carlink_...', 35, Array)
#1 D:\www\carlink_backend\app\Controllers\InspectionPart.php(124): App\Models\InspectionPartModel->getWhere(Array)
#2 D:\www\carlink_backend\system\CodeIgniter.php(914): App\Controllers\InspectionPart->edit('1')
#3 D:\www\carlink_backend\system\CodeIgniter.php(400): CodeIgniter\CodeIgniter->runController(Object(App\Controllers\InspectionPart))
#4 D:\www\carlink_backend\system\CodeIgniter.php(308): CodeIgniter\CodeIgniter->handleRequest(NULL, Object(Config\Cache), false)
#5 D:\www\carlink_backend\index.php(45): CodeIgniter\CodeIgniter->run()
#6 {main}
CRITICAL - 2021-11-11 18:02:31 --> Declaration of App\Models\InspectionPartModel::getWhere($limit = '', $page = 1, $filter = Array) should be compatible with App\Core\BaseModel::getWhere($where, $limit = '', $page = 1, $filter = Array)
#0 D:\www\carlink_backend\app\Models\InspectionPartModel.php(6): CodeIgniter\Debug\Exceptions->errorHandler(2, 'Declaration of ...', 'D:\\www\\carlink_...', 36, Array)
#1 D:\www\carlink_backend\system\Autoloader\Autoloader.php(365): require_once('D:\\www\\carlink_...')
#2 D:\www\carlink_backend\system\Autoloader\Autoloader.php(296): CodeIgniter\Autoloader\Autoloader->requireFile('D:\\www\\carlink_...')
#3 D:\www\carlink_backend\system\Autoloader\Autoloader.php(258): CodeIgniter\Autoloader\Autoloader->loadInNamespace('App\\Models\\Insp...')
#4 [internal function]: CodeIgniter\Autoloader\Autoloader->loadClass('App\\Models\\Insp...')
#5 D:\www\carlink_backend\app\Controllers\InspectionPart.php(12): spl_autoload_call('App\\Models\\Insp...')
#6 D:\www\carlink_backend\system\CodeIgniter.php(886): App\Controllers\InspectionPart->__construct()
#7 D:\www\carlink_backend\system\CodeIgniter.php(395): CodeIgniter\CodeIgniter->createController()
#8 D:\www\carlink_backend\system\CodeIgniter.php(308): CodeIgniter\CodeIgniter->handleRequest(NULL, Object(Config\Cache), false)
#9 D:\www\carlink_backend\index.php(45): CodeIgniter\CodeIgniter->run()
#10 {main}
CRITICAL - 2021-11-11 18:02:42 --> Declaration of App\Models\InspectionPartModel::getWhere($limit = '', $page = 1, $filter = Array) should be compatible with App\Core\BaseModel::getWhere($where, $limit = '', $page = 1, $filter = Array)
#0 D:\www\carlink_backend\app\Models\InspectionPartModel.php(6): CodeIgniter\Debug\Exceptions->errorHandler(2, 'Declaration of ...', 'D:\\www\\carlink_...', 36, Array)
#1 D:\www\carlink_backend\system\Autoloader\Autoloader.php(365): require_once('D:\\www\\carlink_...')
#2 D:\www\carlink_backend\system\Autoloader\Autoloader.php(296): CodeIgniter\Autoloader\Autoloader->requireFile('D:\\www\\carlink_...')
#3 D:\www\carlink_backend\system\Autoloader\Autoloader.php(258): CodeIgniter\Autoloader\Autoloader->loadInNamespace('App\\Models\\Insp...')
#4 [internal function]: CodeIgniter\Autoloader\Autoloader->loadClass('App\\Models\\Insp...')
#5 D:\www\carlink_backend\app\Controllers\InspectionPart.php(12): spl_autoload_call('App\\Models\\Insp...')
#6 D:\www\carlink_backend\system\CodeIgniter.php(886): App\Controllers\InspectionPart->__construct()
#7 D:\www\carlink_backend\system\CodeIgniter.php(395): CodeIgniter\CodeIgniter->createController()
#8 D:\www\carlink_backend\system\CodeIgniter.php(308): CodeIgniter\CodeIgniter->handleRequest(NULL, Object(Config\Cache), false)
#9 D:\www\carlink_backend\index.php(45): CodeIgniter\CodeIgniter->run()
#10 {main}
CRITICAL - 2021-11-11 18:15:03 --> Class 'App\Core\BestOfferModel' not found
#0 D:\www\carlink_backend\system\CodeIgniter.php(887): App\Core\BaseController->initController(Object(CodeIgniter\HTTP\IncomingRequest), Object(CodeIgniter\HTTP\Response), Object(CodeIgniter\Log\Logger))
#1 D:\www\carlink_backend\system\CodeIgniter.php(395): CodeIgniter\CodeIgniter->createController()
#2 D:\www\carlink_backend\system\CodeIgniter.php(308): CodeIgniter\CodeIgniter->handleRequest(NULL, Object(Config\Cache), false)
#3 D:\www\carlink_backend\index.php(45): CodeIgniter\CodeIgniter->run()
#4 {main}
CRITICAL - 2021-11-11 18:15:04 --> Class 'App\Core\BestOfferModel' not found
#0 D:\www\carlink_backend\system\CodeIgniter.php(887): App\Core\BaseController->initController(Object(CodeIgniter\HTTP\IncomingRequest), Object(CodeIgniter\HTTP\Response), Object(CodeIgniter\Log\Logger))
#1 D:\www\carlink_backend\system\CodeIgniter.php(395): CodeIgniter\CodeIgniter->createController()
#2 D:\www\carlink_backend\system\CodeIgniter.php(308): CodeIgniter\CodeIgniter->handleRequest(NULL, Object(Config\Cache), false)
#3 D:\www\carlink_backend\index.php(45): CodeIgniter\CodeIgniter->run()
#4 {main}
CRITICAL - 2021-11-11 18:15:21 --> Cannot use App\Models\WalletWithdrawModel as WalletWithdrawModel because the name is already in use
#0 [internal function]: CodeIgniter\Debug\Exceptions->shutdownHandler()
#1 {main}
CRITICAL - 2021-11-11 18:15:22 --> Cannot use App\Models\WalletWithdrawModel as WalletWithdrawModel because the name is already in use
#0 [internal function]: CodeIgniter\Debug\Exceptions->shutdownHandler()
#1 {main}
CRITICAL - 2021-11-11 18:15:22 --> Too few arguments to function App\Models\GetInTouchModel::getCountUndone(), 0 passed in D:\www\carlink_backend\app\Core\BaseController.php on line 73 and at least 1 expected
#0 D:\www\carlink_backend\app\Core\BaseController.php(73): App\Models\GetInTouchModel->getCountUndone()
#1 D:\www\carlink_backend\system\CodeIgniter.php(887): App\Core\BaseController->initController(Object(CodeIgniter\HTTP\IncomingRequest), Object(CodeIgniter\HTTP\Response), Object(CodeIgniter\Log\Logger))
#2 D:\www\carlink_backend\system\CodeIgniter.php(395): CodeIgniter\CodeIgniter->createController()
#3 D:\www\carlink_backend\system\CodeIgniter.php(308): CodeIgniter\CodeIgniter->handleRequest(NULL, Object(Config\Cache), false)
#4 D:\www\carlink_backend\index.php(45): CodeIgniter\CodeIgniter->run()
#5 {main}
CRITICAL - 2021-11-11 18:15:22 --> Too few arguments to function App\Models\GetInTouchModel::getCountUndone(), 0 passed in D:\www\carlink_backend\app\Core\BaseController.php on line 73 and at least 1 expected
#0 D:\www\carlink_backend\app\Core\BaseController.php(73): App\Models\GetInTouchModel->getCountUndone()
#1 D:\www\carlink_backend\system\CodeIgniter.php(887): App\Core\BaseController->initController(Object(CodeIgniter\HTTP\IncomingRequest), Object(CodeIgniter\HTTP\Response), Object(CodeIgniter\Log\Logger))
#2 D:\www\carlink_backend\system\CodeIgniter.php(395): CodeIgniter\CodeIgniter->createController()
#3 D:\www\carlink_backend\system\CodeIgniter.php(308): CodeIgniter\CodeIgniter->handleRequest(NULL, Object(Config\Cache), false)
#4 D:\www\carlink_backend\index.php(45): CodeIgniter\CodeIgniter->run()
#5 {main}
CRITICAL - 2021-11-11 18:15:22 --> Too few arguments to function App\Models\GetInTouchModel::getCountUndone(), 0 passed in D:\www\carlink_backend\app\Core\BaseController.php on line 73 and at least 1 expected
#0 D:\www\carlink_backend\app\Core\BaseController.php(73): App\Models\GetInTouchModel->getCountUndone()
#1 D:\www\carlink_backend\system\CodeIgniter.php(887): App\Core\BaseController->initController(Object(CodeIgniter\HTTP\IncomingRequest), Object(CodeIgniter\HTTP\Response), Object(CodeIgniter\Log\Logger))
#2 D:\www\carlink_backend\system\CodeIgniter.php(395): CodeIgniter\CodeIgniter->createController()
#3 D:\www\carlink_backend\system\CodeIgniter.php(308): CodeIgniter\CodeIgniter->handleRequest(NULL, Object(Config\Cache), false)
#4 D:\www\carlink_backend\index.php(45): CodeIgniter\CodeIgniter->run()
#5 {main}
CRITICAL - 2021-11-11 18:15:22 --> Too few arguments to function App\Models\GetInTouchModel::getCountUndone(), 0 passed in D:\www\carlink_backend\app\Core\BaseController.php on line 73 and at least 1 expected
#0 D:\www\carlink_backend\app\Core\BaseController.php(73): App\Models\GetInTouchModel->getCountUndone()
#1 D:\www\carlink_backend\system\CodeIgniter.php(887): App\Core\BaseController->initController(Object(CodeIgniter\HTTP\IncomingRequest), Object(CodeIgniter\HTTP\Response), Object(CodeIgniter\Log\Logger))
#2 D:\www\carlink_backend\system\CodeIgniter.php(395): CodeIgniter\CodeIgniter->createController()
#3 D:\www\carlink_backend\system\CodeIgniter.php(308): CodeIgniter\CodeIgniter->handleRequest(NULL, Object(Config\Cache), false)
#4 D:\www\carlink_backend\index.php(45): CodeIgniter\CodeIgniter->run()
#5 {main}
CRITICAL - 2021-11-11 18:15:22 --> Too few arguments to function App\Models\GetInTouchModel::getCountUndone(), 0 passed in D:\www\carlink_backend\app\Core\BaseController.php on line 73 and at least 1 expected
#0 D:\www\carlink_backend\app\Core\BaseController.php(73): App\Models\GetInTouchModel->getCountUndone()
#1 D:\www\carlink_backend\system\CodeIgniter.php(887): App\Core\BaseController->initController(Object(CodeIgniter\HTTP\IncomingRequest), Object(CodeIgniter\HTTP\Response), Object(CodeIgniter\Log\Logger))
#2 D:\www\carlink_backend\system\CodeIgniter.php(395): CodeIgniter\CodeIgniter->createController()
#3 D:\www\carlink_backend\system\CodeIgniter.php(308): CodeIgniter\CodeIgniter->handleRequest(NULL, Object(Config\Cache), false)
#4 D:\www\carlink_backend\index.php(45): CodeIgniter\CodeIgniter->run()
#5 {main}
CRITICAL - 2021-11-11 18:15:23 --> Too few arguments to function App\Models\GetInTouchModel::getCountUndone(), 0 passed in D:\www\carlink_backend\app\Core\BaseController.php on line 73 and at least 1 expected
#0 D:\www\carlink_backend\app\Core\BaseController.php(73): App\Models\GetInTouchModel->getCountUndone()
#1 D:\www\carlink_backend\system\CodeIgniter.php(887): App\Core\BaseController->initController(Object(CodeIgniter\HTTP\IncomingRequest), Object(CodeIgniter\HTTP\Response), Object(CodeIgniter\Log\Logger))
#2 D:\www\carlink_backend\system\CodeIgniter.php(395): CodeIgniter\CodeIgniter->createController()
#3 D:\www\carlink_backend\system\CodeIgniter.php(308): CodeIgniter\CodeIgniter->handleRequest(NULL, Object(Config\Cache), false)
#4 D:\www\carlink_backend\index.php(45): CodeIgniter\CodeIgniter->run()
#5 {main}
CRITICAL - 2021-11-11 18:15:23 --> Too few arguments to function App\Models\GetInTouchModel::getCountUndone(), 0 passed in D:\www\carlink_backend\app\Core\BaseController.php on line 73 and at least 1 expected
#0 D:\www\carlink_backend\app\Core\BaseController.php(73): App\Models\GetInTouchModel->getCountUndone()
#1 D:\www\carlink_backend\system\CodeIgniter.php(887): App\Core\BaseController->initController(Object(CodeIgniter\HTTP\IncomingRequest), Object(CodeIgniter\HTTP\Response), Object(CodeIgniter\Log\Logger))
#2 D:\www\carlink_backend\system\CodeIgniter.php(395): CodeIgniter\CodeIgniter->createController()
#3 D:\www\carlink_backend\system\CodeIgniter.php(308): CodeIgniter\CodeIgniter->handleRequest(NULL, Object(Config\Cache), false)
#4 D:\www\carlink_backend\index.php(45): CodeIgniter\CodeIgniter->run()
#5 {main}
CRITICAL - 2021-11-11 18:27:16 --> Unknown column 'wallet_withdrawal_id' in 'field list'
#0 D:\www\carlink_backend\system\Database\MySQLi\Connection.php(331): mysqli->query('INSERT INTO `wa...')
#1 D:\www\carlink_backend\system\Database\BaseConnection.php(738): CodeIgniter\Database\MySQLi\Connection->execute('INSERT INTO `wa...')
#2 D:\www\carlink_backend\system\Database\BaseConnection.php(666): CodeIgniter\Database\BaseConnection->simpleQuery('INSERT INTO `wa...')
#3 D:\www\carlink_backend\system\Database\BaseBuilder.php(2234): CodeIgniter\Database\BaseConnection->query('INSERT INTO `wa...', Array, false)
#4 D:\www\carlink_backend\app\Core\BaseModel.php(1206): CodeIgniter\Database\BaseBuilder->insert(Array)
#5 D:\www\carlink_backend\app\Models\WalletModel.php(99): App\Core\BaseModel->insertNew(Array)
#6 D:\www\carlink_backend\app\Controllers\Topup.php(75): App\Models\WalletModel->wallet_in('27', '50000.00', 'Topup success', 0, '10')
#7 D:\www\carlink_backend\system\CodeIgniter.php(914): App\Controllers\Topup->approve('10')
#8 D:\www\carlink_backend\system\CodeIgniter.php(400): CodeIgniter\CodeIgniter->runController(Object(App\Controllers\Topup))
#9 D:\www\carlink_backend\system\CodeIgniter.php(308): CodeIgniter\CodeIgniter->handleRequest(NULL, Object(Config\Cache), false)
#10 D:\www\carlink_backend\index.php(45): CodeIgniter\CodeIgniter->run()
#11 {main}
CRITICAL - 2021-11-11 18:28:20 --> Unknown column 'wallet_withdraw_id' in 'field list'
#0 D:\www\carlink_backend\system\Database\MySQLi\Connection.php(331): mysqli->query('INSERT INTO `wa...')
#1 D:\www\carlink_backend\system\Database\BaseConnection.php(738): CodeIgniter\Database\MySQLi\Connection->execute('INSERT INTO `wa...')
#2 D:\www\carlink_backend\system\Database\BaseConnection.php(666): CodeIgniter\Database\BaseConnection->simpleQuery('INSERT INTO `wa...')
#3 D:\www\carlink_backend\app\Core\BaseModel.php(1693): CodeIgniter\Database\BaseConnection->query('INSERT INTO `wa...')
#4 D:\www\carlink_backend\app\Core\BaseModel.php(1207): App\Core\BaseModel->insert_log('create', 54)
#5 D:\www\carlink_backend\app\Models\WalletModel.php(99): App\Core\BaseModel->insertNew(Array)
#6 D:\www\carlink_backend\app\Controllers\Topup.php(75): App\Models\WalletModel->wallet_in('27', '50000.00', 'Topup success', 0, '10')
#7 D:\www\carlink_backend\system\CodeIgniter.php(914): App\Controllers\Topup->approve('10')
#8 D:\www\carlink_backend\system\CodeIgniter.php(400): CodeIgniter\CodeIgniter->runController(Object(App\Controllers\Topup))
#9 D:\www\carlink_backend\system\CodeIgniter.php(308): CodeIgniter\CodeIgniter->handleRequest(NULL, Object(Config\Cache), false)
#10 D:\www\carlink_backend\index.php(45): CodeIgniter\CodeIgniter->run()
#11 {main}
CRITICAL - 2021-11-11 18:28:21 --> Unknown column 'wallet_withdraw_id' in 'field list'
#0 D:\www\carlink_backend\system\Database\MySQLi\Connection.php(331): mysqli->query('INSERT INTO `wa...')
#1 D:\www\carlink_backend\system\Database\BaseConnection.php(738): CodeIgniter\Database\MySQLi\Connection->execute('INSERT INTO `wa...')
#2 D:\www\carlink_backend\system\Database\BaseConnection.php(666): CodeIgniter\Database\BaseConnection->simpleQuery('INSERT INTO `wa...')
#3 D:\www\carlink_backend\app\Core\BaseModel.php(1693): CodeIgniter\Database\BaseConnection->query('INSERT INTO `wa...')
#4 D:\www\carlink_backend\app\Core\BaseModel.php(1207): App\Core\BaseModel->insert_log('create', 55)
#5 D:\www\carlink_backend\app\Models\WalletModel.php(99): App\Core\BaseModel->insertNew(Array)
#6 D:\www\carlink_backend\app\Controllers\Topup.php(75): App\Models\WalletModel->wallet_in('27', '50000.00', 'Topup success', 0, '10')
#7 D:\www\carlink_backend\system\CodeIgniter.php(914): App\Controllers\Topup->approve('10')
#8 D:\www\carlink_backend\system\CodeIgniter.php(400): CodeIgniter\CodeIgniter->runController(Object(App\Controllers\Topup))
#9 D:\www\carlink_backend\system\CodeIgniter.php(308): CodeIgniter\CodeIgniter->handleRequest(NULL, Object(Config\Cache), false)
#10 D:\www\carlink_backend\index.php(45): CodeIgniter\CodeIgniter->run()
#11 {main}
CRITICAL - 2021-11-11 18:29:05 --> Unknown column 'wallet_withdraw_id' in 'field list'
#0 D:\www\carlink_backend\system\Database\MySQLi\Connection.php(331): mysqli->query('INSERT INTO `wa...')
#1 D:\www\carlink_backend\system\Database\BaseConnection.php(738): CodeIgniter\Database\MySQLi\Connection->execute('INSERT INTO `wa...')
#2 D:\www\carlink_backend\system\Database\BaseConnection.php(666): CodeIgniter\Database\BaseConnection->simpleQuery('INSERT INTO `wa...')
#3 D:\www\carlink_backend\app\Core\BaseModel.php(1693): CodeIgniter\Database\BaseConnection->query('INSERT INTO `wa...')
#4 D:\www\carlink_backend\app\Core\BaseModel.php(1207): App\Core\BaseModel->insert_log('create', 56)
#5 D:\www\carlink_backend\app\Models\WalletModel.php(99): App\Core\BaseModel->insertNew(Array)
#6 D:\www\carlink_backend\app\Controllers\Topup.php(75): App\Models\WalletModel->wallet_in('27', '50000.00', 'Topup success', 0, '10')
#7 D:\www\carlink_backend\system\CodeIgniter.php(914): App\Controllers\Topup->approve('10')
#8 D:\www\carlink_backend\system\CodeIgniter.php(400): CodeIgniter\CodeIgniter->runController(Object(App\Controllers\Topup))
#9 D:\www\carlink_backend\system\CodeIgniter.php(308): CodeIgniter\CodeIgniter->handleRequest(NULL, Object(Config\Cache), false)
#10 D:\www\carlink_backend\index.php(45): CodeIgniter\CodeIgniter->run()
#11 {main}
