CRITICAL - 2021-11-10 10:20:53 --> Trying to access array offset on value of type null
#0 D:\www\carlink_backend\app\Views\admin\header.php(264): CodeIgniter\Debug\Exceptions->errorHandler(8, 'Trying to acces...', 'D:\\www\\carlink_...', 264, Array)
#1 D:\www\carlink_backend\system\View\View.php(246): include('D:\\www\\carlink_...')
#2 D:\www\carlink_backend\system\Common.php(1087): CodeIgniter\View\View->render('admin/header', Array, true)
#3 D:\www\carlink_backend\app\Controllers\Withdraw.php(22): view('admin/header', Array)
#4 D:\www\carlink_backend\system\CodeIgniter.php(914): App\Controllers\Withdraw->index()
#5 D:\www\carlink_backend\system\CodeIgniter.php(400): CodeIgniter\CodeIgniter->runController(Object(App\Controllers\Withdraw))
#6 D:\www\carlink_backend\system\CodeIgniter.php(308): CodeIgniter\CodeIgniter->handleRequest(NULL, Object(Config\Cache), false)
#7 D:\www\carlink_backend\index.php(45): CodeIgniter\CodeIgniter->run()
#8 {main}
CRITICAL - 2021-11-10 15:37:14 --> Undefined index: payment_method_id
#0 D:\www\carlink_backend\app\Views\admin\auction\detail.php(89): CodeIgniter\Debug\Exceptions->errorHandler(8, 'Undefined index...', 'D:\\www\\carlink_...', 89, Array)
#1 D:\www\carlink_backend\system\View\View.php(246): include('D:\\www\\carlink_...')
#2 D:\www\carlink_backend\system\Common.php(1087): CodeIgniter\View\View->render('admin/auction/d...', Array, true)
#3 D:\www\carlink_backend\app\Controllers\Auction.php(154): view('admin/auction/d...')
#4 D:\www\carlink_backend\system\CodeIgniter.php(914): App\Controllers\Auction->detail('1')
#5 D:\www\carlink_backend\system\CodeIgniter.php(400): CodeIgniter\CodeIgniter->runController(Object(App\Controllers\Auction))
#6 D:\www\carlink_backend\system\CodeIgniter.php(308): CodeIgniter\CodeIgniter->handleRequest(NULL, Object(Config\Cache), false)
#7 D:\www\carlink_backend\index.php(45): CodeIgniter\CodeIgniter->run()
#8 {main}
CRITICAL - 2021-11-10 17:13:04 --> Undefined property: App\Controllers\State::$AreaModel
#0 D:\www\carlink_backend\app\Controllers\State.php(89): CodeIgniter\Debug\Exceptions->errorHandler(8, 'Undefined prope...', 'D:\\www\\carlink_...', 89, Array)
#1 D:\www\carlink_backend\system\CodeIgniter.php(914): App\Controllers\State->detail('26')
#2 D:\www\carlink_backend\system\CodeIgniter.php(400): CodeIgniter\CodeIgniter->runController(Object(App\Controllers\State))
#3 D:\www\carlink_backend\system\CodeIgniter.php(308): CodeIgniter\CodeIgniter->handleRequest(NULL, Object(Config\Cache), false)
#4 D:\www\carlink_backend\index.php(45): CodeIgniter\CodeIgniter->run()
#5 {main}
CRITICAL - 2021-11-10 17:13:04 --> Unknown column 'area.state' in 'where clause'
#0 D:\www\carlink_backend\system\Database\MySQLi\Connection.php(331): mysqli->query('SELECT *\nFROM `...')
#1 D:\www\carlink_backend\system\Database\BaseConnection.php(738): CodeIgniter\Database\MySQLi\Connection->execute('SELECT *\nFROM `...')
#2 D:\www\carlink_backend\system\Database\BaseConnection.php(666): CodeIgniter\Database\BaseConnection->simpleQuery('SELECT *\nFROM `...')
#3 D:\www\carlink_backend\system\Database\BaseBuilder.php(1845): CodeIgniter\Database\BaseConnection->query('SELECT *\nFROM `...', Array, false)
#4 D:\www\carlink_backend\app\Core\BaseModel.php(1123): CodeIgniter\Database\BaseBuilder->get()
#5 D:\www\carlink_backend\app\Controllers\State.php(89): App\Core\BaseModel->getWhere(Array)
#6 D:\www\carlink_backend\system\CodeIgniter.php(914): App\Controllers\State->detail('26')
#7 D:\www\carlink_backend\system\CodeIgniter.php(400): CodeIgniter\CodeIgniter->runController(Object(App\Controllers\State))
#8 D:\www\carlink_backend\system\CodeIgniter.php(308): CodeIgniter\CodeIgniter->handleRequest(NULL, Object(Config\Cache), false)
#9 D:\www\carlink_backend\index.php(45): CodeIgniter\CodeIgniter->run()
#10 {main}
CRITICAL - 2021-11-10 17:13:05 --> Unknown column 'area.state' in 'where clause'
#0 D:\www\carlink_backend\system\Database\MySQLi\Connection.php(331): mysqli->query('SELECT *\nFROM `...')
#1 D:\www\carlink_backend\system\Database\BaseConnection.php(738): CodeIgniter\Database\MySQLi\Connection->execute('SELECT *\nFROM `...')
#2 D:\www\carlink_backend\system\Database\BaseConnection.php(666): CodeIgniter\Database\BaseConnection->simpleQuery('SELECT *\nFROM `...')
#3 D:\www\carlink_backend\system\Database\BaseBuilder.php(1845): CodeIgniter\Database\BaseConnection->query('SELECT *\nFROM `...', Array, false)
#4 D:\www\carlink_backend\app\Core\BaseModel.php(1123): CodeIgniter\Database\BaseBuilder->get()
#5 D:\www\carlink_backend\app\Controllers\State.php(89): App\Core\BaseModel->getWhere(Array)
#6 D:\www\carlink_backend\system\CodeIgniter.php(914): App\Controllers\State->detail('26')
#7 D:\www\carlink_backend\system\CodeIgniter.php(400): CodeIgniter\CodeIgniter->runController(Object(App\Controllers\State))
#8 D:\www\carlink_backend\system\CodeIgniter.php(308): CodeIgniter\CodeIgniter->handleRequest(NULL, Object(Config\Cache), false)
#9 D:\www\carlink_backend\index.php(45): CodeIgniter\CodeIgniter->run()
#10 {main}
CRITICAL - 2021-11-10 17:13:05 --> Unknown column 'area.state' in 'where clause'
#0 D:\www\carlink_backend\system\Database\MySQLi\Connection.php(331): mysqli->query('SELECT *\nFROM `...')
#1 D:\www\carlink_backend\system\Database\BaseConnection.php(738): CodeIgniter\Database\MySQLi\Connection->execute('SELECT *\nFROM `...')
#2 D:\www\carlink_backend\system\Database\BaseConnection.php(666): CodeIgniter\Database\BaseConnection->simpleQuery('SELECT *\nFROM `...')
#3 D:\www\carlink_backend\system\Database\BaseBuilder.php(1845): CodeIgniter\Database\BaseConnection->query('SELECT *\nFROM `...', Array, false)
#4 D:\www\carlink_backend\app\Core\BaseModel.php(1123): CodeIgniter\Database\BaseBuilder->get()
#5 D:\www\carlink_backend\app\Controllers\State.php(89): App\Core\BaseModel->getWhere(Array)
#6 D:\www\carlink_backend\system\CodeIgniter.php(914): App\Controllers\State->detail('26')
#7 D:\www\carlink_backend\system\CodeIgniter.php(400): CodeIgniter\CodeIgniter->runController(Object(App\Controllers\State))
#8 D:\www\carlink_backend\system\CodeIgniter.php(308): CodeIgniter\CodeIgniter->handleRequest(NULL, Object(Config\Cache), false)
#9 D:\www\carlink_backend\index.php(45): CodeIgniter\CodeIgniter->run()
#10 {main}
CRITICAL - 2021-11-10 17:13:11 --> Unknown column 'area.state' in 'where clause'
#0 D:\www\carlink_backend\system\Database\MySQLi\Connection.php(331): mysqli->query('SELECT *\nFROM `...')
#1 D:\www\carlink_backend\system\Database\BaseConnection.php(738): CodeIgniter\Database\MySQLi\Connection->execute('SELECT *\nFROM `...')
#2 D:\www\carlink_backend\system\Database\BaseConnection.php(666): CodeIgniter\Database\BaseConnection->simpleQuery('SELECT *\nFROM `...')
#3 D:\www\carlink_backend\system\Database\BaseBuilder.php(1845): CodeIgniter\Database\BaseConnection->query('SELECT *\nFROM `...', Array, false)
#4 D:\www\carlink_backend\app\Core\BaseModel.php(1123): CodeIgniter\Database\BaseBuilder->get()
#5 D:\www\carlink_backend\app\Controllers\State.php(89): App\Core\BaseModel->getWhere(Array)
#6 D:\www\carlink_backend\system\CodeIgniter.php(914): App\Controllers\State->detail('26')
#7 D:\www\carlink_backend\system\CodeIgniter.php(400): CodeIgniter\CodeIgniter->runController(Object(App\Controllers\State))
#8 D:\www\carlink_backend\system\CodeIgniter.php(308): CodeIgniter\CodeIgniter->handleRequest(NULL, Object(Config\Cache), false)
#9 D:\www\carlink_backend\index.php(45): CodeIgniter\CodeIgniter->run()
#10 {main}
CRITICAL - 2021-11-10 17:13:11 --> Unknown column 'area.state' in 'where clause'
#0 D:\www\carlink_backend\system\Database\MySQLi\Connection.php(331): mysqli->query('SELECT *\nFROM `...')
#1 D:\www\carlink_backend\system\Database\BaseConnection.php(738): CodeIgniter\Database\MySQLi\Connection->execute('SELECT *\nFROM `...')
#2 D:\www\carlink_backend\system\Database\BaseConnection.php(666): CodeIgniter\Database\BaseConnection->simpleQuery('SELECT *\nFROM `...')
#3 D:\www\carlink_backend\system\Database\BaseBuilder.php(1845): CodeIgniter\Database\BaseConnection->query('SELECT *\nFROM `...', Array, false)
#4 D:\www\carlink_backend\app\Core\BaseModel.php(1123): CodeIgniter\Database\BaseBuilder->get()
#5 D:\www\carlink_backend\app\Controllers\State.php(89): App\Core\BaseModel->getWhere(Array)
#6 D:\www\carlink_backend\system\CodeIgniter.php(914): App\Controllers\State->detail('26')
#7 D:\www\carlink_backend\system\CodeIgniter.php(400): CodeIgniter\CodeIgniter->runController(Object(App\Controllers\State))
#8 D:\www\carlink_backend\system\CodeIgniter.php(308): CodeIgniter\CodeIgniter->handleRequest(NULL, Object(Config\Cache), false)
#9 D:\www\carlink_backend\index.php(45): CodeIgniter\CodeIgniter->run()
#10 {main}
CRITICAL - 2021-11-10 17:13:12 --> Unknown column 'area.state' in 'where clause'
#0 D:\www\carlink_backend\system\Database\MySQLi\Connection.php(331): mysqli->query('SELECT *\nFROM `...')
#1 D:\www\carlink_backend\system\Database\BaseConnection.php(738): CodeIgniter\Database\MySQLi\Connection->execute('SELECT *\nFROM `...')
#2 D:\www\carlink_backend\system\Database\BaseConnection.php(666): CodeIgniter\Database\BaseConnection->simpleQuery('SELECT *\nFROM `...')
#3 D:\www\carlink_backend\system\Database\BaseBuilder.php(1845): CodeIgniter\Database\BaseConnection->query('SELECT *\nFROM `...', Array, false)
#4 D:\www\carlink_backend\app\Core\BaseModel.php(1123): CodeIgniter\Database\BaseBuilder->get()
#5 D:\www\carlink_backend\app\Controllers\State.php(89): App\Core\BaseModel->getWhere(Array)
#6 D:\www\carlink_backend\system\CodeIgniter.php(914): App\Controllers\State->detail('26')
#7 D:\www\carlink_backend\system\CodeIgniter.php(400): CodeIgniter\CodeIgniter->runController(Object(App\Controllers\State))
#8 D:\www\carlink_backend\system\CodeIgniter.php(308): CodeIgniter\CodeIgniter->handleRequest(NULL, Object(Config\Cache), false)
#9 D:\www\carlink_backend\index.php(45): CodeIgniter\CodeIgniter->run()
#10 {main}
CRITICAL - 2021-11-10 17:13:12 --> Unknown column 'area.state' in 'where clause'
#0 D:\www\carlink_backend\system\Database\MySQLi\Connection.php(331): mysqli->query('SELECT *\nFROM `...')
#1 D:\www\carlink_backend\system\Database\BaseConnection.php(738): CodeIgniter\Database\MySQLi\Connection->execute('SELECT *\nFROM `...')
#2 D:\www\carlink_backend\system\Database\BaseConnection.php(666): CodeIgniter\Database\BaseConnection->simpleQuery('SELECT *\nFROM `...')
#3 D:\www\carlink_backend\system\Database\BaseBuilder.php(1845): CodeIgniter\Database\BaseConnection->query('SELECT *\nFROM `...', Array, false)
#4 D:\www\carlink_backend\app\Core\BaseModel.php(1123): CodeIgniter\Database\BaseBuilder->get()
#5 D:\www\carlink_backend\app\Controllers\State.php(89): App\Core\BaseModel->getWhere(Array)
#6 D:\www\carlink_backend\system\CodeIgniter.php(914): App\Controllers\State->detail('26')
#7 D:\www\carlink_backend\system\CodeIgniter.php(400): CodeIgniter\CodeIgniter->runController(Object(App\Controllers\State))
#8 D:\www\carlink_backend\system\CodeIgniter.php(308): CodeIgniter\CodeIgniter->handleRequest(NULL, Object(Config\Cache), false)
#9 D:\www\carlink_backend\index.php(45): CodeIgniter\CodeIgniter->run()
#10 {main}
CRITICAL - 2021-11-10 17:13:12 --> Unknown column 'area.state' in 'where clause'
#0 D:\www\carlink_backend\system\Database\MySQLi\Connection.php(331): mysqli->query('SELECT *\nFROM `...')
#1 D:\www\carlink_backend\system\Database\BaseConnection.php(738): CodeIgniter\Database\MySQLi\Connection->execute('SELECT *\nFROM `...')
#2 D:\www\carlink_backend\system\Database\BaseConnection.php(666): CodeIgniter\Database\BaseConnection->simpleQuery('SELECT *\nFROM `...')
#3 D:\www\carlink_backend\system\Database\BaseBuilder.php(1845): CodeIgniter\Database\BaseConnection->query('SELECT *\nFROM `...', Array, false)
#4 D:\www\carlink_backend\app\Core\BaseModel.php(1123): CodeIgniter\Database\BaseBuilder->get()
#5 D:\www\carlink_backend\app\Controllers\State.php(89): App\Core\BaseModel->getWhere(Array)
#6 D:\www\carlink_backend\system\CodeIgniter.php(914): App\Controllers\State->detail('26')
#7 D:\www\carlink_backend\system\CodeIgniter.php(400): CodeIgniter\CodeIgniter->runController(Object(App\Controllers\State))
#8 D:\www\carlink_backend\system\CodeIgniter.php(308): CodeIgniter\CodeIgniter->handleRequest(NULL, Object(Config\Cache), false)
#9 D:\www\carlink_backend\index.php(45): CodeIgniter\CodeIgniter->run()
#10 {main}
CRITICAL - 2021-11-10 17:13:12 --> Undefined variable: model
#0 D:\www\carlink_backend\app\Controllers\State.php(91): CodeIgniter\Debug\Exceptions->errorHandler(8, 'Undefined varia...', 'D:\\www\\carlink_...', 91, Array)
#1 D:\www\carlink_backend\system\CodeIgniter.php(914): App\Controllers\State->detail('26')
#2 D:\www\carlink_backend\system\CodeIgniter.php(400): CodeIgniter\CodeIgniter->runController(Object(App\Controllers\State))
#3 D:\www\carlink_backend\system\CodeIgniter.php(308): CodeIgniter\CodeIgniter->handleRequest(NULL, Object(Config\Cache), false)
#4 D:\www\carlink_backend\index.php(45): CodeIgniter\CodeIgniter->run()
#5 {main}
CRITICAL - 2021-11-10 17:13:12 --> Undefined variable: model
#0 D:\www\carlink_backend\app\Controllers\State.php(91): CodeIgniter\Debug\Exceptions->errorHandler(8, 'Undefined varia...', 'D:\\www\\carlink_...', 91, Array)
#1 D:\www\carlink_backend\system\CodeIgniter.php(914): App\Controllers\State->detail('26')
#2 D:\www\carlink_backend\system\CodeIgniter.php(400): CodeIgniter\CodeIgniter->runController(Object(App\Controllers\State))
#3 D:\www\carlink_backend\system\CodeIgniter.php(308): CodeIgniter\CodeIgniter->handleRequest(NULL, Object(Config\Cache), false)
#4 D:\www\carlink_backend\index.php(45): CodeIgniter\CodeIgniter->run()
#5 {main}
CRITICAL - 2021-11-10 17:13:13 --> Undefined variable: model
#0 D:\www\carlink_backend\app\Controllers\State.php(91): CodeIgniter\Debug\Exceptions->errorHandler(8, 'Undefined varia...', 'D:\\www\\carlink_...', 91, Array)
#1 D:\www\carlink_backend\system\CodeIgniter.php(914): App\Controllers\State->detail('26')
#2 D:\www\carlink_backend\system\CodeIgniter.php(400): CodeIgniter\CodeIgniter->runController(Object(App\Controllers\State))
#3 D:\www\carlink_backend\system\CodeIgniter.php(308): CodeIgniter\CodeIgniter->handleRequest(NULL, Object(Config\Cache), false)
#4 D:\www\carlink_backend\index.php(45): CodeIgniter\CodeIgniter->run()
#5 {main}
CRITICAL - 2021-11-10 17:13:13 --> Undefined variable: model
#0 D:\www\carlink_backend\app\Controllers\State.php(91): CodeIgniter\Debug\Exceptions->errorHandler(8, 'Undefined varia...', 'D:\\www\\carlink_...', 91, Array)
#1 D:\www\carlink_backend\system\CodeIgniter.php(914): App\Controllers\State->detail('26')
#2 D:\www\carlink_backend\system\CodeIgniter.php(400): CodeIgniter\CodeIgniter->runController(Object(App\Controllers\State))
#3 D:\www\carlink_backend\system\CodeIgniter.php(308): CodeIgniter\CodeIgniter->handleRequest(NULL, Object(Config\Cache), false)
#4 D:\www\carlink_backend\index.php(45): CodeIgniter\CodeIgniter->run()
#5 {main}
CRITICAL - 2021-11-10 17:13:13 --> Undefined variable: model
#0 D:\www\carlink_backend\app\Controllers\State.php(91): CodeIgniter\Debug\Exceptions->errorHandler(8, 'Undefined varia...', 'D:\\www\\carlink_...', 91, Array)
#1 D:\www\carlink_backend\system\CodeIgniter.php(914): App\Controllers\State->detail('26')
#2 D:\www\carlink_backend\system\CodeIgniter.php(400): CodeIgniter\CodeIgniter->runController(Object(App\Controllers\State))
#3 D:\www\carlink_backend\system\CodeIgniter.php(308): CodeIgniter\CodeIgniter->handleRequest(NULL, Object(Config\Cache), false)
#4 D:\www\carlink_backend\index.php(45): CodeIgniter\CodeIgniter->run()
#5 {main}
CRITICAL - 2021-11-10 17:13:13 --> Undefined variable: model
#0 D:\www\carlink_backend\app\Controllers\State.php(91): CodeIgniter\Debug\Exceptions->errorHandler(8, 'Undefined varia...', 'D:\\www\\carlink_...', 91, Array)
#1 D:\www\carlink_backend\system\CodeIgniter.php(914): App\Controllers\State->detail('26')
#2 D:\www\carlink_backend\system\CodeIgniter.php(400): CodeIgniter\CodeIgniter->runController(Object(App\Controllers\State))
#3 D:\www\carlink_backend\system\CodeIgniter.php(308): CodeIgniter\CodeIgniter->handleRequest(NULL, Object(Config\Cache), false)
#4 D:\www\carlink_backend\index.php(45): CodeIgniter\CodeIgniter->run()
#5 {main}
CRITICAL - 2021-11-10 17:13:17 --> Undefined variable: model
#0 D:\www\carlink_backend\app\Controllers\State.php(91): CodeIgniter\Debug\Exceptions->errorHandler(8, 'Undefined varia...', 'D:\\www\\carlink_...', 91, Array)
#1 D:\www\carlink_backend\system\CodeIgniter.php(914): App\Controllers\State->detail('26')
#2 D:\www\carlink_backend\system\CodeIgniter.php(400): CodeIgniter\CodeIgniter->runController(Object(App\Controllers\State))
#3 D:\www\carlink_backend\system\CodeIgniter.php(308): CodeIgniter\CodeIgniter->handleRequest(NULL, Object(Config\Cache), false)
#4 D:\www\carlink_backend\index.php(45): CodeIgniter\CodeIgniter->run()
#5 {main}
CRITICAL - 2021-11-10 17:13:18 --> Undefined variable: model
#0 D:\www\carlink_backend\app\Controllers\State.php(91): CodeIgniter\Debug\Exceptions->errorHandler(8, 'Undefined varia...', 'D:\\www\\carlink_...', 91, Array)
#1 D:\www\carlink_backend\system\CodeIgniter.php(914): App\Controllers\State->detail('26')
#2 D:\www\carlink_backend\system\CodeIgniter.php(400): CodeIgniter\CodeIgniter->runController(Object(App\Controllers\State))
#3 D:\www\carlink_backend\system\CodeIgniter.php(308): CodeIgniter\CodeIgniter->handleRequest(NULL, Object(Config\Cache), false)
#4 D:\www\carlink_backend\index.php(45): CodeIgniter\CodeIgniter->run()
#5 {main}
CRITICAL - 2021-11-10 17:13:18 --> Undefined variable: model
#0 D:\www\carlink_backend\app\Controllers\State.php(91): CodeIgniter\Debug\Exceptions->errorHandler(8, 'Undefined varia...', 'D:\\www\\carlink_...', 91, Array)
#1 D:\www\carlink_backend\system\CodeIgniter.php(914): App\Controllers\State->detail('26')
#2 D:\www\carlink_backend\system\CodeIgniter.php(400): CodeIgniter\CodeIgniter->runController(Object(App\Controllers\State))
#3 D:\www\carlink_backend\system\CodeIgniter.php(308): CodeIgniter\CodeIgniter->handleRequest(NULL, Object(Config\Cache), false)
#4 D:\www\carlink_backend\index.php(45): CodeIgniter\CodeIgniter->run()
#5 {main}
CRITICAL - 2021-11-10 17:13:18 --> Undefined variable: car_id
#0 D:\www\carlink_backend\app\Controllers\State.php(98): CodeIgniter\Debug\Exceptions->errorHandler(8, 'Undefined varia...', 'D:\\www\\carlink_...', 98, Array)
#1 D:\www\carlink_backend\system\CodeIgniter.php(914): App\Controllers\State->detail('26')
#2 D:\www\carlink_backend\system\CodeIgniter.php(400): CodeIgniter\CodeIgniter->runController(Object(App\Controllers\State))
#3 D:\www\carlink_backend\system\CodeIgniter.php(308): CodeIgniter\CodeIgniter->handleRequest(NULL, Object(Config\Cache), false)
#4 D:\www\carlink_backend\index.php(45): CodeIgniter\CodeIgniter->run()
#5 {main}
CRITICAL - 2021-11-10 17:13:19 --> Undefined variable: car_id
#0 D:\www\carlink_backend\app\Controllers\State.php(98): CodeIgniter\Debug\Exceptions->errorHandler(8, 'Undefined varia...', 'D:\\www\\carlink_...', 98, Array)
#1 D:\www\carlink_backend\system\CodeIgniter.php(914): App\Controllers\State->detail('26')
#2 D:\www\carlink_backend\system\CodeIgniter.php(400): CodeIgniter\CodeIgniter->runController(Object(App\Controllers\State))
#3 D:\www\carlink_backend\system\CodeIgniter.php(308): CodeIgniter\CodeIgniter->handleRequest(NULL, Object(Config\Cache), false)
#4 D:\www\carlink_backend\index.php(45): CodeIgniter\CodeIgniter->run()
#5 {main}
CRITICAL - 2021-11-10 17:16:20 --> Invalid file: admin/area/all.php
#0 D:\www\carlink_backend\system\View\View.php(228): CodeIgniter\Exceptions\FrameworkException::forInvalidFile('admin/area/all....')
#1 D:\www\carlink_backend\system\Common.php(1087): CodeIgniter\View\View->render('admin/area/all', Array, true)
#2 D:\www\carlink_backend\app\Controllers\Area.php(37): view('admin/area/all')
#3 D:\www\carlink_backend\system\CodeIgniter.php(914): App\Controllers\Area->index()
#4 D:\www\carlink_backend\system\CodeIgniter.php(400): CodeIgniter\CodeIgniter->runController(Object(App\Controllers\Area))
#5 D:\www\carlink_backend\system\CodeIgniter.php(308): CodeIgniter\CodeIgniter->handleRequest(NULL, Object(Config\Cache), false)
#6 D:\www\carlink_backend\index.php(45): CodeIgniter\CodeIgniter->run()
#7 {main}
