CRITICAL - 2021-01-14 10:32:52 --> Undefined index: ffb
#0 D:\www\plantation\app\Controllers\API.php(1580): CodeIgniter\Debug\Exceptions->errorHandler(8, 'Undefined index...', 'D:\\www\\plantati...', 1580, Array)
#1 D:\www\plantation\system\CodeIgniter.php(914): App\Controllers\API->edit_dispatch()
#2 D:\www\plantation\system\CodeIgniter.php(400): CodeIgniter\CodeIgniter->runController(Object(App\Controllers\API))
#3 D:\www\plantation\system\CodeIgniter.php(308): CodeIgniter\CodeIgniter->handleRequest(NULL, Object(Config\Cache), false)
#4 D:\www\plantation\index.php(45): CodeIgniter\CodeIgniter->run()
#5 {main}
CRITICAL - 2021-01-14 10:33:40 --> Unknown column 'mill' in 'field list'
#0 D:\www\plantation\system\Database\MySQLi\Connection.php(331): mysqli->query('UPDATE `dispatc...')
#1 D:\www\plantation\system\Database\BaseConnection.php(738): CodeIgniter\Database\MySQLi\Connection->execute('UPDATE `dispatc...')
#2 D:\www\plantation\system\Database\BaseConnection.php(666): CodeIgniter\Database\BaseConnection->simpleQuery('UPDATE `dispatc...')
#3 D:\www\plantation\system\Database\BaseBuilder.php(2441): CodeIgniter\Database\BaseConnection->query('UPDATE `dispatc...', Array, false)
#4 D:\www\plantation\app\Core\BaseModel.php(213): CodeIgniter\Database\BaseBuilder->update(Array)
#5 D:\www\plantation\app\Controllers\API.php(1588): App\Core\BaseModel->updateWhere(Array, Array)
#6 D:\www\plantation\system\CodeIgniter.php(914): App\Controllers\API->edit_dispatch()
#7 D:\www\plantation\system\CodeIgniter.php(400): CodeIgniter\CodeIgniter->runController(Object(App\Controllers\API))
#8 D:\www\plantation\system\CodeIgniter.php(308): CodeIgniter\CodeIgniter->handleRequest(NULL, Object(Config\Cache), false)
#9 D:\www\plantation\index.php(45): CodeIgniter\CodeIgniter->run()
#10 {main}
CRITICAL - 2021-01-14 10:44:22 --> You have an error in your SQL syntax; check the manual that corresponds to your MySQL server version for the right syntax to use near '.`date`
FROM `attendence`
LEFT JOIN `worker` ON `attendence`.`worker_id` = `work' at line 1
#0 D:\www\plantation\system\Database\MySQLi\Connection.php(331): mysqli->query('SELECT `attende...')
#1 D:\www\plantation\system\Database\BaseConnection.php(738): CodeIgniter\Database\MySQLi\Connection->execute('SELECT `attende...')
#2 D:\www\plantation\system\Database\BaseConnection.php(666): CodeIgniter\Database\BaseConnection->simpleQuery('SELECT `attende...')
#3 D:\www\plantation\system\Database\BaseBuilder.php(1845): CodeIgniter\Database\BaseConnection->query('SELECT `attende...', Array, false)
#4 D:\www\plantation\app\Models\AttendenceModel.php(169): CodeIgniter\Database\BaseBuilder->get()
#5 D:\www\plantation\app\Controllers\API.php(180): App\Models\AttendenceModel->get_attendance_by_worker_id(Array)
#6 D:\www\plantation\system\CodeIgniter.php(914): App\Controllers\API->get_attendance_id_by_worker()
#7 D:\www\plantation\system\CodeIgniter.php(400): CodeIgniter\CodeIgniter->runController(Object(App\Controllers\API))
#8 D:\www\plantation\system\CodeIgniter.php(308): CodeIgniter\CodeIgniter->handleRequest(NULL, Object(Config\Cache), false)
#9 D:\www\plantation\index.php(45): CodeIgniter\CodeIgniter->run()
#10 {main}
CRITICAL - 2021-01-14 10:44:32 --> Unknown column 'attendence.date' in 'field list'
#0 D:\www\plantation\system\Database\MySQLi\Connection.php(331): mysqli->query('SELECT `attende...')
#1 D:\www\plantation\system\Database\BaseConnection.php(738): CodeIgniter\Database\MySQLi\Connection->execute('SELECT `attende...')
#2 D:\www\plantation\system\Database\BaseConnection.php(666): CodeIgniter\Database\BaseConnection->simpleQuery('SELECT `attende...')
#3 D:\www\plantation\system\Database\BaseBuilder.php(1845): CodeIgniter\Database\BaseConnection->query('SELECT `attende...', Array, false)
#4 D:\www\plantation\app\Models\AttendenceModel.php(169): CodeIgniter\Database\BaseBuilder->get()
#5 D:\www\plantation\app\Controllers\API.php(180): App\Models\AttendenceModel->get_attendance_by_worker_id(Array)
#6 D:\www\plantation\system\CodeIgniter.php(914): App\Controllers\API->get_attendance_id_by_worker()
#7 D:\www\plantation\system\CodeIgniter.php(400): CodeIgniter\CodeIgniter->runController(Object(App\Controllers\API))
#8 D:\www\plantation\system\CodeIgniter.php(308): CodeIgniter\CodeIgniter->handleRequest(NULL, Object(Config\Cache), false)
#9 D:\www\plantation\index.php(45): CodeIgniter\CodeIgniter->run()
#10 {main}
CRITICAL - 2021-01-14 10:48:24 --> Undefined index: attendence_id
#0 D:\www\plantation\app\Controllers\API.php(2208): CodeIgniter\Debug\Exceptions->errorHandler(8, 'Undefined index...', 'D:\\www\\plantati...', 2208, Array)
#1 D:\www\plantation\system\CodeIgniter.php(914): App\Controllers\API->get_attendance_by_id()
#2 D:\www\plantation\system\CodeIgniter.php(400): CodeIgniter\CodeIgniter->runController(Object(App\Controllers\API))
#3 D:\www\plantation\system\CodeIgniter.php(308): CodeIgniter\CodeIgniter->handleRequest(NULL, Object(Config\Cache), false)
#4 D:\www\plantation\index.php(45): CodeIgniter\CodeIgniter->run()
#5 {main}
CRITICAL - 2021-01-14 10:53:26 --> Undefined offset: 0
#0 D:\www\plantation\app\Controllers\API.php(2222): CodeIgniter\Debug\Exceptions->errorHandler(8, 'Undefined offse...', 'D:\\www\\plantati...', 2222, Array)
#1 D:\www\plantation\system\CodeIgniter.php(914): App\Controllers\API->get_attendance_by_id()
#2 D:\www\plantation\system\CodeIgniter.php(400): CodeIgniter\CodeIgniter->runController(Object(App\Controllers\API))
#3 D:\www\plantation\system\CodeIgniter.php(308): CodeIgniter\CodeIgniter->handleRequest(NULL, Object(Config\Cache), false)
#4 D:\www\plantation\index.php(45): CodeIgniter\CodeIgniter->run()
#5 {main}
CRITICAL - 2021-01-14 10:54:38 --> Undefined index: worker.company_id
#0 D:\www\plantation\app\Models\WorkerModel.php(30): CodeIgniter\Debug\Exceptions->errorHandler(8, 'Undefined index...', 'D:\\www\\plantati...', 30, Array)
#1 D:\www\plantation\app\Controllers\API.php(2220): App\Models\WorkerModel->getWhere(Array)
#2 D:\www\plantation\system\CodeIgniter.php(914): App\Controllers\API->get_attendance_by_id()
#3 D:\www\plantation\system\CodeIgniter.php(400): CodeIgniter\CodeIgniter->runController(Object(App\Controllers\API))
#4 D:\www\plantation\system\CodeIgniter.php(308): CodeIgniter\CodeIgniter->handleRequest(NULL, Object(Config\Cache), false)
#5 D:\www\plantation\index.php(45): CodeIgniter\CodeIgniter->run()
#6 {main}
CRITICAL - 2021-01-14 10:55:07 --> Undefined index: companay_id
#0 D:\www\plantation\app\Controllers\API.php(2221): CodeIgniter\Debug\Exceptions->errorHandler(8, 'Undefined index...', 'D:\\www\\plantati...', 2221, Array)
#1 D:\www\plantation\system\CodeIgniter.php(914): App\Controllers\API->get_attendance_by_id()
#2 D:\www\plantation\system\CodeIgniter.php(400): CodeIgniter\CodeIgniter->runController(Object(App\Controllers\API))
#3 D:\www\plantation\system\CodeIgniter.php(308): CodeIgniter\CodeIgniter->handleRequest(NULL, Object(Config\Cache), false)
#4 D:\www\plantation\index.php(45): CodeIgniter\CodeIgniter->run()
#5 {main}
CRITICAL - 2021-01-14 10:55:20 --> Undefined index: worker.company_id
#0 D:\www\plantation\app\Models\WorkerModel.php(30): CodeIgniter\Debug\Exceptions->errorHandler(8, 'Undefined index...', 'D:\\www\\plantati...', 30, Array)
#1 D:\www\plantation\app\Controllers\API.php(2221): App\Models\WorkerModel->getWhere(Array)
#2 D:\www\plantation\system\CodeIgniter.php(914): App\Controllers\API->get_attendance_by_id()
#3 D:\www\plantation\system\CodeIgniter.php(400): CodeIgniter\CodeIgniter->runController(Object(App\Controllers\API))
#4 D:\www\plantation\system\CodeIgniter.php(308): CodeIgniter\CodeIgniter->handleRequest(NULL, Object(Config\Cache), false)
#5 D:\www\plantation\index.php(45): CodeIgniter\CodeIgniter->run()
#6 {main}
