CRITICAL - 2021-01-15 12:00:29 --> Access denied for user '****'@'localhost' (using password: NO)
#0 D:\www\plantation\system\Database\BaseConnection.php(377): CodeIgniter\Database\MySQLi\Connection->connect(false)
#1 D:\www\plantation\system\Database\BaseConnection.php(1611): CodeIgniter\Database\BaseConnection->initialize()
#2 D:\www\plantation\app\Core\BaseModel.php(85): CodeIgniter\Database\BaseConnection->getFieldNames('company')
#3 D:\www\plantation\app\Controllers\API.php(210): App\Core\BaseModel->getAll()
#4 D:\www\plantation\system\CodeIgniter.php(914): App\Controllers\API->get_company()
#5 D:\www\plantation\system\CodeIgniter.php(400): CodeIgniter\CodeIgniter->runController(Object(App\Controllers\API))
#6 D:\www\plantation\system\CodeIgniter.php(308): CodeIgniter\CodeIgniter->handleRequest(NULL, Object(Config\Cache), false)
#7 D:\www\plantation\index.php(45): CodeIgniter\CodeIgniter->run()
#8 {main}
CRITICAL - 2021-01-15 12:00:29 --> Access denied for user '****'@'localhost' (using password: NO)
#0 D:\www\plantation\system\Database\BaseConnection.php(377): CodeIgniter\Database\MySQLi\Connection->connect(false)
#1 D:\www\plantation\system\Database\BaseConnection.php(1611): CodeIgniter\Database\BaseConnection->initialize()
#2 D:\www\plantation\app\Core\BaseModel.php(85): CodeIgniter\Database\BaseConnection->getFieldNames('company')
#3 D:\www\plantation\app\Controllers\API.php(210): App\Core\BaseModel->getAll()
#4 D:\www\plantation\system\CodeIgniter.php(914): App\Controllers\API->get_company()
#5 D:\www\plantation\system\CodeIgniter.php(400): CodeIgniter\CodeIgniter->runController(Object(App\Controllers\API))
#6 D:\www\plantation\system\CodeIgniter.php(308): CodeIgniter\CodeIgniter->handleRequest(NULL, Object(Config\Cache), false)
#7 D:\www\plantation\index.php(45): CodeIgniter\CodeIgniter->run()
#8 {main}
CRITICAL - 2021-01-15 12:04:02 --> Access denied for user '****'@'localhost' (using password: NO)
#0 D:\www\plantation\system\Database\BaseConnection.php(377): CodeIgniter\Database\MySQLi\Connection->connect(false)
#1 D:\www\plantation\system\Database\BaseConnection.php(1611): CodeIgniter\Database\BaseConnection->initialize()
#2 D:\www\plantation\app\Core\BaseModel.php(85): CodeIgniter\Database\BaseConnection->getFieldNames('company')
#3 D:\www\plantation\app\Controllers\API.php(210): App\Core\BaseModel->getAll()
#4 D:\www\plantation\system\CodeIgniter.php(914): App\Controllers\API->get_company()
#5 D:\www\plantation\system\CodeIgniter.php(400): CodeIgniter\CodeIgniter->runController(Object(App\Controllers\API))
#6 D:\www\plantation\system\CodeIgniter.php(308): CodeIgniter\CodeIgniter->handleRequest(NULL, Object(Config\Cache), false)
#7 D:\www\plantation\index.php(45): CodeIgniter\CodeIgniter->run()
#8 {main}
CRITICAL - 2021-01-15 12:04:02 --> Access denied for user '****'@'localhost' (using password: NO)
#0 D:\www\plantation\system\Database\BaseConnection.php(377): CodeIgniter\Database\MySQLi\Connection->connect(false)
#1 D:\www\plantation\system\Database\BaseConnection.php(1611): CodeIgniter\Database\BaseConnection->initialize()
#2 D:\www\plantation\app\Core\BaseModel.php(85): CodeIgniter\Database\BaseConnection->getFieldNames('company')
#3 D:\www\plantation\app\Controllers\API.php(210): App\Core\BaseModel->getAll()
#4 D:\www\plantation\system\CodeIgniter.php(914): App\Controllers\API->get_company()
#5 D:\www\plantation\system\CodeIgniter.php(400): CodeIgniter\CodeIgniter->runController(Object(App\Controllers\API))
#6 D:\www\plantation\system\CodeIgniter.php(308): CodeIgniter\CodeIgniter->handleRequest(NULL, Object(Config\Cache), false)
#7 D:\www\plantation\index.php(45): CodeIgniter\CodeIgniter->run()
#8 {main}
CRITICAL - 2021-01-15 12:04:07 --> Access denied for user '****'@'localhost' (using password: NO)
#0 D:\www\plantation\system\Database\BaseConnection.php(377): CodeIgniter\Database\MySQLi\Connection->connect(false)
#1 D:\www\plantation\system\Database\BaseConnection.php(1611): CodeIgniter\Database\BaseConnection->initialize()
#2 D:\www\plantation\app\Core\BaseModel.php(85): CodeIgniter\Database\BaseConnection->getFieldNames('company')
#3 D:\www\plantation\app\Controllers\API.php(210): App\Core\BaseModel->getAll()
#4 D:\www\plantation\system\CodeIgniter.php(914): App\Controllers\API->get_company()
#5 D:\www\plantation\system\CodeIgniter.php(400): CodeIgniter\CodeIgniter->runController(Object(App\Controllers\API))
#6 D:\www\plantation\system\CodeIgniter.php(308): CodeIgniter\CodeIgniter->handleRequest(NULL, Object(Config\Cache), false)
#7 D:\www\plantation\index.php(45): CodeIgniter\CodeIgniter->run()
#8 {main}
CRITICAL - 2021-01-15 12:04:07 --> Access denied for user '****'@'localhost' (using password: NO)
#0 D:\www\plantation\system\Database\BaseConnection.php(377): CodeIgniter\Database\MySQLi\Connection->connect(false)
#1 D:\www\plantation\system\Database\BaseConnection.php(1611): CodeIgniter\Database\BaseConnection->initialize()
#2 D:\www\plantation\app\Core\BaseModel.php(85): CodeIgniter\Database\BaseConnection->getFieldNames('company')
#3 D:\www\plantation\app\Controllers\API.php(210): App\Core\BaseModel->getAll()
#4 D:\www\plantation\system\CodeIgniter.php(914): App\Controllers\API->get_company()
#5 D:\www\plantation\system\CodeIgniter.php(400): CodeIgniter\CodeIgniter->runController(Object(App\Controllers\API))
#6 D:\www\plantation\system\CodeIgniter.php(308): CodeIgniter\CodeIgniter->handleRequest(NULL, Object(Config\Cache), false)
#7 D:\www\plantation\index.php(45): CodeIgniter\CodeIgniter->run()
#8 {main}
