CRITICAL - 2021-02-09 11:14:24 --> Interface 'OAuth2\Storage\AuthorizationCodeInterface' not found
#0 D:\www\plantation\system\Autoloader\Autoloader.php(365): require_once()
#1 D:\www\plantation\system\Autoloader\Autoloader.php(296): CodeIgniter\Autoloader\Autoloader->requireFile('D:\\www\\plantati...')
#2 D:\www\plantation\system\Autoloader\Autoloader.php(258): CodeIgniter\Autoloader\Autoloader->loadInNamespace('App\\Libraries\\C...')
#3 [internal function]: CodeIgniter\Autoloader\Autoloader->loadClass('App\\Libraries\\C...')
#4 D:\www\plantation\app\Libraries\Oauth.php(19): spl_autoload_call('App\\Libraries\\C...')
#5 D:\www\plantation\app\Libraries\Oauth.php(11): App\Libraries\Oauth->init()
#6 D:\www\plantation\app\Controllers\API.php(72): App\Libraries\Oauth->__construct()
#7 D:\www\plantation\system\CodeIgniter.php(914): App\Controllers\API->login_jwt()
#8 D:\www\plantation\system\CodeIgniter.php(400): CodeIgniter\CodeIgniter->runController(Object(App\Controllers\API))
#9 D:\www\plantation\system\CodeIgniter.php(308): CodeIgniter\CodeIgniter->handleRequest(NULL, Object(Config\Cache), false)
#10 D:\www\plantation\index.php(45): CodeIgniter\CodeIgniter->run()
#11 {main}
CRITICAL - 2021-02-09 11:17:25 --> Interface 'OAuth2\Storage\AuthorizationCodeInterface' not found
#0 D:\www\plantation\system\Autoloader\Autoloader.php(365): require_once()
#1 D:\www\plantation\system\Autoloader\Autoloader.php(296): CodeIgniter\Autoloader\Autoloader->requireFile('D:\\www\\plantati...')
#2 D:\www\plantation\system\Autoloader\Autoloader.php(258): CodeIgniter\Autoloader\Autoloader->loadInNamespace('App\\Libraries\\C...')
#3 [internal function]: CodeIgniter\Autoloader\Autoloader->loadClass('App\\Libraries\\C...')
#4 D:\www\plantation\app\Libraries\Oauth.php(19): spl_autoload_call('App\\Libraries\\C...')
#5 D:\www\plantation\app\Libraries\Oauth.php(11): App\Libraries\Oauth->init()
#6 D:\www\plantation\app\Controllers\API.php(73): App\Libraries\Oauth->__construct()
#7 D:\www\plantation\system\CodeIgniter.php(914): App\Controllers\API->login_jwt()
#8 D:\www\plantation\system\CodeIgniter.php(400): CodeIgniter\CodeIgniter->runController(Object(App\Controllers\API))
#9 D:\www\plantation\system\CodeIgniter.php(308): CodeIgniter\CodeIgniter->handleRequest(NULL, Object(Config\Cache), false)
#10 D:\www\plantation\index.php(45): CodeIgniter\CodeIgniter->run()
#11 {main}
CRITICAL - 2021-02-09 11:17:26 --> Interface 'OAuth2\Storage\AuthorizationCodeInterface' not found
#0 D:\www\plantation\system\Autoloader\Autoloader.php(365): require_once()
#1 D:\www\plantation\system\Autoloader\Autoloader.php(296): CodeIgniter\Autoloader\Autoloader->requireFile('D:\\www\\plantati...')
#2 D:\www\plantation\system\Autoloader\Autoloader.php(258): CodeIgniter\Autoloader\Autoloader->loadInNamespace('App\\Libraries\\C...')
#3 [internal function]: CodeIgniter\Autoloader\Autoloader->loadClass('App\\Libraries\\C...')
#4 D:\www\plantation\app\Libraries\Oauth.php(19): spl_autoload_call('App\\Libraries\\C...')
#5 D:\www\plantation\app\Libraries\Oauth.php(11): App\Libraries\Oauth->init()
#6 D:\www\plantation\app\Controllers\API.php(73): App\Libraries\Oauth->__construct()
#7 D:\www\plantation\system\CodeIgniter.php(914): App\Controllers\API->login_jwt()
#8 D:\www\plantation\system\CodeIgniter.php(400): CodeIgniter\CodeIgniter->runController(Object(App\Controllers\API))
#9 D:\www\plantation\system\CodeIgniter.php(308): CodeIgniter\CodeIgniter->handleRequest(NULL, Object(Config\Cache), false)
#10 D:\www\plantation\index.php(45): CodeIgniter\CodeIgniter->run()
#11 {main}
CRITICAL - 2021-02-09 11:17:27 --> Interface 'OAuth2\Storage\AuthorizationCodeInterface' not found
#0 D:\www\plantation\system\Autoloader\Autoloader.php(365): require_once()
#1 D:\www\plantation\system\Autoloader\Autoloader.php(296): CodeIgniter\Autoloader\Autoloader->requireFile('D:\\www\\plantati...')
#2 D:\www\plantation\system\Autoloader\Autoloader.php(258): CodeIgniter\Autoloader\Autoloader->loadInNamespace('App\\Libraries\\C...')
#3 [internal function]: CodeIgniter\Autoloader\Autoloader->loadClass('App\\Libraries\\C...')
#4 D:\www\plantation\app\Libraries\Oauth.php(19): spl_autoload_call('App\\Libraries\\C...')
#5 D:\www\plantation\app\Libraries\Oauth.php(11): App\Libraries\Oauth->init()
#6 D:\www\plantation\app\Controllers\API.php(73): App\Libraries\Oauth->__construct()
#7 D:\www\plantation\system\CodeIgniter.php(914): App\Controllers\API->login_jwt()
#8 D:\www\plantation\system\CodeIgniter.php(400): CodeIgniter\CodeIgniter->runController(Object(App\Controllers\API))
#9 D:\www\plantation\system\CodeIgniter.php(308): CodeIgniter\CodeIgniter->handleRequest(NULL, Object(Config\Cache), false)
#10 D:\www\plantation\index.php(45): CodeIgniter\CodeIgniter->run()
#11 {main}
CRITICAL - 2021-02-09 11:18:53 --> Interface 'OAuth2\Storage\AuthorizationCodeInterface' not found
#0 D:\www\plantation\system\Autoloader\Autoloader.php(365): require_once()
#1 D:\www\plantation\system\Autoloader\Autoloader.php(296): CodeIgniter\Autoloader\Autoloader->requireFile('D:\\www\\plantati...')
#2 D:\www\plantation\system\Autoloader\Autoloader.php(258): CodeIgniter\Autoloader\Autoloader->loadInNamespace('App\\Libraries\\C...')
#3 [internal function]: CodeIgniter\Autoloader\Autoloader->loadClass('App\\Libraries\\C...')
#4 D:\www\plantation\app\Libraries\Oauth.php(19): spl_autoload_call('App\\Libraries\\C...')
#5 D:\www\plantation\app\Libraries\Oauth.php(11): App\Libraries\Oauth->init()
#6 D:\www\plantation\app\Controllers\API.php(73): App\Libraries\Oauth->__construct()
#7 D:\www\plantation\system\CodeIgniter.php(914): App\Controllers\API->login_jwt()
#8 D:\www\plantation\system\CodeIgniter.php(400): CodeIgniter\CodeIgniter->runController(Object(App\Controllers\API))
#9 D:\www\plantation\system\CodeIgniter.php(308): CodeIgniter\CodeIgniter->handleRequest(NULL, Object(Config\Cache), false)
#10 D:\www\plantation\index.php(45): CodeIgniter\CodeIgniter->run()
#11 {main}
CRITICAL - 2021-02-09 11:18:54 --> Interface 'OAuth2\Storage\AuthorizationCodeInterface' not found
#0 D:\www\plantation\system\Autoloader\Autoloader.php(365): require_once()
#1 D:\www\plantation\system\Autoloader\Autoloader.php(296): CodeIgniter\Autoloader\Autoloader->requireFile('D:\\www\\plantati...')
#2 D:\www\plantation\system\Autoloader\Autoloader.php(258): CodeIgniter\Autoloader\Autoloader->loadInNamespace('App\\Libraries\\C...')
#3 [internal function]: CodeIgniter\Autoloader\Autoloader->loadClass('App\\Libraries\\C...')
#4 D:\www\plantation\app\Libraries\Oauth.php(19): spl_autoload_call('App\\Libraries\\C...')
#5 D:\www\plantation\app\Libraries\Oauth.php(11): App\Libraries\Oauth->init()
#6 D:\www\plantation\app\Controllers\API.php(73): App\Libraries\Oauth->__construct()
#7 D:\www\plantation\system\CodeIgniter.php(914): App\Controllers\API->login_jwt()
#8 D:\www\plantation\system\CodeIgniter.php(400): CodeIgniter\CodeIgniter->runController(Object(App\Controllers\API))
#9 D:\www\plantation\system\CodeIgniter.php(308): CodeIgniter\CodeIgniter->handleRequest(NULL, Object(Config\Cache), false)
#10 D:\www\plantation\index.php(45): CodeIgniter\CodeIgniter->run()
#11 {main}
CRITICAL - 2021-02-09 11:18:55 --> Interface 'OAuth2\Storage\AuthorizationCodeInterface' not found
#0 D:\www\plantation\system\Autoloader\Autoloader.php(365): require_once()
#1 D:\www\plantation\system\Autoloader\Autoloader.php(296): CodeIgniter\Autoloader\Autoloader->requireFile('D:\\www\\plantati...')
#2 D:\www\plantation\system\Autoloader\Autoloader.php(258): CodeIgniter\Autoloader\Autoloader->loadInNamespace('App\\Libraries\\C...')
#3 [internal function]: CodeIgniter\Autoloader\Autoloader->loadClass('App\\Libraries\\C...')
#4 D:\www\plantation\app\Libraries\Oauth.php(19): spl_autoload_call('App\\Libraries\\C...')
#5 D:\www\plantation\app\Libraries\Oauth.php(11): App\Libraries\Oauth->init()
#6 D:\www\plantation\app\Controllers\API.php(73): App\Libraries\Oauth->__construct()
#7 D:\www\plantation\system\CodeIgniter.php(914): App\Controllers\API->login_jwt()
#8 D:\www\plantation\system\CodeIgniter.php(400): CodeIgniter\CodeIgniter->runController(Object(App\Controllers\API))
#9 D:\www\plantation\system\CodeIgniter.php(308): CodeIgniter\CodeIgniter->handleRequest(NULL, Object(Config\Cache), false)
#10 D:\www\plantation\index.php(45): CodeIgniter\CodeIgniter->run()
#11 {main}
CRITICAL - 2021-02-09 11:18:57 --> Interface 'OAuth2\Storage\AuthorizationCodeInterface' not found
#0 D:\www\plantation\system\Autoloader\Autoloader.php(365): require_once()
#1 D:\www\plantation\system\Autoloader\Autoloader.php(296): CodeIgniter\Autoloader\Autoloader->requireFile('D:\\www\\plantati...')
#2 D:\www\plantation\system\Autoloader\Autoloader.php(258): CodeIgniter\Autoloader\Autoloader->loadInNamespace('App\\Libraries\\C...')
#3 [internal function]: CodeIgniter\Autoloader\Autoloader->loadClass('App\\Libraries\\C...')
#4 D:\www\plantation\app\Libraries\Oauth.php(19): spl_autoload_call('App\\Libraries\\C...')
#5 D:\www\plantation\app\Libraries\Oauth.php(11): App\Libraries\Oauth->init()
#6 D:\www\plantation\app\Controllers\API.php(73): App\Libraries\Oauth->__construct()
#7 D:\www\plantation\system\CodeIgniter.php(914): App\Controllers\API->login_jwt()
#8 D:\www\plantation\system\CodeIgniter.php(400): CodeIgniter\CodeIgniter->runController(Object(App\Controllers\API))
#9 D:\www\plantation\system\CodeIgniter.php(308): CodeIgniter\CodeIgniter->handleRequest(NULL, Object(Config\Cache), false)
#10 D:\www\plantation\index.php(45): CodeIgniter\CodeIgniter->run()
#11 {main}
CRITICAL - 2021-02-09 11:18:57 --> Interface 'OAuth2\Storage\AuthorizationCodeInterface' not found
#0 D:\www\plantation\system\Autoloader\Autoloader.php(365): require_once()
#1 D:\www\plantation\system\Autoloader\Autoloader.php(296): CodeIgniter\Autoloader\Autoloader->requireFile('D:\\www\\plantati...')
#2 D:\www\plantation\system\Autoloader\Autoloader.php(258): CodeIgniter\Autoloader\Autoloader->loadInNamespace('App\\Libraries\\C...')
#3 [internal function]: CodeIgniter\Autoloader\Autoloader->loadClass('App\\Libraries\\C...')
#4 D:\www\plantation\app\Libraries\Oauth.php(19): spl_autoload_call('App\\Libraries\\C...')
#5 D:\www\plantation\app\Libraries\Oauth.php(11): App\Libraries\Oauth->init()
#6 D:\www\plantation\app\Controllers\API.php(73): App\Libraries\Oauth->__construct()
#7 D:\www\plantation\system\CodeIgniter.php(914): App\Controllers\API->login_jwt()
#8 D:\www\plantation\system\CodeIgniter.php(400): CodeIgniter\CodeIgniter->runController(Object(App\Controllers\API))
#9 D:\www\plantation\system\CodeIgniter.php(308): CodeIgniter\CodeIgniter->handleRequest(NULL, Object(Config\Cache), false)
#10 D:\www\plantation\index.php(45): CodeIgniter\CodeIgniter->run()
#11 {main}
CRITICAL - 2021-02-09 11:18:59 --> Interface 'OAuth2\Storage\AuthorizationCodeInterface' not found
#0 D:\www\plantation\system\Autoloader\Autoloader.php(365): require_once()
#1 D:\www\plantation\system\Autoloader\Autoloader.php(296): CodeIgniter\Autoloader\Autoloader->requireFile('D:\\www\\plantati...')
#2 D:\www\plantation\system\Autoloader\Autoloader.php(258): CodeIgniter\Autoloader\Autoloader->loadInNamespace('App\\Libraries\\C...')
#3 [internal function]: CodeIgniter\Autoloader\Autoloader->loadClass('App\\Libraries\\C...')
#4 D:\www\plantation\app\Libraries\Oauth.php(19): spl_autoload_call('App\\Libraries\\C...')
#5 D:\www\plantation\app\Libraries\Oauth.php(11): App\Libraries\Oauth->init()
#6 D:\www\plantation\app\Controllers\API.php(73): App\Libraries\Oauth->__construct()
#7 D:\www\plantation\system\CodeIgniter.php(914): App\Controllers\API->login_jwt()
#8 D:\www\plantation\system\CodeIgniter.php(400): CodeIgniter\CodeIgniter->runController(Object(App\Controllers\API))
#9 D:\www\plantation\system\CodeIgniter.php(308): CodeIgniter\CodeIgniter->handleRequest(NULL, Object(Config\Cache), false)
#10 D:\www\plantation\index.php(45): CodeIgniter\CodeIgniter->run()
#11 {main}
CRITICAL - 2021-02-09 11:19:00 --> Interface 'OAuth2\Storage\AuthorizationCodeInterface' not found
#0 D:\www\plantation\system\Autoloader\Autoloader.php(365): require_once()
#1 D:\www\plantation\system\Autoloader\Autoloader.php(296): CodeIgniter\Autoloader\Autoloader->requireFile('D:\\www\\plantati...')
#2 D:\www\plantation\system\Autoloader\Autoloader.php(258): CodeIgniter\Autoloader\Autoloader->loadInNamespace('App\\Libraries\\C...')
#3 [internal function]: CodeIgniter\Autoloader\Autoloader->loadClass('App\\Libraries\\C...')
#4 D:\www\plantation\app\Libraries\Oauth.php(19): spl_autoload_call('App\\Libraries\\C...')
#5 D:\www\plantation\app\Libraries\Oauth.php(11): App\Libraries\Oauth->init()
#6 D:\www\plantation\app\Controllers\API.php(73): App\Libraries\Oauth->__construct()
#7 D:\www\plantation\system\CodeIgniter.php(914): App\Controllers\API->login_jwt()
#8 D:\www\plantation\system\CodeIgniter.php(400): CodeIgniter\CodeIgniter->runController(Object(App\Controllers\API))
#9 D:\www\plantation\system\CodeIgniter.php(308): CodeIgniter\CodeIgniter->handleRequest(NULL, Object(Config\Cache), false)
#10 D:\www\plantation\index.php(45): CodeIgniter\CodeIgniter->run()
#11 {main}
CRITICAL - 2021-02-09 11:19:01 --> Interface 'OAuth2\Storage\AuthorizationCodeInterface' not found
#0 D:\www\plantation\system\Autoloader\Autoloader.php(365): require_once()
#1 D:\www\plantation\system\Autoloader\Autoloader.php(296): CodeIgniter\Autoloader\Autoloader->requireFile('D:\\www\\plantati...')
#2 D:\www\plantation\system\Autoloader\Autoloader.php(258): CodeIgniter\Autoloader\Autoloader->loadInNamespace('App\\Libraries\\C...')
#3 [internal function]: CodeIgniter\Autoloader\Autoloader->loadClass('App\\Libraries\\C...')
#4 D:\www\plantation\app\Libraries\Oauth.php(19): spl_autoload_call('App\\Libraries\\C...')
#5 D:\www\plantation\app\Libraries\Oauth.php(11): App\Libraries\Oauth->init()
#6 D:\www\plantation\app\Controllers\API.php(73): App\Libraries\Oauth->__construct()
#7 D:\www\plantation\system\CodeIgniter.php(914): App\Controllers\API->login_jwt()
#8 D:\www\plantation\system\CodeIgniter.php(400): CodeIgniter\CodeIgniter->runController(Object(App\Controllers\API))
#9 D:\www\plantation\system\CodeIgniter.php(308): CodeIgniter\CodeIgniter->handleRequest(NULL, Object(Config\Cache), false)
#10 D:\www\plantation\index.php(45): CodeIgniter\CodeIgniter->run()
#11 {main}
CRITICAL - 2021-02-09 15:17:09 --> Interface 'OAuth2\Storage\AuthorizationCodeInterface' not found
#0 D:\www\plantation\system\Autoloader\Autoloader.php(365): require_once()
#1 D:\www\plantation\system\Autoloader\Autoloader.php(296): CodeIgniter\Autoloader\Autoloader->requireFile('D:\\www\\plantati...')
#2 D:\www\plantation\system\Autoloader\Autoloader.php(258): CodeIgniter\Autoloader\Autoloader->loadInNamespace('App\\Libraries\\C...')
#3 [internal function]: CodeIgniter\Autoloader\Autoloader->loadClass('App\\Libraries\\C...')
#4 D:\www\plantation\app\Libraries\Oauth.php(19): spl_autoload_call('App\\Libraries\\C...')
#5 D:\www\plantation\app\Libraries\Oauth.php(11): App\Libraries\Oauth->init()
#6 D:\www\plantation\app\Controllers\API.php(73): App\Libraries\Oauth->__construct()
#7 D:\www\plantation\system\CodeIgniter.php(914): App\Controllers\API->login_jwt()
#8 D:\www\plantation\system\CodeIgniter.php(400): CodeIgniter\CodeIgniter->runController(Object(App\Controllers\API))
#9 D:\www\plantation\system\CodeIgniter.php(308): CodeIgniter\CodeIgniter->handleRequest(NULL, Object(Config\Cache), false)
#10 D:\www\plantation\index.php(45): CodeIgniter\CodeIgniter->run()
#11 {main}
CRITICAL - 2021-02-09 15:17:22 --> Call to a member function getStatusCode() on array
#0 D:\www\plantation\system\CodeIgniter.php(914): App\Controllers\API->login_jwt()
#1 D:\www\plantation\system\CodeIgniter.php(400): CodeIgniter\CodeIgniter->runController(Object(App\Controllers\API))
#2 D:\www\plantation\system\CodeIgniter.php(308): CodeIgniter\CodeIgniter->handleRequest(NULL, Object(Config\Cache), false)
#3 D:\www\plantation\index.php(45): CodeIgniter\CodeIgniter->run()
#4 {main}
CRITICAL - 2021-02-09 15:17:35 --> Class 'OAuth2\Request' not found
#0 D:\www\plantation\system\CodeIgniter.php(914): App\Controllers\API->login_jwt()
#1 D:\www\plantation\system\CodeIgniter.php(400): CodeIgniter\CodeIgniter->runController(Object(App\Controllers\API))
#2 D:\www\plantation\system\CodeIgniter.php(308): CodeIgniter\CodeIgniter->handleRequest(NULL, Object(Config\Cache), false)
#3 D:\www\plantation\index.php(45): CodeIgniter\CodeIgniter->run()
#4 {main}
CRITICAL - 2021-02-09 15:17:36 --> Class 'OAuth2\Request' not found
#0 D:\www\plantation\system\CodeIgniter.php(914): App\Controllers\API->login_jwt()
#1 D:\www\plantation\system\CodeIgniter.php(400): CodeIgniter\CodeIgniter->runController(Object(App\Controllers\API))
#2 D:\www\plantation\system\CodeIgniter.php(308): CodeIgniter\CodeIgniter->handleRequest(NULL, Object(Config\Cache), false)
#3 D:\www\plantation\index.php(45): CodeIgniter\CodeIgniter->run()
#4 {main}
CRITICAL - 2021-02-09 15:17:37 --> Class 'OAuth2\Request' not found
#0 D:\www\plantation\system\CodeIgniter.php(914): App\Controllers\API->login_jwt()
#1 D:\www\plantation\system\CodeIgniter.php(400): CodeIgniter\CodeIgniter->runController(Object(App\Controllers\API))
#2 D:\www\plantation\system\CodeIgniter.php(308): CodeIgniter\CodeIgniter->handleRequest(NULL, Object(Config\Cache), false)
#3 D:\www\plantation\index.php(45): CodeIgniter\CodeIgniter->run()
#4 {main}
CRITICAL - 2021-02-09 15:17:40 --> Call to a member function getStatusCode() on array
#0 D:\www\plantation\system\CodeIgniter.php(914): App\Controllers\API->login_jwt()
#1 D:\www\plantation\system\CodeIgniter.php(400): CodeIgniter\CodeIgniter->runController(Object(App\Controllers\API))
#2 D:\www\plantation\system\CodeIgniter.php(308): CodeIgniter\CodeIgniter->handleRequest(NULL, Object(Config\Cache), false)
#3 D:\www\plantation\index.php(45): CodeIgniter\CodeIgniter->run()
#4 {main}
CRITICAL - 2021-02-09 15:19:25 --> json_decode() expects parameter 1 to be string, array given
#0 [internal function]: CodeIgniter\Debug\Exceptions->errorHandler(2, 'json_decode() e...', 'D:\\www\\plantati...', 76, Array)
#1 D:\www\plantation\app\Controllers\API.php(76): json_decode(Array)
#2 D:\www\plantation\system\CodeIgniter.php(914): App\Controllers\API->login_jwt()
#3 D:\www\plantation\system\CodeIgniter.php(400): CodeIgniter\CodeIgniter->runController(Object(App\Controllers\API))
#4 D:\www\plantation\system\CodeIgniter.php(308): CodeIgniter\CodeIgniter->handleRequest(NULL, Object(Config\Cache), false)
#5 D:\www\plantation\index.php(45): CodeIgniter\CodeIgniter->run()
#6 {main}
CRITICAL - 2021-02-09 15:19:26 --> json_decode() expects parameter 1 to be string, array given
#0 [internal function]: CodeIgniter\Debug\Exceptions->errorHandler(2, 'json_decode() e...', 'D:\\www\\plantati...', 76, Array)
#1 D:\www\plantation\app\Controllers\API.php(76): json_decode(Array)
#2 D:\www\plantation\system\CodeIgniter.php(914): App\Controllers\API->login_jwt()
#3 D:\www\plantation\system\CodeIgniter.php(400): CodeIgniter\CodeIgniter->runController(Object(App\Controllers\API))
#4 D:\www\plantation\system\CodeIgniter.php(308): CodeIgniter\CodeIgniter->handleRequest(NULL, Object(Config\Cache), false)
#5 D:\www\plantation\index.php(45): CodeIgniter\CodeIgniter->run()
#6 {main}
CRITICAL - 2021-02-09 15:19:27 --> json_decode() expects parameter 1 to be string, array given
#0 [internal function]: CodeIgniter\Debug\Exceptions->errorHandler(2, 'json_decode() e...', 'D:\\www\\plantati...', 76, Array)
#1 D:\www\plantation\app\Controllers\API.php(76): json_decode(Array)
#2 D:\www\plantation\system\CodeIgniter.php(914): App\Controllers\API->login_jwt()
#3 D:\www\plantation\system\CodeIgniter.php(400): CodeIgniter\CodeIgniter->runController(Object(App\Controllers\API))
#4 D:\www\plantation\system\CodeIgniter.php(308): CodeIgniter\CodeIgniter->handleRequest(NULL, Object(Config\Cache), false)
#5 D:\www\plantation\index.php(45): CodeIgniter\CodeIgniter->run()
#6 {main}
CRITICAL - 2021-02-09 15:22:52 --> Undefined variable: respond
#0 D:\www\plantation\app\Controllers\API.php(75): CodeIgniter\Debug\Exceptions->errorHandler(8, 'Undefined varia...', 'D:\\www\\plantati...', 75, Array)
#1 D:\www\plantation\system\CodeIgniter.php(914): App\Controllers\API->login_jwt()
#2 D:\www\plantation\system\CodeIgniter.php(400): CodeIgniter\CodeIgniter->runController(Object(App\Controllers\API))
#3 D:\www\plantation\system\CodeIgniter.php(308): CodeIgniter\CodeIgniter->handleRequest(NULL, Object(Config\Cache), false)
#4 D:\www\plantation\index.php(45): CodeIgniter\CodeIgniter->run()
#5 {main}
CRITICAL - 2021-02-09 15:22:53 --> Undefined variable: respond
#0 D:\www\plantation\app\Controllers\API.php(75): CodeIgniter\Debug\Exceptions->errorHandler(8, 'Undefined varia...', 'D:\\www\\plantati...', 75, Array)
#1 D:\www\plantation\system\CodeIgniter.php(914): App\Controllers\API->login_jwt()
#2 D:\www\plantation\system\CodeIgniter.php(400): CodeIgniter\CodeIgniter->runController(Object(App\Controllers\API))
#3 D:\www\plantation\system\CodeIgniter.php(308): CodeIgniter\CodeIgniter->handleRequest(NULL, Object(Config\Cache), false)
#4 D:\www\plantation\index.php(45): CodeIgniter\CodeIgniter->run()
#5 {main}
CRITICAL - 2021-02-09 15:29:10 --> Argument 1 passed to App\Controllers\API::respondNoContent() must be of the type string, array given, called in D:\www\plantation\app\Controllers\API.php on line 77
#0 D:\www\plantation\app\Controllers\API.php(77): App\Controllers\API->respondNoContent(Array)
#1 D:\www\plantation\system\CodeIgniter.php(914): App\Controllers\API->login_jwt()
#2 D:\www\plantation\system\CodeIgniter.php(400): CodeIgniter\CodeIgniter->runController(Object(App\Controllers\API))
#3 D:\www\plantation\system\CodeIgniter.php(308): CodeIgniter\CodeIgniter->handleRequest(NULL, Object(Config\Cache), false)
#4 D:\www\plantation\index.php(45): CodeIgniter\CodeIgniter->run()
#5 {main}
CRITICAL - 2021-02-09 15:29:12 --> Argument 1 passed to App\Controllers\API::respondNoContent() must be of the type string, array given, called in D:\www\plantation\app\Controllers\API.php on line 77
#0 D:\www\plantation\app\Controllers\API.php(77): App\Controllers\API->respondNoContent(Array)
#1 D:\www\plantation\system\CodeIgniter.php(914): App\Controllers\API->login_jwt()
#2 D:\www\plantation\system\CodeIgniter.php(400): CodeIgniter\CodeIgniter->runController(Object(App\Controllers\API))
#3 D:\www\plantation\system\CodeIgniter.php(308): CodeIgniter\CodeIgniter->handleRequest(NULL, Object(Config\Cache), false)
#4 D:\www\plantation\index.php(45): CodeIgniter\CodeIgniter->run()
#5 {main}
CRITICAL - 2021-02-09 15:29:37 --> Argument 1 passed to App\Controllers\API::respondNoContent() must be of the type string, array given, called in D:\www\plantation\app\Controllers\API.php on line 77
#0 D:\www\plantation\app\Controllers\API.php(77): App\Controllers\API->respondNoContent(Array)
#1 D:\www\plantation\system\CodeIgniter.php(914): App\Controllers\API->login_jwt()
#2 D:\www\plantation\system\CodeIgniter.php(400): CodeIgniter\CodeIgniter->runController(Object(App\Controllers\API))
#3 D:\www\plantation\system\CodeIgniter.php(308): CodeIgniter\CodeIgniter->handleRequest(NULL, Object(Config\Cache), false)
#4 D:\www\plantation\index.php(45): CodeIgniter\CodeIgniter->run()
#5 {main}
CRITICAL - 2021-02-09 15:47:05 --> json_decode() expects parameter 1 to be string, array given
#0 [internal function]: CodeIgniter\Debug\Exceptions->errorHandler(2, 'json_decode() e...', 'D:\\www\\plantati...', 79, Array)
#1 D:\www\plantation\app\Controllers\API.php(79): json_decode(Array)
#2 D:\www\plantation\system\CodeIgniter.php(914): App\Controllers\API->login_jwt()
#3 D:\www\plantation\system\CodeIgniter.php(400): CodeIgniter\CodeIgniter->runController(Object(App\Controllers\API))
#4 D:\www\plantation\system\CodeIgniter.php(308): CodeIgniter\CodeIgniter->handleRequest(NULL, Object(Config\Cache), false)
#5 D:\www\plantation\index.php(45): CodeIgniter\CodeIgniter->run()
#6 {main}
CRITICAL - 2021-02-09 15:47:12 --> json_decode() expects parameter 1 to be string, array given
#0 [internal function]: CodeIgniter\Debug\Exceptions->errorHandler(2, 'json_decode() e...', 'D:\\www\\plantati...', 79, Array)
#1 D:\www\plantation\app\Controllers\API.php(79): json_decode(Array)
#2 D:\www\plantation\system\CodeIgniter.php(914): App\Controllers\API->login_jwt()
#3 D:\www\plantation\system\CodeIgniter.php(400): CodeIgniter\CodeIgniter->runController(Object(App\Controllers\API))
#4 D:\www\plantation\system\CodeIgniter.php(308): CodeIgniter\CodeIgniter->handleRequest(NULL, Object(Config\Cache), false)
#5 D:\www\plantation\index.php(45): CodeIgniter\CodeIgniter->run()
#6 {main}
CRITICAL - 2021-02-09 15:47:14 --> Call to undefined method CodeIgniter\HTTP\Response::getResponseBody()
#0 D:\www\plantation\system\CodeIgniter.php(914): App\Controllers\API->login_jwt()
#1 D:\www\plantation\system\CodeIgniter.php(400): CodeIgniter\CodeIgniter->runController(Object(App\Controllers\API))
#2 D:\www\plantation\system\CodeIgniter.php(308): CodeIgniter\CodeIgniter->handleRequest(NULL, Object(Config\Cache), false)
#3 D:\www\plantation\index.php(45): CodeIgniter\CodeIgniter->run()
#4 {main}
CRITICAL - 2021-02-09 15:47:15 --> Call to undefined method CodeIgniter\HTTP\Response::getResponseBody()
#0 D:\www\plantation\system\CodeIgniter.php(914): App\Controllers\API->login_jwt()
#1 D:\www\plantation\system\CodeIgniter.php(400): CodeIgniter\CodeIgniter->runController(Object(App\Controllers\API))
#2 D:\www\plantation\system\CodeIgniter.php(308): CodeIgniter\CodeIgniter->handleRequest(NULL, Object(Config\Cache), false)
#3 D:\www\plantation\index.php(45): CodeIgniter\CodeIgniter->run()
#4 {main}
CRITICAL - 2021-02-09 15:59:45 --> Undefined variable: rere
#0 D:\www\plantation\app\Controllers\API.php(84): CodeIgniter\Debug\Exceptions->errorHandler(8, 'Undefined varia...', 'D:\\www\\plantati...', 84, Array)
#1 D:\www\plantation\system\CodeIgniter.php(914): App\Controllers\API->login_jwt()
#2 D:\www\plantation\system\CodeIgniter.php(400): CodeIgniter\CodeIgniter->runController(Object(App\Controllers\API))
#3 D:\www\plantation\system\CodeIgniter.php(308): CodeIgniter\CodeIgniter->handleRequest(NULL, Object(Config\Cache), false)
#4 D:\www\plantation\index.php(45): CodeIgniter\CodeIgniter->run()
#5 {main}
CRITICAL - 2021-02-09 16:00:08 --> Cannot access protected property CodeIgniter\HTTP\Header::$value
#0 D:\www\plantation\system\CodeIgniter.php(886): App\Controllers\API->__construct()
#1 D:\www\plantation\system\CodeIgniter.php(395): CodeIgniter\CodeIgniter->createController()
#2 D:\www\plantation\system\CodeIgniter.php(308): CodeIgniter\CodeIgniter->handleRequest(NULL, Object(Config\Cache), false)
#3 D:\www\plantation\index.php(45): CodeIgniter\CodeIgniter->run()
#4 {main}
CRITICAL - 2021-02-09 16:00:10 --> Cannot access protected property CodeIgniter\HTTP\Header::$value
#0 D:\www\plantation\system\CodeIgniter.php(886): App\Controllers\API->__construct()
#1 D:\www\plantation\system\CodeIgniter.php(395): CodeIgniter\CodeIgniter->createController()
#2 D:\www\plantation\system\CodeIgniter.php(308): CodeIgniter\CodeIgniter->handleRequest(NULL, Object(Config\Cache), false)
#3 D:\www\plantation\index.php(45): CodeIgniter\CodeIgniter->run()
#4 {main}
CRITICAL - 2021-02-09 16:01:06 --> Call to undefined method CodeIgniter\HTTP\IncomingRequest::header()
#0 D:\www\plantation\system\CodeIgniter.php(886): App\Controllers\API->__construct()
#1 D:\www\plantation\system\CodeIgniter.php(395): CodeIgniter\CodeIgniter->createController()
#2 D:\www\plantation\system\CodeIgniter.php(308): CodeIgniter\CodeIgniter->handleRequest(NULL, Object(Config\Cache), false)
#3 D:\www\plantation\index.php(45): CodeIgniter\CodeIgniter->run()
#4 {main}
CRITICAL - 2021-02-09 16:01:07 --> Call to undefined method CodeIgniter\HTTP\IncomingRequest::header()
#0 D:\www\plantation\system\CodeIgniter.php(886): App\Controllers\API->__construct()
#1 D:\www\plantation\system\CodeIgniter.php(395): CodeIgniter\CodeIgniter->createController()
#2 D:\www\plantation\system\CodeIgniter.php(308): CodeIgniter\CodeIgniter->handleRequest(NULL, Object(Config\Cache), false)
#3 D:\www\plantation\index.php(45): CodeIgniter\CodeIgniter->run()
#4 {main}
CRITICAL - 2021-02-09 16:03:49 --> Cannot access protected property CodeIgniter\HTTP\Header::$name
#0 D:\www\plantation\system\CodeIgniter.php(886): App\Controllers\API->__construct()
#1 D:\www\plantation\system\CodeIgniter.php(395): CodeIgniter\CodeIgniter->createController()
#2 D:\www\plantation\system\CodeIgniter.php(308): CodeIgniter\CodeIgniter->handleRequest(NULL, Object(Config\Cache), false)
#3 D:\www\plantation\index.php(45): CodeIgniter\CodeIgniter->run()
#4 {main}
CRITICAL - 2021-02-09 16:06:17 --> Call to undefined method CodeIgniter\HTTP\IncomingRequest::header()
#0 D:\www\plantation\system\CodeIgniter.php(886): App\Controllers\API->__construct()
#1 D:\www\plantation\system\CodeIgniter.php(395): CodeIgniter\CodeIgniter->createController()
#2 D:\www\plantation\system\CodeIgniter.php(308): CodeIgniter\CodeIgniter->handleRequest(NULL, Object(Config\Cache), false)
#3 D:\www\plantation\index.php(45): CodeIgniter\CodeIgniter->run()
#4 {main}
CRITICAL - 2021-02-09 16:06:18 --> Call to undefined method CodeIgniter\HTTP\IncomingRequest::header()
#0 D:\www\plantation\system\CodeIgniter.php(886): App\Controllers\API->__construct()
#1 D:\www\plantation\system\CodeIgniter.php(395): CodeIgniter\CodeIgniter->createController()
#2 D:\www\plantation\system\CodeIgniter.php(308): CodeIgniter\CodeIgniter->handleRequest(NULL, Object(Config\Cache), false)
#3 D:\www\plantation\index.php(45): CodeIgniter\CodeIgniter->run()
#4 {main}
CRITICAL - 2021-02-09 16:06:19 --> Call to undefined method CodeIgniter\HTTP\IncomingRequest::header()
#0 D:\www\plantation\system\CodeIgniter.php(886): App\Controllers\API->__construct()
#1 D:\www\plantation\system\CodeIgniter.php(395): CodeIgniter\CodeIgniter->createController()
#2 D:\www\plantation\system\CodeIgniter.php(308): CodeIgniter\CodeIgniter->handleRequest(NULL, Object(Config\Cache), false)
#3 D:\www\plantation\index.php(45): CodeIgniter\CodeIgniter->run()
#4 {main}
CRITICAL - 2021-02-09 16:07:30 --> Cannot use object of type CodeIgniter\HTTP\Header as array
#0 D:\www\plantation\system\CodeIgniter.php(886): App\Controllers\API->__construct()
#1 D:\www\plantation\system\CodeIgniter.php(395): CodeIgniter\CodeIgniter->createController()
#2 D:\www\plantation\system\CodeIgniter.php(308): CodeIgniter\CodeIgniter->handleRequest(NULL, Object(Config\Cache), false)
#3 D:\www\plantation\index.php(45): CodeIgniter\CodeIgniter->run()
#4 {main}
CRITICAL - 2021-02-09 16:07:31 --> Cannot use object of type CodeIgniter\HTTP\Header as array
#0 D:\www\plantation\system\CodeIgniter.php(886): App\Controllers\API->__construct()
#1 D:\www\plantation\system\CodeIgniter.php(395): CodeIgniter\CodeIgniter->createController()
#2 D:\www\plantation\system\CodeIgniter.php(308): CodeIgniter\CodeIgniter->handleRequest(NULL, Object(Config\Cache), false)
#3 D:\www\plantation\index.php(45): CodeIgniter\CodeIgniter->run()
#4 {main}
CRITICAL - 2021-02-09 16:07:35 --> Cannot use object of type CodeIgniter\HTTP\Header as array
#0 D:\www\plantation\system\CodeIgniter.php(886): App\Controllers\API->__construct()
#1 D:\www\plantation\system\CodeIgniter.php(395): CodeIgniter\CodeIgniter->createController()
#2 D:\www\plantation\system\CodeIgniter.php(308): CodeIgniter\CodeIgniter->handleRequest(NULL, Object(Config\Cache), false)
#3 D:\www\plantation\index.php(45): CodeIgniter\CodeIgniter->run()
#4 {main}
CRITICAL - 2021-02-09 16:09:37 --> Call to a member function setContentType() on null
#0 D:\www\plantation\system\API\ResponseTrait.php(134): App\Controllers\API->format(Array)
#1 D:\www\plantation\app\Controllers\API.php(66): App\Controllers\API->respond(Array)
#2 D:\www\plantation\system\CodeIgniter.php(886): App\Controllers\API->__construct()
#3 D:\www\plantation\system\CodeIgniter.php(395): CodeIgniter\CodeIgniter->createController()
#4 D:\www\plantation\system\CodeIgniter.php(308): CodeIgniter\CodeIgniter->handleRequest(NULL, Object(Config\Cache), false)
#5 D:\www\plantation\index.php(45): CodeIgniter\CodeIgniter->run()
#6 {main}
CRITICAL - 2021-02-09 16:09:38 --> Call to a member function setContentType() on null
#0 D:\www\plantation\system\API\ResponseTrait.php(134): App\Controllers\API->format(Array)
#1 D:\www\plantation\app\Controllers\API.php(66): App\Controllers\API->respond(Array)
#2 D:\www\plantation\system\CodeIgniter.php(886): App\Controllers\API->__construct()
#3 D:\www\plantation\system\CodeIgniter.php(395): CodeIgniter\CodeIgniter->createController()
#4 D:\www\plantation\system\CodeIgniter.php(308): CodeIgniter\CodeIgniter->handleRequest(NULL, Object(Config\Cache), false)
#5 D:\www\plantation\index.php(45): CodeIgniter\CodeIgniter->run()
#6 {main}
CRITICAL - 2021-02-09 16:09:39 --> Call to a member function setContentType() on null
#0 D:\www\plantation\system\API\ResponseTrait.php(134): App\Controllers\API->format(Array)
#1 D:\www\plantation\app\Controllers\API.php(66): App\Controllers\API->respond(Array)
#2 D:\www\plantation\system\CodeIgniter.php(886): App\Controllers\API->__construct()
#3 D:\www\plantation\system\CodeIgniter.php(395): CodeIgniter\CodeIgniter->createController()
#4 D:\www\plantation\system\CodeIgniter.php(308): CodeIgniter\CodeIgniter->handleRequest(NULL, Object(Config\Cache), false)
#5 D:\www\plantation\index.php(45): CodeIgniter\CodeIgniter->run()
#6 {main}
CRITICAL - 2021-02-09 16:09:43 --> Call to a member function setContentType() on null
#0 D:\www\plantation\system\API\ResponseTrait.php(134): App\Controllers\API->format(Array)
#1 D:\www\plantation\app\Controllers\API.php(66): App\Controllers\API->respond(Array)
#2 D:\www\plantation\system\CodeIgniter.php(886): App\Controllers\API->__construct()
#3 D:\www\plantation\system\CodeIgniter.php(395): CodeIgniter\CodeIgniter->createController()
#4 D:\www\plantation\system\CodeIgniter.php(308): CodeIgniter\CodeIgniter->handleRequest(NULL, Object(Config\Cache), false)
#5 D:\www\plantation\index.php(45): CodeIgniter\CodeIgniter->run()
#6 {main}
CRITICAL - 2021-02-09 16:38:03 --> Undefined index: value
#0 D:\www\plantation\app\Controllers\API.php(67): CodeIgniter\Debug\Exceptions->errorHandler(8, 'Undefined index...', 'D:\\www\\plantati...', 67, Array)
#1 D:\www\plantation\system\CodeIgniter.php(886): App\Controllers\API->__construct()
#2 D:\www\plantation\system\CodeIgniter.php(395): CodeIgniter\CodeIgniter->createController()
#3 D:\www\plantation\system\CodeIgniter.php(308): CodeIgniter\CodeIgniter->handleRequest(NULL, Object(Config\Cache), false)
#4 D:\www\plantation\index.php(45): CodeIgniter\CodeIgniter->run()
#5 {main}
CRITICAL - 2021-02-09 16:40:26 --> get_object_vars() expects parameter 1 to be object, array given
#0 [internal function]: CodeIgniter\Debug\Exceptions->errorHandler(2, 'get_object_vars...', 'D:\\www\\plantati...', 65, Array)
#1 D:\www\plantation\app\Controllers\API.php(65): get_object_vars(Array)
#2 D:\www\plantation\system\CodeIgniter.php(886): App\Controllers\API->__construct()
#3 D:\www\plantation\system\CodeIgniter.php(395): CodeIgniter\CodeIgniter->createController()
#4 D:\www\plantation\system\CodeIgniter.php(308): CodeIgniter\CodeIgniter->handleRequest(NULL, Object(Config\Cache), false)
#5 D:\www\plantation\index.php(45): CodeIgniter\CodeIgniter->run()
#6 {main}
CRITICAL - 2021-02-09 16:50:22 --> get_headers(): This function may only be used against URLs
#0 [internal function]: CodeIgniter\Debug\Exceptions->errorHandler(2, 'get_headers(): ...', 'D:\\www\\plantati...', 65, Array)
#1 D:\www\plantation\app\Controllers\API.php(65): get_headers('token')
#2 D:\www\plantation\system\CodeIgniter.php(886): App\Controllers\API->__construct()
#3 D:\www\plantation\system\CodeIgniter.php(395): CodeIgniter\CodeIgniter->createController()
#4 D:\www\plantation\system\CodeIgniter.php(308): CodeIgniter\CodeIgniter->handleRequest(NULL, Object(Config\Cache), false)
#5 D:\www\plantation\index.php(45): CodeIgniter\CodeIgniter->run()
#6 {main}
CRITICAL - 2021-02-09 16:50:23 --> get_headers(): This function may only be used against URLs
#0 [internal function]: CodeIgniter\Debug\Exceptions->errorHandler(2, 'get_headers(): ...', 'D:\\www\\plantati...', 65, Array)
#1 D:\www\plantation\app\Controllers\API.php(65): get_headers('token')
#2 D:\www\plantation\system\CodeIgniter.php(886): App\Controllers\API->__construct()
#3 D:\www\plantation\system\CodeIgniter.php(395): CodeIgniter\CodeIgniter->createController()
#4 D:\www\plantation\system\CodeIgniter.php(308): CodeIgniter\CodeIgniter->handleRequest(NULL, Object(Config\Cache), false)
#5 D:\www\plantation\index.php(45): CodeIgniter\CodeIgniter->run()
#6 {main}
CRITICAL - 2021-02-09 16:51:40 --> Undefined property: App\Controllers\API::$UserModel
#0 D:\www\plantation\app\Controllers\API.php(69): CodeIgniter\Debug\Exceptions->errorHandler(8, 'Undefined prope...', 'D:\\www\\plantati...', 69, Array)
#1 D:\www\plantation\system\CodeIgniter.php(886): App\Controllers\API->__construct()
#2 D:\www\plantation\system\CodeIgniter.php(395): CodeIgniter\CodeIgniter->createController()
#3 D:\www\plantation\system\CodeIgniter.php(308): CodeIgniter\CodeIgniter->handleRequest(NULL, Object(Config\Cache), false)
#4 D:\www\plantation\index.php(45): CodeIgniter\CodeIgniter->run()
#5 {main}
CRITICAL - 2021-02-09 16:51:51 --> Undefined index: admin.company_id
#0 D:\www\plantation\app\Models\AdminModel.php(30): CodeIgniter\Debug\Exceptions->errorHandler(8, 'Undefined index...', 'D:\\www\\plantati...', 30, Array)
#1 D:\www\plantation\app\Controllers\API.php(69): App\Models\AdminModel->getWhere(Array)
#2 D:\www\plantation\system\CodeIgniter.php(886): App\Controllers\API->__construct()
#3 D:\www\plantation\system\CodeIgniter.php(395): CodeIgniter\CodeIgniter->createController()
#4 D:\www\plantation\system\CodeIgniter.php(308): CodeIgniter\CodeIgniter->handleRequest(NULL, Object(Config\Cache), false)
#5 D:\www\plantation\index.php(45): CodeIgniter\CodeIgniter->run()
#6 {main}
CRITICAL - 2021-02-09 16:51:52 --> Undefined index: admin.company_id
#0 D:\www\plantation\app\Models\AdminModel.php(30): CodeIgniter\Debug\Exceptions->errorHandler(8, 'Undefined index...', 'D:\\www\\plantati...', 30, Array)
#1 D:\www\plantation\app\Controllers\API.php(69): App\Models\AdminModel->getWhere(Array)
#2 D:\www\plantation\system\CodeIgniter.php(886): App\Controllers\API->__construct()
#3 D:\www\plantation\system\CodeIgniter.php(395): CodeIgniter\CodeIgniter->createController()
#4 D:\www\plantation\system\CodeIgniter.php(308): CodeIgniter\CodeIgniter->handleRequest(NULL, Object(Config\Cache), false)
#5 D:\www\plantation\index.php(45): CodeIgniter\CodeIgniter->run()
#6 {main}
CRITICAL - 2021-02-09 16:52:30 --> Call to a member function setContentType() on null
#0 D:\www\plantation\system\API\ResponseTrait.php(134): App\Controllers\API->format(Array)
#1 D:\www\plantation\system\API\ResponseTrait.php(166): App\Controllers\API->respond(Array, 400, '')
#2 D:\www\plantation\app\Controllers\API.php(71): App\Controllers\API->fail(Array)
#3 D:\www\plantation\system\CodeIgniter.php(886): App\Controllers\API->__construct()
#4 D:\www\plantation\system\CodeIgniter.php(395): CodeIgniter\CodeIgniter->createController()
#5 D:\www\plantation\system\CodeIgniter.php(308): CodeIgniter\CodeIgniter->handleRequest(NULL, Object(Config\Cache), false)
#6 D:\www\plantation\index.php(45): CodeIgniter\CodeIgniter->run()
#7 {main}
CRITICAL - 2021-02-09 16:53:00 --> Call to a member function setContentType() on null
#0 D:\www\plantation\system\API\ResponseTrait.php(134): App\Controllers\API->format(Array)
#1 D:\www\plantation\system\API\ResponseTrait.php(166): App\Controllers\API->respond(Array, 400, '')
#2 D:\www\plantation\app\Controllers\API.php(71): App\Controllers\API->fail(Array)
#3 D:\www\plantation\system\CodeIgniter.php(886): App\Controllers\API->__construct()
#4 D:\www\plantation\system\CodeIgniter.php(395): CodeIgniter\CodeIgniter->createController()
#5 D:\www\plantation\system\CodeIgniter.php(308): CodeIgniter\CodeIgniter->handleRequest(NULL, Object(Config\Cache), false)
#6 D:\www\plantation\index.php(45): CodeIgniter\CodeIgniter->run()
#7 {main}
CRITICAL - 2021-02-09 16:53:01 --> Call to a member function setContentType() on null
#0 D:\www\plantation\system\API\ResponseTrait.php(134): App\Controllers\API->format(Array)
#1 D:\www\plantation\system\API\ResponseTrait.php(166): App\Controllers\API->respond(Array, 400, '')
#2 D:\www\plantation\app\Controllers\API.php(71): App\Controllers\API->fail(Array)
#3 D:\www\plantation\system\CodeIgniter.php(886): App\Controllers\API->__construct()
#4 D:\www\plantation\system\CodeIgniter.php(395): CodeIgniter\CodeIgniter->createController()
#5 D:\www\plantation\system\CodeIgniter.php(308): CodeIgniter\CodeIgniter->handleRequest(NULL, Object(Config\Cache), false)
#6 D:\www\plantation\index.php(45): CodeIgniter\CodeIgniter->run()
#7 {main}
CRITICAL - 2021-02-09 17:04:29 --> Call to a member function setContentType() on null
#0 D:\www\plantation\system\API\ResponseTrait.php(134): App\Controllers\API->format(Array)
#1 D:\www\plantation\system\API\ResponseTrait.php(166): App\Controllers\API->respond(Array, 400, '')
#2 D:\www\plantation\app\Controllers\API.php(71): App\Controllers\API->fail(Array)
#3 D:\www\plantation\system\CodeIgniter.php(886): App\Controllers\API->__construct()
#4 D:\www\plantation\system\CodeIgniter.php(395): CodeIgniter\CodeIgniter->createController()
#5 D:\www\plantation\system\CodeIgniter.php(308): CodeIgniter\CodeIgniter->handleRequest(NULL, Object(Config\Cache), false)
#6 D:\www\plantation\index.php(45): CodeIgniter\CodeIgniter->run()
#7 {main}
CRITICAL - 2021-02-09 17:04:57 --> Call to a member function setContentType() on null
#0 D:\www\plantation\system\API\ResponseTrait.php(134): App\Controllers\API->format(Array)
#1 D:\www\plantation\system\API\ResponseTrait.php(166): App\Controllers\API->respond(Array, 400, '')
#2 D:\www\plantation\app\Controllers\API.php(74): App\Controllers\API->fail(Array)
#3 D:\www\plantation\system\CodeIgniter.php(886): App\Controllers\API->__construct()
#4 D:\www\plantation\system\CodeIgniter.php(395): CodeIgniter\CodeIgniter->createController()
#5 D:\www\plantation\system\CodeIgniter.php(308): CodeIgniter\CodeIgniter->handleRequest(NULL, Object(Config\Cache), false)
#6 D:\www\plantation\index.php(45): CodeIgniter\CodeIgniter->run()
#7 {main}
CRITICAL - 2021-02-09 17:18:27 --> Call to a member function getHeaderLine() on null
#0 D:\www\plantation\system\API\ResponseTrait.php(134): App\Controllers\API->format('Invalid Token')
#1 D:\www\plantation\app\Controllers\API.php(75): App\Controllers\API->respond('Invalid Token')
#2 D:\www\plantation\system\CodeIgniter.php(886): App\Controllers\API->__construct()
#3 D:\www\plantation\system\CodeIgniter.php(395): CodeIgniter\CodeIgniter->createController()
#4 D:\www\plantation\system\CodeIgniter.php(308): CodeIgniter\CodeIgniter->handleRequest(NULL, Object(Config\Cache), false)
#5 D:\www\plantation\index.php(45): CodeIgniter\CodeIgniter->run()
#6 {main}
CRITICAL - 2021-02-09 17:20:31 --> Undefined index: company_id
#0 D:\www\plantation\app\Controllers\API.php(124): CodeIgniter\Debug\Exceptions->errorHandler(8, 'Undefined index...', 'D:\\www\\plantati...', 124, Array)
#1 D:\www\plantation\app\Controllers\API.php(136): App\Controllers\API->check_company_id()
#2 D:\www\plantation\system\CodeIgniter.php(914): App\Controllers\API->get_subdivisions()
#3 D:\www\plantation\system\CodeIgniter.php(400): CodeIgniter\CodeIgniter->runController(Object(App\Controllers\API))
#4 D:\www\plantation\system\CodeIgniter.php(308): CodeIgniter\CodeIgniter->handleRequest(NULL, Object(Config\Cache), false)
#5 D:\www\plantation\index.php(45): CodeIgniter\CodeIgniter->run()
#6 {main}
CRITICAL - 2021-02-09 17:22:22 --> Undefined index: company_id
#0 D:\www\plantation\app\Controllers\API.php(131): CodeIgniter\Debug\Exceptions->errorHandler(8, 'Undefined index...', 'D:\\www\\plantati...', 131, Array)
#1 D:\www\plantation\app\Controllers\API.php(143): App\Controllers\API->check_company_id()
#2 D:\www\plantation\system\CodeIgniter.php(914): App\Controllers\API->get_subdivisions()
#3 D:\www\plantation\system\CodeIgniter.php(400): CodeIgniter\CodeIgniter->runController(Object(App\Controllers\API))
#4 D:\www\plantation\system\CodeIgniter.php(308): CodeIgniter\CodeIgniter->handleRequest(NULL, Object(Config\Cache), false)
#5 D:\www\plantation\index.php(45): CodeIgniter\CodeIgniter->run()
#6 {main}
CRITICAL - 2021-02-09 17:22:52 --> Undefined index: company_id
#0 D:\www\plantation\app\Controllers\API.php(151): CodeIgniter\Debug\Exceptions->errorHandler(8, 'Undefined index...', 'D:\\www\\plantati...', 151, Array)
#1 D:\www\plantation\system\CodeIgniter.php(914): App\Controllers\API->get_subdivisions()
#2 D:\www\plantation\system\CodeIgniter.php(400): CodeIgniter\CodeIgniter->runController(Object(App\Controllers\API))
#3 D:\www\plantation\system\CodeIgniter.php(308): CodeIgniter\CodeIgniter->handleRequest(NULL, Object(Config\Cache), false)
#4 D:\www\plantation\index.php(45): CodeIgniter\CodeIgniter->run()
#5 {main}
CRITICAL - 2021-02-09 17:22:54 --> Undefined index: company_id
#0 D:\www\plantation\app\Controllers\API.php(151): CodeIgniter\Debug\Exceptions->errorHandler(8, 'Undefined index...', 'D:\\www\\plantati...', 151, Array)
#1 D:\www\plantation\system\CodeIgniter.php(914): App\Controllers\API->get_subdivisions()
#2 D:\www\plantation\system\CodeIgniter.php(400): CodeIgniter\CodeIgniter->runController(Object(App\Controllers\API))
#3 D:\www\plantation\system\CodeIgniter.php(308): CodeIgniter\CodeIgniter->handleRequest(NULL, Object(Config\Cache), false)
#4 D:\www\plantation\index.php(45): CodeIgniter\CodeIgniter->run()
#5 {main}
CRITICAL - 2021-02-09 17:24:02 --> Undefined index: company_id
#0 D:\www\plantation\app\Controllers\API.php(151): CodeIgniter\Debug\Exceptions->errorHandler(8, 'Undefined index...', 'D:\\www\\plantati...', 151, Array)
#1 D:\www\plantation\system\CodeIgniter.php(914): App\Controllers\API->get_subdivisions()
#2 D:\www\plantation\system\CodeIgniter.php(400): CodeIgniter\CodeIgniter->runController(Object(App\Controllers\API))
#3 D:\www\plantation\system\CodeIgniter.php(308): CodeIgniter\CodeIgniter->handleRequest(NULL, Object(Config\Cache), false)
#4 D:\www\plantation\index.php(45): CodeIgniter\CodeIgniter->run()
#5 {main}
CRITICAL - 2021-02-09 17:24:17 --> Undefined index: company_id
#0 D:\www\plantation\app\Controllers\API.php(153): CodeIgniter\Debug\Exceptions->errorHandler(8, 'Undefined index...', 'D:\\www\\plantati...', 153, Array)
#1 D:\www\plantation\system\CodeIgniter.php(914): App\Controllers\API->get_subdivisions()
#2 D:\www\plantation\system\CodeIgniter.php(400): CodeIgniter\CodeIgniter->runController(Object(App\Controllers\API))
#3 D:\www\plantation\system\CodeIgniter.php(308): CodeIgniter\CodeIgniter->handleRequest(NULL, Object(Config\Cache), false)
#4 D:\www\plantation\index.php(45): CodeIgniter\CodeIgniter->run()
#5 {main}
CRITICAL - 2021-02-09 17:24:19 --> Undefined index: company_id
#0 D:\www\plantation\app\Controllers\API.php(153): CodeIgniter\Debug\Exceptions->errorHandler(8, 'Undefined index...', 'D:\\www\\plantati...', 153, Array)
#1 D:\www\plantation\system\CodeIgniter.php(914): App\Controllers\API->get_subdivisions()
#2 D:\www\plantation\system\CodeIgniter.php(400): CodeIgniter\CodeIgniter->runController(Object(App\Controllers\API))
#3 D:\www\plantation\system\CodeIgniter.php(308): CodeIgniter\CodeIgniter->handleRequest(NULL, Object(Config\Cache), false)
#4 D:\www\plantation\index.php(45): CodeIgniter\CodeIgniter->run()
#5 {main}
CRITICAL - 2021-02-09 17:24:57 --> Undefined index: company_id
#0 D:\www\plantation\app\Controllers\API.php(154): CodeIgniter\Debug\Exceptions->errorHandler(8, 'Undefined index...', 'D:\\www\\plantati...', 154, Array)
#1 D:\www\plantation\system\CodeIgniter.php(914): App\Controllers\API->get_subdivisions()
#2 D:\www\plantation\system\CodeIgniter.php(400): CodeIgniter\CodeIgniter->runController(Object(App\Controllers\API))
#3 D:\www\plantation\system\CodeIgniter.php(308): CodeIgniter\CodeIgniter->handleRequest(NULL, Object(Config\Cache), false)
#4 D:\www\plantation\index.php(45): CodeIgniter\CodeIgniter->run()
#5 {main}
CRITICAL - 2021-02-09 17:26:29 --> Undefined index: company_id
#0 D:\www\plantation\app\Controllers\API.php(154): CodeIgniter\Debug\Exceptions->errorHandler(8, 'Undefined index...', 'D:\\www\\plantati...', 154, Array)
#1 D:\www\plantation\system\CodeIgniter.php(914): App\Controllers\API->get_subdivisions()
#2 D:\www\plantation\system\CodeIgniter.php(400): CodeIgniter\CodeIgniter->runController(Object(App\Controllers\API))
#3 D:\www\plantation\system\CodeIgniter.php(308): CodeIgniter\CodeIgniter->handleRequest(NULL, Object(Config\Cache), false)
#4 D:\www\plantation\index.php(45): CodeIgniter\CodeIgniter->run()
#5 {main}
CRITICAL - 2021-02-09 17:26:48 --> Undefined index: company_id
#0 D:\www\plantation\app\Controllers\API.php(158): CodeIgniter\Debug\Exceptions->errorHandler(8, 'Undefined index...', 'D:\\www\\plantati...', 158, Array)
#1 D:\www\plantation\system\CodeIgniter.php(914): App\Controllers\API->get_subdivisions()
#2 D:\www\plantation\system\CodeIgniter.php(400): CodeIgniter\CodeIgniter->runController(Object(App\Controllers\API))
#3 D:\www\plantation\system\CodeIgniter.php(308): CodeIgniter\CodeIgniter->handleRequest(NULL, Object(Config\Cache), false)
#4 D:\www\plantation\index.php(45): CodeIgniter\CodeIgniter->run()
#5 {main}
CRITICAL - 2021-02-09 17:26:49 --> Undefined index: company_id
#0 D:\www\plantation\app\Controllers\API.php(158): CodeIgniter\Debug\Exceptions->errorHandler(8, 'Undefined index...', 'D:\\www\\plantati...', 158, Array)
#1 D:\www\plantation\system\CodeIgniter.php(914): App\Controllers\API->get_subdivisions()
#2 D:\www\plantation\system\CodeIgniter.php(400): CodeIgniter\CodeIgniter->runController(Object(App\Controllers\API))
#3 D:\www\plantation\system\CodeIgniter.php(308): CodeIgniter\CodeIgniter->handleRequest(NULL, Object(Config\Cache), false)
#4 D:\www\plantation\index.php(45): CodeIgniter\CodeIgniter->run()
#5 {main}
CRITICAL - 2021-02-09 17:27:26 --> Undefined index: company_id
#0 D:\www\plantation\app\Controllers\API.php(149): CodeIgniter\Debug\Exceptions->errorHandler(8, 'Undefined index...', 'D:\\www\\plantati...', 149, Array)
#1 D:\www\plantation\system\CodeIgniter.php(914): App\Controllers\API->get_subdivisions()
#2 D:\www\plantation\system\CodeIgniter.php(400): CodeIgniter\CodeIgniter->runController(Object(App\Controllers\API))
#3 D:\www\plantation\system\CodeIgniter.php(308): CodeIgniter\CodeIgniter->handleRequest(NULL, Object(Config\Cache), false)
#4 D:\www\plantation\index.php(45): CodeIgniter\CodeIgniter->run()
#5 {main}
CRITICAL - 2021-02-09 17:27:57 --> {0} is not a valid rule.
#0 D:\www\plantation\system\Validation\Validation.php(302): CodeIgniter\Validation\Exceptions\ValidationException::forRuleNotFound('reqfwauired')
#1 D:\www\plantation\system\Validation\Validation.php(189): CodeIgniter\Validation\Validation->processRules('company_id', 'company_id', NULL, Array, Array)
#2 D:\www\plantation\app\Core\BaseController.php(93): CodeIgniter\Validation\Validation->run(Array)
#3 D:\www\plantation\app\Controllers\API.php(130): App\Core\BaseController->validateRequest(Array, Array)
#4 D:\www\plantation\app\Controllers\API.php(152): App\Controllers\API->check_company_id()
#5 D:\www\plantation\system\CodeIgniter.php(914): App\Controllers\API->get_subdivisions()
#6 D:\www\plantation\system\CodeIgniter.php(400): CodeIgniter\CodeIgniter->runController(Object(App\Controllers\API))
#7 D:\www\plantation\system\CodeIgniter.php(308): CodeIgniter\CodeIgniter->handleRequest(NULL, Object(Config\Cache), false)
#8 D:\www\plantation\index.php(45): CodeIgniter\CodeIgniter->run()
#9 {main}
CRITICAL - 2021-02-09 17:29:06 --> Undefined index: company_id
#0 D:\www\plantation\app\Controllers\API.php(157): CodeIgniter\Debug\Exceptions->errorHandler(8, 'Undefined index...', 'D:\\www\\plantati...', 157, Array)
#1 D:\www\plantation\system\CodeIgniter.php(914): App\Controllers\API->get_subdivisions()
#2 D:\www\plantation\system\CodeIgniter.php(400): CodeIgniter\CodeIgniter->runController(Object(App\Controllers\API))
#3 D:\www\plantation\system\CodeIgniter.php(308): CodeIgniter\CodeIgniter->handleRequest(NULL, Object(Config\Cache), false)
#4 D:\www\plantation\index.php(45): CodeIgniter\CodeIgniter->run()
#5 {main}
CRITICAL - 2021-02-09 17:29:27 --> Undefined index: company_id
#0 D:\www\plantation\app\Controllers\API.php(157): CodeIgniter\Debug\Exceptions->errorHandler(8, 'Undefined index...', 'D:\\www\\plantati...', 157, Array)
#1 D:\www\plantation\system\CodeIgniter.php(914): App\Controllers\API->get_subdivisions()
#2 D:\www\plantation\system\CodeIgniter.php(400): CodeIgniter\CodeIgniter->runController(Object(App\Controllers\API))
#3 D:\www\plantation\system\CodeIgniter.php(308): CodeIgniter\CodeIgniter->handleRequest(NULL, Object(Config\Cache), false)
#4 D:\www\plantation\index.php(45): CodeIgniter\CodeIgniter->run()
#5 {main}
CRITICAL - 2021-02-09 17:29:28 --> Undefined index: company_id
#0 D:\www\plantation\app\Controllers\API.php(157): CodeIgniter\Debug\Exceptions->errorHandler(8, 'Undefined index...', 'D:\\www\\plantati...', 157, Array)
#1 D:\www\plantation\system\CodeIgniter.php(914): App\Controllers\API->get_subdivisions()
#2 D:\www\plantation\system\CodeIgniter.php(400): CodeIgniter\CodeIgniter->runController(Object(App\Controllers\API))
#3 D:\www\plantation\system\CodeIgniter.php(308): CodeIgniter\CodeIgniter->handleRequest(NULL, Object(Config\Cache), false)
#4 D:\www\plantation\index.php(45): CodeIgniter\CodeIgniter->run()
#5 {main}
CRITICAL - 2021-02-09 17:29:49 --> Uncaught Error: Object of class CodeIgniter\HTTP\Response could not be converted to string in D:\www\plantation\app\Controllers\API.php:127
Stack trace:
#0 D:\www\plantation\app\Controllers\API.php(155): App\Controllers\API->check_company_id()
#1 D:\www\plantation\system\CodeIgniter.php(914): App\Controllers\API->get_subdivisions()
#2 D:\www\plantation\system\CodeIgniter.php(400): CodeIgniter\CodeIgniter->runController(Object(App\Controllers\API))
#3 D:\www\plantation\system\CodeIgniter.php(308): CodeIgniter\CodeIgniter->handleRequest(NULL, Object(Config\Cache), false)
#4 D:\www\plantation\index.php(45): CodeIgniter\CodeIgniter->run()
#5 {main}
  thrown
#0 [internal function]: CodeIgniter\Debug\Exceptions->shutdownHandler()
#1 {main}
CRITICAL - 2021-02-09 18:13:35 --> Call to a member function setContentType() on null
#0 D:\www\plantation\system\API\ResponseTrait.php(134): App\Controllers\API->format(Array)
#1 D:\www\plantation\system\API\ResponseTrait.php(166): App\Controllers\API->respond(Array, 400, '')
#2 D:\www\plantation\app\Controllers\API.php(84): App\Controllers\API->fail(Array)
#3 D:\www\plantation\system\CodeIgniter.php(886): App\Controllers\API->__construct()
#4 D:\www\plantation\system\CodeIgniter.php(395): CodeIgniter\CodeIgniter->createController()
#5 D:\www\plantation\system\CodeIgniter.php(308): CodeIgniter\CodeIgniter->handleRequest(NULL, Object(Config\Cache), false)
#6 D:\www\plantation\index.php(45): CodeIgniter\CodeIgniter->run()
#7 {main}
CRITICAL - 2021-02-09 18:14:40 --> Undefined index: company_id
#0 D:\www\plantation\app\Controllers\API.php(154): CodeIgniter\Debug\Exceptions->errorHandler(8, 'Undefined index...', 'D:\\www\\plantati...', 154, Array)
#1 D:\www\plantation\system\CodeIgniter.php(914): App\Controllers\API->get_subdivisions()
#2 D:\www\plantation\system\CodeIgniter.php(400): CodeIgniter\CodeIgniter->runController(Object(App\Controllers\API))
#3 D:\www\plantation\system\CodeIgniter.php(308): CodeIgniter\CodeIgniter->handleRequest(NULL, Object(Config\Cache), false)
#4 D:\www\plantation\index.php(45): CodeIgniter\CodeIgniter->run()
#5 {main}
CRITICAL - 2021-02-09 18:14:55 --> Undefined index: company_id
#0 D:\www\plantation\app\Controllers\API.php(154): CodeIgniter\Debug\Exceptions->errorHandler(8, 'Undefined index...', 'D:\\www\\plantati...', 154, Array)
#1 D:\www\plantation\system\CodeIgniter.php(914): App\Controllers\API->get_subdivisions()
#2 D:\www\plantation\system\CodeIgniter.php(400): CodeIgniter\CodeIgniter->runController(Object(App\Controllers\API))
#3 D:\www\plantation\system\CodeIgniter.php(308): CodeIgniter\CodeIgniter->handleRequest(NULL, Object(Config\Cache), false)
#4 D:\www\plantation\index.php(45): CodeIgniter\CodeIgniter->run()
#5 {main}
CRITICAL - 2021-02-09 18:14:56 --> Undefined index: company_id
#0 D:\www\plantation\app\Controllers\API.php(154): CodeIgniter\Debug\Exceptions->errorHandler(8, 'Undefined index...', 'D:\\www\\plantati...', 154, Array)
#1 D:\www\plantation\system\CodeIgniter.php(914): App\Controllers\API->get_subdivisions()
#2 D:\www\plantation\system\CodeIgniter.php(400): CodeIgniter\CodeIgniter->runController(Object(App\Controllers\API))
#3 D:\www\plantation\system\CodeIgniter.php(308): CodeIgniter\CodeIgniter->handleRequest(NULL, Object(Config\Cache), false)
#4 D:\www\plantation\index.php(45): CodeIgniter\CodeIgniter->run()
#5 {main}
