CRITICAL - 2021-10-30 01:22:40 --> Unknown column 'car_inspection_type.deleted' in 'where clause'
#0 D:\www\carlink_backend\system\Database\MySQLi\Connection.php(331): mysqli->query('SELECT *\nFROM `...')
#1 D:\www\carlink_backend\system\Database\BaseConnection.php(738): CodeIgniter\Database\MySQLi\Connection->execute('SELECT *\nFROM `...')
#2 D:\www\carlink_backend\system\Database\BaseConnection.php(666): CodeIgniter\Database\BaseConnection->simpleQuery('SELECT *\nFROM `...')
#3 D:\www\carlink_backend\system\Database\BaseBuilder.php(1845): CodeIgniter\Database\BaseConnection->query('SELECT *\nFROM `...', Array, false)
#4 D:\www\carlink_backend\app\Core\BaseModel.php(416): CodeIgniter\Database\BaseBuilder->get()
#5 D:\www\carlink_backend\app\Controllers\Car.php(124): App\Core\BaseModel->generate_input()
#6 D:\www\carlink_backend\system\CodeIgniter.php(914): App\Controllers\Car->detail('1')
#7 D:\www\carlink_backend\system\CodeIgniter.php(400): CodeIgniter\CodeIgniter->runController(Object(App\Controllers\Car))
#8 D:\www\carlink_backend\system\CodeIgniter.php(308): CodeIgniter\CodeIgniter->handleRequest(NULL, Object(Config\Cache), false)
#9 D:\www\carlink_backend\index.php(45): CodeIgniter\CodeIgniter->run()
#10 {main}
CRITICAL - 2021-10-30 01:23:04 --> Unknown column 'car.deleted' in 'where clause'
#0 D:\www\carlink_backend\system\Database\MySQLi\Connection.php(331): mysqli->query('SELECT *\nFROM `...')
#1 D:\www\carlink_backend\system\Database\BaseConnection.php(738): CodeIgniter\Database\MySQLi\Connection->execute('SELECT *\nFROM `...')
#2 D:\www\carlink_backend\system\Database\BaseConnection.php(666): CodeIgniter\Database\BaseConnection->simpleQuery('SELECT *\nFROM `...')
#3 D:\www\carlink_backend\system\Database\BaseBuilder.php(1845): CodeIgniter\Database\BaseConnection->query('SELECT *\nFROM `...', Array, false)
#4 D:\www\carlink_backend\app\Core\BaseModel.php(416): CodeIgniter\Database\BaseBuilder->get()
#5 D:\www\carlink_backend\app\Core\BaseModel.php(1565): App\Core\BaseModel->generate_input()
#6 D:\www\carlink_backend\app\Controllers\Car.php(73): App\Core\BaseModel->get_final_form_add(Array)
#7 D:\www\carlink_backend\system\CodeIgniter.php(914): App\Controllers\Car->add()
#8 D:\www\carlink_backend\system\CodeIgniter.php(400): CodeIgniter\CodeIgniter->runController(Object(App\Controllers\Car))
#9 D:\www\carlink_backend\system\CodeIgniter.php(308): CodeIgniter\CodeIgniter->handleRequest(NULL, Object(Config\Cache), false)
#10 D:\www\carlink_backend\index.php(45): CodeIgniter\CodeIgniter->run()
#11 {main}
CRITICAL - 2021-10-30 01:26:05 --> Unknown column 'state' in 'field list'
#0 D:\www\carlink_backend\system\Database\MySQLi\Connection.php(331): mysqli->query('INSERT INTO `ca...')
#1 D:\www\carlink_backend\system\Database\BaseConnection.php(738): CodeIgniter\Database\MySQLi\Connection->execute('INSERT INTO `ca...')
#2 D:\www\carlink_backend\system\Database\BaseConnection.php(666): CodeIgniter\Database\BaseConnection->simpleQuery('INSERT INTO `ca...')
#3 D:\www\carlink_backend\system\Database\BaseBuilder.php(2234): CodeIgniter\Database\BaseConnection->query('INSERT INTO `ca...', Array, false)
#4 D:\www\carlink_backend\app\Core\BaseModel.php(1205): CodeIgniter\Database\BaseBuilder->insert(Array)
#5 D:\www\carlink_backend\app\Core\BaseModel.php(1325): App\Core\BaseModel->insertNew(Array)
#6 D:\www\carlink_backend\app\Controllers\Car.php(84): App\Core\BaseModel->copy('1', Array)
#7 D:\www\carlink_backend\system\CodeIgniter.php(914): App\Controllers\Car->copy('1')
#8 D:\www\carlink_backend\system\CodeIgniter.php(400): CodeIgniter\CodeIgniter->runController(Object(App\Controllers\Car))
#9 D:\www\carlink_backend\system\CodeIgniter.php(308): CodeIgniter\CodeIgniter->handleRequest(NULL, Object(Config\Cache), false)
#10 D:\www\carlink_backend\index.php(45): CodeIgniter\CodeIgniter->run()
#11 {main}
CRITICAL - 2021-10-30 01:26:16 --> Unknown column 'state' in 'field list'
#0 D:\www\carlink_backend\system\Database\MySQLi\Connection.php(331): mysqli->query('INSERT INTO `ca...')
#1 D:\www\carlink_backend\system\Database\BaseConnection.php(738): CodeIgniter\Database\MySQLi\Connection->execute('INSERT INTO `ca...')
#2 D:\www\carlink_backend\system\Database\BaseConnection.php(666): CodeIgniter\Database\BaseConnection->simpleQuery('INSERT INTO `ca...')
#3 D:\www\carlink_backend\system\Database\BaseBuilder.php(2234): CodeIgniter\Database\BaseConnection->query('INSERT INTO `ca...', Array, false)
#4 D:\www\carlink_backend\app\Core\BaseModel.php(1205): CodeIgniter\Database\BaseBuilder->insert(Array)
#5 D:\www\carlink_backend\app\Core\BaseModel.php(1325): App\Core\BaseModel->insertNew(Array)
#6 D:\www\carlink_backend\app\Controllers\Car.php(84): App\Core\BaseModel->copy('1', Array)
#7 D:\www\carlink_backend\system\CodeIgniter.php(914): App\Controllers\Car->copy('1')
#8 D:\www\carlink_backend\system\CodeIgniter.php(400): CodeIgniter\CodeIgniter->runController(Object(App\Controllers\Car))
#9 D:\www\carlink_backend\system\CodeIgniter.php(308): CodeIgniter\CodeIgniter->handleRequest(NULL, Object(Config\Cache), false)
#10 D:\www\carlink_backend\index.php(45): CodeIgniter\CodeIgniter->run()
#11 {main}
CRITICAL - 2021-10-30 01:26:17 --> Unknown column 'short_form' in 'field list'
#0 D:\www\carlink_backend\system\Database\MySQLi\Connection.php(331): mysqli->query('INSERT INTO `ca...')
#1 D:\www\carlink_backend\system\Database\BaseConnection.php(738): CodeIgniter\Database\MySQLi\Connection->execute('INSERT INTO `ca...')
#2 D:\www\carlink_backend\system\Database\BaseConnection.php(666): CodeIgniter\Database\BaseConnection->simpleQuery('INSERT INTO `ca...')
#3 D:\www\carlink_backend\system\Database\BaseBuilder.php(2234): CodeIgniter\Database\BaseConnection->query('INSERT INTO `ca...', Array, false)
#4 D:\www\carlink_backend\app\Core\BaseModel.php(1205): CodeIgniter\Database\BaseBuilder->insert(Array)
#5 D:\www\carlink_backend\app\Core\BaseModel.php(1325): App\Core\BaseModel->insertNew(Array)
#6 D:\www\carlink_backend\app\Controllers\Car.php(84): App\Core\BaseModel->copy('1', Array)
#7 D:\www\carlink_backend\system\CodeIgniter.php(914): App\Controllers\Car->copy('1')
#8 D:\www\carlink_backend\system\CodeIgniter.php(400): CodeIgniter\CodeIgniter->runController(Object(App\Controllers\Car))
#9 D:\www\carlink_backend\system\CodeIgniter.php(308): CodeIgniter\CodeIgniter->handleRequest(NULL, Object(Config\Cache), false)
#10 D:\www\carlink_backend\index.php(45): CodeIgniter\CodeIgniter->run()
#11 {main}
CRITICAL - 2021-10-30 01:26:24 --> Unknown column 'short_form' in 'field list'
#0 D:\www\carlink_backend\system\Database\MySQLi\Connection.php(331): mysqli->query('INSERT INTO `ca...')
#1 D:\www\carlink_backend\system\Database\BaseConnection.php(738): CodeIgniter\Database\MySQLi\Connection->execute('INSERT INTO `ca...')
#2 D:\www\carlink_backend\system\Database\BaseConnection.php(666): CodeIgniter\Database\BaseConnection->simpleQuery('INSERT INTO `ca...')
#3 D:\www\carlink_backend\system\Database\BaseBuilder.php(2234): CodeIgniter\Database\BaseConnection->query('INSERT INTO `ca...', Array, false)
#4 D:\www\carlink_backend\app\Core\BaseModel.php(1205): CodeIgniter\Database\BaseBuilder->insert(Array)
#5 D:\www\carlink_backend\app\Core\BaseModel.php(1325): App\Core\BaseModel->insertNew(Array)
#6 D:\www\carlink_backend\app\Controllers\Car.php(84): App\Core\BaseModel->copy('1', Array)
#7 D:\www\carlink_backend\system\CodeIgniter.php(914): App\Controllers\Car->copy('1')
#8 D:\www\carlink_backend\system\CodeIgniter.php(400): CodeIgniter\CodeIgniter->runController(Object(App\Controllers\Car))
#9 D:\www\carlink_backend\system\CodeIgniter.php(308): CodeIgniter\CodeIgniter->handleRequest(NULL, Object(Config\Cache), false)
#10 D:\www\carlink_backend\index.php(45): CodeIgniter\CodeIgniter->run()
#11 {main}
CRITICAL - 2021-10-30 02:35:05 --> Uncaught Error: Object of class CodeIgniter\HTTP\Response could not be converted to string in D:\www\carlink_backend\app\Controllers\API.php:131
Stack trace:
#0 D:\www\carlink_backend\app\Controllers\API.php(154): App\Controllers\API->validation(NULL, Array)
#1 D:\www\carlink_backend\system\CodeIgniter.php(914): App\Controllers\API->get_service()
#2 D:\www\carlink_backend\system\CodeIgniter.php(400): CodeIgniter\CodeIgniter->runController(Object(App\Controllers\API))
#3 D:\www\carlink_backend\system\CodeIgniter.php(308): CodeIgniter\CodeIgniter->handleRequest(NULL, Object(Config\Cache), false)
#4 D:\www\carlink_backend\index.php(45): CodeIgniter\CodeIgniter->run()
#5 {main}
  thrown
#0 [internal function]: CodeIgniter\Debug\Exceptions->shutdownHandler()
#1 {main}
CRITICAL - 2021-10-30 02:35:05 --> Uncaught Error: Object of class CodeIgniter\HTTP\Response could not be converted to string in D:\www\carlink_backend\app\Controllers\API.php:131
Stack trace:
#0 D:\www\carlink_backend\app\Controllers\API.php(154): App\Controllers\API->validation(NULL, Array)
#1 D:\www\carlink_backend\system\CodeIgniter.php(914): App\Controllers\API->get_service()
#2 D:\www\carlink_backend\system\CodeIgniter.php(400): CodeIgniter\CodeIgniter->runController(Object(App\Controllers\API))
#3 D:\www\carlink_backend\system\CodeIgniter.php(308): CodeIgniter\CodeIgniter->handleRequest(NULL, Object(Config\Cache), false)
#4 D:\www\carlink_backend\index.php(45): CodeIgniter\CodeIgniter->run()
#5 {main}
  thrown
#0 [internal function]: CodeIgniter\Debug\Exceptions->shutdownHandler()
#1 {main}
CRITICAL - 2021-10-30 02:35:06 --> Uncaught Error: Object of class CodeIgniter\HTTP\Response could not be converted to string in D:\www\carlink_backend\app\Controllers\API.php:131
Stack trace:
#0 D:\www\carlink_backend\app\Controllers\API.php(154): App\Controllers\API->validation(NULL, Array)
#1 D:\www\carlink_backend\system\CodeIgniter.php(914): App\Controllers\API->get_service()
#2 D:\www\carlink_backend\system\CodeIgniter.php(400): CodeIgniter\CodeIgniter->runController(Object(App\Controllers\API))
#3 D:\www\carlink_backend\system\CodeIgniter.php(308): CodeIgniter\CodeIgniter->handleRequest(NULL, Object(Config\Cache), false)
#4 D:\www\carlink_backend\index.php(45): CodeIgniter\CodeIgniter->run()
#5 {main}
  thrown
#0 [internal function]: CodeIgniter\Debug\Exceptions->shutdownHandler()
#1 {main}
CRITICAL - 2021-10-30 02:35:06 --> Uncaught Error: Object of class CodeIgniter\HTTP\Response could not be converted to string in D:\www\carlink_backend\app\Controllers\API.php:131
Stack trace:
#0 D:\www\carlink_backend\app\Controllers\API.php(154): App\Controllers\API->validation(NULL, Array)
#1 D:\www\carlink_backend\system\CodeIgniter.php(914): App\Controllers\API->get_service()
#2 D:\www\carlink_backend\system\CodeIgniter.php(400): CodeIgniter\CodeIgniter->runController(Object(App\Controllers\API))
#3 D:\www\carlink_backend\system\CodeIgniter.php(308): CodeIgniter\CodeIgniter->handleRequest(NULL, Object(Config\Cache), false)
#4 D:\www\carlink_backend\index.php(45): CodeIgniter\CodeIgniter->run()
#5 {main}
  thrown
#0 [internal function]: CodeIgniter\Debug\Exceptions->shutdownHandler()
#1 {main}
CRITICAL - 2021-10-30 02:35:06 --> Uncaught Error: Object of class CodeIgniter\HTTP\Response could not be converted to string in D:\www\carlink_backend\app\Controllers\API.php:131
Stack trace:
#0 D:\www\carlink_backend\app\Controllers\API.php(154): App\Controllers\API->validation(NULL, Array)
#1 D:\www\carlink_backend\system\CodeIgniter.php(914): App\Controllers\API->get_service()
#2 D:\www\carlink_backend\system\CodeIgniter.php(400): CodeIgniter\CodeIgniter->runController(Object(App\Controllers\API))
#3 D:\www\carlink_backend\system\CodeIgniter.php(308): CodeIgniter\CodeIgniter->handleRequest(NULL, Object(Config\Cache), false)
#4 D:\www\carlink_backend\index.php(45): CodeIgniter\CodeIgniter->run()
#5 {main}
  thrown
#0 [internal function]: CodeIgniter\Debug\Exceptions->shutdownHandler()
#1 {main}
CRITICAL - 2021-10-30 02:35:06 --> Uncaught Error: Object of class CodeIgniter\HTTP\Response could not be converted to string in D:\www\carlink_backend\app\Controllers\API.php:131
Stack trace:
#0 D:\www\carlink_backend\app\Controllers\API.php(154): App\Controllers\API->validation(NULL, Array)
#1 D:\www\carlink_backend\system\CodeIgniter.php(914): App\Controllers\API->get_service()
#2 D:\www\carlink_backend\system\CodeIgniter.php(400): CodeIgniter\CodeIgniter->runController(Object(App\Controllers\API))
#3 D:\www\carlink_backend\system\CodeIgniter.php(308): CodeIgniter\CodeIgniter->handleRequest(NULL, Object(Config\Cache), false)
#4 D:\www\carlink_backend\index.php(45): CodeIgniter\CodeIgniter->run()
#5 {main}
  thrown
#0 [internal function]: CodeIgniter\Debug\Exceptions->shutdownHandler()
#1 {main}
CRITICAL - 2021-10-30 02:35:06 --> Uncaught Error: Object of class CodeIgniter\HTTP\Response could not be converted to string in D:\www\carlink_backend\app\Controllers\API.php:131
Stack trace:
#0 D:\www\carlink_backend\app\Controllers\API.php(154): App\Controllers\API->validation(NULL, Array)
#1 D:\www\carlink_backend\system\CodeIgniter.php(914): App\Controllers\API->get_service()
#2 D:\www\carlink_backend\system\CodeIgniter.php(400): CodeIgniter\CodeIgniter->runController(Object(App\Controllers\API))
#3 D:\www\carlink_backend\system\CodeIgniter.php(308): CodeIgniter\CodeIgniter->handleRequest(NULL, Object(Config\Cache), false)
#4 D:\www\carlink_backend\index.php(45): CodeIgniter\CodeIgniter->run()
#5 {main}
  thrown
#0 [internal function]: CodeIgniter\Debug\Exceptions->shutdownHandler()
#1 {main}
CRITICAL - 2021-10-30 02:35:07 --> Uncaught Error: Object of class CodeIgniter\HTTP\Response could not be converted to string in D:\www\carlink_backend\app\Controllers\API.php:131
Stack trace:
#0 D:\www\carlink_backend\app\Controllers\API.php(154): App\Controllers\API->validation(NULL, Array)
#1 D:\www\carlink_backend\system\CodeIgniter.php(914): App\Controllers\API->get_service()
#2 D:\www\carlink_backend\system\CodeIgniter.php(400): CodeIgniter\CodeIgniter->runController(Object(App\Controllers\API))
#3 D:\www\carlink_backend\system\CodeIgniter.php(308): CodeIgniter\CodeIgniter->handleRequest(NULL, Object(Config\Cache), false)
#4 D:\www\carlink_backend\index.php(45): CodeIgniter\CodeIgniter->run()
#5 {main}
  thrown
#0 [internal function]: CodeIgniter\Debug\Exceptions->shutdownHandler()
#1 {main}
CRITICAL - 2021-10-30 02:38:22 --> syntax error, unexpected 'return' (T_RETURN)
#0 D:\www\carlink_backend\system\Router\Router.php(192): CodeIgniter\Router\Router->autoRoute('API/get_service')
#1 D:\www\carlink_backend\system\CodeIgniter.php(789): CodeIgniter\Router\Router->handle('API/get_service')
#2 D:\www\carlink_backend\system\CodeIgniter.php(360): CodeIgniter\CodeIgniter->tryToRouteIt(Object(CodeIgniter\Router\RouteCollection))
#3 D:\www\carlink_backend\system\CodeIgniter.php(308): CodeIgniter\CodeIgniter->handleRequest(NULL, Object(Config\Cache), false)
#4 D:\www\carlink_backend\index.php(45): CodeIgniter\CodeIgniter->run()
#5 {main}
CRITICAL - 2021-10-30 02:38:22 --> syntax error, unexpected 'return' (T_RETURN)
#0 D:\www\carlink_backend\system\Router\Router.php(192): CodeIgniter\Router\Router->autoRoute('API/get_service')
#1 D:\www\carlink_backend\system\CodeIgniter.php(789): CodeIgniter\Router\Router->handle('API/get_service')
#2 D:\www\carlink_backend\system\CodeIgniter.php(360): CodeIgniter\CodeIgniter->tryToRouteIt(Object(CodeIgniter\Router\RouteCollection))
#3 D:\www\carlink_backend\system\CodeIgniter.php(308): CodeIgniter\CodeIgniter->handleRequest(NULL, Object(Config\Cache), false)
#4 D:\www\carlink_backend\index.php(45): CodeIgniter\CodeIgniter->run()
#5 {main}
CRITICAL - 2021-10-30 02:38:22 --> syntax error, unexpected 'return' (T_RETURN)
#0 D:\www\carlink_backend\system\Router\Router.php(192): CodeIgniter\Router\Router->autoRoute('API/get_service')
#1 D:\www\carlink_backend\system\CodeIgniter.php(789): CodeIgniter\Router\Router->handle('API/get_service')
#2 D:\www\carlink_backend\system\CodeIgniter.php(360): CodeIgniter\CodeIgniter->tryToRouteIt(Object(CodeIgniter\Router\RouteCollection))
#3 D:\www\carlink_backend\system\CodeIgniter.php(308): CodeIgniter\CodeIgniter->handleRequest(NULL, Object(Config\Cache), false)
#4 D:\www\carlink_backend\index.php(45): CodeIgniter\CodeIgniter->run()
#5 {main}
CRITICAL - 2021-10-30 02:39:30 --> syntax error, unexpected '$rules' (T_VARIABLE)
#0 D:\www\carlink_backend\system\Router\Router.php(192): CodeIgniter\Router\Router->autoRoute('API/get_service')
#1 D:\www\carlink_backend\system\CodeIgniter.php(789): CodeIgniter\Router\Router->handle('API/get_service')
#2 D:\www\carlink_backend\system\CodeIgniter.php(360): CodeIgniter\CodeIgniter->tryToRouteIt(Object(CodeIgniter\Router\RouteCollection))
#3 D:\www\carlink_backend\system\CodeIgniter.php(308): CodeIgniter\CodeIgniter->handleRequest(NULL, Object(Config\Cache), false)
#4 D:\www\carlink_backend\index.php(45): CodeIgniter\CodeIgniter->run()
#5 {main}
CRITICAL - 2021-10-30 02:39:30 --> syntax error, unexpected '$rules' (T_VARIABLE)
#0 D:\www\carlink_backend\system\Router\Router.php(192): CodeIgniter\Router\Router->autoRoute('API/get_service')
#1 D:\www\carlink_backend\system\CodeIgniter.php(789): CodeIgniter\Router\Router->handle('API/get_service')
#2 D:\www\carlink_backend\system\CodeIgniter.php(360): CodeIgniter\CodeIgniter->tryToRouteIt(Object(CodeIgniter\Router\RouteCollection))
#3 D:\www\carlink_backend\system\CodeIgniter.php(308): CodeIgniter\CodeIgniter->handleRequest(NULL, Object(Config\Cache), false)
#4 D:\www\carlink_backend\index.php(45): CodeIgniter\CodeIgniter->run()
#5 {main}
