CRITICAL - 2021-02-08 15:22:53 --> Class 'App\Libraries\CustomOauthStorage' not found
#0 D:\www\plantation\app\Libraries\Oauth.php(11): App\Libraries\Oauth->init()
#1 D:\www\plantation\app\Controllers\API.php(72): App\Libraries\Oauth->__construct()
#2 D:\www\plantation\system\CodeIgniter.php(914): App\Controllers\API->login_jwt()
#3 D:\www\plantation\system\CodeIgniter.php(400): CodeIgniter\CodeIgniter->runController(Object(App\Controllers\API))
#4 D:\www\plantation\system\CodeIgniter.php(308): CodeIgniter\CodeIgniter->handleRequest(NULL, Object(Config\Cache), false)
#5 D:\www\plantation\index.php(45): CodeIgniter\CodeIgniter->run()
#6 {main}
CRITICAL - 2021-02-08 15:23:49 --> Interface 'OAuth2\Storage\AuthorizationCodeInterface' not found
#0 D:\www\plantation\system\Autoloader\Autoloader.php(365): require_once()
#1 D:\www\plantation\system\Autoloader\Autoloader.php(296): CodeIgniter\Autoloader\Autoloader->requireFile('D:\\www\\plantati...')
#2 D:\www\plantation\system\Autoloader\Autoloader.php(258): CodeIgniter\Autoloader\Autoloader->loadInNamespace('App\\Libraries\\C...')
#3 [internal function]: CodeIgniter\Autoloader\Autoloader->loadClass('App\\Libraries\\C...')
#4 D:\www\plantation\app\Libraries\Oauth.php(19): spl_autoload_call('App\\Libraries\\C...')
#5 D:\www\plantation\app\Libraries\Oauth.php(11): App\Libraries\Oauth->init()
#6 D:\www\plantation\app\Controllers\API.php(72): App\Libraries\Oauth->__construct()
#7 D:\www\plantation\system\CodeIgniter.php(914): App\Controllers\API->login_jwt()
#8 D:\www\plantation\system\CodeIgniter.php(400): CodeIgniter\CodeIgniter->runController(Object(App\Controllers\API))
#9 D:\www\plantation\system\CodeIgniter.php(308): CodeIgniter\CodeIgniter->handleRequest(NULL, Object(Config\Cache), false)
#10 D:\www\plantation\index.php(45): CodeIgniter\CodeIgniter->run()
#11 {main}
CRITICAL - 2021-02-08 15:23:50 --> Interface 'OAuth2\Storage\AuthorizationCodeInterface' not found
#0 D:\www\plantation\system\Autoloader\Autoloader.php(365): require_once()
#1 D:\www\plantation\system\Autoloader\Autoloader.php(296): CodeIgniter\Autoloader\Autoloader->requireFile('D:\\www\\plantati...')
#2 D:\www\plantation\system\Autoloader\Autoloader.php(258): CodeIgniter\Autoloader\Autoloader->loadInNamespace('App\\Libraries\\C...')
#3 [internal function]: CodeIgniter\Autoloader\Autoloader->loadClass('App\\Libraries\\C...')
#4 D:\www\plantation\app\Libraries\Oauth.php(19): spl_autoload_call('App\\Libraries\\C...')
#5 D:\www\plantation\app\Libraries\Oauth.php(11): App\Libraries\Oauth->init()
#6 D:\www\plantation\app\Controllers\API.php(72): App\Libraries\Oauth->__construct()
#7 D:\www\plantation\system\CodeIgniter.php(914): App\Controllers\API->login_jwt()
#8 D:\www\plantation\system\CodeIgniter.php(400): CodeIgniter\CodeIgniter->runController(Object(App\Controllers\API))
#9 D:\www\plantation\system\CodeIgniter.php(308): CodeIgniter\CodeIgniter->handleRequest(NULL, Object(Config\Cache), false)
#10 D:\www\plantation\index.php(45): CodeIgniter\CodeIgniter->run()
#11 {main}
CRITICAL - 2021-02-08 16:32:55 --> Interface 'OAuth2\Storage\AuthorizationCodeInterface' not found
#0 D:\www\plantation\system\Autoloader\Autoloader.php(365): require_once()
#1 D:\www\plantation\system\Autoloader\Autoloader.php(296): CodeIgniter\Autoloader\Autoloader->requireFile('D:\\www\\plantati...')
#2 D:\www\plantation\system\Autoloader\Autoloader.php(258): CodeIgniter\Autoloader\Autoloader->loadInNamespace('App\\Libraries\\C...')
#3 [internal function]: CodeIgniter\Autoloader\Autoloader->loadClass('App\\Libraries\\C...')
#4 D:\www\plantation\app\Libraries\Oauth.php(19): spl_autoload_call('App\\Libraries\\C...')
#5 D:\www\plantation\app\Libraries\Oauth.php(11): App\Libraries\Oauth->init()
#6 D:\www\plantation\app\Controllers\API.php(72): App\Libraries\Oauth->__construct()
#7 D:\www\plantation\system\CodeIgniter.php(914): App\Controllers\API->login_jwt()
#8 D:\www\plantation\system\CodeIgniter.php(400): CodeIgniter\CodeIgniter->runController(Object(App\Controllers\API))
#9 D:\www\plantation\system\CodeIgniter.php(308): CodeIgniter\CodeIgniter->handleRequest(NULL, Object(Config\Cache), false)
#10 D:\www\plantation\index.php(45): CodeIgniter\CodeIgniter->run()
#11 {main}
CRITICAL - 2021-02-08 16:33:49 --> Interface 'OAuth2\Storage\AuthorizationCodeInterface' not found
#0 D:\www\plantation\system\Autoloader\Autoloader.php(365): require_once()
#1 D:\www\plantation\system\Autoloader\Autoloader.php(296): CodeIgniter\Autoloader\Autoloader->requireFile('D:\\www\\plantati...')
#2 D:\www\plantation\system\Autoloader\Autoloader.php(258): CodeIgniter\Autoloader\Autoloader->loadInNamespace('App\\Libraries\\C...')
#3 [internal function]: CodeIgniter\Autoloader\Autoloader->loadClass('App\\Libraries\\C...')
#4 D:\www\plantation\app\Libraries\Oauth.php(19): spl_autoload_call('App\\Libraries\\C...')
#5 D:\www\plantation\app\Libraries\Oauth.php(11): App\Libraries\Oauth->init()
#6 D:\www\plantation\app\Controllers\API.php(72): App\Libraries\Oauth->__construct()
#7 D:\www\plantation\system\CodeIgniter.php(914): App\Controllers\API->login_jwt()
#8 D:\www\plantation\system\CodeIgniter.php(400): CodeIgniter\CodeIgniter->runController(Object(App\Controllers\API))
#9 D:\www\plantation\system\CodeIgniter.php(308): CodeIgniter\CodeIgniter->handleRequest(NULL, Object(Config\Cache), false)
#10 D:\www\plantation\index.php(45): CodeIgniter\CodeIgniter->run()
#11 {main}
