CRITICAL - 2021-10-26 11:18:44 --> Cannot redeclare App\Core\BaseModel::all_logs()
#0 [internal function]: CodeIgniter\Debug\Exceptions->shutdownHandler()
#1 {main}
CRITICAL - 2021-10-26 15:43:43 --> Call to a member function listTables() on null
#0 D:\www\carlink\app\Models\AdminModel.php(8): App\Core\BaseModel->add_required_field()
#1 D:\www\carlink\app\Controllers\Access.php(11): App\Models\AdminModel->__construct()
#2 D:\www\carlink\system\CodeIgniter.php(886): App\Controllers\Access->__construct()
#3 D:\www\carlink\system\CodeIgniter.php(395): CodeIgniter\CodeIgniter->createController()
#4 D:\www\carlink\system\CodeIgniter.php(308): CodeIgniter\CodeIgniter->handleRequest(NULL, Object(Config\Cache), false)
#5 D:\www\carlink\index.php(45): CodeIgniter\CodeIgniter->run()
#6 {main}
CRITICAL - 2021-10-26 15:43:56 --> Duplicate column name 'created_date'
#0 D:\www\carlink\system\Database\MySQLi\Connection.php(331): mysqli->query('\r\n            A...')
#1 D:\www\carlink\system\Database\BaseConnection.php(738): CodeIgniter\Database\MySQLi\Connection->execute('\r\n            A...')
#2 D:\www\carlink\system\Database\BaseConnection.php(666): CodeIgniter\Database\BaseConnection->simpleQuery('\r\n            A...')
#3 D:\www\carlink\app\Core\BaseModel.php(1498): CodeIgniter\Database\BaseConnection->query('\r\n            A...')
#4 D:\www\carlink\app\Models\AdminModel.php(9): App\Core\BaseModel->add_required_field()
#5 D:\www\carlink\app\Controllers\Access.php(11): App\Models\AdminModel->__construct()
#6 D:\www\carlink\system\CodeIgniter.php(886): App\Controllers\Access->__construct()
#7 D:\www\carlink\system\CodeIgniter.php(395): CodeIgniter\CodeIgniter->createController()
#8 D:\www\carlink\system\CodeIgniter.php(308): CodeIgniter\CodeIgniter->handleRequest(NULL, Object(Config\Cache), false)
#9 D:\www\carlink\index.php(45): CodeIgniter\CodeIgniter->run()
#10 {main}
CRITICAL - 2021-10-26 15:44:27 --> Call to undefined method CodeIgniter\Database\MySQLi\Connection::getFieldsData()
#0 D:\www\carlink\app\Models\AdminModel.php(9): App\Core\BaseModel->add_required_field()
#1 D:\www\carlink\app\Controllers\Access.php(11): App\Models\AdminModel->__construct()
#2 D:\www\carlink\system\CodeIgniter.php(886): App\Controllers\Access->__construct()
#3 D:\www\carlink\system\CodeIgniter.php(395): CodeIgniter\CodeIgniter->createController()
#4 D:\www\carlink\system\CodeIgniter.php(308): CodeIgniter\CodeIgniter->handleRequest(NULL, Object(Config\Cache), false)
#5 D:\www\carlink\index.php(45): CodeIgniter\CodeIgniter->run()
#6 {main}
CRITICAL - 2021-10-26 15:44:28 --> Call to undefined method CodeIgniter\Database\MySQLi\Connection::getFieldsData()
#0 D:\www\carlink\app\Models\AdminModel.php(9): App\Core\BaseModel->add_required_field()
#1 D:\www\carlink\app\Controllers\Access.php(11): App\Models\AdminModel->__construct()
#2 D:\www\carlink\system\CodeIgniter.php(886): App\Controllers\Access->__construct()
#3 D:\www\carlink\system\CodeIgniter.php(395): CodeIgniter\CodeIgniter->createController()
#4 D:\www\carlink\system\CodeIgniter.php(308): CodeIgniter\CodeIgniter->handleRequest(NULL, Object(Config\Cache), false)
#5 D:\www\carlink\index.php(45): CodeIgniter\CodeIgniter->run()
#6 {main}
CRITICAL - 2021-10-26 15:44:28 --> Call to undefined method CodeIgniter\Database\MySQLi\Connection::getFieldsData()
#0 D:\www\carlink\app\Models\AdminModel.php(9): App\Core\BaseModel->add_required_field()
#1 D:\www\carlink\app\Controllers\Access.php(11): App\Models\AdminModel->__construct()
#2 D:\www\carlink\system\CodeIgniter.php(886): App\Controllers\Access->__construct()
#3 D:\www\carlink\system\CodeIgniter.php(395): CodeIgniter\CodeIgniter->createController()
#4 D:\www\carlink\system\CodeIgniter.php(308): CodeIgniter\CodeIgniter->handleRequest(NULL, Object(Config\Cache), false)
#5 D:\www\carlink\index.php(45): CodeIgniter\CodeIgniter->run()
#6 {main}
CRITICAL - 2021-10-26 15:46:08 --> Duplicate column name 'modified_by'
#0 D:\www\carlink\system\Database\MySQLi\Connection.php(331): mysqli->query('\r\n             ...')
#1 D:\www\carlink\system\Database\BaseConnection.php(738): CodeIgniter\Database\MySQLi\Connection->execute('\r\n             ...')
#2 D:\www\carlink\system\Database\BaseConnection.php(666): CodeIgniter\Database\BaseConnection->simpleQuery('\r\n             ...')
#3 D:\www\carlink\app\Core\BaseModel.php(1507): CodeIgniter\Database\BaseConnection->query('\r\n             ...')
#4 D:\www\carlink\app\Models\AdminModel.php(9): App\Core\BaseModel->add_required_field()
#5 D:\www\carlink\app\Controllers\Access.php(11): App\Models\AdminModel->__construct()
#6 D:\www\carlink\system\CodeIgniter.php(886): App\Controllers\Access->__construct()
#7 D:\www\carlink\system\CodeIgniter.php(395): CodeIgniter\CodeIgniter->createController()
#8 D:\www\carlink\system\CodeIgniter.php(308): CodeIgniter\CodeIgniter->handleRequest(NULL, Object(Config\Cache), false)
#9 D:\www\carlink\index.php(45): CodeIgniter\CodeIgniter->run()
#10 {main}
CRITICAL - 2021-10-26 15:46:10 --> Duplicate column name 'modified_by'
#0 D:\www\carlink\system\Database\MySQLi\Connection.php(331): mysqli->query('\r\n             ...')
#1 D:\www\carlink\system\Database\BaseConnection.php(738): CodeIgniter\Database\MySQLi\Connection->execute('\r\n             ...')
#2 D:\www\carlink\system\Database\BaseConnection.php(666): CodeIgniter\Database\BaseConnection->simpleQuery('\r\n             ...')
#3 D:\www\carlink\app\Core\BaseModel.php(1507): CodeIgniter\Database\BaseConnection->query('\r\n             ...')
#4 D:\www\carlink\app\Models\AdminModel.php(9): App\Core\BaseModel->add_required_field()
#5 D:\www\carlink\app\Controllers\Access.php(11): App\Models\AdminModel->__construct()
#6 D:\www\carlink\system\CodeIgniter.php(886): App\Controllers\Access->__construct()
#7 D:\www\carlink\system\CodeIgniter.php(395): CodeIgniter\CodeIgniter->createController()
#8 D:\www\carlink\system\CodeIgniter.php(308): CodeIgniter\CodeIgniter->handleRequest(NULL, Object(Config\Cache), false)
#9 D:\www\carlink\index.php(45): CodeIgniter\CodeIgniter->run()
#10 {main}
CRITICAL - 2021-10-26 15:46:18 --> Duplicate column name 'modified_by'
#0 D:\www\carlink\system\Database\MySQLi\Connection.php(331): mysqli->query('\r\n             ...')
#1 D:\www\carlink\system\Database\BaseConnection.php(738): CodeIgniter\Database\MySQLi\Connection->execute('\r\n             ...')
#2 D:\www\carlink\system\Database\BaseConnection.php(666): CodeIgniter\Database\BaseConnection->simpleQuery('\r\n             ...')
#3 D:\www\carlink\app\Core\BaseModel.php(1507): CodeIgniter\Database\BaseConnection->query('\r\n             ...')
#4 D:\www\carlink\app\Models\AdminModel.php(9): App\Core\BaseModel->add_required_field()
#5 D:\www\carlink\app\Controllers\Access.php(11): App\Models\AdminModel->__construct()
#6 D:\www\carlink\system\CodeIgniter.php(886): App\Controllers\Access->__construct()
#7 D:\www\carlink\system\CodeIgniter.php(395): CodeIgniter\CodeIgniter->createController()
#8 D:\www\carlink\system\CodeIgniter.php(308): CodeIgniter\CodeIgniter->handleRequest(NULL, Object(Config\Cache), false)
#9 D:\www\carlink\index.php(45): CodeIgniter\CodeIgniter->run()
#10 {main}
CRITICAL - 2021-10-26 15:48:26 --> Table 'carlink.car_inspection_detail_log' doesn't exist
#0 D:\www\carlink\system\Database\MySQLi\Connection.php(331): mysqli->query('SHOW COLUMNS FR...')
#1 D:\www\carlink\system\Database\BaseConnection.php(738): CodeIgniter\Database\MySQLi\Connection->execute('SHOW COLUMNS FR...')
#2 D:\www\carlink\system\Database\BaseConnection.php(666): CodeIgniter\Database\BaseConnection->simpleQuery('SHOW COLUMNS FR...')
#3 D:\www\carlink\system\Database\MySQLi\Connection.php(489): CodeIgniter\Database\BaseConnection->query('SHOW COLUMNS FR...')
#4 D:\www\carlink\system\Database\BaseConnection.php(1676): CodeIgniter\Database\MySQLi\Connection->_fieldData('`car_inspection...')
#5 D:\www\carlink\app\Core\BaseModel.php(1496): CodeIgniter\Database\BaseConnection->getFieldData('car_inspection_...')
#6 D:\www\carlink\app\Models\AdminModel.php(9): App\Core\BaseModel->add_required_field()
#7 D:\www\carlink\app\Controllers\Access.php(11): App\Models\AdminModel->__construct()
#8 D:\www\carlink\system\CodeIgniter.php(886): App\Controllers\Access->__construct()
#9 D:\www\carlink\system\CodeIgniter.php(395): CodeIgniter\CodeIgniter->createController()
#10 D:\www\carlink\system\CodeIgniter.php(308): CodeIgniter\CodeIgniter->handleRequest(NULL, Object(Config\Cache), false)
#11 D:\www\carlink\index.php(45): CodeIgniter\CodeIgniter->run()
#12 {main}
CRITICAL - 2021-10-26 15:48:49 --> Table 'carlink.car_inspection_detail_log' doesn't exist
#0 D:\www\carlink\system\Database\MySQLi\Connection.php(331): mysqli->query('SHOW COLUMNS FR...')
#1 D:\www\carlink\system\Database\BaseConnection.php(738): CodeIgniter\Database\MySQLi\Connection->execute('SHOW COLUMNS FR...')
#2 D:\www\carlink\system\Database\BaseConnection.php(666): CodeIgniter\Database\BaseConnection->simpleQuery('SHOW COLUMNS FR...')
#3 D:\www\carlink\system\Database\MySQLi\Connection.php(489): CodeIgniter\Database\BaseConnection->query('SHOW COLUMNS FR...')
#4 D:\www\carlink\system\Database\BaseConnection.php(1676): CodeIgniter\Database\MySQLi\Connection->_fieldData('`car_inspection...')
#5 D:\www\carlink\app\Core\BaseModel.php(1496): CodeIgniter\Database\BaseConnection->getFieldData('car_inspection_...')
#6 D:\www\carlink\app\Models\AdminModel.php(9): App\Core\BaseModel->add_required_field()
#7 D:\www\carlink\app\Controllers\Access.php(11): App\Models\AdminModel->__construct()
#8 D:\www\carlink\system\CodeIgniter.php(886): App\Controllers\Access->__construct()
#9 D:\www\carlink\system\CodeIgniter.php(395): CodeIgniter\CodeIgniter->createController()
#10 D:\www\carlink\system\CodeIgniter.php(308): CodeIgniter\CodeIgniter->handleRequest(NULL, Object(Config\Cache), false)
#11 D:\www\carlink\index.php(45): CodeIgniter\CodeIgniter->run()
#12 {main}
CRITICAL - 2021-10-26 15:48:54 --> Table 'carlink.car_inspection_detail_log' doesn't exist
#0 D:\www\carlink\system\Database\MySQLi\Connection.php(331): mysqli->query('SHOW COLUMNS FR...')
#1 D:\www\carlink\system\Database\BaseConnection.php(738): CodeIgniter\Database\MySQLi\Connection->execute('SHOW COLUMNS FR...')
#2 D:\www\carlink\system\Database\BaseConnection.php(666): CodeIgniter\Database\BaseConnection->simpleQuery('SHOW COLUMNS FR...')
#3 D:\www\carlink\system\Database\MySQLi\Connection.php(489): CodeIgniter\Database\BaseConnection->query('SHOW COLUMNS FR...')
#4 D:\www\carlink\system\Database\BaseConnection.php(1676): CodeIgniter\Database\MySQLi\Connection->_fieldData('`car_inspection...')
#5 D:\www\carlink\app\Core\BaseModel.php(1575): CodeIgniter\Database\BaseConnection->getFieldData('car_inspection_...')
#6 D:\www\carlink\app\Core\BaseModel.php(1481): App\Core\BaseModel->update_table_log('car_inspection_...', Array)
#7 D:\www\carlink\app\Models\AdminModel.php(9): App\Core\BaseModel->all_logs()
#8 D:\www\carlink\app\Controllers\Access.php(11): App\Models\AdminModel->__construct()
#9 D:\www\carlink\system\CodeIgniter.php(886): App\Controllers\Access->__construct()
#10 D:\www\carlink\system\CodeIgniter.php(395): CodeIgniter\CodeIgniter->createController()
#11 D:\www\carlink\system\CodeIgniter.php(308): CodeIgniter\CodeIgniter->handleRequest(NULL, Object(Config\Cache), false)
#12 D:\www\carlink\index.php(45): CodeIgniter\CodeIgniter->run()
#13 {main}
CRITICAL - 2021-10-26 15:49:27 --> Table 'car_inspection_detail_log' already exists
#0 D:\www\carlink\system\Database\MySQLi\Connection.php(331): mysqli->query('CREATE TABLE ca...')
#1 D:\www\carlink\system\Database\BaseConnection.php(738): CodeIgniter\Database\MySQLi\Connection->execute('CREATE TABLE ca...')
#2 D:\www\carlink\system\Database\BaseConnection.php(666): CodeIgniter\Database\BaseConnection->simpleQuery('CREATE TABLE ca...')
#3 D:\www\carlink\app\Core\BaseModel.php(1551): CodeIgniter\Database\BaseConnection->query('CREATE TABLE ca...')
#4 D:\www\carlink\app\Core\BaseModel.php(1479): App\Core\BaseModel->generate_table_log('car_inspection_...', Array)
#5 D:\www\carlink\app\Models\AdminModel.php(9): App\Core\BaseModel->all_logs()
#6 D:\www\carlink\app\Core\BaseController.php(56): App\Models\AdminModel->__construct()
#7 D:\www\carlink\system\CodeIgniter.php(887): App\Core\BaseController->initController(Object(CodeIgniter\HTTP\IncomingRequest), Object(CodeIgniter\HTTP\Response), Object(CodeIgniter\Log\Logger))
#8 D:\www\carlink\system\CodeIgniter.php(395): CodeIgniter\CodeIgniter->createController()
#9 D:\www\carlink\system\CodeIgniter.php(308): CodeIgniter\CodeIgniter->handleRequest(NULL, Object(Config\Cache), false)
#10 D:\www\carlink\index.php(45): CodeIgniter\CodeIgniter->run()
#11 {main}
CRITICAL - 2021-10-26 15:55:17 --> No connection could be made because the target machine actively refused it.

#0 D:\www\carlink\system\Database\BaseConnection.php(377): CodeIgniter\Database\MySQLi\Connection->connect(false)
#1 D:\www\carlink\system\Database\BaseConnection.php(643): CodeIgniter\Database\BaseConnection->initialize()
#2 D:\www\carlink\system\Database\BaseConnection.php(1545): CodeIgniter\Database\BaseConnection->query('SHOW TABLES FRO...')
#3 D:\www\carlink\app\Core\BaseModel.php(1469): CodeIgniter\Database\BaseConnection->listTables()
#4 D:\www\carlink\app\Models\AdminModel.php(9): App\Core\BaseModel->all_logs()
#5 D:\www\carlink\app\Controllers\Access.php(11): App\Models\AdminModel->__construct()
#6 D:\www\carlink\system\CodeIgniter.php(886): App\Controllers\Access->__construct()
#7 D:\www\carlink\system\CodeIgniter.php(395): CodeIgniter\CodeIgniter->createController()
#8 D:\www\carlink\system\CodeIgniter.php(308): CodeIgniter\CodeIgniter->handleRequest(NULL, Object(Config\Cache), false)
#9 D:\www\carlink\index.php(45): CodeIgniter\CodeIgniter->run()
#10 {main}
CRITICAL - 2021-10-26 16:00:03 --> MySQL server has gone away
#0 D:\www\carlink\system\Database\MySQLi\Connection.php(331): mysqli->query('\r\n             ...')
#1 D:\www\carlink\system\Database\BaseConnection.php(738): CodeIgniter\Database\MySQLi\Connection->execute('\r\n             ...')
#2 D:\www\carlink\system\Database\BaseConnection.php(666): CodeIgniter\Database\BaseConnection->simpleQuery('\r\n             ...')
#3 D:\www\carlink\app\Core\BaseModel.php(1508): CodeIgniter\Database\BaseConnection->query('\r\n             ...')
#4 D:\www\carlink\app\Models\AdminModel.php(9): App\Core\BaseModel->add_required_field()
#5 D:\www\carlink\app\Controllers\Access.php(11): App\Models\AdminModel->__construct()
#6 D:\www\carlink\system\CodeIgniter.php(886): App\Controllers\Access->__construct()
#7 D:\www\carlink\system\CodeIgniter.php(395): CodeIgniter\CodeIgniter->createController()
#8 D:\www\carlink\system\CodeIgniter.php(308): CodeIgniter\CodeIgniter->handleRequest(NULL, Object(Config\Cache), false)
#9 D:\www\carlink\index.php(45): CodeIgniter\CodeIgniter->run()
#10 {main}
CRITICAL - 2021-10-26 16:01:51 --> No connection could be made because the target machine actively refused it.

#0 D:\www\carlink\system\Database\BaseConnection.php(377): CodeIgniter\Database\MySQLi\Connection->connect(false)
#1 D:\www\carlink\system\Database\BaseConnection.php(643): CodeIgniter\Database\BaseConnection->initialize()
#2 D:\www\carlink\system\Database\BaseConnection.php(1545): CodeIgniter\Database\BaseConnection->query('SHOW TABLES FRO...')
#3 D:\www\carlink\app\Core\BaseModel.php(1491): CodeIgniter\Database\BaseConnection->listTables()
#4 D:\www\carlink\app\Models\AdminModel.php(9): App\Core\BaseModel->add_required_field()
#5 D:\www\carlink\app\Controllers\Access.php(11): App\Models\AdminModel->__construct()
#6 D:\www\carlink\system\CodeIgniter.php(886): App\Controllers\Access->__construct()
#7 D:\www\carlink\system\CodeIgniter.php(395): CodeIgniter\CodeIgniter->createController()
#8 D:\www\carlink\system\CodeIgniter.php(308): CodeIgniter\CodeIgniter->handleRequest(NULL, Object(Config\Cache), false)
#9 D:\www\carlink\index.php(45): CodeIgniter\CodeIgniter->run()
#10 {main}
CRITICAL - 2021-10-26 16:06:23 --> MySQL server has gone away
#0 D:\www\carlink\system\Database\MySQLi\Connection.php(331): mysqli->query('\r\n             ...')
#1 D:\www\carlink\system\Database\BaseConnection.php(738): CodeIgniter\Database\MySQLi\Connection->execute('\r\n             ...')
#2 D:\www\carlink\system\Database\BaseConnection.php(666): CodeIgniter\Database\BaseConnection->simpleQuery('\r\n             ...')
#3 D:\www\carlink\app\Core\BaseModel.php(1508): CodeIgniter\Database\BaseConnection->query('\r\n             ...')
#4 D:\www\carlink\app\Models\AdminModel.php(9): App\Core\BaseModel->add_required_field()
#5 D:\www\carlink\app\Controllers\Access.php(11): App\Models\AdminModel->__construct()
#6 D:\www\carlink\system\CodeIgniter.php(886): App\Controllers\Access->__construct()
#7 D:\www\carlink\system\CodeIgniter.php(395): CodeIgniter\CodeIgniter->createController()
#8 D:\www\carlink\system\CodeIgniter.php(308): CodeIgniter\CodeIgniter->handleRequest(NULL, Object(Config\Cache), false)
#9 D:\www\carlink\index.php(45): CodeIgniter\CodeIgniter->run()
#10 {main}
CRITICAL - 2021-10-26 16:23:32 --> Undefined index: title
#0 D:\www\carlink\app\Views\admin\brand\add.php(48): CodeIgniter\Debug\Exceptions->errorHandler(8, 'Undefined index...', 'D:\\www\\carlink\\...', 48, Array)
#1 D:\www\carlink\system\View\View.php(246): include('D:\\www\\carlink\\...')
#2 D:\www\carlink\system\Common.php(1087): CodeIgniter\View\View->render('admin/brand/add', Array, true)
#3 D:\www\carlink\app\Controllers\Brand.php(62): view('admin/brand/add')
#4 D:\www\carlink\system\CodeIgniter.php(914): App\Controllers\Brand->add()
#5 D:\www\carlink\system\CodeIgniter.php(400): CodeIgniter\CodeIgniter->runController(Object(App\Controllers\Brand))
#6 D:\www\carlink\system\CodeIgniter.php(308): CodeIgniter\CodeIgniter->handleRequest(NULL, Object(Config\Cache), false)
#7 D:\www\carlink\index.php(45): CodeIgniter\CodeIgniter->run()
#8 {main}
CRITICAL - 2021-10-26 16:28:54 --> Undefined index: title
#0 D:\www\carlink\app\Views\admin\brand\add.php(49): CodeIgniter\Debug\Exceptions->errorHandler(8, 'Undefined index...', 'D:\\www\\carlink\\...', 49, Array)
#1 D:\www\carlink\system\View\View.php(246): include('D:\\www\\carlink\\...')
#2 D:\www\carlink\system\Common.php(1087): CodeIgniter\View\View->render('admin/brand/add', Array, true)
#3 D:\www\carlink\app\Controllers\Brand.php(63): view('admin/brand/add')
#4 D:\www\carlink\system\CodeIgniter.php(914): App\Controllers\Brand->add()
#5 D:\www\carlink\system\CodeIgniter.php(400): CodeIgniter\CodeIgniter->runController(Object(App\Controllers\Brand))
#6 D:\www\carlink\system\CodeIgniter.php(308): CodeIgniter\CodeIgniter->handleRequest(NULL, Object(Config\Cache), false)
#7 D:\www\carlink\index.php(45): CodeIgniter\CodeIgniter->run()
#8 {main}
CRITICAL - 2021-10-26 16:28:56 --> Undefined index: title
#0 D:\www\carlink\app\Views\admin\brand\add.php(49): CodeIgniter\Debug\Exceptions->errorHandler(8, 'Undefined index...', 'D:\\www\\carlink\\...', 49, Array)
#1 D:\www\carlink\system\View\View.php(246): include('D:\\www\\carlink\\...')
#2 D:\www\carlink\system\Common.php(1087): CodeIgniter\View\View->render('admin/brand/add', Array, true)
#3 D:\www\carlink\app\Controllers\Brand.php(63): view('admin/brand/add')
#4 D:\www\carlink\system\CodeIgniter.php(914): App\Controllers\Brand->add()
#5 D:\www\carlink\system\CodeIgniter.php(400): CodeIgniter\CodeIgniter->runController(Object(App\Controllers\Brand))
#6 D:\www\carlink\system\CodeIgniter.php(308): CodeIgniter\CodeIgniter->handleRequest(NULL, Object(Config\Cache), false)
#7 D:\www\carlink\index.php(45): CodeIgniter\CodeIgniter->run()
#8 {main}
CRITICAL - 2021-10-26 16:28:57 --> Undefined index: title
#0 D:\www\carlink\app\Views\admin\brand\add.php(49): CodeIgniter\Debug\Exceptions->errorHandler(8, 'Undefined index...', 'D:\\www\\carlink\\...', 49, Array)
#1 D:\www\carlink\system\View\View.php(246): include('D:\\www\\carlink\\...')
#2 D:\www\carlink\system\Common.php(1087): CodeIgniter\View\View->render('admin/brand/add', Array, true)
#3 D:\www\carlink\app\Controllers\Brand.php(63): view('admin/brand/add')
#4 D:\www\carlink\system\CodeIgniter.php(914): App\Controllers\Brand->add()
#5 D:\www\carlink\system\CodeIgniter.php(400): CodeIgniter\CodeIgniter->runController(Object(App\Controllers\Brand))
#6 D:\www\carlink\system\CodeIgniter.php(308): CodeIgniter\CodeIgniter->handleRequest(NULL, Object(Config\Cache), false)
#7 D:\www\carlink\index.php(45): CodeIgniter\CodeIgniter->run()
#8 {main}
CRITICAL - 2021-10-26 16:28:58 --> Undefined index: title
#0 D:\www\carlink\app\Views\admin\brand\add.php(49): CodeIgniter\Debug\Exceptions->errorHandler(8, 'Undefined index...', 'D:\\www\\carlink\\...', 49, Array)
#1 D:\www\carlink\system\View\View.php(246): include('D:\\www\\carlink\\...')
#2 D:\www\carlink\system\Common.php(1087): CodeIgniter\View\View->render('admin/brand/add', Array, true)
#3 D:\www\carlink\app\Controllers\Brand.php(63): view('admin/brand/add')
#4 D:\www\carlink\system\CodeIgniter.php(914): App\Controllers\Brand->add()
#5 D:\www\carlink\system\CodeIgniter.php(400): CodeIgniter\CodeIgniter->runController(Object(App\Controllers\Brand))
#6 D:\www\carlink\system\CodeIgniter.php(308): CodeIgniter\CodeIgniter->handleRequest(NULL, Object(Config\Cache), false)
#7 D:\www\carlink\index.php(45): CodeIgniter\CodeIgniter->run()
#8 {main}
CRITICAL - 2021-10-26 16:29:17 --> syntax error, unexpected 'echo' (T_ECHO)
#0 D:\www\carlink\system\Router\Router.php(192): CodeIgniter\Router\Router->autoRoute('brand/add')
#1 D:\www\carlink\system\CodeIgniter.php(789): CodeIgniter\Router\Router->handle('brand/add')
#2 D:\www\carlink\system\CodeIgniter.php(360): CodeIgniter\CodeIgniter->tryToRouteIt(Object(CodeIgniter\Router\RouteCollection))
#3 D:\www\carlink\system\CodeIgniter.php(308): CodeIgniter\CodeIgniter->handleRequest(NULL, Object(Config\Cache), false)
#4 D:\www\carlink\index.php(45): CodeIgniter\CodeIgniter->run()
#5 {main}
CRITICAL - 2021-10-26 16:29:17 --> syntax error, unexpected 'echo' (T_ECHO)
#0 D:\www\carlink\system\Router\Router.php(192): CodeIgniter\Router\Router->autoRoute('brand/add')
#1 D:\www\carlink\system\CodeIgniter.php(789): CodeIgniter\Router\Router->handle('brand/add')
#2 D:\www\carlink\system\CodeIgniter.php(360): CodeIgniter\CodeIgniter->tryToRouteIt(Object(CodeIgniter\Router\RouteCollection))
#3 D:\www\carlink\system\CodeIgniter.php(308): CodeIgniter\CodeIgniter->handleRequest(NULL, Object(Config\Cache), false)
#4 D:\www\carlink\index.php(45): CodeIgniter\CodeIgniter->run()
#5 {main}
CRITICAL - 2021-10-26 16:29:55 --> syntax error, unexpected ';', expecting ')'
#0 D:\www\carlink\system\Router\Router.php(192): CodeIgniter\Router\Router->autoRoute('brand/add')
#1 D:\www\carlink\system\CodeIgniter.php(789): CodeIgniter\Router\Router->handle('brand/add')
#2 D:\www\carlink\system\CodeIgniter.php(360): CodeIgniter\CodeIgniter->tryToRouteIt(Object(CodeIgniter\Router\RouteCollection))
#3 D:\www\carlink\system\CodeIgniter.php(308): CodeIgniter\CodeIgniter->handleRequest(NULL, Object(Config\Cache), false)
#4 D:\www\carlink\index.php(45): CodeIgniter\CodeIgniter->run()
#5 {main}
CRITICAL - 2021-10-26 16:31:36 --> Undefined variable: final_form
#0 D:\www\carlink\app\Controllers\Brand.php(65): CodeIgniter\Debug\Exceptions->errorHandler(8, 'Undefined varia...', 'D:\\www\\carlink\\...', 65, Array)
#1 D:\www\carlink\system\CodeIgniter.php(914): App\Controllers\Brand->add()
#2 D:\www\carlink\system\CodeIgniter.php(400): CodeIgniter\CodeIgniter->runController(Object(App\Controllers\Brand))
#3 D:\www\carlink\system\CodeIgniter.php(308): CodeIgniter\CodeIgniter->handleRequest(NULL, Object(Config\Cache), false)
#4 D:\www\carlink\index.php(45): CodeIgniter\CodeIgniter->run()
#5 {main}
CRITICAL - 2021-10-26 16:31:36 --> Undefined variable: final_form
#0 D:\www\carlink\app\Controllers\Brand.php(65): CodeIgniter\Debug\Exceptions->errorHandler(8, 'Undefined varia...', 'D:\\www\\carlink\\...', 65, Array)
#1 D:\www\carlink\system\CodeIgniter.php(914): App\Controllers\Brand->add()
#2 D:\www\carlink\system\CodeIgniter.php(400): CodeIgniter\CodeIgniter->runController(Object(App\Controllers\Brand))
#3 D:\www\carlink\system\CodeIgniter.php(308): CodeIgniter\CodeIgniter->handleRequest(NULL, Object(Config\Cache), false)
#4 D:\www\carlink\index.php(45): CodeIgniter\CodeIgniter->run()
#5 {main}
CRITICAL - 2021-10-26 16:31:37 --> Undefined variable: final_form
#0 D:\www\carlink\app\Controllers\Brand.php(65): CodeIgniter\Debug\Exceptions->errorHandler(8, 'Undefined varia...', 'D:\\www\\carlink\\...', 65, Array)
#1 D:\www\carlink\system\CodeIgniter.php(914): App\Controllers\Brand->add()
#2 D:\www\carlink\system\CodeIgniter.php(400): CodeIgniter\CodeIgniter->runController(Object(App\Controllers\Brand))
#3 D:\www\carlink\system\CodeIgniter.php(308): CodeIgniter\CodeIgniter->handleRequest(NULL, Object(Config\Cache), false)
#4 D:\www\carlink\index.php(45): CodeIgniter\CodeIgniter->run()
#5 {main}
CRITICAL - 2021-10-26 16:31:42 --> Undefined variable: final_form
#0 D:\www\carlink\app\Controllers\Brand.php(65): CodeIgniter\Debug\Exceptions->errorHandler(8, 'Undefined varia...', 'D:\\www\\carlink\\...', 65, Array)
#1 D:\www\carlink\system\CodeIgniter.php(914): App\Controllers\Brand->add()
#2 D:\www\carlink\system\CodeIgniter.php(400): CodeIgniter\CodeIgniter->runController(Object(App\Controllers\Brand))
#3 D:\www\carlink\system\CodeIgniter.php(308): CodeIgniter\CodeIgniter->handleRequest(NULL, Object(Config\Cache), false)
#4 D:\www\carlink\index.php(45): CodeIgniter\CodeIgniter->run()
#5 {main}
CRITICAL - 2021-10-26 16:31:43 --> Undefined variable: final_form
#0 D:\www\carlink\app\Controllers\Brand.php(65): CodeIgniter\Debug\Exceptions->errorHandler(8, 'Undefined varia...', 'D:\\www\\carlink\\...', 65, Array)
#1 D:\www\carlink\system\CodeIgniter.php(914): App\Controllers\Brand->add()
#2 D:\www\carlink\system\CodeIgniter.php(400): CodeIgniter\CodeIgniter->runController(Object(App\Controllers\Brand))
#3 D:\www\carlink\system\CodeIgniter.php(308): CodeIgniter\CodeIgniter->handleRequest(NULL, Object(Config\Cache), false)
#4 D:\www\carlink\index.php(45): CodeIgniter\CodeIgniter->run()
#5 {main}
CRITICAL - 2021-10-26 16:31:44 --> Undefined variable: final_form
#0 D:\www\carlink\app\Controllers\Brand.php(65): CodeIgniter\Debug\Exceptions->errorHandler(8, 'Undefined varia...', 'D:\\www\\carlink\\...', 65, Array)
#1 D:\www\carlink\system\CodeIgniter.php(914): App\Controllers\Brand->add()
#2 D:\www\carlink\system\CodeIgniter.php(400): CodeIgniter\CodeIgniter->runController(Object(App\Controllers\Brand))
#3 D:\www\carlink\system\CodeIgniter.php(308): CodeIgniter\CodeIgniter->handleRequest(NULL, Object(Config\Cache), false)
#4 D:\www\carlink\index.php(45): CodeIgniter\CodeIgniter->run()
#5 {main}
CRITICAL - 2021-10-26 16:31:44 --> A non-numeric value encountered
#0 D:\www\carlink\app\Controllers\Brand.php(66): CodeIgniter\Debug\Exceptions->errorHandler(2, 'A non-numeric v...', 'D:\\www\\carlink\\...', 66, Array)
#1 D:\www\carlink\system\CodeIgniter.php(914): App\Controllers\Brand->add()
#2 D:\www\carlink\system\CodeIgniter.php(400): CodeIgniter\CodeIgniter->runController(Object(App\Controllers\Brand))
#3 D:\www\carlink\system\CodeIgniter.php(308): CodeIgniter\CodeIgniter->handleRequest(NULL, Object(Config\Cache), false)
#4 D:\www\carlink\index.php(45): CodeIgniter\CodeIgniter->run()
#5 {main}
CRITICAL - 2021-10-26 16:31:45 --> A non-numeric value encountered
#0 D:\www\carlink\app\Controllers\Brand.php(66): CodeIgniter\Debug\Exceptions->errorHandler(2, 'A non-numeric v...', 'D:\\www\\carlink\\...', 66, Array)
#1 D:\www\carlink\system\CodeIgniter.php(914): App\Controllers\Brand->add()
#2 D:\www\carlink\system\CodeIgniter.php(400): CodeIgniter\CodeIgniter->runController(Object(App\Controllers\Brand))
#3 D:\www\carlink\system\CodeIgniter.php(308): CodeIgniter\CodeIgniter->handleRequest(NULL, Object(Config\Cache), false)
#4 D:\www\carlink\index.php(45): CodeIgniter\CodeIgniter->run()
#5 {main}
CRITICAL - 2021-10-26 16:31:45 --> A non-numeric value encountered
#0 D:\www\carlink\app\Controllers\Brand.php(66): CodeIgniter\Debug\Exceptions->errorHandler(2, 'A non-numeric v...', 'D:\\www\\carlink\\...', 66, Array)
#1 D:\www\carlink\system\CodeIgniter.php(914): App\Controllers\Brand->add()
#2 D:\www\carlink\system\CodeIgniter.php(400): CodeIgniter\CodeIgniter->runController(Object(App\Controllers\Brand))
#3 D:\www\carlink\system\CodeIgniter.php(308): CodeIgniter\CodeIgniter->handleRequest(NULL, Object(Config\Cache), false)
#4 D:\www\carlink\index.php(45): CodeIgniter\CodeIgniter->run()
#5 {main}
CRITICAL - 2021-10-26 16:31:51 --> Undefined index: modified_date
#0 D:\www\carlink\app\Controllers\Brand.php(66): CodeIgniter\Debug\Exceptions->errorHandler(8, 'Undefined index...', 'D:\\www\\carlink\\...', 66, Array)
#1 D:\www\carlink\system\CodeIgniter.php(914): App\Controllers\Brand->add()
#2 D:\www\carlink\system\CodeIgniter.php(400): CodeIgniter\CodeIgniter->runController(Object(App\Controllers\Brand))
#3 D:\www\carlink\system\CodeIgniter.php(308): CodeIgniter\CodeIgniter->handleRequest(NULL, Object(Config\Cache), false)
#4 D:\www\carlink\index.php(45): CodeIgniter\CodeIgniter->run()
#5 {main}
CRITICAL - 2021-10-26 16:31:52 --> Undefined index: modified_date
#0 D:\www\carlink\app\Controllers\Brand.php(66): CodeIgniter\Debug\Exceptions->errorHandler(8, 'Undefined index...', 'D:\\www\\carlink\\...', 66, Array)
#1 D:\www\carlink\system\CodeIgniter.php(914): App\Controllers\Brand->add()
#2 D:\www\carlink\system\CodeIgniter.php(400): CodeIgniter\CodeIgniter->runController(Object(App\Controllers\Brand))
#3 D:\www\carlink\system\CodeIgniter.php(308): CodeIgniter\CodeIgniter->handleRequest(NULL, Object(Config\Cache), false)
#4 D:\www\carlink\index.php(45): CodeIgniter\CodeIgniter->run()
#5 {main}
CRITICAL - 2021-10-26 16:31:52 --> Undefined index: modified_date
#0 D:\www\carlink\app\Controllers\Brand.php(66): CodeIgniter\Debug\Exceptions->errorHandler(8, 'Undefined index...', 'D:\\www\\carlink\\...', 66, Array)
#1 D:\www\carlink\system\CodeIgniter.php(914): App\Controllers\Brand->add()
#2 D:\www\carlink\system\CodeIgniter.php(400): CodeIgniter\CodeIgniter->runController(Object(App\Controllers\Brand))
#3 D:\www\carlink\system\CodeIgniter.php(308): CodeIgniter\CodeIgniter->handleRequest(NULL, Object(Config\Cache), false)
#4 D:\www\carlink\index.php(45): CodeIgniter\CodeIgniter->run()
#5 {main}
CRITICAL - 2021-10-26 16:31:53 --> Undefined index: modified_date
#0 D:\www\carlink\app\Controllers\Brand.php(66): CodeIgniter\Debug\Exceptions->errorHandler(8, 'Undefined index...', 'D:\\www\\carlink\\...', 66, Array)
#1 D:\www\carlink\system\CodeIgniter.php(914): App\Controllers\Brand->add()
#2 D:\www\carlink\system\CodeIgniter.php(400): CodeIgniter\CodeIgniter->runController(Object(App\Controllers\Brand))
#3 D:\www\carlink\system\CodeIgniter.php(308): CodeIgniter\CodeIgniter->handleRequest(NULL, Object(Config\Cache), false)
#4 D:\www\carlink\index.php(45): CodeIgniter\CodeIgniter->run()
#5 {main}
CRITICAL - 2021-10-26 16:31:53 --> Undefined index: modified_date
#0 D:\www\carlink\app\Controllers\Brand.php(66): CodeIgniter\Debug\Exceptions->errorHandler(8, 'Undefined index...', 'D:\\www\\carlink\\...', 66, Array)
#1 D:\www\carlink\system\CodeIgniter.php(914): App\Controllers\Brand->add()
#2 D:\www\carlink\system\CodeIgniter.php(400): CodeIgniter\CodeIgniter->runController(Object(App\Controllers\Brand))
#3 D:\www\carlink\system\CodeIgniter.php(308): CodeIgniter\CodeIgniter->handleRequest(NULL, Object(Config\Cache), false)
#4 D:\www\carlink\index.php(45): CodeIgniter\CodeIgniter->run()
#5 {main}
CRITICAL - 2021-10-26 16:31:54 --> Undefined index: modified_date
#0 D:\www\carlink\app\Controllers\Brand.php(66): CodeIgniter\Debug\Exceptions->errorHandler(8, 'Undefined index...', 'D:\\www\\carlink\\...', 66, Array)
#1 D:\www\carlink\system\CodeIgniter.php(914): App\Controllers\Brand->add()
#2 D:\www\carlink\system\CodeIgniter.php(400): CodeIgniter\CodeIgniter->runController(Object(App\Controllers\Brand))
#3 D:\www\carlink\system\CodeIgniter.php(308): CodeIgniter\CodeIgniter->handleRequest(NULL, Object(Config\Cache), false)
#4 D:\www\carlink\index.php(45): CodeIgniter\CodeIgniter->run()
#5 {main}
CRITICAL - 2021-10-26 16:32:02 --> Undefined index: modified_date
#0 D:\www\carlink\app\Controllers\Brand.php(66): CodeIgniter\Debug\Exceptions->errorHandler(8, 'Undefined index...', 'D:\\www\\carlink\\...', 66, Array)
#1 D:\www\carlink\system\CodeIgniter.php(914): App\Controllers\Brand->add()
#2 D:\www\carlink\system\CodeIgniter.php(400): CodeIgniter\CodeIgniter->runController(Object(App\Controllers\Brand))
#3 D:\www\carlink\system\CodeIgniter.php(308): CodeIgniter\CodeIgniter->handleRequest(NULL, Object(Config\Cache), false)
#4 D:\www\carlink\index.php(45): CodeIgniter\CodeIgniter->run()
#5 {main}
CRITICAL - 2021-10-26 16:32:03 --> Undefined index: modified_date
#0 D:\www\carlink\app\Controllers\Brand.php(66): CodeIgniter\Debug\Exceptions->errorHandler(8, 'Undefined index...', 'D:\\www\\carlink\\...', 66, Array)
#1 D:\www\carlink\system\CodeIgniter.php(914): App\Controllers\Brand->add()
#2 D:\www\carlink\system\CodeIgniter.php(400): CodeIgniter\CodeIgniter->runController(Object(App\Controllers\Brand))
#3 D:\www\carlink\system\CodeIgniter.php(308): CodeIgniter\CodeIgniter->handleRequest(NULL, Object(Config\Cache), false)
#4 D:\www\carlink\index.php(45): CodeIgniter\CodeIgniter->run()
#5 {main}
CRITICAL - 2021-10-26 16:32:04 --> Undefined index: modified_date
#0 D:\www\carlink\app\Controllers\Brand.php(66): CodeIgniter\Debug\Exceptions->errorHandler(8, 'Undefined index...', 'D:\\www\\carlink\\...', 66, Array)
#1 D:\www\carlink\system\CodeIgniter.php(914): App\Controllers\Brand->add()
#2 D:\www\carlink\system\CodeIgniter.php(400): CodeIgniter\CodeIgniter->runController(Object(App\Controllers\Brand))
#3 D:\www\carlink\system\CodeIgniter.php(308): CodeIgniter\CodeIgniter->handleRequest(NULL, Object(Config\Cache), false)
#4 D:\www\carlink\index.php(45): CodeIgniter\CodeIgniter->run()
#5 {main}
CRITICAL - 2021-10-26 16:34:25 --> Call to undefined method App\Controllers\Brand::get_final_form()
#0 D:\www\carlink\system\CodeIgniter.php(914): App\Controllers\Brand->add()
#1 D:\www\carlink\system\CodeIgniter.php(400): CodeIgniter\CodeIgniter->runController(Object(App\Controllers\Brand))
#2 D:\www\carlink\system\CodeIgniter.php(308): CodeIgniter\CodeIgniter->handleRequest(NULL, Object(Config\Cache), false)
#3 D:\www\carlink\index.php(45): CodeIgniter\CodeIgniter->run()
#4 {main}
CRITICAL - 2021-10-26 16:34:26 --> Call to undefined method App\Controllers\Brand::get_final_form()
#0 D:\www\carlink\system\CodeIgniter.php(914): App\Controllers\Brand->add()
#1 D:\www\carlink\system\CodeIgniter.php(400): CodeIgniter\CodeIgniter->runController(Object(App\Controllers\Brand))
#2 D:\www\carlink\system\CodeIgniter.php(308): CodeIgniter\CodeIgniter->handleRequest(NULL, Object(Config\Cache), false)
#3 D:\www\carlink\index.php(45): CodeIgniter\CodeIgniter->run()
#4 {main}
CRITICAL - 2021-10-26 16:34:26 --> Call to undefined method App\Controllers\Brand::get_final_form()
#0 D:\www\carlink\system\CodeIgniter.php(914): App\Controllers\Brand->add()
#1 D:\www\carlink\system\CodeIgniter.php(400): CodeIgniter\CodeIgniter->runController(Object(App\Controllers\Brand))
#2 D:\www\carlink\system\CodeIgniter.php(308): CodeIgniter\CodeIgniter->handleRequest(NULL, Object(Config\Cache), false)
#3 D:\www\carlink\index.php(45): CodeIgniter\CodeIgniter->run()
#4 {main}
CRITICAL - 2021-10-26 16:34:55 --> Call to undefined method App\Controllers\Brand::get_final_form()
#0 D:\www\carlink\system\CodeIgniter.php(914): App\Controllers\Brand->add()
#1 D:\www\carlink\system\CodeIgniter.php(400): CodeIgniter\CodeIgniter->runController(Object(App\Controllers\Brand))
#2 D:\www\carlink\system\CodeIgniter.php(308): CodeIgniter\CodeIgniter->handleRequest(NULL, Object(Config\Cache), false)
#3 D:\www\carlink\index.php(45): CodeIgniter\CodeIgniter->run()
#4 {main}
CRITICAL - 2021-10-26 16:34:56 --> Call to undefined method App\Controllers\Brand::get_final_form()
#0 D:\www\carlink\system\CodeIgniter.php(914): App\Controllers\Brand->add()
#1 D:\www\carlink\system\CodeIgniter.php(400): CodeIgniter\CodeIgniter->runController(Object(App\Controllers\Brand))
#2 D:\www\carlink\system\CodeIgniter.php(308): CodeIgniter\CodeIgniter->handleRequest(NULL, Object(Config\Cache), false)
#3 D:\www\carlink\index.php(45): CodeIgniter\CodeIgniter->run()
#4 {main}
CRITICAL - 2021-10-26 16:47:18 --> Call to undefined method App\Controllers\Brand::get_final_form()
#0 D:\www\carlink\system\CodeIgniter.php(914): App\Controllers\Brand->add()
#1 D:\www\carlink\system\CodeIgniter.php(400): CodeIgniter\CodeIgniter->runController(Object(App\Controllers\Brand))
#2 D:\www\carlink\system\CodeIgniter.php(308): CodeIgniter\CodeIgniter->handleRequest(NULL, Object(Config\Cache), false)
#3 D:\www\carlink\index.php(45): CodeIgniter\CodeIgniter->run()
#4 {main}
CRITICAL - 2021-10-26 16:47:20 --> Call to undefined method CodeIgniter\Database\MySQLi\Builder::get_field()
#0 D:\www\carlink\app\Controllers\Brand.php(62): App\Core\BaseModel->get_final_form(Array)
#1 D:\www\carlink\system\CodeIgniter.php(914): App\Controllers\Brand->add()
#2 D:\www\carlink\system\CodeIgniter.php(400): CodeIgniter\CodeIgniter->runController(Object(App\Controllers\Brand))
#3 D:\www\carlink\system\CodeIgniter.php(308): CodeIgniter\CodeIgniter->handleRequest(NULL, Object(Config\Cache), false)
#4 D:\www\carlink\index.php(45): CodeIgniter\CodeIgniter->run()
#5 {main}
CRITICAL - 2021-10-26 16:49:09 --> Object of class CodeIgniter\Database\MySQLi\Result could not be converted to string
#0 D:\www\carlink\app\Core\BaseModel.php(1197): App\Core\BaseModel->insert_log('create', Object(CodeIgniter\Database\MySQLi\Result))
#1 D:\www\carlink\app\Controllers\Brand.php(54): App\Core\BaseModel->insertNew(Array)
#2 D:\www\carlink\system\CodeIgniter.php(914): App\Controllers\Brand->add()
#3 D:\www\carlink\system\CodeIgniter.php(400): CodeIgniter\CodeIgniter->runController(Object(App\Controllers\Brand))
#4 D:\www\carlink\system\CodeIgniter.php(308): CodeIgniter\CodeIgniter->handleRequest(NULL, Object(Config\Cache), false)
#5 D:\www\carlink\index.php(45): CodeIgniter\CodeIgniter->run()
#6 {main}
CRITICAL - 2021-10-26 16:49:58 --> ini_set(): Headers already sent. You cannot change the session module's ini settings at this time
#0 [internal function]: CodeIgniter\Debug\Exceptions->errorHandler(2, 'ini_set(): Head...', 'D:\\www\\carlink\\...', 101, Array)
#1 D:\www\carlink\system\Session\Handlers\FileHandler.php(101): ini_set('session.save_pa...', 'D:\\www\\carlink\\...')
#2 D:\www\carlink\system\Config\Services.php(763): CodeIgniter\Session\Handlers\FileHandler->__construct(Object(Config\App), '::1')
#3 D:\www\carlink\system\Config\BaseService.php(123): CodeIgniter\Config\Services::session(Object(Config\App), false)
#4 D:\www\carlink\system\Config\Services.php(752): CodeIgniter\Config\BaseService::getSharedInstance('session', NULL)
#5 D:\www\carlink\system\Common.php(894): CodeIgniter\Config\Services::session()
#6 D:\www\carlink\app\Core\BaseModel.php(24): session()
#7 D:\www\carlink\app\Models\BrandModel.php(9): App\Core\BaseModel->__construct()
#8 D:\www\carlink\app\Controllers\Brand.php(15): App\Models\BrandModel->__construct()
#9 D:\www\carlink\system\CodeIgniter.php(886): App\Controllers\Brand->__construct()
#10 D:\www\carlink\system\CodeIgniter.php(395): CodeIgniter\CodeIgniter->createController()
#11 D:\www\carlink\system\CodeIgniter.php(308): CodeIgniter\CodeIgniter->handleRequest(NULL, Object(Config\Cache), false)
#12 D:\www\carlink\index.php(45): CodeIgniter\CodeIgniter->run()
#13 {main}
CRITICAL - 2021-10-26 16:49:58 --> Uncaught ErrorException: Cannot modify header information - headers already sent by (output started at D:\www\carlink\app\Config\Events.php:27) in D:\www\carlink\system\Debug\Exceptions.php:162
Stack trace:
#0 [internal function]: CodeIgniter\Debug\Exceptions->errorHandler(2, 'Cannot modify h...', 'D:\\www\\carlink\\...', 162, Array)
#1 D:\www\carlink\system\Debug\Exceptions.php(162): header('HTTP/1.1 500 In...', true, 500)
#2 [internal function]: CodeIgniter\Debug\Exceptions->exceptionHandler(Object(ErrorException))
#3 {main}
  thrown
#0 [internal function]: CodeIgniter\Debug\Exceptions->shutdownHandler()
#1 {main}
CRITICAL - 2021-10-26 16:50:01 --> Duplicate entry '0' for key 'PRIMARY'
#0 D:\www\carlink\system\Database\MySQLi\Connection.php(331): mysqli->query('INSERT INTO `br...')
#1 D:\www\carlink\system\Database\BaseConnection.php(738): CodeIgniter\Database\MySQLi\Connection->execute('INSERT INTO `br...')
#2 D:\www\carlink\system\Database\BaseConnection.php(666): CodeIgniter\Database\BaseConnection->simpleQuery('INSERT INTO `br...')
#3 D:\www\carlink\system\Database\BaseBuilder.php(2234): CodeIgniter\Database\BaseConnection->query('INSERT INTO `br...', Array, false)
#4 D:\www\carlink\app\Core\BaseModel.php(1196): CodeIgniter\Database\BaseBuilder->insert(Array)
#5 D:\www\carlink\app\Controllers\Brand.php(54): App\Core\BaseModel->insertNew(Array)
#6 D:\www\carlink\system\CodeIgniter.php(914): App\Controllers\Brand->add()
#7 D:\www\carlink\system\CodeIgniter.php(400): CodeIgniter\CodeIgniter->runController(Object(App\Controllers\Brand))
#8 D:\www\carlink\system\CodeIgniter.php(308): CodeIgniter\CodeIgniter->handleRequest(NULL, Object(Config\Cache), false)
#9 D:\www\carlink\index.php(45): CodeIgniter\CodeIgniter->run()
#10 {main}
CRITICAL - 2021-10-26 16:50:44 --> Unknown column 'inspection_part_id' in 'inspection_part'
#0 D:\www\carlink\system\Database\MySQLi\Connection.php(331): mysqli->query('ALTER TABLE ins...')
#1 D:\www\carlink\system\Database\BaseConnection.php(738): CodeIgniter\Database\MySQLi\Connection->execute('ALTER TABLE ins...')
#2 D:\www\carlink\system\Database\BaseConnection.php(666): CodeIgniter\Database\BaseConnection->simpleQuery('ALTER TABLE ins...')
#3 D:\www\carlink\app\Core\BaseModel.php(1566): CodeIgniter\Database\BaseConnection->query('ALTER TABLE ins...')
#4 D:\www\carlink\app\Models\BrandModel.php(10): App\Core\BaseModel->reset_primary_key()
#5 D:\www\carlink\app\Controllers\Brand.php(15): App\Models\BrandModel->__construct()
#6 D:\www\carlink\system\CodeIgniter.php(886): App\Controllers\Brand->__construct()
#7 D:\www\carlink\system\CodeIgniter.php(395): CodeIgniter\CodeIgniter->createController()
#8 D:\www\carlink\system\CodeIgniter.php(308): CodeIgniter\CodeIgniter->handleRequest(NULL, Object(Config\Cache), false)
#9 D:\www\carlink\index.php(45): CodeIgniter\CodeIgniter->run()
#10 {main}
CRITICAL - 2021-10-26 16:51:34 --> Error on rename of '.\carlink__\#sql-1438_e9.frm' to '.\carlink__\about.frm' (Errcode: 13 - Permission denied)
#0 D:\www\carlink\system\Database\MySQLi\Connection.php(331): mysqli->query('ALTER TABLE abo...')
#1 D:\www\carlink\system\Database\BaseConnection.php(738): CodeIgniter\Database\MySQLi\Connection->execute('ALTER TABLE abo...')
#2 D:\www\carlink\system\Database\BaseConnection.php(666): CodeIgniter\Database\BaseConnection->simpleQuery('ALTER TABLE abo...')
#3 D:\www\carlink\app\Core\BaseModel.php(1566): CodeIgniter\Database\BaseConnection->query('ALTER TABLE abo...')
#4 D:\www\carlink\app\Models\BrandModel.php(10): App\Core\BaseModel->reset_primary_key()
#5 D:\www\carlink\app\Controllers\Brand.php(15): App\Models\BrandModel->__construct()
#6 D:\www\carlink\system\CodeIgniter.php(886): App\Controllers\Brand->__construct()
#7 D:\www\carlink\system\CodeIgniter.php(395): CodeIgniter\CodeIgniter->createController()
#8 D:\www\carlink\system\CodeIgniter.php(308): CodeIgniter\CodeIgniter->handleRequest(NULL, Object(Config\Cache), false)
#9 D:\www\carlink\index.php(45): CodeIgniter\CodeIgniter->run()
#10 {main}
CRITICAL - 2021-10-26 16:51:42 --> Object of class CodeIgniter\Database\MySQLi\Result could not be converted to string
#0 D:\www\carlink\app\Core\BaseModel.php(1197): App\Core\BaseModel->insert_log('create', Object(CodeIgniter\Database\MySQLi\Result))
#1 D:\www\carlink\app\Controllers\Brand.php(54): App\Core\BaseModel->insertNew(Array)
#2 D:\www\carlink\system\CodeIgniter.php(914): App\Controllers\Brand->add()
#3 D:\www\carlink\system\CodeIgniter.php(400): CodeIgniter\CodeIgniter->runController(Object(App\Controllers\Brand))
#4 D:\www\carlink\system\CodeIgniter.php(308): CodeIgniter\CodeIgniter->handleRequest(NULL, Object(Config\Cache), false)
#5 D:\www\carlink\index.php(45): CodeIgniter\CodeIgniter->run()
#6 {main}
CRITICAL - 2021-10-26 16:52:03 --> Error on rename of '.\carlink__\#sql-1438_fd.frm' to '.\carlink__\admin.frm' (Errcode: 13 - Permission denied)
#0 D:\www\carlink\system\Database\MySQLi\Connection.php(331): mysqli->query('ALTER TABLE adm...')
#1 D:\www\carlink\system\Database\BaseConnection.php(738): CodeIgniter\Database\MySQLi\Connection->execute('ALTER TABLE adm...')
#2 D:\www\carlink\system\Database\BaseConnection.php(666): CodeIgniter\Database\BaseConnection->simpleQuery('ALTER TABLE adm...')
#3 D:\www\carlink\app\Core\BaseModel.php(1566): CodeIgniter\Database\BaseConnection->query('ALTER TABLE adm...')
#4 D:\www\carlink\app\Models\BrandModel.php(10): App\Core\BaseModel->reset_primary_key()
#5 D:\www\carlink\app\Controllers\Brand.php(15): App\Models\BrandModel->__construct()
#6 D:\www\carlink\system\CodeIgniter.php(886): App\Controllers\Brand->__construct()
#7 D:\www\carlink\system\CodeIgniter.php(395): CodeIgniter\CodeIgniter->createController()
#8 D:\www\carlink\system\CodeIgniter.php(308): CodeIgniter\CodeIgniter->handleRequest(NULL, Object(Config\Cache), false)
#9 D:\www\carlink\index.php(45): CodeIgniter\CodeIgniter->run()
#10 {main}
CRITICAL - 2021-10-26 16:52:08 --> Object of class CodeIgniter\Database\MySQLi\Result could not be converted to string
#0 D:\www\carlink\app\Core\BaseModel.php(1197): App\Core\BaseModel->insert_log('create', Object(CodeIgniter\Database\MySQLi\Result))
#1 D:\www\carlink\app\Controllers\Brand.php(54): App\Core\BaseModel->insertNew(Array)
#2 D:\www\carlink\system\CodeIgniter.php(914): App\Controllers\Brand->add()
#3 D:\www\carlink\system\CodeIgniter.php(400): CodeIgniter\CodeIgniter->runController(Object(App\Controllers\Brand))
#4 D:\www\carlink\system\CodeIgniter.php(308): CodeIgniter\CodeIgniter->handleRequest(NULL, Object(Config\Cache), false)
#5 D:\www\carlink\index.php(45): CodeIgniter\CodeIgniter->run()
#6 {main}
CRITICAL - 2021-10-26 16:52:45 --> Object of class CodeIgniter\Database\MySQLi\Result could not be converted to string
#0 D:\www\carlink\app\Core\BaseModel.php(1197): App\Core\BaseModel->insert_log('create', Object(CodeIgniter\Database\MySQLi\Result))
#1 D:\www\carlink\app\Controllers\Brand.php(54): App\Core\BaseModel->insertNew(Array)
#2 D:\www\carlink\system\CodeIgniter.php(914): App\Controllers\Brand->add()
#3 D:\www\carlink\system\CodeIgniter.php(400): CodeIgniter\CodeIgniter->runController(Object(App\Controllers\Brand))
#4 D:\www\carlink\system\CodeIgniter.php(308): CodeIgniter\CodeIgniter->handleRequest(NULL, Object(Config\Cache), false)
#5 D:\www\carlink\index.php(45): CodeIgniter\CodeIgniter->run()
#6 {main}
CRITICAL - 2021-10-26 16:52:45 --> Object of class CodeIgniter\Database\MySQLi\Result could not be converted to string
#0 D:\www\carlink\app\Core\BaseModel.php(1197): App\Core\BaseModel->insert_log('create', Object(CodeIgniter\Database\MySQLi\Result))
#1 D:\www\carlink\app\Controllers\Brand.php(54): App\Core\BaseModel->insertNew(Array)
#2 D:\www\carlink\system\CodeIgniter.php(914): App\Controllers\Brand->add()
#3 D:\www\carlink\system\CodeIgniter.php(400): CodeIgniter\CodeIgniter->runController(Object(App\Controllers\Brand))
#4 D:\www\carlink\system\CodeIgniter.php(308): CodeIgniter\CodeIgniter->handleRequest(NULL, Object(Config\Cache), false)
#5 D:\www\carlink\index.php(45): CodeIgniter\CodeIgniter->run()
#6 {main}
CRITICAL - 2021-10-26 16:52:46 --> Object of class CodeIgniter\Database\MySQLi\Result could not be converted to string
#0 D:\www\carlink\app\Core\BaseModel.php(1197): App\Core\BaseModel->insert_log('create', Object(CodeIgniter\Database\MySQLi\Result))
#1 D:\www\carlink\app\Controllers\Brand.php(54): App\Core\BaseModel->insertNew(Array)
#2 D:\www\carlink\system\CodeIgniter.php(914): App\Controllers\Brand->add()
#3 D:\www\carlink\system\CodeIgniter.php(400): CodeIgniter\CodeIgniter->runController(Object(App\Controllers\Brand))
#4 D:\www\carlink\system\CodeIgniter.php(308): CodeIgniter\CodeIgniter->handleRequest(NULL, Object(Config\Cache), false)
#5 D:\www\carlink\index.php(45): CodeIgniter\CodeIgniter->run()
#6 {main}
CRITICAL - 2021-10-26 16:52:47 --> Object of class CodeIgniter\Database\MySQLi\Result could not be converted to string
#0 D:\www\carlink\app\Core\BaseModel.php(1197): App\Core\BaseModel->insert_log('create', Object(CodeIgniter\Database\MySQLi\Result))
#1 D:\www\carlink\app\Controllers\Brand.php(54): App\Core\BaseModel->insertNew(Array)
#2 D:\www\carlink\system\CodeIgniter.php(914): App\Controllers\Brand->add()
#3 D:\www\carlink\system\CodeIgniter.php(400): CodeIgniter\CodeIgniter->runController(Object(App\Controllers\Brand))
#4 D:\www\carlink\system\CodeIgniter.php(308): CodeIgniter\CodeIgniter->handleRequest(NULL, Object(Config\Cache), false)
#5 D:\www\carlink\index.php(45): CodeIgniter\CodeIgniter->run()
#6 {main}
CRITICAL - 2021-10-26 16:52:48 --> Object of class CodeIgniter\Database\MySQLi\Result could not be converted to string
#0 D:\www\carlink\app\Core\BaseModel.php(1197): App\Core\BaseModel->insert_log('create', Object(CodeIgniter\Database\MySQLi\Result))
#1 D:\www\carlink\app\Controllers\Brand.php(54): App\Core\BaseModel->insertNew(Array)
#2 D:\www\carlink\system\CodeIgniter.php(914): App\Controllers\Brand->add()
#3 D:\www\carlink\system\CodeIgniter.php(400): CodeIgniter\CodeIgniter->runController(Object(App\Controllers\Brand))
#4 D:\www\carlink\system\CodeIgniter.php(308): CodeIgniter\CodeIgniter->handleRequest(NULL, Object(Config\Cache), false)
#5 D:\www\carlink\index.php(45): CodeIgniter\CodeIgniter->run()
#6 {main}
CRITICAL - 2021-10-26 16:52:48 --> Object of class CodeIgniter\Database\MySQLi\Result could not be converted to string
#0 D:\www\carlink\app\Core\BaseModel.php(1197): App\Core\BaseModel->insert_log('create', Object(CodeIgniter\Database\MySQLi\Result))
#1 D:\www\carlink\app\Controllers\Brand.php(54): App\Core\BaseModel->insertNew(Array)
#2 D:\www\carlink\system\CodeIgniter.php(914): App\Controllers\Brand->add()
#3 D:\www\carlink\system\CodeIgniter.php(400): CodeIgniter\CodeIgniter->runController(Object(App\Controllers\Brand))
#4 D:\www\carlink\system\CodeIgniter.php(308): CodeIgniter\CodeIgniter->handleRequest(NULL, Object(Config\Cache), false)
#5 D:\www\carlink\index.php(45): CodeIgniter\CodeIgniter->run()
#6 {main}
CRITICAL - 2021-10-26 16:52:59 --> Object of class CodeIgniter\Database\MySQLi\Result could not be converted to string
#0 D:\www\carlink\app\Core\BaseModel.php(1197): App\Core\BaseModel->insert_log('create', Object(CodeIgniter\Database\MySQLi\Result))
#1 D:\www\carlink\app\Controllers\Brand.php(54): App\Core\BaseModel->insertNew(Array)
#2 D:\www\carlink\system\CodeIgniter.php(914): App\Controllers\Brand->add()
#3 D:\www\carlink\system\CodeIgniter.php(400): CodeIgniter\CodeIgniter->runController(Object(App\Controllers\Brand))
#4 D:\www\carlink\system\CodeIgniter.php(308): CodeIgniter\CodeIgniter->handleRequest(NULL, Object(Config\Cache), false)
#5 D:\www\carlink\index.php(45): CodeIgniter\CodeIgniter->run()
#6 {main}
CRITICAL - 2021-10-26 16:53:59 --> Call to undefined method CodeIgniter\Database\MySQLi\Connection::insert()
#0 D:\www\carlink\app\Core\BaseModel.php(1197): App\Core\BaseModel->insert_log('create', 22)
#1 D:\www\carlink\app\Controllers\Brand.php(54): App\Core\BaseModel->insertNew(Array)
#2 D:\www\carlink\system\CodeIgniter.php(914): App\Controllers\Brand->add()
#3 D:\www\carlink\system\CodeIgniter.php(400): CodeIgniter\CodeIgniter->runController(Object(App\Controllers\Brand))
#4 D:\www\carlink\system\CodeIgniter.php(308): CodeIgniter\CodeIgniter->handleRequest(NULL, Object(Config\Cache), false)
#5 D:\www\carlink\index.php(45): CodeIgniter\CodeIgniter->run()
#6 {main}
CRITICAL - 2021-10-26 16:54:18 --> Call to undefined method CodeIgniter\Database\MySQLi\Connection::insertNew()
#0 D:\www\carlink\app\Core\BaseModel.php(1197): App\Core\BaseModel->insert_log('create', 23)
#1 D:\www\carlink\app\Controllers\Brand.php(54): App\Core\BaseModel->insertNew(Array)
#2 D:\www\carlink\system\CodeIgniter.php(914): App\Controllers\Brand->add()
#3 D:\www\carlink\system\CodeIgniter.php(400): CodeIgniter\CodeIgniter->runController(Object(App\Controllers\Brand))
#4 D:\www\carlink\system\CodeIgniter.php(308): CodeIgniter\CodeIgniter->handleRequest(NULL, Object(Config\Cache), false)
#5 D:\www\carlink\index.php(45): CodeIgniter\CodeIgniter->run()
#6 {main}
CRITICAL - 2021-10-26 16:54:19 --> Call to undefined method CodeIgniter\Database\MySQLi\Connection::insertNew()
#0 D:\www\carlink\app\Core\BaseModel.php(1197): App\Core\BaseModel->insert_log('create', 24)
#1 D:\www\carlink\app\Controllers\Brand.php(54): App\Core\BaseModel->insertNew(Array)
#2 D:\www\carlink\system\CodeIgniter.php(914): App\Controllers\Brand->add()
#3 D:\www\carlink\system\CodeIgniter.php(400): CodeIgniter\CodeIgniter->runController(Object(App\Controllers\Brand))
#4 D:\www\carlink\system\CodeIgniter.php(308): CodeIgniter\CodeIgniter->handleRequest(NULL, Object(Config\Cache), false)
#5 D:\www\carlink\index.php(45): CodeIgniter\CodeIgniter->run()
#6 {main}
CRITICAL - 2021-10-26 16:54:20 --> Call to undefined method CodeIgniter\Database\MySQLi\Connection::insertNew()
#0 D:\www\carlink\app\Core\BaseModel.php(1197): App\Core\BaseModel->insert_log('create', 25)
#1 D:\www\carlink\app\Controllers\Brand.php(54): App\Core\BaseModel->insertNew(Array)
#2 D:\www\carlink\system\CodeIgniter.php(914): App\Controllers\Brand->add()
#3 D:\www\carlink\system\CodeIgniter.php(400): CodeIgniter\CodeIgniter->runController(Object(App\Controllers\Brand))
#4 D:\www\carlink\system\CodeIgniter.php(308): CodeIgniter\CodeIgniter->handleRequest(NULL, Object(Config\Cache), false)
#5 D:\www\carlink\index.php(45): CodeIgniter\CodeIgniter->run()
#6 {main}
CRITICAL - 2021-10-26 16:54:22 --> Call to undefined method CodeIgniter\Database\MySQLi\Connection::insertNew()
#0 D:\www\carlink\app\Core\BaseModel.php(1197): App\Core\BaseModel->insert_log('create', 26)
#1 D:\www\carlink\app\Controllers\Brand.php(54): App\Core\BaseModel->insertNew(Array)
#2 D:\www\carlink\system\CodeIgniter.php(914): App\Controllers\Brand->add()
#3 D:\www\carlink\system\CodeIgniter.php(400): CodeIgniter\CodeIgniter->runController(Object(App\Controllers\Brand))
#4 D:\www\carlink\system\CodeIgniter.php(308): CodeIgniter\CodeIgniter->handleRequest(NULL, Object(Config\Cache), false)
#5 D:\www\carlink\index.php(45): CodeIgniter\CodeIgniter->run()
#6 {main}
CRITICAL - 2021-10-26 16:54:23 --> Call to undefined method CodeIgniter\Database\MySQLi\Connection::insert()
#0 D:\www\carlink\app\Core\BaseModel.php(1197): App\Core\BaseModel->insert_log('create', 27)
#1 D:\www\carlink\app\Controllers\Brand.php(54): App\Core\BaseModel->insertNew(Array)
#2 D:\www\carlink\system\CodeIgniter.php(914): App\Controllers\Brand->add()
#3 D:\www\carlink\system\CodeIgniter.php(400): CodeIgniter\CodeIgniter->runController(Object(App\Controllers\Brand))
#4 D:\www\carlink\system\CodeIgniter.php(308): CodeIgniter\CodeIgniter->handleRequest(NULL, Object(Config\Cache), false)
#5 D:\www\carlink\index.php(45): CodeIgniter\CodeIgniter->run()
#6 {main}
CRITICAL - 2021-10-26 17:00:14 --> Undefined variable: builder
#0 D:\www\carlink\app\Core\BaseModel.php(1648): CodeIgniter\Debug\Exceptions->errorHandler(8, 'Undefined varia...', 'D:\\www\\carlink\\...', 1648, Array)
#1 D:\www\carlink\app\Core\BaseModel.php(1198): App\Core\BaseModel->insert_log('create', 28)
#2 D:\www\carlink\app\Controllers\Brand.php(54): App\Core\BaseModel->insertNew(Array)
#3 D:\www\carlink\system\CodeIgniter.php(914): App\Controllers\Brand->add()
#4 D:\www\carlink\system\CodeIgniter.php(400): CodeIgniter\CodeIgniter->runController(Object(App\Controllers\Brand))
#5 D:\www\carlink\system\CodeIgniter.php(308): CodeIgniter\CodeIgniter->handleRequest(NULL, Object(Config\Cache), false)
#6 D:\www\carlink\index.php(45): CodeIgniter\CodeIgniter->run()
#7 {main}
CRITICAL - 2021-10-26 17:00:16 --> Undefined variable: builder
#0 D:\www\carlink\app\Core\BaseModel.php(1648): CodeIgniter\Debug\Exceptions->errorHandler(8, 'Undefined varia...', 'D:\\www\\carlink\\...', 1648, Array)
#1 D:\www\carlink\app\Core\BaseModel.php(1198): App\Core\BaseModel->insert_log('create', 29)
#2 D:\www\carlink\app\Controllers\Brand.php(54): App\Core\BaseModel->insertNew(Array)
#3 D:\www\carlink\system\CodeIgniter.php(914): App\Controllers\Brand->add()
#4 D:\www\carlink\system\CodeIgniter.php(400): CodeIgniter\CodeIgniter->runController(Object(App\Controllers\Brand))
#5 D:\www\carlink\system\CodeIgniter.php(308): CodeIgniter\CodeIgniter->handleRequest(NULL, Object(Config\Cache), false)
#6 D:\www\carlink\index.php(45): CodeIgniter\CodeIgniter->run()
#7 {main}
CRITICAL - 2021-10-26 17:00:25 --> You have an error in your SQL syntax; check the manual that corresponds to your MySQL server version for the right syntax to use near '0, `action`) VALUES (('30','asd','asd','0','0',NULL,'2','2021-10-26 17:00:25'), ' at line 1
#0 D:\www\carlink\system\Database\MySQLi\Connection.php(331): mysqli->query('INSERT INTO `br...')
#1 D:\www\carlink\system\Database\BaseConnection.php(738): CodeIgniter\Database\MySQLi\Connection->execute('INSERT INTO `br...')
#2 D:\www\carlink\system\Database\BaseConnection.php(666): CodeIgniter\Database\BaseConnection->simpleQuery('INSERT INTO `br...')
#3 D:\www\carlink\app\Core\BaseModel.php(1650): CodeIgniter\Database\BaseConnection->query('INSERT INTO `br...')
#4 D:\www\carlink\app\Core\BaseModel.php(1198): App\Core\BaseModel->insert_log('create', 30)
#5 D:\www\carlink\app\Controllers\Brand.php(54): App\Core\BaseModel->insertNew(Array)
#6 D:\www\carlink\system\CodeIgniter.php(914): App\Controllers\Brand->add()
#7 D:\www\carlink\system\CodeIgniter.php(400): CodeIgniter\CodeIgniter->runController(Object(App\Controllers\Brand))
#8 D:\www\carlink\system\CodeIgniter.php(308): CodeIgniter\CodeIgniter->handleRequest(NULL, Object(Config\Cache), false)
#9 D:\www\carlink\index.php(45): CodeIgniter\CodeIgniter->run()
#10 {main}
CRITICAL - 2021-10-26 17:00:36 --> You have an error in your SQL syntax; check the manual that corresponds to your MySQL server version for the right syntax to use near '0, `action`) VALUES (('31','asd','asd','0','0',NULL,'2','2021-10-26 17:00:36'), ' at line 1
#0 D:\www\carlink\system\Database\MySQLi\Connection.php(331): mysqli->query('INSERT INTO `br...')
#1 D:\www\carlink\system\Database\BaseConnection.php(738): CodeIgniter\Database\MySQLi\Connection->execute('INSERT INTO `br...')
#2 D:\www\carlink\system\Database\BaseConnection.php(666): CodeIgniter\Database\BaseConnection->simpleQuery('INSERT INTO `br...')
#3 D:\www\carlink\app\Core\BaseModel.php(1650): CodeIgniter\Database\BaseConnection->query('INSERT INTO `br...')
#4 D:\www\carlink\app\Core\BaseModel.php(1198): App\Core\BaseModel->insert_log('create', 31)
#5 D:\www\carlink\app\Controllers\Brand.php(54): App\Core\BaseModel->insertNew(Array)
#6 D:\www\carlink\system\CodeIgniter.php(914): App\Controllers\Brand->add()
#7 D:\www\carlink\system\CodeIgniter.php(400): CodeIgniter\CodeIgniter->runController(Object(App\Controllers\Brand))
#8 D:\www\carlink\system\CodeIgniter.php(308): CodeIgniter\CodeIgniter->handleRequest(NULL, Object(Config\Cache), false)
#9 D:\www\carlink\index.php(45): CodeIgniter\CodeIgniter->run()
#10 {main}
CRITICAL - 2021-10-26 17:01:10 --> Unknown column 'action' in 'field list'
#0 D:\www\carlink\system\Database\MySQLi\Connection.php(331): mysqli->query('INSERT INTO `br...')
#1 D:\www\carlink\system\Database\BaseConnection.php(738): CodeIgniter\Database\MySQLi\Connection->execute('INSERT INTO `br...')
#2 D:\www\carlink\system\Database\BaseConnection.php(666): CodeIgniter\Database\BaseConnection->simpleQuery('INSERT INTO `br...')
#3 D:\www\carlink\app\Core\BaseModel.php(1651): CodeIgniter\Database\BaseConnection->query('INSERT INTO `br...')
#4 D:\www\carlink\app\Core\BaseModel.php(1198): App\Core\BaseModel->insert_log('create', 34)
#5 D:\www\carlink\app\Controllers\Brand.php(54): App\Core\BaseModel->insertNew(Array)
#6 D:\www\carlink\system\CodeIgniter.php(914): App\Controllers\Brand->add()
#7 D:\www\carlink\system\CodeIgniter.php(400): CodeIgniter\CodeIgniter->runController(Object(App\Controllers\Brand))
#8 D:\www\carlink\system\CodeIgniter.php(308): CodeIgniter\CodeIgniter->handleRequest(NULL, Object(Config\Cache), false)
#9 D:\www\carlink\index.php(45): CodeIgniter\CodeIgniter->run()
#10 {main}
CRITICAL - 2021-10-26 17:02:01 --> Undefined variable: db
#0 D:\www\carlink\app\Core\BaseModel.php(1650): CodeIgniter\Debug\Exceptions->errorHandler(8, 'Undefined varia...', 'D:\\www\\carlink\\...', 1650, Array)
#1 D:\www\carlink\app\Core\BaseModel.php(1198): App\Core\BaseModel->insert_log('create', 37)
#2 D:\www\carlink\app\Controllers\Brand.php(54): App\Core\BaseModel->insertNew(Array)
#3 D:\www\carlink\system\CodeIgniter.php(914): App\Controllers\Brand->add()
#4 D:\www\carlink\system\CodeIgniter.php(400): CodeIgniter\CodeIgniter->runController(Object(App\Controllers\Brand))
#5 D:\www\carlink\system\CodeIgniter.php(308): CodeIgniter\CodeIgniter->handleRequest(NULL, Object(Config\Cache), false)
#6 D:\www\carlink\index.php(45): CodeIgniter\CodeIgniter->run()
#7 {main}
CRITICAL - 2021-10-26 17:02:02 --> Undefined variable: db
#0 D:\www\carlink\app\Core\BaseModel.php(1650): CodeIgniter\Debug\Exceptions->errorHandler(8, 'Undefined varia...', 'D:\\www\\carlink\\...', 1650, Array)
#1 D:\www\carlink\app\Core\BaseModel.php(1198): App\Core\BaseModel->insert_log('create', 38)
#2 D:\www\carlink\app\Controllers\Brand.php(54): App\Core\BaseModel->insertNew(Array)
#3 D:\www\carlink\system\CodeIgniter.php(914): App\Controllers\Brand->add()
#4 D:\www\carlink\system\CodeIgniter.php(400): CodeIgniter\CodeIgniter->runController(Object(App\Controllers\Brand))
#5 D:\www\carlink\system\CodeIgniter.php(308): CodeIgniter\CodeIgniter->handleRequest(NULL, Object(Config\Cache), false)
#6 D:\www\carlink\index.php(45): CodeIgniter\CodeIgniter->run()
#7 {main}
CRITICAL - 2021-10-26 17:02:09 --> Undefined variable: db
#0 D:\www\carlink\app\Core\BaseModel.php(1650): CodeIgniter\Debug\Exceptions->errorHandler(8, 'Undefined varia...', 'D:\\www\\carlink\\...', 1650, Array)
#1 D:\www\carlink\app\Core\BaseModel.php(1198): App\Core\BaseModel->insert_log('create', 39)
#2 D:\www\carlink\app\Controllers\Brand.php(54): App\Core\BaseModel->insertNew(Array)
#3 D:\www\carlink\system\CodeIgniter.php(914): App\Controllers\Brand->add()
#4 D:\www\carlink\system\CodeIgniter.php(400): CodeIgniter\CodeIgniter->runController(Object(App\Controllers\Brand))
#5 D:\www\carlink\system\CodeIgniter.php(308): CodeIgniter\CodeIgniter->handleRequest(NULL, Object(Config\Cache), false)
#6 D:\www\carlink\index.php(45): CodeIgniter\CodeIgniter->run()
#7 {main}
CRITICAL - 2021-10-26 17:02:40 --> Too few arguments to function App\Core\BaseModel::generate_edit_input(), 0 passed in D:\www\carlink\app\Core\BaseModel.php on line 1533 and exactly 1 expected
#0 D:\www\carlink\app\Core\BaseModel.php(1533): App\Core\BaseModel->generate_edit_input()
#1 D:\www\carlink\app\Controllers\Brand.php(120): App\Core\BaseModel->get_final_form_edit(Array)
#2 D:\www\carlink\system\CodeIgniter.php(914): App\Controllers\Brand->edit('41')
#3 D:\www\carlink\system\CodeIgniter.php(400): CodeIgniter\CodeIgniter->runController(Object(App\Controllers\Brand))
#4 D:\www\carlink\system\CodeIgniter.php(308): CodeIgniter\CodeIgniter->handleRequest(NULL, Object(Config\Cache), false)
#5 D:\www\carlink\index.php(45): CodeIgniter\CodeIgniter->run()
#6 {main}
CRITICAL - 2021-10-26 17:03:40 --> Undefined variable: brand
#0 D:\www\carlink\app\Controllers\Brand.php(121): CodeIgniter\Debug\Exceptions->errorHandler(8, 'Undefined varia...', 'D:\\www\\carlink\\...', 121, Array)
#1 D:\www\carlink\system\CodeIgniter.php(914): App\Controllers\Brand->edit('41')
#2 D:\www\carlink\system\CodeIgniter.php(400): CodeIgniter\CodeIgniter->runController(Object(App\Controllers\Brand))
#3 D:\www\carlink\system\CodeIgniter.php(308): CodeIgniter\CodeIgniter->handleRequest(NULL, Object(Config\Cache), false)
#4 D:\www\carlink\index.php(45): CodeIgniter\CodeIgniter->run()
#5 {main}
CRITICAL - 2021-10-26 17:03:43 --> Call to undefined method CodeIgniter\Database\MySQLi\Connection::select()
#0 D:\www\carlink\app\Core\BaseModel.php(1210): App\Core\BaseModel->insert_where_log('update', Array)
#1 D:\www\carlink\app\Controllers\Brand.php(111): App\Core\BaseModel->updateWhere(Array, Array)
#2 D:\www\carlink\system\CodeIgniter.php(914): App\Controllers\Brand->edit('41')
#3 D:\www\carlink\system\CodeIgniter.php(400): CodeIgniter\CodeIgniter->runController(Object(App\Controllers\Brand))
#4 D:\www\carlink\system\CodeIgniter.php(308): CodeIgniter\CodeIgniter->handleRequest(NULL, Object(Config\Cache), false)
#5 D:\www\carlink\index.php(45): CodeIgniter\CodeIgniter->run()
#6 {main}
CRITICAL - 2021-10-26 17:04:00 --> Call to undefined method CodeIgniter\Database\MySQLi\Connection::select()
#0 D:\www\carlink\app\Core\BaseModel.php(1210): App\Core\BaseModel->insert_where_log('update', Array)
#1 D:\www\carlink\app\Controllers\Brand.php(111): App\Core\BaseModel->updateWhere(Array, Array)
#2 D:\www\carlink\system\CodeIgniter.php(914): App\Controllers\Brand->edit('41')
#3 D:\www\carlink\system\CodeIgniter.php(400): CodeIgniter\CodeIgniter->runController(Object(App\Controllers\Brand))
#4 D:\www\carlink\system\CodeIgniter.php(308): CodeIgniter\CodeIgniter->handleRequest(NULL, Object(Config\Cache), false)
#5 D:\www\carlink\index.php(45): CodeIgniter\CodeIgniter->run()
#6 {main}
CRITICAL - 2021-10-26 17:04:00 --> Call to undefined method CodeIgniter\Database\MySQLi\Connection::select()
#0 D:\www\carlink\app\Core\BaseModel.php(1210): App\Core\BaseModel->insert_where_log('update', Array)
#1 D:\www\carlink\app\Controllers\Brand.php(111): App\Core\BaseModel->updateWhere(Array, Array)
#2 D:\www\carlink\system\CodeIgniter.php(914): App\Controllers\Brand->edit('41')
#3 D:\www\carlink\system\CodeIgniter.php(400): CodeIgniter\CodeIgniter->runController(Object(App\Controllers\Brand))
#4 D:\www\carlink\system\CodeIgniter.php(308): CodeIgniter\CodeIgniter->handleRequest(NULL, Object(Config\Cache), false)
#5 D:\www\carlink\index.php(45): CodeIgniter\CodeIgniter->run()
#6 {main}
CRITICAL - 2021-10-26 17:04:24 --> Undefined offset: 0
#0 D:\www\carlink\app\Core\BaseModel.php(1687): CodeIgniter\Debug\Exceptions->errorHandler(8, 'Undefined offse...', 'D:\\www\\carlink\\...', 1687, Array)
#1 D:\www\carlink\app\Core\BaseModel.php(1210): App\Core\BaseModel->insert_where_log('update', Array)
#2 D:\www\carlink\app\Controllers\Brand.php(111): App\Core\BaseModel->updateWhere(Array, Array)
#3 D:\www\carlink\system\CodeIgniter.php(914): App\Controllers\Brand->edit('41')
#4 D:\www\carlink\system\CodeIgniter.php(400): CodeIgniter\CodeIgniter->runController(Object(App\Controllers\Brand))
#5 D:\www\carlink\system\CodeIgniter.php(308): CodeIgniter\CodeIgniter->handleRequest(NULL, Object(Config\Cache), false)
#6 D:\www\carlink\index.php(45): CodeIgniter\CodeIgniter->run()
#7 {main}
CRITICAL - 2021-10-26 17:04:31 --> Call to undefined method CodeIgniter\Database\MySQLi\Connection::get()
#0 D:\www\carlink\app\Core\BaseModel.php(1210): App\Core\BaseModel->insert_where_log('update', Array)
#1 D:\www\carlink\app\Controllers\Brand.php(111): App\Core\BaseModel->updateWhere(Array, Array)
#2 D:\www\carlink\system\CodeIgniter.php(914): App\Controllers\Brand->edit('41')
#3 D:\www\carlink\system\CodeIgniter.php(400): CodeIgniter\CodeIgniter->runController(Object(App\Controllers\Brand))
#4 D:\www\carlink\system\CodeIgniter.php(308): CodeIgniter\CodeIgniter->handleRequest(NULL, Object(Config\Cache), false)
#5 D:\www\carlink\index.php(45): CodeIgniter\CodeIgniter->run()
#6 {main}
CRITICAL - 2021-10-26 17:04:35 --> Call to undefined method CodeIgniter\Database\MySQLi\Connection::get()
#0 D:\www\carlink\app\Core\BaseModel.php(1210): App\Core\BaseModel->insert_where_log('update', Array)
#1 D:\www\carlink\app\Controllers\Brand.php(111): App\Core\BaseModel->updateWhere(Array, Array)
#2 D:\www\carlink\system\CodeIgniter.php(914): App\Controllers\Brand->edit('41')
#3 D:\www\carlink\system\CodeIgniter.php(400): CodeIgniter\CodeIgniter->runController(Object(App\Controllers\Brand))
#4 D:\www\carlink\system\CodeIgniter.php(308): CodeIgniter\CodeIgniter->handleRequest(NULL, Object(Config\Cache), false)
#5 D:\www\carlink\index.php(45): CodeIgniter\CodeIgniter->run()
#6 {main}
CRITICAL - 2021-10-26 17:04:56 --> Call to undefined method CodeIgniter\Database\MySQLi\Connection::getResultArray()
#0 D:\www\carlink\app\Core\BaseModel.php(1210): App\Core\BaseModel->insert_where_log('update', Array)
#1 D:\www\carlink\app\Controllers\Brand.php(111): App\Core\BaseModel->updateWhere(Array, Array)
#2 D:\www\carlink\system\CodeIgniter.php(914): App\Controllers\Brand->edit('41')
#3 D:\www\carlink\system\CodeIgniter.php(400): CodeIgniter\CodeIgniter->runController(Object(App\Controllers\Brand))
#4 D:\www\carlink\system\CodeIgniter.php(308): CodeIgniter\CodeIgniter->handleRequest(NULL, Object(Config\Cache), false)
#5 D:\www\carlink\index.php(45): CodeIgniter\CodeIgniter->run()
#6 {main}
CRITICAL - 2021-10-26 17:04:57 --> Call to undefined method CodeIgniter\Database\MySQLi\Connection::getResultArray()
#0 D:\www\carlink\app\Core\BaseModel.php(1210): App\Core\BaseModel->insert_where_log('update', Array)
#1 D:\www\carlink\app\Controllers\Brand.php(111): App\Core\BaseModel->updateWhere(Array, Array)
#2 D:\www\carlink\system\CodeIgniter.php(914): App\Controllers\Brand->edit('41')
#3 D:\www\carlink\system\CodeIgniter.php(400): CodeIgniter\CodeIgniter->runController(Object(App\Controllers\Brand))
#4 D:\www\carlink\system\CodeIgniter.php(308): CodeIgniter\CodeIgniter->handleRequest(NULL, Object(Config\Cache), false)
#5 D:\www\carlink\index.php(45): CodeIgniter\CodeIgniter->run()
#6 {main}
CRITICAL - 2021-10-26 17:05:28 --> Call to undefined method CodeIgniter\Database\MySQLi\Connection::get()
#0 D:\www\carlink\app\Core\BaseModel.php(1210): App\Core\BaseModel->insert_where_log('update', Array)
#1 D:\www\carlink\app\Controllers\Brand.php(111): App\Core\BaseModel->updateWhere(Array, Array)
#2 D:\www\carlink\system\CodeIgniter.php(914): App\Controllers\Brand->edit('41')
#3 D:\www\carlink\system\CodeIgniter.php(400): CodeIgniter\CodeIgniter->runController(Object(App\Controllers\Brand))
#4 D:\www\carlink\system\CodeIgniter.php(308): CodeIgniter\CodeIgniter->handleRequest(NULL, Object(Config\Cache), false)
#5 D:\www\carlink\index.php(45): CodeIgniter\CodeIgniter->run()
#6 {main}
CRITICAL - 2021-10-26 17:05:28 --> Call to undefined method CodeIgniter\Database\MySQLi\Connection::get()
#0 D:\www\carlink\app\Core\BaseModel.php(1210): App\Core\BaseModel->insert_where_log('update', Array)
#1 D:\www\carlink\app\Controllers\Brand.php(111): App\Core\BaseModel->updateWhere(Array, Array)
#2 D:\www\carlink\system\CodeIgniter.php(914): App\Controllers\Brand->edit('41')
#3 D:\www\carlink\system\CodeIgniter.php(400): CodeIgniter\CodeIgniter->runController(Object(App\Controllers\Brand))
#4 D:\www\carlink\system\CodeIgniter.php(308): CodeIgniter\CodeIgniter->handleRequest(NULL, Object(Config\Cache), false)
#5 D:\www\carlink\index.php(45): CodeIgniter\CodeIgniter->run()
#6 {main}
CRITICAL - 2021-10-26 17:05:30 --> Call to undefined method CodeIgniter\Database\MySQLi\Connection::get()
#0 D:\www\carlink\app\Core\BaseModel.php(1210): App\Core\BaseModel->insert_where_log('update', Array)
#1 D:\www\carlink\app\Controllers\Brand.php(111): App\Core\BaseModel->updateWhere(Array, Array)
#2 D:\www\carlink\system\CodeIgniter.php(914): App\Controllers\Brand->edit('41')
#3 D:\www\carlink\system\CodeIgniter.php(400): CodeIgniter\CodeIgniter->runController(Object(App\Controllers\Brand))
#4 D:\www\carlink\system\CodeIgniter.php(308): CodeIgniter\CodeIgniter->handleRequest(NULL, Object(Config\Cache), false)
#5 D:\www\carlink\index.php(45): CodeIgniter\CodeIgniter->run()
#6 {main}
CRITICAL - 2021-10-26 17:05:40 --> Call to undefined method CodeIgniter\Database\MySQLi\Connection::insert()
#0 D:\www\carlink\app\Core\BaseModel.php(1210): App\Core\BaseModel->insert_where_log('update', Array)
#1 D:\www\carlink\app\Controllers\Brand.php(111): App\Core\BaseModel->updateWhere(Array, Array)
#2 D:\www\carlink\system\CodeIgniter.php(914): App\Controllers\Brand->edit('41')
#3 D:\www\carlink\system\CodeIgniter.php(400): CodeIgniter\CodeIgniter->runController(Object(App\Controllers\Brand))
#4 D:\www\carlink\system\CodeIgniter.php(308): CodeIgniter\CodeIgniter->handleRequest(NULL, Object(Config\Cache), false)
#5 D:\www\carlink\index.php(45): CodeIgniter\CodeIgniter->run()
#6 {main}
CRITICAL - 2021-10-26 17:05:41 --> Call to undefined method CodeIgniter\Database\MySQLi\Connection::insert()
#0 D:\www\carlink\app\Core\BaseModel.php(1210): App\Core\BaseModel->insert_where_log('update', Array)
#1 D:\www\carlink\app\Controllers\Brand.php(111): App\Core\BaseModel->updateWhere(Array, Array)
#2 D:\www\carlink\system\CodeIgniter.php(914): App\Controllers\Brand->edit('41')
#3 D:\www\carlink\system\CodeIgniter.php(400): CodeIgniter\CodeIgniter->runController(Object(App\Controllers\Brand))
#4 D:\www\carlink\system\CodeIgniter.php(308): CodeIgniter\CodeIgniter->handleRequest(NULL, Object(Config\Cache), false)
#5 D:\www\carlink\index.php(45): CodeIgniter\CodeIgniter->run()
#6 {main}
CRITICAL - 2021-10-26 17:05:48 --> Call to undefined method CodeIgniter\Database\MySQLi\Connection::insert()
#0 D:\www\carlink\app\Core\BaseModel.php(1210): App\Core\BaseModel->insert_where_log('update', Array)
#1 D:\www\carlink\app\Controllers\Brand.php(111): App\Core\BaseModel->updateWhere(Array, Array)
#2 D:\www\carlink\system\CodeIgniter.php(914): App\Controllers\Brand->edit('41')
#3 D:\www\carlink\system\CodeIgniter.php(400): CodeIgniter\CodeIgniter->runController(Object(App\Controllers\Brand))
#4 D:\www\carlink\system\CodeIgniter.php(308): CodeIgniter\CodeIgniter->handleRequest(NULL, Object(Config\Cache), false)
#5 D:\www\carlink\index.php(45): CodeIgniter\CodeIgniter->run()
#6 {main}
CRITICAL - 2021-10-26 17:06:16 --> Call to undefined method CodeIgniter\Database\MySQLi\Connection::insert()
#0 D:\www\carlink\app\Core\BaseModel.php(1210): App\Core\BaseModel->insert_where_log('update', Array)
#1 D:\www\carlink\app\Controllers\Brand.php(111): App\Core\BaseModel->updateWhere(Array, Array)
#2 D:\www\carlink\system\CodeIgniter.php(914): App\Controllers\Brand->edit('41')
#3 D:\www\carlink\system\CodeIgniter.php(400): CodeIgniter\CodeIgniter->runController(Object(App\Controllers\Brand))
#4 D:\www\carlink\system\CodeIgniter.php(308): CodeIgniter\CodeIgniter->handleRequest(NULL, Object(Config\Cache), false)
#5 D:\www\carlink\index.php(45): CodeIgniter\CodeIgniter->run()
#6 {main}
CRITICAL - 2021-10-26 17:11:34 --> syntax error, unexpected end of file
#0 D:\www\carlink\system\Autoloader\Autoloader.php(296): CodeIgniter\Autoloader\Autoloader->requireFile('D:\\www\\carlink\\...')
#1 D:\www\carlink\system\Autoloader\Autoloader.php(258): CodeIgniter\Autoloader\Autoloader->loadInNamespace('App\\Core\\BaseMo...')
#2 [internal function]: CodeIgniter\Autoloader\Autoloader->loadClass('App\\Core\\BaseMo...')
#3 D:\www\carlink\app\Models\BrandModel.php(5): spl_autoload_call('App\\Core\\BaseMo...')
#4 D:\www\carlink\system\Autoloader\Autoloader.php(365): require_once('D:\\www\\carlink\\...')
#5 D:\www\carlink\system\Autoloader\Autoloader.php(296): CodeIgniter\Autoloader\Autoloader->requireFile('D:\\www\\carlink\\...')
#6 D:\www\carlink\system\Autoloader\Autoloader.php(258): CodeIgniter\Autoloader\Autoloader->loadInNamespace('App\\Models\\Bran...')
#7 [internal function]: CodeIgniter\Autoloader\Autoloader->loadClass('App\\Models\\Bran...')
#8 D:\www\carlink\app\Controllers\Brand.php(15): spl_autoload_call('App\\Models\\Bran...')
#9 D:\www\carlink\system\CodeIgniter.php(886): App\Controllers\Brand->__construct()
#10 D:\www\carlink\system\CodeIgniter.php(395): CodeIgniter\CodeIgniter->createController()
#11 D:\www\carlink\system\CodeIgniter.php(308): CodeIgniter\CodeIgniter->handleRequest(NULL, Object(Config\Cache), false)
#12 D:\www\carlink\index.php(45): CodeIgniter\CodeIgniter->run()
#13 {main}
CRITICAL - 2021-10-26 17:11:48 --> Call to undefined method CodeIgniter\Database\MySQLi\Connection::insert()
#0 D:\www\carlink\app\Core\BaseModel.php(1211): App\Core\BaseModel->insert_where_log('update', 'brand_id = '41'')
#1 D:\www\carlink\app\Controllers\Brand.php(111): App\Core\BaseModel->updateWhere(Array, Array)
#2 D:\www\carlink\system\CodeIgniter.php(914): App\Controllers\Brand->edit('41')
#3 D:\www\carlink\system\CodeIgniter.php(400): CodeIgniter\CodeIgniter->runController(Object(App\Controllers\Brand))
#4 D:\www\carlink\system\CodeIgniter.php(308): CodeIgniter\CodeIgniter->handleRequest(NULL, Object(Config\Cache), false)
#5 D:\www\carlink\index.php(45): CodeIgniter\CodeIgniter->run()
#6 {main}
CRITICAL - 2021-10-26 17:11:48 --> Call to undefined method CodeIgniter\Database\MySQLi\Connection::insert()
#0 D:\www\carlink\app\Core\BaseModel.php(1211): App\Core\BaseModel->insert_where_log('update', 'brand_id = '41'')
#1 D:\www\carlink\app\Controllers\Brand.php(111): App\Core\BaseModel->updateWhere(Array, Array)
#2 D:\www\carlink\system\CodeIgniter.php(914): App\Controllers\Brand->edit('41')
#3 D:\www\carlink\system\CodeIgniter.php(400): CodeIgniter\CodeIgniter->runController(Object(App\Controllers\Brand))
#4 D:\www\carlink\system\CodeIgniter.php(308): CodeIgniter\CodeIgniter->handleRequest(NULL, Object(Config\Cache), false)
#5 D:\www\carlink\index.php(45): CodeIgniter\CodeIgniter->run()
#6 {main}
CRITICAL - 2021-10-26 17:15:21 --> Undefined variable: data
#0 D:\www\carlink\app\Core\BaseModel.php(1221): CodeIgniter\Debug\Exceptions->errorHandler(8, 'Undefined varia...', 'D:\\www\\carlink\\...', 1221, Array)
#1 D:\www\carlink\app\Controllers\Brand.php(131): App\Core\BaseModel->softDeleteWhere(Array)
#2 D:\www\carlink\system\CodeIgniter.php(914): App\Controllers\Brand->delete('36')
#3 D:\www\carlink\system\CodeIgniter.php(400): CodeIgniter\CodeIgniter->runController(Object(App\Controllers\Brand))
#4 D:\www\carlink\system\CodeIgniter.php(308): CodeIgniter\CodeIgniter->handleRequest(NULL, Object(Config\Cache), false)
#5 D:\www\carlink\index.php(45): CodeIgniter\CodeIgniter->run()
#6 {main}
CRITICAL - 2021-10-26 17:30:03 --> Unknown column 'brand_brand_id' in 'where clause'
#0 D:\www\carlink\system\Database\MySQLi\Connection.php(331): mysqli->query('SELECT *\nFROM `...')
#1 D:\www\carlink\system\Database\BaseConnection.php(738): CodeIgniter\Database\MySQLi\Connection->execute('SELECT *\nFROM `...')
#2 D:\www\carlink\system\Database\BaseConnection.php(666): CodeIgniter\Database\BaseConnection->simpleQuery('SELECT *\nFROM `...')
#3 D:\www\carlink\system\Database\BaseBuilder.php(1845): CodeIgniter\Database\BaseConnection->query('SELECT *\nFROM `...', Array, false)
#4 D:\www\carlink\app\Core\BaseModel.php(1115): CodeIgniter\Database\BaseBuilder->get()
#5 D:\www\carlink\app\Core\BaseModel.php(1318): App\Core\BaseModel->getWhere(Array)
#6 D:\www\carlink\app\Controllers\Brand.php(71): App\Core\BaseModel->copy('34')
#7 D:\www\carlink\system\CodeIgniter.php(914): App\Controllers\Brand->copy('34')
#8 D:\www\carlink\system\CodeIgniter.php(400): CodeIgniter\CodeIgniter->runController(Object(App\Controllers\Brand))
#9 D:\www\carlink\system\CodeIgniter.php(308): CodeIgniter\CodeIgniter->handleRequest(NULL, Object(Config\Cache), false)
#10 D:\www\carlink\index.php(45): CodeIgniter\CodeIgniter->run()
#11 {main}
CRITICAL - 2021-10-26 17:30:10 --> Unknown column 'brand_brand_id' in 'where clause'
#0 D:\www\carlink\system\Database\MySQLi\Connection.php(331): mysqli->query('SELECT *\nFROM `...')
#1 D:\www\carlink\system\Database\BaseConnection.php(738): CodeIgniter\Database\MySQLi\Connection->execute('SELECT *\nFROM `...')
#2 D:\www\carlink\system\Database\BaseConnection.php(666): CodeIgniter\Database\BaseConnection->simpleQuery('SELECT *\nFROM `...')
#3 D:\www\carlink\system\Database\BaseBuilder.php(1845): CodeIgniter\Database\BaseConnection->query('SELECT *\nFROM `...', Array, false)
#4 D:\www\carlink\app\Core\BaseModel.php(1115): CodeIgniter\Database\BaseBuilder->get()
#5 D:\www\carlink\app\Core\BaseModel.php(1318): App\Core\BaseModel->getWhere(Array)
#6 D:\www\carlink\app\Controllers\Brand.php(71): App\Core\BaseModel->copy('34')
#7 D:\www\carlink\system\CodeIgniter.php(914): App\Controllers\Brand->copy('34')
#8 D:\www\carlink\system\CodeIgniter.php(400): CodeIgniter\CodeIgniter->runController(Object(App\Controllers\Brand))
#9 D:\www\carlink\system\CodeIgniter.php(308): CodeIgniter\CodeIgniter->handleRequest(NULL, Object(Config\Cache), false)
#10 D:\www\carlink\index.php(45): CodeIgniter\CodeIgniter->run()
#11 {main}
CRITICAL - 2021-10-26 17:30:11 --> You have an error in your SQL syntax; check the manual that corresponds to your MySQL server version for the right syntax to use near '0) VALUES (('34','asd','asd','0','0',NULL,'2','2021-10-26 17:01:10'))' at line 1
#0 D:\www\carlink\system\Database\MySQLi\Connection.php(331): mysqli->query('INSERT INTO `br...')
#1 D:\www\carlink\system\Database\BaseConnection.php(738): CodeIgniter\Database\MySQLi\Connection->execute('INSERT INTO `br...')
#2 D:\www\carlink\system\Database\BaseConnection.php(666): CodeIgniter\Database\BaseConnection->simpleQuery('INSERT INTO `br...')
#3 D:\www\carlink\system\Database\BaseBuilder.php(2234): CodeIgniter\Database\BaseConnection->query('INSERT INTO `br...', Array, false)
#4 D:\www\carlink\app\Core\BaseModel.php(1198): CodeIgniter\Database\BaseBuilder->insert(Array)
#5 D:\www\carlink\app\Core\BaseModel.php(1320): App\Core\BaseModel->insertNew(Array)
#6 D:\www\carlink\app\Controllers\Brand.php(71): App\Core\BaseModel->copy('34')
#7 D:\www\carlink\system\CodeIgniter.php(914): App\Controllers\Brand->copy('34')
#8 D:\www\carlink\system\CodeIgniter.php(400): CodeIgniter\CodeIgniter->runController(Object(App\Controllers\Brand))
#9 D:\www\carlink\system\CodeIgniter.php(308): CodeIgniter\CodeIgniter->handleRequest(NULL, Object(Config\Cache), false)
#10 D:\www\carlink\index.php(45): CodeIgniter\CodeIgniter->run()
#11 {main}
CRITICAL - 2021-10-26 17:30:11 --> You have an error in your SQL syntax; check the manual that corresponds to your MySQL server version for the right syntax to use near '0) VALUES (('34','asd','asd','0','0',NULL,'2','2021-10-26 17:01:10'))' at line 1
#0 D:\www\carlink\system\Database\MySQLi\Connection.php(331): mysqli->query('INSERT INTO `br...')
#1 D:\www\carlink\system\Database\BaseConnection.php(738): CodeIgniter\Database\MySQLi\Connection->execute('INSERT INTO `br...')
#2 D:\www\carlink\system\Database\BaseConnection.php(666): CodeIgniter\Database\BaseConnection->simpleQuery('INSERT INTO `br...')
#3 D:\www\carlink\system\Database\BaseBuilder.php(2234): CodeIgniter\Database\BaseConnection->query('INSERT INTO `br...', Array, false)
#4 D:\www\carlink\app\Core\BaseModel.php(1198): CodeIgniter\Database\BaseBuilder->insert(Array)
#5 D:\www\carlink\app\Core\BaseModel.php(1320): App\Core\BaseModel->insertNew(Array)
#6 D:\www\carlink\app\Controllers\Brand.php(71): App\Core\BaseModel->copy('34')
#7 D:\www\carlink\system\CodeIgniter.php(914): App\Controllers\Brand->copy('34')
#8 D:\www\carlink\system\CodeIgniter.php(400): CodeIgniter\CodeIgniter->runController(Object(App\Controllers\Brand))
#9 D:\www\carlink\system\CodeIgniter.php(308): CodeIgniter\CodeIgniter->handleRequest(NULL, Object(Config\Cache), false)
#10 D:\www\carlink\index.php(45): CodeIgniter\CodeIgniter->run()
#11 {main}
CRITICAL - 2021-10-26 17:30:12 --> You have an error in your SQL syntax; check the manual that corresponds to your MySQL server version for the right syntax to use near '0) VALUES (('34','asd','asd','0','0',NULL,'2','2021-10-26 17:01:10'))' at line 1
#0 D:\www\carlink\system\Database\MySQLi\Connection.php(331): mysqli->query('INSERT INTO `br...')
#1 D:\www\carlink\system\Database\BaseConnection.php(738): CodeIgniter\Database\MySQLi\Connection->execute('INSERT INTO `br...')
#2 D:\www\carlink\system\Database\BaseConnection.php(666): CodeIgniter\Database\BaseConnection->simpleQuery('INSERT INTO `br...')
#3 D:\www\carlink\system\Database\BaseBuilder.php(2234): CodeIgniter\Database\BaseConnection->query('INSERT INTO `br...', Array, false)
#4 D:\www\carlink\app\Core\BaseModel.php(1198): CodeIgniter\Database\BaseBuilder->insert(Array)
#5 D:\www\carlink\app\Core\BaseModel.php(1320): App\Core\BaseModel->insertNew(Array)
#6 D:\www\carlink\app\Controllers\Brand.php(71): App\Core\BaseModel->copy('34')
#7 D:\www\carlink\system\CodeIgniter.php(914): App\Controllers\Brand->copy('34')
#8 D:\www\carlink\system\CodeIgniter.php(400): CodeIgniter\CodeIgniter->runController(Object(App\Controllers\Brand))
#9 D:\www\carlink\system\CodeIgniter.php(308): CodeIgniter\CodeIgniter->handleRequest(NULL, Object(Config\Cache), false)
#10 D:\www\carlink\index.php(45): CodeIgniter\CodeIgniter->run()
#11 {main}
CRITICAL - 2021-10-26 17:30:20 --> You have an error in your SQL syntax; check the manual that corresponds to your MySQL server version for the right syntax to use near '0) VALUES (('34','asd','asd','0','0',NULL,'2','2021-10-26 17:01:10'))' at line 1
#0 D:\www\carlink\system\Database\MySQLi\Connection.php(331): mysqli->query('INSERT INTO `br...')
#1 D:\www\carlink\system\Database\BaseConnection.php(738): CodeIgniter\Database\MySQLi\Connection->execute('INSERT INTO `br...')
#2 D:\www\carlink\system\Database\BaseConnection.php(666): CodeIgniter\Database\BaseConnection->simpleQuery('INSERT INTO `br...')
#3 D:\www\carlink\system\Database\BaseBuilder.php(2234): CodeIgniter\Database\BaseConnection->query('INSERT INTO `br...', Array, false)
#4 D:\www\carlink\app\Core\BaseModel.php(1198): CodeIgniter\Database\BaseBuilder->insert(Array)
#5 D:\www\carlink\app\Core\BaseModel.php(1320): App\Core\BaseModel->insertNew(Array)
#6 D:\www\carlink\app\Controllers\Brand.php(71): App\Core\BaseModel->copy('34')
#7 D:\www\carlink\system\CodeIgniter.php(914): App\Controllers\Brand->copy('34')
#8 D:\www\carlink\system\CodeIgniter.php(400): CodeIgniter\CodeIgniter->runController(Object(App\Controllers\Brand))
#9 D:\www\carlink\system\CodeIgniter.php(308): CodeIgniter\CodeIgniter->handleRequest(NULL, Object(Config\Cache), false)
#10 D:\www\carlink\index.php(45): CodeIgniter\CodeIgniter->run()
#11 {main}
CRITICAL - 2021-10-26 17:30:20 --> You have an error in your SQL syntax; check the manual that corresponds to your MySQL server version for the right syntax to use near '0) VALUES (('34','asd','asd','0','0',NULL,'2','2021-10-26 17:01:10'))' at line 1
#0 D:\www\carlink\system\Database\MySQLi\Connection.php(331): mysqli->query('INSERT INTO `br...')
#1 D:\www\carlink\system\Database\BaseConnection.php(738): CodeIgniter\Database\MySQLi\Connection->execute('INSERT INTO `br...')
#2 D:\www\carlink\system\Database\BaseConnection.php(666): CodeIgniter\Database\BaseConnection->simpleQuery('INSERT INTO `br...')
#3 D:\www\carlink\system\Database\BaseBuilder.php(2234): CodeIgniter\Database\BaseConnection->query('INSERT INTO `br...', Array, false)
#4 D:\www\carlink\app\Core\BaseModel.php(1198): CodeIgniter\Database\BaseBuilder->insert(Array)
#5 D:\www\carlink\app\Core\BaseModel.php(1320): App\Core\BaseModel->insertNew(Array)
#6 D:\www\carlink\app\Controllers\Brand.php(71): App\Core\BaseModel->copy('34')
#7 D:\www\carlink\system\CodeIgniter.php(914): App\Controllers\Brand->copy('34')
#8 D:\www\carlink\system\CodeIgniter.php(400): CodeIgniter\CodeIgniter->runController(Object(App\Controllers\Brand))
#9 D:\www\carlink\system\CodeIgniter.php(308): CodeIgniter\CodeIgniter->handleRequest(NULL, Object(Config\Cache), false)
#10 D:\www\carlink\index.php(45): CodeIgniter\CodeIgniter->run()
#11 {main}
CRITICAL - 2021-10-26 17:30:29 --> You have an error in your SQL syntax; check the manual that corresponds to your MySQL server version for the right syntax to use near '0) VALUES (('34','asd','asd','0','0',NULL,'2','2021-10-26 17:01:10'))' at line 1
#0 D:\www\carlink\system\Database\MySQLi\Connection.php(331): mysqli->query('INSERT INTO `br...')
#1 D:\www\carlink\system\Database\BaseConnection.php(738): CodeIgniter\Database\MySQLi\Connection->execute('INSERT INTO `br...')
#2 D:\www\carlink\system\Database\BaseConnection.php(666): CodeIgniter\Database\BaseConnection->simpleQuery('INSERT INTO `br...')
#3 D:\www\carlink\system\Database\BaseBuilder.php(2234): CodeIgniter\Database\BaseConnection->query('INSERT INTO `br...', Array, false)
#4 D:\www\carlink\app\Core\BaseModel.php(1198): CodeIgniter\Database\BaseBuilder->insert(Array)
#5 D:\www\carlink\app\Core\BaseModel.php(1320): App\Core\BaseModel->insertNew(Array)
#6 D:\www\carlink\app\Controllers\Brand.php(71): App\Core\BaseModel->copy('34')
#7 D:\www\carlink\system\CodeIgniter.php(914): App\Controllers\Brand->copy('34')
#8 D:\www\carlink\system\CodeIgniter.php(400): CodeIgniter\CodeIgniter->runController(Object(App\Controllers\Brand))
#9 D:\www\carlink\system\CodeIgniter.php(308): CodeIgniter\CodeIgniter->handleRequest(NULL, Object(Config\Cache), false)
#10 D:\www\carlink\index.php(45): CodeIgniter\CodeIgniter->run()
#11 {main}
CRITICAL - 2021-10-26 19:10:46 --> Unknown column 'toturial.deleted' in 'where clause'
#0 D:\www\carlink\system\Database\MySQLi\Connection.php(331): mysqli->query('SELECT *\nFROM `...')
#1 D:\www\carlink\system\Database\BaseConnection.php(738): CodeIgniter\Database\MySQLi\Connection->execute('SELECT *\nFROM `...')
#2 D:\www\carlink\system\Database\BaseConnection.php(666): CodeIgniter\Database\BaseConnection->simpleQuery('SELECT *\nFROM `...')
#3 D:\www\carlink\system\Database\BaseBuilder.php(1845): CodeIgniter\Database\BaseConnection->query('SELECT *\nFROM `...', Array, false)
#4 D:\www\carlink\app\Core\BaseModel.php(133): CodeIgniter\Database\BaseBuilder->get()
#5 D:\www\carlink\app\Controllers\Toturial.php(31): App\Core\BaseModel->getAll()
#6 D:\www\carlink\system\CodeIgniter.php(914): App\Controllers\Toturial->index()
#7 D:\www\carlink\system\CodeIgniter.php(400): CodeIgniter\CodeIgniter->runController(Object(App\Controllers\Toturial))
#8 D:\www\carlink\system\CodeIgniter.php(308): CodeIgniter\CodeIgniter->handleRequest(NULL, Object(Config\Cache), false)
#9 D:\www\carlink\index.php(45): CodeIgniter\CodeIgniter->run()
#10 {main}
CRITICAL - 2021-10-26 19:12:18 --> Undefined index: contact
#0 D:\www\carlink\app\Views\admin\admin\all.php(56): CodeIgniter\Debug\Exceptions->errorHandler(8, 'Undefined index...', 'D:\\www\\carlink\\...', 56, Array)
#1 D:\www\carlink\system\View\View.php(246): include('D:\\www\\carlink\\...')
#2 D:\www\carlink\system\Common.php(1087): CodeIgniter\View\View->render('admin/admin/all', Array, true)
#3 D:\www\carlink\app\Controllers\Admin.php(40): view('admin/admin/all')
#4 D:\www\carlink\system\CodeIgniter.php(914): App\Controllers\Admin->index()
#5 D:\www\carlink\system\CodeIgniter.php(400): CodeIgniter\CodeIgniter->runController(Object(App\Controllers\Admin))
#6 D:\www\carlink\system\CodeIgniter.php(308): CodeIgniter\CodeIgniter->handleRequest(NULL, Object(Config\Cache), false)
#7 D:\www\carlink\index.php(45): CodeIgniter\CodeIgniter->run()
#8 {main}
CRITICAL - 2021-10-26 19:12:38 --> Undefined index: contact
#0 D:\www\carlink\app\Views\admin\admin\all.php(56): CodeIgniter\Debug\Exceptions->errorHandler(8, 'Undefined index...', 'D:\\www\\carlink\\...', 56, Array)
#1 D:\www\carlink\system\View\View.php(246): include('D:\\www\\carlink\\...')
#2 D:\www\carlink\system\Common.php(1087): CodeIgniter\View\View->render('admin/admin/all', Array, true)
#3 D:\www\carlink\app\Controllers\Admin.php(40): view('admin/admin/all')
#4 D:\www\carlink\system\CodeIgniter.php(914): App\Controllers\Admin->index()
#5 D:\www\carlink\system\CodeIgniter.php(400): CodeIgniter\CodeIgniter->runController(Object(App\Controllers\Admin))
#6 D:\www\carlink\system\CodeIgniter.php(308): CodeIgniter\CodeIgniter->handleRequest(NULL, Object(Config\Cache), false)
#7 D:\www\carlink\index.php(45): CodeIgniter\CodeIgniter->run()
#8 {main}
CRITICAL - 2021-10-26 19:12:49 --> Undefined index: contact
#0 D:\www\carlink\app\Views\admin\admin\all.php(56): CodeIgniter\Debug\Exceptions->errorHandler(8, 'Undefined index...', 'D:\\www\\carlink\\...', 56, Array)
#1 D:\www\carlink\system\View\View.php(246): include('D:\\www\\carlink\\...')
#2 D:\www\carlink\system\Common.php(1087): CodeIgniter\View\View->render('admin/admin/all', Array, true)
#3 D:\www\carlink\app\Controllers\Admin.php(40): view('admin/admin/all')
#4 D:\www\carlink\system\CodeIgniter.php(914): App\Controllers\Admin->index()
#5 D:\www\carlink\system\CodeIgniter.php(400): CodeIgniter\CodeIgniter->runController(Object(App\Controllers\Admin))
#6 D:\www\carlink\system\CodeIgniter.php(308): CodeIgniter\CodeIgniter->handleRequest(NULL, Object(Config\Cache), false)
#7 D:\www\carlink\index.php(45): CodeIgniter\CodeIgniter->run()
#8 {main}
CRITICAL - 2021-10-26 19:14:36 --> Unknown column 'users.deleted' in 'where clause'
#0 D:\www\carlink\system\Database\MySQLi\Connection.php(331): mysqli->query('SELECT *\nFROM `...')
#1 D:\www\carlink\system\Database\BaseConnection.php(738): CodeIgniter\Database\MySQLi\Connection->execute('SELECT *\nFROM `...')
#2 D:\www\carlink\system\Database\BaseConnection.php(666): CodeIgniter\Database\BaseConnection->simpleQuery('SELECT *\nFROM `...')
#3 D:\www\carlink\system\Database\BaseBuilder.php(1845): CodeIgniter\Database\BaseConnection->query('SELECT *\nFROM `...', Array, false)
#4 D:\www\carlink\app\Core\BaseModel.php(133): CodeIgniter\Database\BaseBuilder->get()
#5 D:\www\carlink\app\Controllers\Users.php(31): App\Core\BaseModel->getAll()
#6 D:\www\carlink\system\CodeIgniter.php(914): App\Controllers\Users->index()
#7 D:\www\carlink\system\CodeIgniter.php(400): CodeIgniter\CodeIgniter->runController(Object(App\Controllers\Users))
#8 D:\www\carlink\system\CodeIgniter.php(308): CodeIgniter\CodeIgniter->handleRequest(NULL, Object(Config\Cache), false)
#9 D:\www\carlink\index.php(45): CodeIgniter\CodeIgniter->run()
#10 {main}
CRITICAL - 2021-10-26 19:16:07 --> Undefined variable: start_no
#0 D:\www\carlink\app\Views\admin\users\all.php(49): CodeIgniter\Debug\Exceptions->errorHandler(8, 'Undefined varia...', 'D:\\www\\carlink\\...', 49, Array)
#1 D:\www\carlink\system\View\View.php(246): include('D:\\www\\carlink\\...')
#2 D:\www\carlink\system\Common.php(1087): CodeIgniter\View\View->render('admin/users/all', Array, true)
#3 D:\www\carlink\app\Controllers\Users.php(37): view('admin/users/all')
#4 D:\www\carlink\system\CodeIgniter.php(914): App\Controllers\Users->index()
#5 D:\www\carlink\system\CodeIgniter.php(400): CodeIgniter\CodeIgniter->runController(Object(App\Controllers\Users))
#6 D:\www\carlink\system\CodeIgniter.php(308): CodeIgniter\CodeIgniter->handleRequest(NULL, Object(Config\Cache), false)
#7 D:\www\carlink\index.php(45): CodeIgniter\CodeIgniter->run()
#8 {main}
CRITICAL - 2021-10-26 19:16:13 --> Undefined variable: start_no
#0 D:\www\carlink\app\Views\admin\users\all.php(49): CodeIgniter\Debug\Exceptions->errorHandler(8, 'Undefined varia...', 'D:\\www\\carlink\\...', 49, Array)
#1 D:\www\carlink\system\View\View.php(246): include('D:\\www\\carlink\\...')
#2 D:\www\carlink\system\Common.php(1087): CodeIgniter\View\View->render('admin/users/all', Array, true)
#3 D:\www\carlink\app\Controllers\Users.php(37): view('admin/users/all')
#4 D:\www\carlink\system\CodeIgniter.php(914): App\Controllers\Users->index()
#5 D:\www\carlink\system\CodeIgniter.php(400): CodeIgniter\CodeIgniter->runController(Object(App\Controllers\Users))
#6 D:\www\carlink\system\CodeIgniter.php(308): CodeIgniter\CodeIgniter->handleRequest(NULL, Object(Config\Cache), false)
#7 D:\www\carlink\index.php(45): CodeIgniter\CodeIgniter->run()
#8 {main}
CRITICAL - 2021-10-26 19:16:37 --> Undefined variable: user
#0 D:\www\carlink\app\Views\admin\users\all.php(50): CodeIgniter\Debug\Exceptions->errorHandler(8, 'Undefined varia...', 'D:\\www\\carlink\\...', 50, Array)
#1 D:\www\carlink\system\View\View.php(246): include('D:\\www\\carlink\\...')
#2 D:\www\carlink\system\Common.php(1087): CodeIgniter\View\View->render('admin/users/all', Array, true)
#3 D:\www\carlink\app\Controllers\Users.php(37): view('admin/users/all')
#4 D:\www\carlink\system\CodeIgniter.php(914): App\Controllers\Users->index()
#5 D:\www\carlink\system\CodeIgniter.php(400): CodeIgniter\CodeIgniter->runController(Object(App\Controllers\Users))
#6 D:\www\carlink\system\CodeIgniter.php(308): CodeIgniter\CodeIgniter->handleRequest(NULL, Object(Config\Cache), false)
#7 D:\www\carlink\index.php(45): CodeIgniter\CodeIgniter->run()
#8 {main}
CRITICAL - 2021-10-26 19:16:38 --> Undefined variable: user
#0 D:\www\carlink\app\Views\admin\users\all.php(50): CodeIgniter\Debug\Exceptions->errorHandler(8, 'Undefined varia...', 'D:\\www\\carlink\\...', 50, Array)
#1 D:\www\carlink\system\View\View.php(246): include('D:\\www\\carlink\\...')
#2 D:\www\carlink\system\Common.php(1087): CodeIgniter\View\View->render('admin/users/all', Array, true)
#3 D:\www\carlink\app\Controllers\Users.php(37): view('admin/users/all')
#4 D:\www\carlink\system\CodeIgniter.php(914): App\Controllers\Users->index()
#5 D:\www\carlink\system\CodeIgniter.php(400): CodeIgniter\CodeIgniter->runController(Object(App\Controllers\Users))
#6 D:\www\carlink\system\CodeIgniter.php(308): CodeIgniter\CodeIgniter->handleRequest(NULL, Object(Config\Cache), false)
#7 D:\www\carlink\index.php(45): CodeIgniter\CodeIgniter->run()
#8 {main}
