CRITICAL - 2021-12-03 14:58:09 --> Undefined variable: first_plate_no
#0 D:\www\carlink_backend\app\Controllers\API.php(575): CodeIgniter\Debug\Exceptions->errorHandler(8, 'Undefined varia...', 'D:\\www\\carlink_...', 575, Array)
#1 D:\www\carlink_backend\system\CodeIgniter.php(914): App\Controllers\API->get_car_detail()
#2 D:\www\carlink_backend\system\CodeIgniter.php(400): CodeIgniter\CodeIgniter->runController(Object(App\Controllers\API))
#3 D:\www\carlink_backend\system\CodeIgniter.php(308): CodeIgniter\CodeIgniter->handleRequest(NULL, Object(Config\Cache), false)
#4 D:\www\carlink_backend\index.php(45): CodeIgniter\CodeIgniter->run()
#5 {main}
CRITICAL - 2021-12-03 14:58:09 --> Undefined variable: first_plate_no
#0 D:\www\carlink_backend\app\Controllers\API.php(575): CodeIgniter\Debug\Exceptions->errorHandler(8, 'Undefined varia...', 'D:\\www\\carlink_...', 575, Array)
#1 D:\www\carlink_backend\system\CodeIgniter.php(914): App\Controllers\API->get_car_detail()
#2 D:\www\carlink_backend\system\CodeIgniter.php(400): CodeIgniter\CodeIgniter->runController(Object(App\Controllers\API))
#3 D:\www\carlink_backend\system\CodeIgniter.php(308): CodeIgniter\CodeIgniter->handleRequest(NULL, Object(Config\Cache), false)
#4 D:\www\carlink_backend\index.php(45): CodeIgniter\CodeIgniter->run()
#5 {main}
CRITICAL - 2021-12-03 14:58:10 --> Undefined variable: first_plate_no
#0 D:\www\carlink_backend\app\Controllers\API.php(575): CodeIgniter\Debug\Exceptions->errorHandler(8, 'Undefined varia...', 'D:\\www\\carlink_...', 575, Array)
#1 D:\www\carlink_backend\system\CodeIgniter.php(914): App\Controllers\API->get_car_detail()
#2 D:\www\carlink_backend\system\CodeIgniter.php(400): CodeIgniter\CodeIgniter->runController(Object(App\Controllers\API))
#3 D:\www\carlink_backend\system\CodeIgniter.php(308): CodeIgniter\CodeIgniter->handleRequest(NULL, Object(Config\Cache), false)
#4 D:\www\carlink_backend\index.php(45): CodeIgniter\CodeIgniter->run()
#5 {main}
CRITICAL - 2021-12-03 14:58:16 --> Undefined variable: first_plate_no
#0 D:\www\carlink_backend\app\Controllers\API.php(575): CodeIgniter\Debug\Exceptions->errorHandler(8, 'Undefined varia...', 'D:\\www\\carlink_...', 575, Array)
#1 D:\www\carlink_backend\system\CodeIgniter.php(914): App\Controllers\API->get_car_detail()
#2 D:\www\carlink_backend\system\CodeIgniter.php(400): CodeIgniter\CodeIgniter->runController(Object(App\Controllers\API))
#3 D:\www\carlink_backend\system\CodeIgniter.php(308): CodeIgniter\CodeIgniter->handleRequest(NULL, Object(Config\Cache), false)
#4 D:\www\carlink_backend\index.php(45): CodeIgniter\CodeIgniter->run()
#5 {main}
CRITICAL - 2021-12-03 14:58:17 --> Undefined variable: first_plate_no
#0 D:\www\carlink_backend\app\Controllers\API.php(575): CodeIgniter\Debug\Exceptions->errorHandler(8, 'Undefined varia...', 'D:\\www\\carlink_...', 575, Array)
#1 D:\www\carlink_backend\system\CodeIgniter.php(914): App\Controllers\API->get_car_detail()
#2 D:\www\carlink_backend\system\CodeIgniter.php(400): CodeIgniter\CodeIgniter->runController(Object(App\Controllers\API))
#3 D:\www\carlink_backend\system\CodeIgniter.php(308): CodeIgniter\CodeIgniter->handleRequest(NULL, Object(Config\Cache), false)
#4 D:\www\carlink_backend\index.php(45): CodeIgniter\CodeIgniter->run()
#5 {main}
CRITICAL - 2021-12-03 14:58:17 --> Undefined variable: first_plate_no
#0 D:\www\carlink_backend\app\Controllers\API.php(575): CodeIgniter\Debug\Exceptions->errorHandler(8, 'Undefined varia...', 'D:\\www\\carlink_...', 575, Array)
#1 D:\www\carlink_backend\system\CodeIgniter.php(914): App\Controllers\API->get_car_detail()
#2 D:\www\carlink_backend\system\CodeIgniter.php(400): CodeIgniter\CodeIgniter->runController(Object(App\Controllers\API))
#3 D:\www\carlink_backend\system\CodeIgniter.php(308): CodeIgniter\CodeIgniter->handleRequest(NULL, Object(Config\Cache), false)
#4 D:\www\carlink_backend\index.php(45): CodeIgniter\CodeIgniter->run()
#5 {main}
CRITICAL - 2021-12-03 14:58:18 --> Undefined variable: first_plate_no
#0 D:\www\carlink_backend\app\Controllers\API.php(575): CodeIgniter\Debug\Exceptions->errorHandler(8, 'Undefined varia...', 'D:\\www\\carlink_...', 575, Array)
#1 D:\www\carlink_backend\system\CodeIgniter.php(914): App\Controllers\API->get_car_detail()
#2 D:\www\carlink_backend\system\CodeIgniter.php(400): CodeIgniter\CodeIgniter->runController(Object(App\Controllers\API))
#3 D:\www\carlink_backend\system\CodeIgniter.php(308): CodeIgniter\CodeIgniter->handleRequest(NULL, Object(Config\Cache), false)
#4 D:\www\carlink_backend\index.php(45): CodeIgniter\CodeIgniter->run()
#5 {main}
CRITICAL - 2021-12-03 16:53:51 --> Undefined variable: db
#0 D:\www\carlink_backend\app\Controllers\API.php(112): CodeIgniter\Debug\Exceptions->errorHandler(8, 'Undefined varia...', 'D:\\www\\carlink_...', 112, Array)
#1 D:\www\carlink_backend\system\CodeIgniter.php(886): App\Controllers\API->__construct()
#2 D:\www\carlink_backend\system\CodeIgniter.php(395): CodeIgniter\CodeIgniter->createController()
#3 D:\www\carlink_backend\system\CodeIgniter.php(308): CodeIgniter\CodeIgniter->handleRequest(NULL, Object(Config\Cache), false)
#4 D:\www\carlink_backend\index.php(45): CodeIgniter\CodeIgniter->run()
#5 {main}
CRITICAL - 2021-12-03 16:53:52 --> Undefined variable: db
#0 D:\www\carlink_backend\app\Controllers\API.php(112): CodeIgniter\Debug\Exceptions->errorHandler(8, 'Undefined varia...', 'D:\\www\\carlink_...', 112, Array)
#1 D:\www\carlink_backend\system\CodeIgniter.php(886): App\Controllers\API->__construct()
#2 D:\www\carlink_backend\system\CodeIgniter.php(395): CodeIgniter\CodeIgniter->createController()
#3 D:\www\carlink_backend\system\CodeIgniter.php(308): CodeIgniter\CodeIgniter->handleRequest(NULL, Object(Config\Cache), false)
#4 D:\www\carlink_backend\index.php(45): CodeIgniter\CodeIgniter->run()
#5 {main}
CRITICAL - 2021-12-03 16:54:38 --> Undefined property: App\Controllers\API::$database
#0 D:\www\carlink_backend\app\Controllers\API.php(110): CodeIgniter\Debug\Exceptions->errorHandler(8, 'Undefined prope...', 'D:\\www\\carlink_...', 110, Array)
#1 D:\www\carlink_backend\system\CodeIgniter.php(886): App\Controllers\API->__construct()
#2 D:\www\carlink_backend\system\CodeIgniter.php(395): CodeIgniter\CodeIgniter->createController()
#3 D:\www\carlink_backend\system\CodeIgniter.php(308): CodeIgniter\CodeIgniter->handleRequest(NULL, Object(Config\Cache), false)
#4 D:\www\carlink_backend\index.php(45): CodeIgniter\CodeIgniter->run()
#5 {main}
CRITICAL - 2021-12-03 16:54:39 --> Undefined property: App\Controllers\API::$database
#0 D:\www\carlink_backend\app\Controllers\API.php(110): CodeIgniter\Debug\Exceptions->errorHandler(8, 'Undefined prope...', 'D:\\www\\carlink_...', 110, Array)
#1 D:\www\carlink_backend\system\CodeIgniter.php(886): App\Controllers\API->__construct()
#2 D:\www\carlink_backend\system\CodeIgniter.php(395): CodeIgniter\CodeIgniter->createController()
#3 D:\www\carlink_backend\system\CodeIgniter.php(308): CodeIgniter\CodeIgniter->handleRequest(NULL, Object(Config\Cache), false)
#4 D:\www\carlink_backend\index.php(45): CodeIgniter\CodeIgniter->run()
#5 {main}
CRITICAL - 2021-12-03 16:54:54 --> Undefined property: App\Controllers\API::$database
#0 D:\www\carlink_backend\app\Controllers\API.php(110): CodeIgniter\Debug\Exceptions->errorHandler(8, 'Undefined prope...', 'D:\\www\\carlink_...', 110, Array)
#1 D:\www\carlink_backend\system\CodeIgniter.php(886): App\Controllers\API->__construct()
#2 D:\www\carlink_backend\system\CodeIgniter.php(395): CodeIgniter\CodeIgniter->createController()
#3 D:\www\carlink_backend\system\CodeIgniter.php(308): CodeIgniter\CodeIgniter->handleRequest(NULL, Object(Config\Cache), false)
#4 D:\www\carlink_backend\index.php(45): CodeIgniter\CodeIgniter->run()
#5 {main}
CRITICAL - 2021-12-03 16:54:55 --> Undefined variable: sql
#0 D:\www\carlink_backend\app\Controllers\API.php(111): CodeIgniter\Debug\Exceptions->errorHandler(8, 'Undefined varia...', 'D:\\www\\carlink_...', 111, Array)
#1 D:\www\carlink_backend\system\CodeIgniter.php(886): App\Controllers\API->__construct()
#2 D:\www\carlink_backend\system\CodeIgniter.php(395): CodeIgniter\CodeIgniter->createController()
#3 D:\www\carlink_backend\system\CodeIgniter.php(308): CodeIgniter\CodeIgniter->handleRequest(NULL, Object(Config\Cache), false)
#4 D:\www\carlink_backend\index.php(45): CodeIgniter\CodeIgniter->run()
#5 {main}
CRITICAL - 2021-12-03 16:54:56 --> Undefined variable: sql
#0 D:\www\carlink_backend\app\Controllers\API.php(111): CodeIgniter\Debug\Exceptions->errorHandler(8, 'Undefined varia...', 'D:\\www\\carlink_...', 111, Array)
#1 D:\www\carlink_backend\system\CodeIgniter.php(886): App\Controllers\API->__construct()
#2 D:\www\carlink_backend\system\CodeIgniter.php(395): CodeIgniter\CodeIgniter->createController()
#3 D:\www\carlink_backend\system\CodeIgniter.php(308): CodeIgniter\CodeIgniter->handleRequest(NULL, Object(Config\Cache), false)
#4 D:\www\carlink_backend\index.php(45): CodeIgniter\CodeIgniter->run()
#5 {main}
CRITICAL - 2021-12-03 16:55:14 --> syntax error, unexpected '$result' (T_VARIABLE)
#0 D:\www\carlink_backend\system\Router\Router.php(192): CodeIgniter\Router\Router->autoRoute('API/get_car_det...')
#1 D:\www\carlink_backend\system\CodeIgniter.php(789): CodeIgniter\Router\Router->handle('API/get_car_det...')
#2 D:\www\carlink_backend\system\CodeIgniter.php(360): CodeIgniter\CodeIgniter->tryToRouteIt(Object(CodeIgniter\Router\RouteCollection))
#3 D:\www\carlink_backend\system\CodeIgniter.php(308): CodeIgniter\CodeIgniter->handleRequest(NULL, Object(Config\Cache), false)
#4 D:\www\carlink_backend\index.php(45): CodeIgniter\CodeIgniter->run()
#5 {main}
CRITICAL - 2021-12-03 16:55:14 --> syntax error, unexpected '$result' (T_VARIABLE)
#0 D:\www\carlink_backend\system\Router\Router.php(192): CodeIgniter\Router\Router->autoRoute('API/get_car_det...')
#1 D:\www\carlink_backend\system\CodeIgniter.php(789): CodeIgniter\Router\Router->handle('API/get_car_det...')
#2 D:\www\carlink_backend\system\CodeIgniter.php(360): CodeIgniter\CodeIgniter->tryToRouteIt(Object(CodeIgniter\Router\RouteCollection))
#3 D:\www\carlink_backend\system\CodeIgniter.php(308): CodeIgniter\CodeIgniter->handleRequest(NULL, Object(Config\Cache), false)
#4 D:\www\carlink_backend\index.php(45): CodeIgniter\CodeIgniter->run()
#5 {main}
CRITICAL - 2021-12-03 17:12:49 --> Undefined offset: 3
#0 D:\www\carlink_backend\app\Controllers\Auction.php(45): CodeIgniter\Debug\Exceptions->errorHandler(8, 'Undefined offse...', 'D:\\www\\carlink_...', 45, Array)
#1 D:\www\carlink_backend\app\Controllers\Auction.php(36): App\Controllers\Auction->generate_auction_increment()
#2 D:\www\carlink_backend\system\CodeIgniter.php(886): App\Controllers\Auction->__construct()
#3 D:\www\carlink_backend\system\CodeIgniter.php(395): CodeIgniter\CodeIgniter->createController()
#4 D:\www\carlink_backend\system\CodeIgniter.php(308): CodeIgniter\CodeIgniter->handleRequest(NULL, Object(Config\Cache), false)
#5 D:\www\carlink_backend\index.php(45): CodeIgniter\CodeIgniter->run()
#6 {main}
CRITICAL - 2021-12-03 17:26:14 --> Declaration of App\Models\WalletTopupModel::getWhere($limit = '', $page = 1, $filter = Array) should be compatible with App\Core\BaseModel::getWhere($where, $limit = '', $page = 1, $filter = Array)
#0 D:\www\carlink_backend\system\Autoloader\Autoloader.php(365): CodeIgniter\Debug\Exceptions->errorHandler(2, 'Declaration of ...', 'D:\\www\\carlink_...', 37, Array)
#1 D:\www\carlink_backend\system\Autoloader\Autoloader.php(365): require_once()
#2 D:\www\carlink_backend\system\Autoloader\Autoloader.php(296): CodeIgniter\Autoloader\Autoloader->requireFile('D:\\www\\carlink_...')
#3 D:\www\carlink_backend\system\Autoloader\Autoloader.php(258): CodeIgniter\Autoloader\Autoloader->loadInNamespace('App\\Models\\Wall...')
#4 [internal function]: CodeIgniter\Autoloader\Autoloader->loadClass('App\\Models\\Wall...')
#5 D:\www\carlink_backend\app\Core\BaseController.php(70): spl_autoload_call('App\\Models\\Wall...')
#6 D:\www\carlink_backend\system\CodeIgniter.php(887): App\Core\BaseController->initController(Object(CodeIgniter\HTTP\IncomingRequest), Object(CodeIgniter\HTTP\Response), Object(CodeIgniter\Log\Logger))
#7 D:\www\carlink_backend\system\CodeIgniter.php(395): CodeIgniter\CodeIgniter->createController()
#8 D:\www\carlink_backend\system\CodeIgniter.php(308): CodeIgniter\CodeIgniter->handleRequest(NULL, Object(Config\Cache), false)
#9 D:\www\carlink_backend\index.php(45): CodeIgniter\CodeIgniter->run()
#10 {main}
CRITICAL - 2021-12-03 17:41:00 --> Undefined variable: wallettopup
#0 D:\www\carlink_backend\app\Controllers\API.php(1177): CodeIgniter\Debug\Exceptions->errorHandler(8, 'Undefined varia...', 'D:\\www\\carlink_...', 1177, Array)
#1 D:\www\carlink_backend\system\CodeIgniter.php(914): App\Controllers\API->get_topup_history()
#2 D:\www\carlink_backend\system\CodeIgniter.php(400): CodeIgniter\CodeIgniter->runController(Object(App\Controllers\API))
#3 D:\www\carlink_backend\system\CodeIgniter.php(308): CodeIgniter\CodeIgniter->handleRequest(NULL, Object(Config\Cache), false)
#4 D:\www\carlink_backend\index.php(45): CodeIgniter\CodeIgniter->run()
#5 {main}
CRITICAL - 2021-12-03 17:41:01 --> Undefined variable: wallettopup
#0 D:\www\carlink_backend\app\Controllers\API.php(1177): CodeIgniter\Debug\Exceptions->errorHandler(8, 'Undefined varia...', 'D:\\www\\carlink_...', 1177, Array)
#1 D:\www\carlink_backend\system\CodeIgniter.php(914): App\Controllers\API->get_topup_history()
#2 D:\www\carlink_backend\system\CodeIgniter.php(400): CodeIgniter\CodeIgniter->runController(Object(App\Controllers\API))
#3 D:\www\carlink_backend\system\CodeIgniter.php(308): CodeIgniter\CodeIgniter->handleRequest(NULL, Object(Config\Cache), false)
#4 D:\www\carlink_backend\index.php(45): CodeIgniter\CodeIgniter->run()
#5 {main}
CRITICAL - 2021-12-03 17:43:53 --> You have an error in your SQL syntax; check the manual that corresponds to your MySQL server version for the right syntax to use near '://localhost/carlink_backend, wallet_topup.receipt) as receipt_full, (
        ' at line 1
#0 D:\www\carlink_backend\system\Database\MySQLi\Connection.php(331): mysqli->query('SELECT `wallet_...')
#1 D:\www\carlink_backend\system\Database\BaseConnection.php(738): CodeIgniter\Database\MySQLi\Connection->execute('SELECT `wallet_...')
#2 D:\www\carlink_backend\system\Database\BaseConnection.php(666): CodeIgniter\Database\BaseConnection->simpleQuery('SELECT `wallet_...')
#3 D:\www\carlink_backend\system\Database\BaseBuilder.php(1845): CodeIgniter\Database\BaseConnection->query('SELECT `wallet_...', Array, false)
#4 D:\www\carlink_backend\app\Models\WalletTopupModel.php(59): CodeIgniter\Database\BaseBuilder->get()
#5 D:\www\carlink_backend\app\Controllers\API.php(1176): App\Models\WalletTopupModel->getWhere(Array)
#6 D:\www\carlink_backend\system\CodeIgniter.php(914): App\Controllers\API->get_topup_history()
#7 D:\www\carlink_backend\system\CodeIgniter.php(400): CodeIgniter\CodeIgniter->runController(Object(App\Controllers\API))
#8 D:\www\carlink_backend\system\CodeIgniter.php(308): CodeIgniter\CodeIgniter->handleRequest(NULL, Object(Config\Cache), false)
#9 D:\www\carlink_backend\index.php(45): CodeIgniter\CodeIgniter->run()
#10 {main}
CRITICAL - 2021-12-03 17:43:54 --> You have an error in your SQL syntax; check the manual that corresponds to your MySQL server version for the right syntax to use near '://localhost/carlink_backend, wallet_topup.receipt) as receipt_full, (
        ' at line 1
#0 D:\www\carlink_backend\system\Database\MySQLi\Connection.php(331): mysqli->query('SELECT `wallet_...')
#1 D:\www\carlink_backend\system\Database\BaseConnection.php(738): CodeIgniter\Database\MySQLi\Connection->execute('SELECT `wallet_...')
#2 D:\www\carlink_backend\system\Database\BaseConnection.php(666): CodeIgniter\Database\BaseConnection->simpleQuery('SELECT `wallet_...')
#3 D:\www\carlink_backend\system\Database\BaseBuilder.php(1845): CodeIgniter\Database\BaseConnection->query('SELECT `wallet_...', Array, false)
#4 D:\www\carlink_backend\app\Models\WalletTopupModel.php(59): CodeIgniter\Database\BaseBuilder->get()
#5 D:\www\carlink_backend\app\Controllers\API.php(1176): App\Models\WalletTopupModel->getWhere(Array)
#6 D:\www\carlink_backend\system\CodeIgniter.php(914): App\Controllers\API->get_topup_history()
#7 D:\www\carlink_backend\system\CodeIgniter.php(400): CodeIgniter\CodeIgniter->runController(Object(App\Controllers\API))
#8 D:\www\carlink_backend\system\CodeIgniter.php(308): CodeIgniter\CodeIgniter->handleRequest(NULL, Object(Config\Cache), false)
#9 D:\www\carlink_backend\index.php(45): CodeIgniter\CodeIgniter->run()
#10 {main}
CRITICAL - 2021-12-03 17:44:05 --> You have an error in your SQL syntax; check the manual that corresponds to your MySQL server version for the right syntax to use near '"
                    WHEN is_rejected = 1 THEN "Rejected"
                   ' at line 1
#0 D:\www\carlink_backend\system\Database\MySQLi\Connection.php(331): mysqli->query('SELECT `wallet_...')
#1 D:\www\carlink_backend\system\Database\BaseConnection.php(738): CodeIgniter\Database\MySQLi\Connection->execute('SELECT `wallet_...')
#2 D:\www\carlink_backend\system\Database\BaseConnection.php(666): CodeIgniter\Database\BaseConnection->simpleQuery('SELECT `wallet_...')
#3 D:\www\carlink_backend\system\Database\BaseBuilder.php(1845): CodeIgniter\Database\BaseConnection->query('SELECT `wallet_...', Array, false)
#4 D:\www\carlink_backend\app\Models\WalletTopupModel.php(59): CodeIgniter\Database\BaseBuilder->get()
#5 D:\www\carlink_backend\app\Controllers\API.php(1176): App\Models\WalletTopupModel->getWhere(Array)
#6 D:\www\carlink_backend\system\CodeIgniter.php(914): App\Controllers\API->get_topup_history()
#7 D:\www\carlink_backend\system\CodeIgniter.php(400): CodeIgniter\CodeIgniter->runController(Object(App\Controllers\API))
#8 D:\www\carlink_backend\system\CodeIgniter.php(308): CodeIgniter\CodeIgniter->handleRequest(NULL, Object(Config\Cache), false)
#9 D:\www\carlink_backend\index.php(45): CodeIgniter\CodeIgniter->run()
#10 {main}
CRITICAL - 2021-12-03 17:45:01 --> You have an error in your SQL syntax; check the manual that corresponds to your MySQL server version for the right syntax to use near ') as status
FROM `wallet_topup`
LEFT JOIN `users` ON `wallet_topup`.`users_id` =' at line 7
#0 D:\www\carlink_backend\system\Database\MySQLi\Connection.php(331): mysqli->query('SELECT `wallet_...')
#1 D:\www\carlink_backend\system\Database\BaseConnection.php(738): CodeIgniter\Database\MySQLi\Connection->execute('SELECT `wallet_...')
#2 D:\www\carlink_backend\system\Database\BaseConnection.php(666): CodeIgniter\Database\BaseConnection->simpleQuery('SELECT `wallet_...')
#3 D:\www\carlink_backend\system\Database\BaseBuilder.php(1845): CodeIgniter\Database\BaseConnection->query('SELECT `wallet_...', Array, false)
#4 D:\www\carlink_backend\app\Models\WalletTopupModel.php(59): CodeIgniter\Database\BaseBuilder->get()
#5 D:\www\carlink_backend\app\Controllers\API.php(1176): App\Models\WalletTopupModel->getWhere(Array)
#6 D:\www\carlink_backend\system\CodeIgniter.php(914): App\Controllers\API->get_topup_history()
#7 D:\www\carlink_backend\system\CodeIgniter.php(400): CodeIgniter\CodeIgniter->runController(Object(App\Controllers\API))
#8 D:\www\carlink_backend\system\CodeIgniter.php(308): CodeIgniter\CodeIgniter->handleRequest(NULL, Object(Config\Cache), false)
#9 D:\www\carlink_backend\index.php(45): CodeIgniter\CodeIgniter->run()
#10 {main}
CRITICAL - 2021-12-03 17:45:03 --> You have an error in your SQL syntax; check the manual that corresponds to your MySQL server version for the right syntax to use near ') as status
FROM `wallet_topup`
LEFT JOIN `users` ON `wallet_topup`.`users_id` =' at line 7
#0 D:\www\carlink_backend\system\Database\MySQLi\Connection.php(331): mysqli->query('SELECT `wallet_...')
#1 D:\www\carlink_backend\system\Database\BaseConnection.php(738): CodeIgniter\Database\MySQLi\Connection->execute('SELECT `wallet_...')
#2 D:\www\carlink_backend\system\Database\BaseConnection.php(666): CodeIgniter\Database\BaseConnection->simpleQuery('SELECT `wallet_...')
#3 D:\www\carlink_backend\system\Database\BaseBuilder.php(1845): CodeIgniter\Database\BaseConnection->query('SELECT `wallet_...', Array, false)
#4 D:\www\carlink_backend\app\Models\WalletTopupModel.php(59): CodeIgniter\Database\BaseBuilder->get()
#5 D:\www\carlink_backend\app\Controllers\API.php(1176): App\Models\WalletTopupModel->getWhere(Array)
#6 D:\www\carlink_backend\system\CodeIgniter.php(914): App\Controllers\API->get_topup_history()
#7 D:\www\carlink_backend\system\CodeIgniter.php(400): CodeIgniter\CodeIgniter->runController(Object(App\Controllers\API))
#8 D:\www\carlink_backend\system\CodeIgniter.php(308): CodeIgniter\CodeIgniter->handleRequest(NULL, Object(Config\Cache), false)
#9 D:\www\carlink_backend\index.php(45): CodeIgniter\CodeIgniter->run()
#10 {main}
CRITICAL - 2021-12-03 17:45:07 --> You have an error in your SQL syntax; check the manual that corresponds to your MySQL server version for the right syntax to use near ') as status
FROM `wallet_topup`
LEFT JOIN `users` ON `wallet_topup`.`users_id` =' at line 7
#0 D:\www\carlink_backend\system\Database\MySQLi\Connection.php(331): mysqli->query('SELECT `wallet_...')
#1 D:\www\carlink_backend\system\Database\BaseConnection.php(738): CodeIgniter\Database\MySQLi\Connection->execute('SELECT `wallet_...')
#2 D:\www\carlink_backend\system\Database\BaseConnection.php(666): CodeIgniter\Database\BaseConnection->simpleQuery('SELECT `wallet_...')
#3 D:\www\carlink_backend\system\Database\BaseBuilder.php(1845): CodeIgniter\Database\BaseConnection->query('SELECT `wallet_...', Array, false)
#4 D:\www\carlink_backend\app\Models\WalletTopupModel.php(59): CodeIgniter\Database\BaseBuilder->get()
#5 D:\www\carlink_backend\app\Controllers\API.php(1176): App\Models\WalletTopupModel->getWhere(Array)
#6 D:\www\carlink_backend\system\CodeIgniter.php(914): App\Controllers\API->get_topup_history()
#7 D:\www\carlink_backend\system\CodeIgniter.php(400): CodeIgniter\CodeIgniter->runController(Object(App\Controllers\API))
#8 D:\www\carlink_backend\system\CodeIgniter.php(308): CodeIgniter\CodeIgniter->handleRequest(NULL, Object(Config\Cache), false)
#9 D:\www\carlink_backend\index.php(45): CodeIgniter\CodeIgniter->run()
#10 {main}
