CRITICAL - 2021-01-13 17:47:26 --> Access denied for user '****'@'localhost' (using password: NO)
#0 D:\www\plantation\system\Database\BaseConnection.php(377): CodeIgniter\Database\MySQLi\Connection->connect(false)
#1 D:\www\plantation\system\Database\BaseConnection.php(643): CodeIgniter\Database\BaseConnection->initialize()
#2 D:\www\plantation\system\Database\BaseBuilder.php(1845): CodeIgniter\Database\BaseConnection->query('SELECT `attende...', Array, false)
#3 D:\www\plantation\app\Models\AttendenceModel.php(130): CodeIgniter\Database\BaseBuilder->get()
#4 D:\www\plantation\app\Controllers\API.php(271): App\Models\AttendenceModel->getAllWorker(Array)
#5 D:\www\plantation\system\CodeIgniter.php(914): App\Controllers\API->get_attendance()
#6 D:\www\plantation\system\CodeIgniter.php(400): CodeIgniter\CodeIgniter->runController(Object(App\Controllers\API))
#7 D:\www\plantation\system\CodeIgniter.php(308): CodeIgniter\CodeIgniter->handleRequest(NULL, Object(Config\Cache), false)
#8 D:\www\plantation\index.php(45): CodeIgniter\CodeIgniter->run()
#9 {main}
CRITICAL - 2021-01-13 17:49:20 --> implode(): Invalid arguments passed
#0 [internal function]: CodeIgniter\Debug\Exceptions->errorHandler(2, 'implode(): Inva...', 'D:\\www\\plantati...', 63, Array)
#1 D:\www\plantation\app\Models\AttendenceModel.php(63): implode(',', '03')
#2 D:\www\plantation\app\Models\AttendenceModel.php(89): App\Models\AttendenceModel->get_attendance_hour_overtime('working_day', 'total_working_d...', 'total_working_d...', Array)
#3 D:\www\plantation\app\Controllers\API.php(271): App\Models\AttendenceModel->getAllWorker(Array)
#4 D:\www\plantation\system\CodeIgniter.php(914): App\Controllers\API->get_attendance()
#5 D:\www\plantation\system\CodeIgniter.php(400): CodeIgniter\CodeIgniter->runController(Object(App\Controllers\API))
#6 D:\www\plantation\system\CodeIgniter.php(308): CodeIgniter\CodeIgniter->handleRequest(NULL, Object(Config\Cache), false)
#7 D:\www\plantation\index.php(45): CodeIgniter\CodeIgniter->run()
#8 {main}
