CRITICAL - 2022-03-10 03:35:02 --> Trying to access array offset on value of type null
#0 C:\xampp\htdocs\gplan\app\Controllers\Wallet.php(93): CodeIgniter\Debug\Exceptions->errorHandler(8, 'Trying to acces...', 'C:\\xampp\\htdocs...', 93, Array)
#1 C:\xampp\htdocs\gplan\system\CodeIgniter.php(914): App\Controllers\Wallet->index()
#2 C:\xampp\htdocs\gplan\system\CodeIgniter.php(400): CodeIgniter\CodeIgniter->runController(Object(App\Controllers\Wallet))
#3 C:\xampp\htdocs\gplan\system\CodeIgniter.php(308): CodeIgniter\CodeIgniter->handleRequest(NULL, Object(Config\Cache), false)
#4 C:\xampp\htdocs\gplan\index.php(45): CodeIgniter\CodeIgniter->run()
#5 {main}
CRITICAL - 2022-03-10 13:24:46 --> Trying to access array offset on value of type null
#0 C:\xampp\htdocs\gplan\app\Controllers\Wallet.php(93): CodeIgniter\Debug\Exceptions->errorHandler(8, 'Trying to acces...', 'C:\\xampp\\htdocs...', 93, Array)
#1 C:\xampp\htdocs\gplan\system\CodeIgniter.php(914): App\Controllers\Wallet->index()
#2 C:\xampp\htdocs\gplan\system\CodeIgniter.php(400): CodeIgniter\CodeIgniter->runController(Object(App\Controllers\Wallet))
#3 C:\xampp\htdocs\gplan\system\CodeIgniter.php(308): CodeIgniter\CodeIgniter->handleRequest(NULL, Object(Config\Cache), false)
#4 C:\xampp\htdocs\gplan\index.php(45): CodeIgniter\CodeIgniter->run()
#5 {main}
CRITICAL - 2022-03-10 15:16:33 --> Trying to access array offset on value of type null
#0 D:\www\gplan\app\Controllers\Withdraw.php(20): CodeIgniter\Debug\Exceptions->errorHandler(8, 'Trying to acces...', 'D:\\www\\gplan\\ap...', 20, Array)
#1 D:\www\gplan\system\CodeIgniter.php(914): App\Controllers\Withdraw->withdraw()
#2 D:\www\gplan\system\CodeIgniter.php(400): CodeIgniter\CodeIgniter->runController(Object(App\Controllers\Withdraw))
#3 D:\www\gplan\system\CodeIgniter.php(308): CodeIgniter\CodeIgniter->handleRequest(NULL, Object(Config\Cache), false)
#4 D:\www\gplan\index.php(45): CodeIgniter\CodeIgniter->run()
#5 {main}
CRITICAL - 2022-03-10 15:16:43 --> Trying to access array offset on value of type null
#0 D:\www\gplan\app\Controllers\Withdraw.php(20): CodeIgniter\Debug\Exceptions->errorHandler(8, 'Trying to acces...', 'D:\\www\\gplan\\ap...', 20, Array)
#1 D:\www\gplan\system\CodeIgniter.php(914): App\Controllers\Withdraw->withdraw()
#2 D:\www\gplan\system\CodeIgniter.php(400): CodeIgniter\CodeIgniter->runController(Object(App\Controllers\Withdraw))
#3 D:\www\gplan\system\CodeIgniter.php(308): CodeIgniter\CodeIgniter->handleRequest(NULL, Object(Config\Cache), false)
#4 D:\www\gplan\index.php(45): CodeIgniter\CodeIgniter->run()
#5 {main}
CRITICAL - 2022-03-10 15:16:46 --> Trying to access array offset on value of type null
#0 D:\www\gplan\app\Controllers\Withdraw.php(20): CodeIgniter\Debug\Exceptions->errorHandler(8, 'Trying to acces...', 'D:\\www\\gplan\\ap...', 20, Array)
#1 D:\www\gplan\system\CodeIgniter.php(914): App\Controllers\Withdraw->withdraw()
#2 D:\www\gplan\system\CodeIgniter.php(400): CodeIgniter\CodeIgniter->runController(Object(App\Controllers\Withdraw))
#3 D:\www\gplan\system\CodeIgniter.php(308): CodeIgniter\CodeIgniter->handleRequest(NULL, Object(Config\Cache), false)
#4 D:\www\gplan\index.php(45): CodeIgniter\CodeIgniter->run()
#5 {main}
CRITICAL - 2022-03-10 15:16:53 --> Trying to access array offset on value of type null
#0 D:\www\gplan\app\Controllers\Withdraw.php(20): CodeIgniter\Debug\Exceptions->errorHandler(8, 'Trying to acces...', 'D:\\www\\gplan\\ap...', 20, Array)
#1 D:\www\gplan\system\CodeIgniter.php(914): App\Controllers\Withdraw->withdraw()
#2 D:\www\gplan\system\CodeIgniter.php(400): CodeIgniter\CodeIgniter->runController(Object(App\Controllers\Withdraw))
#3 D:\www\gplan\system\CodeIgniter.php(308): CodeIgniter\CodeIgniter->handleRequest(NULL, Object(Config\Cache), false)
#4 D:\www\gplan\index.php(45): CodeIgniter\CodeIgniter->run()
#5 {main}
CRITICAL - 2022-03-10 16:55:16 --> Trying to access array offset on value of type null
#0 C:\xampp\htdocs\gplan\app\Controllers\Withdraw.php(21): CodeIgniter\Debug\Exceptions->errorHandler(8, 'Trying to acces...', 'C:\\xampp\\htdocs...', 21, Array)
#1 C:\xampp\htdocs\gplan\system\CodeIgniter.php(914): App\Controllers\Withdraw->withdraw()
#2 C:\xampp\htdocs\gplan\system\CodeIgniter.php(400): CodeIgniter\CodeIgniter->runController(Object(App\Controllers\Withdraw))
#3 C:\xampp\htdocs\gplan\system\CodeIgniter.php(308): CodeIgniter\CodeIgniter->handleRequest(NULL, Object(Config\Cache), false)
#4 C:\xampp\htdocs\gplan\index.php(45): CodeIgniter\CodeIgniter->run()
#5 {main}
CRITICAL - 2022-03-10 16:55:17 --> Trying to access array offset on value of type null
#0 C:\xampp\htdocs\gplan\app\Controllers\Withdraw.php(21): CodeIgniter\Debug\Exceptions->errorHandler(8, 'Trying to acces...', 'C:\\xampp\\htdocs...', 21, Array)
#1 C:\xampp\htdocs\gplan\system\CodeIgniter.php(914): App\Controllers\Withdraw->withdraw()
#2 C:\xampp\htdocs\gplan\system\CodeIgniter.php(400): CodeIgniter\CodeIgniter->runController(Object(App\Controllers\Withdraw))
#3 C:\xampp\htdocs\gplan\system\CodeIgniter.php(308): CodeIgniter\CodeIgniter->handleRequest(NULL, Object(Config\Cache), false)
#4 C:\xampp\htdocs\gplan\index.php(45): CodeIgniter\CodeIgniter->run()
#5 {main}
CRITICAL - 2022-03-10 18:18:07 --> Trying to access array offset on value of type null
#0 C:\xampp\htdocs\gplan\app\Controllers\Wallet.php(92): CodeIgniter\Debug\Exceptions->errorHandler(8, 'Trying to acces...', 'C:\\xampp\\htdocs...', 92, Array)
#1 C:\xampp\htdocs\gplan\system\CodeIgniter.php(914): App\Controllers\Wallet->index()
#2 C:\xampp\htdocs\gplan\system\CodeIgniter.php(400): CodeIgniter\CodeIgniter->runController(Object(App\Controllers\Wallet))
#3 C:\xampp\htdocs\gplan\system\CodeIgniter.php(308): CodeIgniter\CodeIgniter->handleRequest(NULL, Object(Config\Cache), false)
#4 C:\xampp\htdocs\gplan\index.php(45): CodeIgniter\CodeIgniter->run()
#5 {main}
CRITICAL - 2022-03-10 20:48:52 --> Trying to access array offset on value of type null
#0 C:\xampp\htdocs\gplan\app\Controllers\Users.php(775): CodeIgniter\Debug\Exceptions->errorHandler(8, 'Trying to acces...', 'C:\\xampp\\htdocs...', 775, Array)
#1 C:\xampp\htdocs\gplan\system\CodeIgniter.php(914): App\Controllers\Users->family_tree('1')
#2 C:\xampp\htdocs\gplan\system\CodeIgniter.php(400): CodeIgniter\CodeIgniter->runController(Object(App\Controllers\Users))
#3 C:\xampp\htdocs\gplan\system\CodeIgniter.php(308): CodeIgniter\CodeIgniter->handleRequest(NULL, Object(Config\Cache), false)
#4 C:\xampp\htdocs\gplan\index.php(45): CodeIgniter\CodeIgniter->run()
#5 {main}
CRITICAL - 2022-03-10 22:03:42 --> Trying to access array offset on value of type null
#0 D:\www\gplan\app\Controllers\Withdraw.php(21): CodeIgniter\Debug\Exceptions->errorHandler(8, 'Trying to acces...', 'D:\\www\\gplan\\ap...', 21, Array)
#1 D:\www\gplan\system\CodeIgniter.php(914): App\Controllers\Withdraw->withdraw()
#2 D:\www\gplan\system\CodeIgniter.php(400): CodeIgniter\CodeIgniter->runController(Object(App\Controllers\Withdraw))
#3 D:\www\gplan\system\CodeIgniter.php(308): CodeIgniter\CodeIgniter->handleRequest(NULL, Object(Config\Cache), false)
#4 D:\www\gplan\index.php(45): CodeIgniter\CodeIgniter->run()
#5 {main}
