CRITICAL - 2022-02-20 16:35:18 --> Undefined offset: 0
#0 C:\xampp\htdocs\gplan\app\Core\BaseController.php(170): CodeIgniter\Debug\Exceptions->errorHandler(8, 'Undefined offse...', 'C:\\xampp\\htdocs...', 170, Array)
#1 C:\xampp\htdocs\gplan\app\Controllers\CompanyProfit.php(65): App\Core\BaseController->exports_to_csv(Array, 'transaction')
#2 C:\xampp\htdocs\gplan\system\CodeIgniter.php(914): App\Controllers\CompanyProfit->export_csv()
#3 C:\xampp\htdocs\gplan\system\CodeIgniter.php(400): CodeIgniter\CodeIgniter->runController(Object(App\Controllers\CompanyProfit))
#4 C:\xampp\htdocs\gplan\system\CodeIgniter.php(308): CodeIgniter\CodeIgniter->handleRequest(NULL, Object(Config\Cache), false)
#5 C:\xampp\htdocs\gplan\index.php(45): CodeIgniter\CodeIgniter->run()
#6 {main}
CRITICAL - 2022-02-20 16:42:44 --> Undefined variable: wallet_withdraw
#0 C:\xampp\htdocs\gplan\app\Controllers\Withdraw.php(230): CodeIgniter\Debug\Exceptions->errorHandler(8, 'Undefined varia...', 'C:\\xampp\\htdocs...', 230, Array)
#1 C:\xampp\htdocs\gplan\system\CodeIgniter.php(914): App\Controllers\Withdraw->add()
#2 C:\xampp\htdocs\gplan\system\CodeIgniter.php(400): CodeIgniter\CodeIgniter->runController(Object(App\Controllers\Withdraw))
#3 C:\xampp\htdocs\gplan\system\CodeIgniter.php(308): CodeIgniter\CodeIgniter->handleRequest(NULL, Object(Config\Cache), false)
#4 C:\xampp\htdocs\gplan\index.php(45): CodeIgniter\CodeIgniter->run()
#5 {main}
CRITICAL - 2022-02-20 16:42:55 --> Undefined variable: wallet_withdraw
#0 C:\xampp\htdocs\gplan\app\Controllers\Withdraw.php(232): CodeIgniter\Debug\Exceptions->errorHandler(8, 'Undefined varia...', 'C:\\xampp\\htdocs...', 232, Array)
#1 C:\xampp\htdocs\gplan\system\CodeIgniter.php(914): App\Controllers\Withdraw->add()
#2 C:\xampp\htdocs\gplan\system\CodeIgniter.php(400): CodeIgniter\CodeIgniter->runController(Object(App\Controllers\Withdraw))
#3 C:\xampp\htdocs\gplan\system\CodeIgniter.php(308): CodeIgniter\CodeIgniter->handleRequest(NULL, Object(Config\Cache), false)
#4 C:\xampp\htdocs\gplan\index.php(45): CodeIgniter\CodeIgniter->run()
#5 {main}
CRITICAL - 2022-02-20 16:43:01 --> Undefined variable: remarks
#0 C:\xampp\htdocs\gplan\app\Controllers\Withdraw.php(232): CodeIgniter\Debug\Exceptions->errorHandler(8, 'Undefined varia...', 'C:\\xampp\\htdocs...', 232, Array)
#1 C:\xampp\htdocs\gplan\system\CodeIgniter.php(914): App\Controllers\Withdraw->add()
#2 C:\xampp\htdocs\gplan\system\CodeIgniter.php(400): CodeIgniter\CodeIgniter->runController(Object(App\Controllers\Withdraw))
#3 C:\xampp\htdocs\gplan\system\CodeIgniter.php(308): CodeIgniter\CodeIgniter->handleRequest(NULL, Object(Config\Cache), false)
#4 C:\xampp\htdocs\gplan\index.php(45): CodeIgniter\CodeIgniter->run()
#5 {main}
CRITICAL - 2022-02-20 16:43:02 --> Undefined variable: remarks
#0 C:\xampp\htdocs\gplan\app\Controllers\Withdraw.php(232): CodeIgniter\Debug\Exceptions->errorHandler(8, 'Undefined varia...', 'C:\\xampp\\htdocs...', 232, Array)
#1 C:\xampp\htdocs\gplan\system\CodeIgniter.php(914): App\Controllers\Withdraw->add()
#2 C:\xampp\htdocs\gplan\system\CodeIgniter.php(400): CodeIgniter\CodeIgniter->runController(Object(App\Controllers\Withdraw))
#3 C:\xampp\htdocs\gplan\system\CodeIgniter.php(308): CodeIgniter\CodeIgniter->handleRequest(NULL, Object(Config\Cache), false)
#4 C:\xampp\htdocs\gplan\index.php(45): CodeIgniter\CodeIgniter->run()
#5 {main}
CRITICAL - 2022-02-20 16:43:03 --> Undefined variable: remarks
#0 C:\xampp\htdocs\gplan\app\Controllers\Withdraw.php(232): CodeIgniter\Debug\Exceptions->errorHandler(8, 'Undefined varia...', 'C:\\xampp\\htdocs...', 232, Array)
#1 C:\xampp\htdocs\gplan\system\CodeIgniter.php(914): App\Controllers\Withdraw->add()
#2 C:\xampp\htdocs\gplan\system\CodeIgniter.php(400): CodeIgniter\CodeIgniter->runController(Object(App\Controllers\Withdraw))
#3 C:\xampp\htdocs\gplan\system\CodeIgniter.php(308): CodeIgniter\CodeIgniter->handleRequest(NULL, Object(Config\Cache), false)
#4 C:\xampp\htdocs\gplan\index.php(45): CodeIgniter\CodeIgniter->run()
#5 {main}
CRITICAL - 2022-02-20 16:43:08 --> Undefined variable: remarks
#0 C:\xampp\htdocs\gplan\app\Controllers\Withdraw.php(232): CodeIgniter\Debug\Exceptions->errorHandler(8, 'Undefined varia...', 'C:\\xampp\\htdocs...', 232, Array)
#1 C:\xampp\htdocs\gplan\system\CodeIgniter.php(914): App\Controllers\Withdraw->add()
#2 C:\xampp\htdocs\gplan\system\CodeIgniter.php(400): CodeIgniter\CodeIgniter->runController(Object(App\Controllers\Withdraw))
#3 C:\xampp\htdocs\gplan\system\CodeIgniter.php(308): CodeIgniter\CodeIgniter->handleRequest(NULL, Object(Config\Cache), false)
#4 C:\xampp\htdocs\gplan\index.php(45): CodeIgniter\CodeIgniter->run()
#5 {main}
CRITICAL - 2022-02-20 16:43:08 --> Undefined variable: remarks
#0 C:\xampp\htdocs\gplan\app\Controllers\Withdraw.php(232): CodeIgniter\Debug\Exceptions->errorHandler(8, 'Undefined varia...', 'C:\\xampp\\htdocs...', 232, Array)
#1 C:\xampp\htdocs\gplan\system\CodeIgniter.php(914): App\Controllers\Withdraw->add()
#2 C:\xampp\htdocs\gplan\system\CodeIgniter.php(400): CodeIgniter\CodeIgniter->runController(Object(App\Controllers\Withdraw))
#3 C:\xampp\htdocs\gplan\system\CodeIgniter.php(308): CodeIgniter\CodeIgniter->handleRequest(NULL, Object(Config\Cache), false)
#4 C:\xampp\htdocs\gplan\index.php(45): CodeIgniter\CodeIgniter->run()
#5 {main}
CRITICAL - 2022-02-20 16:43:09 --> Unknown column 'wallet_withdrawal_id' in 'field list'
#0 C:\xampp\htdocs\gplan\system\Database\MySQLi\Connection.php(331): mysqli->query('INSERT INTO `wa...')
#1 C:\xampp\htdocs\gplan\system\Database\BaseConnection.php(738): CodeIgniter\Database\MySQLi\Connection->execute('INSERT INTO `wa...')
#2 C:\xampp\htdocs\gplan\system\Database\BaseConnection.php(666): CodeIgniter\Database\BaseConnection->simpleQuery('INSERT INTO `wa...')
#3 C:\xampp\htdocs\gplan\system\Database\BaseBuilder.php(2234): CodeIgniter\Database\BaseConnection->query('INSERT INTO `wa...', Array, false)
#4 C:\xampp\htdocs\gplan\app\Core\BaseModel.php(1269): CodeIgniter\Database\BaseBuilder->insert(Array)
#5 C:\xampp\htdocs\gplan\app\Models\WalletModel.php(132): App\Core\BaseModel->insertNew(Array)
#6 C:\xampp\htdocs\gplan\app\Controllers\Withdraw.php(234): App\Models\WalletModel->wallet_out('1', '1000', '1')
#7 C:\xampp\htdocs\gplan\system\CodeIgniter.php(914): App\Controllers\Withdraw->add()
#8 C:\xampp\htdocs\gplan\system\CodeIgniter.php(400): CodeIgniter\CodeIgniter->runController(Object(App\Controllers\Withdraw))
#9 C:\xampp\htdocs\gplan\system\CodeIgniter.php(308): CodeIgniter\CodeIgniter->handleRequest(NULL, Object(Config\Cache), false)
#10 C:\xampp\htdocs\gplan\index.php(45): CodeIgniter\CodeIgniter->run()
#11 {main}
CRITICAL - 2022-02-20 16:43:30 --> Unknown column 'wallet_withdrawal_id' in 'field list'
#0 C:\xampp\htdocs\gplan\system\Database\MySQLi\Connection.php(331): mysqli->query('INSERT INTO `wa...')
#1 C:\xampp\htdocs\gplan\system\Database\BaseConnection.php(738): CodeIgniter\Database\MySQLi\Connection->execute('INSERT INTO `wa...')
#2 C:\xampp\htdocs\gplan\system\Database\BaseConnection.php(666): CodeIgniter\Database\BaseConnection->simpleQuery('INSERT INTO `wa...')
#3 C:\xampp\htdocs\gplan\system\Database\BaseBuilder.php(2234): CodeIgniter\Database\BaseConnection->query('INSERT INTO `wa...', Array, false)
#4 C:\xampp\htdocs\gplan\app\Core\BaseModel.php(1269): CodeIgniter\Database\BaseBuilder->insert(Array)
#5 C:\xampp\htdocs\gplan\app\Models\WalletModel.php(132): App\Core\BaseModel->insertNew(Array)
#6 C:\xampp\htdocs\gplan\app\Controllers\Withdraw.php(234): App\Models\WalletModel->wallet_out('1', '1000', '1')
#7 C:\xampp\htdocs\gplan\system\CodeIgniter.php(914): App\Controllers\Withdraw->add()
#8 C:\xampp\htdocs\gplan\system\CodeIgniter.php(400): CodeIgniter\CodeIgniter->runController(Object(App\Controllers\Withdraw))
#9 C:\xampp\htdocs\gplan\system\CodeIgniter.php(308): CodeIgniter\CodeIgniter->handleRequest(NULL, Object(Config\Cache), false)
#10 C:\xampp\htdocs\gplan\index.php(45): CodeIgniter\CodeIgniter->run()
#11 {main}
CRITICAL - 2022-02-20 16:43:30 --> Unknown column 'wallet_withdrawal_id' in 'field list'
#0 C:\xampp\htdocs\gplan\system\Database\MySQLi\Connection.php(331): mysqli->query('INSERT INTO `wa...')
#1 C:\xampp\htdocs\gplan\system\Database\BaseConnection.php(738): CodeIgniter\Database\MySQLi\Connection->execute('INSERT INTO `wa...')
#2 C:\xampp\htdocs\gplan\system\Database\BaseConnection.php(666): CodeIgniter\Database\BaseConnection->simpleQuery('INSERT INTO `wa...')
#3 C:\xampp\htdocs\gplan\system\Database\BaseBuilder.php(2234): CodeIgniter\Database\BaseConnection->query('INSERT INTO `wa...', Array, false)
#4 C:\xampp\htdocs\gplan\app\Core\BaseModel.php(1269): CodeIgniter\Database\BaseBuilder->insert(Array)
#5 C:\xampp\htdocs\gplan\app\Models\WalletModel.php(132): App\Core\BaseModel->insertNew(Array)
#6 C:\xampp\htdocs\gplan\app\Controllers\Withdraw.php(234): App\Models\WalletModel->wallet_out('1', '1000', '1')
#7 C:\xampp\htdocs\gplan\system\CodeIgniter.php(914): App\Controllers\Withdraw->add()
#8 C:\xampp\htdocs\gplan\system\CodeIgniter.php(400): CodeIgniter\CodeIgniter->runController(Object(App\Controllers\Withdraw))
#9 C:\xampp\htdocs\gplan\system\CodeIgniter.php(308): CodeIgniter\CodeIgniter->handleRequest(NULL, Object(Config\Cache), false)
#10 C:\xampp\htdocs\gplan\index.php(45): CodeIgniter\CodeIgniter->run()
#11 {main}
CRITICAL - 2022-02-20 16:43:30 --> Unknown column 'wallet_withdrawal_id' in 'field list'
#0 C:\xampp\htdocs\gplan\system\Database\MySQLi\Connection.php(331): mysqli->query('INSERT INTO `wa...')
#1 C:\xampp\htdocs\gplan\system\Database\BaseConnection.php(738): CodeIgniter\Database\MySQLi\Connection->execute('INSERT INTO `wa...')
#2 C:\xampp\htdocs\gplan\system\Database\BaseConnection.php(666): CodeIgniter\Database\BaseConnection->simpleQuery('INSERT INTO `wa...')
#3 C:\xampp\htdocs\gplan\system\Database\BaseBuilder.php(2234): CodeIgniter\Database\BaseConnection->query('INSERT INTO `wa...', Array, false)
#4 C:\xampp\htdocs\gplan\app\Core\BaseModel.php(1269): CodeIgniter\Database\BaseBuilder->insert(Array)
#5 C:\xampp\htdocs\gplan\app\Models\WalletModel.php(132): App\Core\BaseModel->insertNew(Array)
#6 C:\xampp\htdocs\gplan\app\Controllers\Withdraw.php(234): App\Models\WalletModel->wallet_out('1', '1000', '1')
#7 C:\xampp\htdocs\gplan\system\CodeIgniter.php(914): App\Controllers\Withdraw->add()
#8 C:\xampp\htdocs\gplan\system\CodeIgniter.php(400): CodeIgniter\CodeIgniter->runController(Object(App\Controllers\Withdraw))
#9 C:\xampp\htdocs\gplan\system\CodeIgniter.php(308): CodeIgniter\CodeIgniter->handleRequest(NULL, Object(Config\Cache), false)
#10 C:\xampp\htdocs\gplan\index.php(45): CodeIgniter\CodeIgniter->run()
#11 {main}
CRITICAL - 2022-02-20 16:43:31 --> Unknown column 'wallet_withdrawal_id' in 'field list'
#0 C:\xampp\htdocs\gplan\system\Database\MySQLi\Connection.php(331): mysqli->query('INSERT INTO `wa...')
#1 C:\xampp\htdocs\gplan\system\Database\BaseConnection.php(738): CodeIgniter\Database\MySQLi\Connection->execute('INSERT INTO `wa...')
#2 C:\xampp\htdocs\gplan\system\Database\BaseConnection.php(666): CodeIgniter\Database\BaseConnection->simpleQuery('INSERT INTO `wa...')
#3 C:\xampp\htdocs\gplan\system\Database\BaseBuilder.php(2234): CodeIgniter\Database\BaseConnection->query('INSERT INTO `wa...', Array, false)
#4 C:\xampp\htdocs\gplan\app\Core\BaseModel.php(1269): CodeIgniter\Database\BaseBuilder->insert(Array)
#5 C:\xampp\htdocs\gplan\app\Models\WalletModel.php(132): App\Core\BaseModel->insertNew(Array)
#6 C:\xampp\htdocs\gplan\app\Controllers\Withdraw.php(234): App\Models\WalletModel->wallet_out('1', '1000', '1')
#7 C:\xampp\htdocs\gplan\system\CodeIgniter.php(914): App\Controllers\Withdraw->add()
#8 C:\xampp\htdocs\gplan\system\CodeIgniter.php(400): CodeIgniter\CodeIgniter->runController(Object(App\Controllers\Withdraw))
#9 C:\xampp\htdocs\gplan\system\CodeIgniter.php(308): CodeIgniter\CodeIgniter->handleRequest(NULL, Object(Config\Cache), false)
#10 C:\xampp\htdocs\gplan\index.php(45): CodeIgniter\CodeIgniter->run()
#11 {main}
CRITICAL - 2022-02-20 16:43:31 --> Unknown column 'wallet_withdrawal_id' in 'field list'
#0 C:\xampp\htdocs\gplan\system\Database\MySQLi\Connection.php(331): mysqli->query('INSERT INTO `wa...')
#1 C:\xampp\htdocs\gplan\system\Database\BaseConnection.php(738): CodeIgniter\Database\MySQLi\Connection->execute('INSERT INTO `wa...')
#2 C:\xampp\htdocs\gplan\system\Database\BaseConnection.php(666): CodeIgniter\Database\BaseConnection->simpleQuery('INSERT INTO `wa...')
#3 C:\xampp\htdocs\gplan\system\Database\BaseBuilder.php(2234): CodeIgniter\Database\BaseConnection->query('INSERT INTO `wa...', Array, false)
#4 C:\xampp\htdocs\gplan\app\Core\BaseModel.php(1269): CodeIgniter\Database\BaseBuilder->insert(Array)
#5 C:\xampp\htdocs\gplan\app\Models\WalletModel.php(132): App\Core\BaseModel->insertNew(Array)
#6 C:\xampp\htdocs\gplan\app\Controllers\Withdraw.php(234): App\Models\WalletModel->wallet_out('1', '1000', '1')
#7 C:\xampp\htdocs\gplan\system\CodeIgniter.php(914): App\Controllers\Withdraw->add()
#8 C:\xampp\htdocs\gplan\system\CodeIgniter.php(400): CodeIgniter\CodeIgniter->runController(Object(App\Controllers\Withdraw))
#9 C:\xampp\htdocs\gplan\system\CodeIgniter.php(308): CodeIgniter\CodeIgniter->handleRequest(NULL, Object(Config\Cache), false)
#10 C:\xampp\htdocs\gplan\index.php(45): CodeIgniter\CodeIgniter->run()
#11 {main}
CRITICAL - 2022-02-20 16:43:33 --> Unknown column 'wallet_withdrawal_id' in 'field list'
#0 C:\xampp\htdocs\gplan\system\Database\MySQLi\Connection.php(331): mysqli->query('INSERT INTO `wa...')
#1 C:\xampp\htdocs\gplan\system\Database\BaseConnection.php(738): CodeIgniter\Database\MySQLi\Connection->execute('INSERT INTO `wa...')
#2 C:\xampp\htdocs\gplan\system\Database\BaseConnection.php(666): CodeIgniter\Database\BaseConnection->simpleQuery('INSERT INTO `wa...')
#3 C:\xampp\htdocs\gplan\system\Database\BaseBuilder.php(2234): CodeIgniter\Database\BaseConnection->query('INSERT INTO `wa...', Array, false)
#4 C:\xampp\htdocs\gplan\app\Core\BaseModel.php(1269): CodeIgniter\Database\BaseBuilder->insert(Array)
#5 C:\xampp\htdocs\gplan\app\Models\WalletModel.php(132): App\Core\BaseModel->insertNew(Array)
#6 C:\xampp\htdocs\gplan\app\Controllers\Withdraw.php(234): App\Models\WalletModel->wallet_out('1', '1000', '1')
#7 C:\xampp\htdocs\gplan\system\CodeIgniter.php(914): App\Controllers\Withdraw->add()
#8 C:\xampp\htdocs\gplan\system\CodeIgniter.php(400): CodeIgniter\CodeIgniter->runController(Object(App\Controllers\Withdraw))
#9 C:\xampp\htdocs\gplan\system\CodeIgniter.php(308): CodeIgniter\CodeIgniter->handleRequest(NULL, Object(Config\Cache), false)
#10 C:\xampp\htdocs\gplan\index.php(45): CodeIgniter\CodeIgniter->run()
#11 {main}
CRITICAL - 2022-02-20 16:43:39 --> Unknown column 'wallet_withdrawal_id' in 'field list'
#0 C:\xampp\htdocs\gplan\system\Database\MySQLi\Connection.php(331): mysqli->query('INSERT INTO `wa...')
#1 C:\xampp\htdocs\gplan\system\Database\BaseConnection.php(738): CodeIgniter\Database\MySQLi\Connection->execute('INSERT INTO `wa...')
#2 C:\xampp\htdocs\gplan\system\Database\BaseConnection.php(666): CodeIgniter\Database\BaseConnection->simpleQuery('INSERT INTO `wa...')
#3 C:\xampp\htdocs\gplan\system\Database\BaseBuilder.php(2234): CodeIgniter\Database\BaseConnection->query('INSERT INTO `wa...', Array, false)
#4 C:\xampp\htdocs\gplan\app\Core\BaseModel.php(1269): CodeIgniter\Database\BaseBuilder->insert(Array)
#5 C:\xampp\htdocs\gplan\app\Models\WalletModel.php(132): App\Core\BaseModel->insertNew(Array)
#6 C:\xampp\htdocs\gplan\app\Controllers\Withdraw.php(234): App\Models\WalletModel->wallet_out('1', '1000', '1')
#7 C:\xampp\htdocs\gplan\system\CodeIgniter.php(914): App\Controllers\Withdraw->add()
#8 C:\xampp\htdocs\gplan\system\CodeIgniter.php(400): CodeIgniter\CodeIgniter->runController(Object(App\Controllers\Withdraw))
#9 C:\xampp\htdocs\gplan\system\CodeIgniter.php(308): CodeIgniter\CodeIgniter->handleRequest(NULL, Object(Config\Cache), false)
#10 C:\xampp\htdocs\gplan\index.php(45): CodeIgniter\CodeIgniter->run()
#11 {main}
CRITICAL - 2022-02-20 16:43:39 --> Unknown column 'wallet_withdrawal_id' in 'field list'
#0 C:\xampp\htdocs\gplan\system\Database\MySQLi\Connection.php(331): mysqli->query('INSERT INTO `wa...')
#1 C:\xampp\htdocs\gplan\system\Database\BaseConnection.php(738): CodeIgniter\Database\MySQLi\Connection->execute('INSERT INTO `wa...')
#2 C:\xampp\htdocs\gplan\system\Database\BaseConnection.php(666): CodeIgniter\Database\BaseConnection->simpleQuery('INSERT INTO `wa...')
#3 C:\xampp\htdocs\gplan\system\Database\BaseBuilder.php(2234): CodeIgniter\Database\BaseConnection->query('INSERT INTO `wa...', Array, false)
#4 C:\xampp\htdocs\gplan\app\Core\BaseModel.php(1269): CodeIgniter\Database\BaseBuilder->insert(Array)
#5 C:\xampp\htdocs\gplan\app\Models\WalletModel.php(132): App\Core\BaseModel->insertNew(Array)
#6 C:\xampp\htdocs\gplan\app\Controllers\Withdraw.php(234): App\Models\WalletModel->wallet_out('1', '1000', '1')
#7 C:\xampp\htdocs\gplan\system\CodeIgniter.php(914): App\Controllers\Withdraw->add()
#8 C:\xampp\htdocs\gplan\system\CodeIgniter.php(400): CodeIgniter\CodeIgniter->runController(Object(App\Controllers\Withdraw))
#9 C:\xampp\htdocs\gplan\system\CodeIgniter.php(308): CodeIgniter\CodeIgniter->handleRequest(NULL, Object(Config\Cache), false)
#10 C:\xampp\htdocs\gplan\index.php(45): CodeIgniter\CodeIgniter->run()
#11 {main}
CRITICAL - 2022-02-20 16:43:39 --> Unknown column 'wallet_withdrawal_id' in 'field list'
#0 C:\xampp\htdocs\gplan\system\Database\MySQLi\Connection.php(331): mysqli->query('INSERT INTO `wa...')
#1 C:\xampp\htdocs\gplan\system\Database\BaseConnection.php(738): CodeIgniter\Database\MySQLi\Connection->execute('INSERT INTO `wa...')
#2 C:\xampp\htdocs\gplan\system\Database\BaseConnection.php(666): CodeIgniter\Database\BaseConnection->simpleQuery('INSERT INTO `wa...')
#3 C:\xampp\htdocs\gplan\system\Database\BaseBuilder.php(2234): CodeIgniter\Database\BaseConnection->query('INSERT INTO `wa...', Array, false)
#4 C:\xampp\htdocs\gplan\app\Core\BaseModel.php(1269): CodeIgniter\Database\BaseBuilder->insert(Array)
#5 C:\xampp\htdocs\gplan\app\Models\WalletModel.php(132): App\Core\BaseModel->insertNew(Array)
#6 C:\xampp\htdocs\gplan\app\Controllers\Withdraw.php(234): App\Models\WalletModel->wallet_out('1', '1000', '1')
#7 C:\xampp\htdocs\gplan\system\CodeIgniter.php(914): App\Controllers\Withdraw->add()
#8 C:\xampp\htdocs\gplan\system\CodeIgniter.php(400): CodeIgniter\CodeIgniter->runController(Object(App\Controllers\Withdraw))
#9 C:\xampp\htdocs\gplan\system\CodeIgniter.php(308): CodeIgniter\CodeIgniter->handleRequest(NULL, Object(Config\Cache), false)
#10 C:\xampp\htdocs\gplan\index.php(45): CodeIgniter\CodeIgniter->run()
#11 {main}
CRITICAL - 2022-02-20 16:43:40 --> Unknown column 'wallet_withdrawal_id' in 'field list'
#0 C:\xampp\htdocs\gplan\system\Database\MySQLi\Connection.php(331): mysqli->query('INSERT INTO `wa...')
#1 C:\xampp\htdocs\gplan\system\Database\BaseConnection.php(738): CodeIgniter\Database\MySQLi\Connection->execute('INSERT INTO `wa...')
#2 C:\xampp\htdocs\gplan\system\Database\BaseConnection.php(666): CodeIgniter\Database\BaseConnection->simpleQuery('INSERT INTO `wa...')
#3 C:\xampp\htdocs\gplan\system\Database\BaseBuilder.php(2234): CodeIgniter\Database\BaseConnection->query('INSERT INTO `wa...', Array, false)
#4 C:\xampp\htdocs\gplan\app\Core\BaseModel.php(1269): CodeIgniter\Database\BaseBuilder->insert(Array)
#5 C:\xampp\htdocs\gplan\app\Models\WalletModel.php(132): App\Core\BaseModel->insertNew(Array)
#6 C:\xampp\htdocs\gplan\app\Controllers\Withdraw.php(234): App\Models\WalletModel->wallet_out('1', '1000', '1')
#7 C:\xampp\htdocs\gplan\system\CodeIgniter.php(914): App\Controllers\Withdraw->add()
#8 C:\xampp\htdocs\gplan\system\CodeIgniter.php(400): CodeIgniter\CodeIgniter->runController(Object(App\Controllers\Withdraw))
#9 C:\xampp\htdocs\gplan\system\CodeIgniter.php(308): CodeIgniter\CodeIgniter->handleRequest(NULL, Object(Config\Cache), false)
#10 C:\xampp\htdocs\gplan\index.php(45): CodeIgniter\CodeIgniter->run()
#11 {main}
CRITICAL - 2022-02-20 16:43:40 --> Unknown column 'wallet_withdrawal_id' in 'field list'
#0 C:\xampp\htdocs\gplan\system\Database\MySQLi\Connection.php(331): mysqli->query('INSERT INTO `wa...')
#1 C:\xampp\htdocs\gplan\system\Database\BaseConnection.php(738): CodeIgniter\Database\MySQLi\Connection->execute('INSERT INTO `wa...')
#2 C:\xampp\htdocs\gplan\system\Database\BaseConnection.php(666): CodeIgniter\Database\BaseConnection->simpleQuery('INSERT INTO `wa...')
#3 C:\xampp\htdocs\gplan\system\Database\BaseBuilder.php(2234): CodeIgniter\Database\BaseConnection->query('INSERT INTO `wa...', Array, false)
#4 C:\xampp\htdocs\gplan\app\Core\BaseModel.php(1269): CodeIgniter\Database\BaseBuilder->insert(Array)
#5 C:\xampp\htdocs\gplan\app\Models\WalletModel.php(132): App\Core\BaseModel->insertNew(Array)
#6 C:\xampp\htdocs\gplan\app\Controllers\Withdraw.php(234): App\Models\WalletModel->wallet_out('1', '1000', '1')
#7 C:\xampp\htdocs\gplan\system\CodeIgniter.php(914): App\Controllers\Withdraw->add()
#8 C:\xampp\htdocs\gplan\system\CodeIgniter.php(400): CodeIgniter\CodeIgniter->runController(Object(App\Controllers\Withdraw))
#9 C:\xampp\htdocs\gplan\system\CodeIgniter.php(308): CodeIgniter\CodeIgniter->handleRequest(NULL, Object(Config\Cache), false)
#10 C:\xampp\htdocs\gplan\index.php(45): CodeIgniter\CodeIgniter->run()
#11 {main}
CRITICAL - 2022-02-20 16:44:21 --> Unknown column 'wallet_withdrawal_id' in 'field list'
#0 C:\xampp\htdocs\gplan\system\Database\MySQLi\Connection.php(331): mysqli->query('INSERT INTO `wa...')
#1 C:\xampp\htdocs\gplan\system\Database\BaseConnection.php(738): CodeIgniter\Database\MySQLi\Connection->execute('INSERT INTO `wa...')
#2 C:\xampp\htdocs\gplan\system\Database\BaseConnection.php(666): CodeIgniter\Database\BaseConnection->simpleQuery('INSERT INTO `wa...')
#3 C:\xampp\htdocs\gplan\system\Database\BaseBuilder.php(2234): CodeIgniter\Database\BaseConnection->query('INSERT INTO `wa...', Array, false)
#4 C:\xampp\htdocs\gplan\app\Core\BaseModel.php(1269): CodeIgniter\Database\BaseBuilder->insert(Array)
#5 C:\xampp\htdocs\gplan\app\Models\WalletModel.php(133): App\Core\BaseModel->insertNew(Array)
#6 C:\xampp\htdocs\gplan\app\Controllers\Withdraw.php(234): App\Models\WalletModel->wallet_out('1', '1000', '1')
#7 C:\xampp\htdocs\gplan\system\CodeIgniter.php(914): App\Controllers\Withdraw->add()
#8 C:\xampp\htdocs\gplan\system\CodeIgniter.php(400): CodeIgniter\CodeIgniter->runController(Object(App\Controllers\Withdraw))
#9 C:\xampp\htdocs\gplan\system\CodeIgniter.php(308): CodeIgniter\CodeIgniter->handleRequest(NULL, Object(Config\Cache), false)
#10 C:\xampp\htdocs\gplan\index.php(45): CodeIgniter\CodeIgniter->run()
#11 {main}
CRITICAL - 2022-02-20 16:52:21 --> Call to undefined method App\Models\FamilyModel::get_user_name
#0 C:\xampp\htdocs\gplan\app\Models\FamilyModel.php(129): CodeIgniter\Model->__call('get_user_name', Array)
#1 C:\xampp\htdocs\gplan\app\Models\FamilyModel.php(92): App\Models\FamilyModel->insert_commission(5)
#2 C:\xampp\htdocs\gplan\app\Controllers\Users.php(166): App\Models\FamilyModel->insert_new_member('4', '3')
#3 C:\xampp\htdocs\gplan\system\CodeIgniter.php(914): App\Controllers\Users->verify_user('4')
#4 C:\xampp\htdocs\gplan\system\CodeIgniter.php(400): CodeIgniter\CodeIgniter->runController(Object(App\Controllers\Users))
#5 C:\xampp\htdocs\gplan\system\CodeIgniter.php(308): CodeIgniter\CodeIgniter->handleRequest(NULL, Object(Config\Cache), false)
#6 C:\xampp\htdocs\gplan\index.php(45): CodeIgniter\CodeIgniter->run()
#7 {main}
CRITICAL - 2022-02-20 20:09:51 --> Undefined variable: users
#0 C:\xampp\htdocs\gplan\app\Views\admin\wallet\all.php(56): CodeIgniter\Debug\Exceptions->errorHandler(8, 'Undefined varia...', 'C:\\xampp\\htdocs...', 56, Array)
#1 C:\xampp\htdocs\gplan\system\View\View.php(246): include('C:\\xampp\\htdocs...')
#2 C:\xampp\htdocs\gplan\system\Common.php(1087): CodeIgniter\View\View->render('admin/wallet/al...', Array, true)
#3 C:\xampp\htdocs\gplan\app\Controllers\Wallet.php(116): view('admin/wallet/al...')
#4 C:\xampp\htdocs\gplan\system\CodeIgniter.php(914): App\Controllers\Wallet->index()
#5 C:\xampp\htdocs\gplan\system\CodeIgniter.php(400): CodeIgniter\CodeIgniter->runController(Object(App\Controllers\Wallet))
#6 C:\xampp\htdocs\gplan\system\CodeIgniter.php(308): CodeIgniter\CodeIgniter->handleRequest(NULL, Object(Config\Cache), false)
#7 C:\xampp\htdocs\gplan\index.php(45): CodeIgniter\CodeIgniter->run()
#8 {main}
CRITICAL - 2022-02-20 20:09:52 --> Undefined variable: users
#0 C:\xampp\htdocs\gplan\app\Views\admin\wallet\all.php(56): CodeIgniter\Debug\Exceptions->errorHandler(8, 'Undefined varia...', 'C:\\xampp\\htdocs...', 56, Array)
#1 C:\xampp\htdocs\gplan\system\View\View.php(246): include('C:\\xampp\\htdocs...')
#2 C:\xampp\htdocs\gplan\system\Common.php(1087): CodeIgniter\View\View->render('admin/wallet/al...', Array, true)
#3 C:\xampp\htdocs\gplan\app\Controllers\Wallet.php(116): view('admin/wallet/al...')
#4 C:\xampp\htdocs\gplan\system\CodeIgniter.php(914): App\Controllers\Wallet->index()
#5 C:\xampp\htdocs\gplan\system\CodeIgniter.php(400): CodeIgniter\CodeIgniter->runController(Object(App\Controllers\Wallet))
#6 C:\xampp\htdocs\gplan\system\CodeIgniter.php(308): CodeIgniter\CodeIgniter->handleRequest(NULL, Object(Config\Cache), false)
#7 C:\xampp\htdocs\gplan\index.php(45): CodeIgniter\CodeIgniter->run()
#8 {main}
CRITICAL - 2022-02-20 20:10:07 --> Column 'users_id' in where clause is ambiguous
#0 C:\xampp\htdocs\gplan\system\Database\MySQLi\Connection.php(331): mysqli->query('SELECT `wallet`...')
#1 C:\xampp\htdocs\gplan\system\Database\BaseConnection.php(738): CodeIgniter\Database\MySQLi\Connection->execute('SELECT `wallet`...')
#2 C:\xampp\htdocs\gplan\system\Database\BaseConnection.php(666): CodeIgniter\Database\BaseConnection->simpleQuery('SELECT `wallet`...')
#3 C:\xampp\htdocs\gplan\system\Database\BaseBuilder.php(1845): CodeIgniter\Database\BaseConnection->query('SELECT `wallet`...', Array, false)
#4 C:\xampp\htdocs\gplan\app\Models\WalletModel.php(228): CodeIgniter\Database\BaseBuilder->get()
#5 C:\xampp\htdocs\gplan\app\Controllers\Wallet.php(110): App\Models\WalletModel->get_transaction('', 1, Array, Array)
#6 C:\xampp\htdocs\gplan\system\CodeIgniter.php(914): App\Controllers\Wallet->index()
#7 C:\xampp\htdocs\gplan\system\CodeIgniter.php(400): CodeIgniter\CodeIgniter->runController(Object(App\Controllers\Wallet))
#8 C:\xampp\htdocs\gplan\system\CodeIgniter.php(308): CodeIgniter\CodeIgniter->handleRequest(NULL, Object(Config\Cache), false)
#9 C:\xampp\htdocs\gplan\index.php(45): CodeIgniter\CodeIgniter->run()
#10 {main}
CRITICAL - 2022-02-20 20:10:13 --> Column 'users_id' in where clause is ambiguous
#0 C:\xampp\htdocs\gplan\system\Database\MySQLi\Connection.php(331): mysqli->query('SELECT `wallet`...')
#1 C:\xampp\htdocs\gplan\system\Database\BaseConnection.php(738): CodeIgniter\Database\MySQLi\Connection->execute('SELECT `wallet`...')
#2 C:\xampp\htdocs\gplan\system\Database\BaseConnection.php(666): CodeIgniter\Database\BaseConnection->simpleQuery('SELECT `wallet`...')
#3 C:\xampp\htdocs\gplan\system\Database\BaseBuilder.php(1845): CodeIgniter\Database\BaseConnection->query('SELECT `wallet`...', Array, false)
#4 C:\xampp\htdocs\gplan\app\Models\WalletModel.php(228): CodeIgniter\Database\BaseBuilder->get()
#5 C:\xampp\htdocs\gplan\app\Controllers\Wallet.php(110): App\Models\WalletModel->get_transaction('', 1, Array, Array)
#6 C:\xampp\htdocs\gplan\system\CodeIgniter.php(914): App\Controllers\Wallet->index()
#7 C:\xampp\htdocs\gplan\system\CodeIgniter.php(400): CodeIgniter\CodeIgniter->runController(Object(App\Controllers\Wallet))
#8 C:\xampp\htdocs\gplan\system\CodeIgniter.php(308): CodeIgniter\CodeIgniter->handleRequest(NULL, Object(Config\Cache), false)
#9 C:\xampp\htdocs\gplan\index.php(45): CodeIgniter\CodeIgniter->run()
#10 {main}
CRITICAL - 2022-02-20 20:10:34 --> Undefined index: username
#0 C:\xampp\htdocs\gplan\app\Views\admin\wallet\all.php(105): CodeIgniter\Debug\Exceptions->errorHandler(8, 'Undefined index...', 'C:\\xampp\\htdocs...', 105, Array)
#1 C:\xampp\htdocs\gplan\system\View\View.php(246): include('C:\\xampp\\htdocs...')
#2 C:\xampp\htdocs\gplan\system\Common.php(1087): CodeIgniter\View\View->render('admin/wallet/al...', Array, true)
#3 C:\xampp\htdocs\gplan\app\Controllers\Wallet.php(116): view('admin/wallet/al...')
#4 C:\xampp\htdocs\gplan\system\CodeIgniter.php(914): App\Controllers\Wallet->index()
#5 C:\xampp\htdocs\gplan\system\CodeIgniter.php(400): CodeIgniter\CodeIgniter->runController(Object(App\Controllers\Wallet))
#6 C:\xampp\htdocs\gplan\system\CodeIgniter.php(308): CodeIgniter\CodeIgniter->handleRequest(NULL, Object(Config\Cache), false)
#7 C:\xampp\htdocs\gplan\index.php(45): CodeIgniter\CodeIgniter->run()
#8 {main}
CRITICAL - 2022-02-20 20:10:35 --> Undefined index: username
#0 C:\xampp\htdocs\gplan\app\Views\admin\wallet\all.php(105): CodeIgniter\Debug\Exceptions->errorHandler(8, 'Undefined index...', 'C:\\xampp\\htdocs...', 105, Array)
#1 C:\xampp\htdocs\gplan\system\View\View.php(246): include('C:\\xampp\\htdocs...')
#2 C:\xampp\htdocs\gplan\system\Common.php(1087): CodeIgniter\View\View->render('admin/wallet/al...', Array, true)
#3 C:\xampp\htdocs\gplan\app\Controllers\Wallet.php(116): view('admin/wallet/al...')
#4 C:\xampp\htdocs\gplan\system\CodeIgniter.php(914): App\Controllers\Wallet->index()
#5 C:\xampp\htdocs\gplan\system\CodeIgniter.php(400): CodeIgniter\CodeIgniter->runController(Object(App\Controllers\Wallet))
#6 C:\xampp\htdocs\gplan\system\CodeIgniter.php(308): CodeIgniter\CodeIgniter->handleRequest(NULL, Object(Config\Cache), false)
#7 C:\xampp\htdocs\gplan\index.php(45): CodeIgniter\CodeIgniter->run()
#8 {main}
CRITICAL - 2022-02-20 20:10:51 --> You have an error in your SQL syntax; check the manual that corresponds to your MariaDB server version for the right syntax to use near ' `users`.`contact`, (wallet_in - wallet_out) AS transaction
FROM `wallet`
LEF...' at line 1
#0 C:\xampp\htdocs\gplan\system\Database\MySQLi\Connection.php(331): mysqli->query('SELECT `wallet`...')
#1 C:\xampp\htdocs\gplan\system\Database\BaseConnection.php(738): CodeIgniter\Database\MySQLi\Connection->execute('SELECT `wallet`...')
#2 C:\xampp\htdocs\gplan\system\Database\BaseConnection.php(666): CodeIgniter\Database\BaseConnection->simpleQuery('SELECT `wallet`...')
#3 C:\xampp\htdocs\gplan\system\Database\BaseBuilder.php(1845): CodeIgniter\Database\BaseConnection->query('SELECT `wallet`...', Array, false)
#4 C:\xampp\htdocs\gplan\app\Models\WalletModel.php(229): CodeIgniter\Database\BaseBuilder->get()
#5 C:\xampp\htdocs\gplan\app\Controllers\Wallet.php(110): App\Models\WalletModel->get_transaction('', 1, Array, Array)
#6 C:\xampp\htdocs\gplan\system\CodeIgniter.php(914): App\Controllers\Wallet->index()
#7 C:\xampp\htdocs\gplan\system\CodeIgniter.php(400): CodeIgniter\CodeIgniter->runController(Object(App\Controllers\Wallet))
#8 C:\xampp\htdocs\gplan\system\CodeIgniter.php(308): CodeIgniter\CodeIgniter->handleRequest(NULL, Object(Config\Cache), false)
#9 C:\xampp\htdocs\gplan\index.php(45): CodeIgniter\CodeIgniter->run()
#10 {main}
CRITICAL - 2022-02-20 20:10:51 --> You have an error in your SQL syntax; check the manual that corresponds to your MariaDB server version for the right syntax to use near ' `users`.`contact`, (wallet_in - wallet_out) AS transaction
FROM `wallet`
LEF...' at line 1
#0 C:\xampp\htdocs\gplan\system\Database\MySQLi\Connection.php(331): mysqli->query('SELECT `wallet`...')
#1 C:\xampp\htdocs\gplan\system\Database\BaseConnection.php(738): CodeIgniter\Database\MySQLi\Connection->execute('SELECT `wallet`...')
#2 C:\xampp\htdocs\gplan\system\Database\BaseConnection.php(666): CodeIgniter\Database\BaseConnection->simpleQuery('SELECT `wallet`...')
#3 C:\xampp\htdocs\gplan\system\Database\BaseBuilder.php(1845): CodeIgniter\Database\BaseConnection->query('SELECT `wallet`...', Array, false)
#4 C:\xampp\htdocs\gplan\app\Models\WalletModel.php(229): CodeIgniter\Database\BaseBuilder->get()
#5 C:\xampp\htdocs\gplan\app\Controllers\Wallet.php(110): App\Models\WalletModel->get_transaction('', 1, Array, Array)
#6 C:\xampp\htdocs\gplan\system\CodeIgniter.php(914): App\Controllers\Wallet->index()
#7 C:\xampp\htdocs\gplan\system\CodeIgniter.php(400): CodeIgniter\CodeIgniter->runController(Object(App\Controllers\Wallet))
#8 C:\xampp\htdocs\gplan\system\CodeIgniter.php(308): CodeIgniter\CodeIgniter->handleRequest(NULL, Object(Config\Cache), false)
#9 C:\xampp\htdocs\gplan\index.php(45): CodeIgniter\CodeIgniter->run()
#10 {main}
CRITICAL - 2022-02-20 20:10:51 --> Unknown column 'users' in 'field list'
#0 C:\xampp\htdocs\gplan\system\Database\MySQLi\Connection.php(331): mysqli->query('SELECT `wallet`...')
#1 C:\xampp\htdocs\gplan\system\Database\BaseConnection.php(738): CodeIgniter\Database\MySQLi\Connection->execute('SELECT `wallet`...')
#2 C:\xampp\htdocs\gplan\system\Database\BaseConnection.php(666): CodeIgniter\Database\BaseConnection->simpleQuery('SELECT `wallet`...')
#3 C:\xampp\htdocs\gplan\system\Database\BaseBuilder.php(1845): CodeIgniter\Database\BaseConnection->query('SELECT `wallet`...', Array, false)
#4 C:\xampp\htdocs\gplan\app\Models\WalletModel.php(229): CodeIgniter\Database\BaseBuilder->get()
#5 C:\xampp\htdocs\gplan\app\Controllers\Wallet.php(110): App\Models\WalletModel->get_transaction('', 1, Array, Array)
#6 C:\xampp\htdocs\gplan\system\CodeIgniter.php(914): App\Controllers\Wallet->index()
#7 C:\xampp\htdocs\gplan\system\CodeIgniter.php(400): CodeIgniter\CodeIgniter->runController(Object(App\Controllers\Wallet))
#8 C:\xampp\htdocs\gplan\system\CodeIgniter.php(308): CodeIgniter\CodeIgniter->handleRequest(NULL, Object(Config\Cache), false)
#9 C:\xampp\htdocs\gplan\index.php(45): CodeIgniter\CodeIgniter->run()
#10 {main}
CRITICAL - 2022-02-20 20:10:52 --> Unknown column 'users' in 'field list'
#0 C:\xampp\htdocs\gplan\system\Database\MySQLi\Connection.php(331): mysqli->query('SELECT `wallet`...')
#1 C:\xampp\htdocs\gplan\system\Database\BaseConnection.php(738): CodeIgniter\Database\MySQLi\Connection->execute('SELECT `wallet`...')
#2 C:\xampp\htdocs\gplan\system\Database\BaseConnection.php(666): CodeIgniter\Database\BaseConnection->simpleQuery('SELECT `wallet`...')
#3 C:\xampp\htdocs\gplan\system\Database\BaseBuilder.php(1845): CodeIgniter\Database\BaseConnection->query('SELECT `wallet`...', Array, false)
#4 C:\xampp\htdocs\gplan\app\Models\WalletModel.php(229): CodeIgniter\Database\BaseBuilder->get()
#5 C:\xampp\htdocs\gplan\app\Controllers\Wallet.php(110): App\Models\WalletModel->get_transaction('', 1, Array, Array)
#6 C:\xampp\htdocs\gplan\system\CodeIgniter.php(914): App\Controllers\Wallet->index()
#7 C:\xampp\htdocs\gplan\system\CodeIgniter.php(400): CodeIgniter\CodeIgniter->runController(Object(App\Controllers\Wallet))
#8 C:\xampp\htdocs\gplan\system\CodeIgniter.php(308): CodeIgniter\CodeIgniter->handleRequest(NULL, Object(Config\Cache), false)
#9 C:\xampp\htdocs\gplan\index.php(45): CodeIgniter\CodeIgniter->run()
#10 {main}
CRITICAL - 2022-02-20 20:10:59 --> Unknown column 'users' in 'field list'
#0 C:\xampp\htdocs\gplan\system\Database\MySQLi\Connection.php(331): mysqli->query('SELECT `wallet`...')
#1 C:\xampp\htdocs\gplan\system\Database\BaseConnection.php(738): CodeIgniter\Database\MySQLi\Connection->execute('SELECT `wallet`...')
#2 C:\xampp\htdocs\gplan\system\Database\BaseConnection.php(666): CodeIgniter\Database\BaseConnection->simpleQuery('SELECT `wallet`...')
#3 C:\xampp\htdocs\gplan\system\Database\BaseBuilder.php(1845): CodeIgniter\Database\BaseConnection->query('SELECT `wallet`...', Array, false)
#4 C:\xampp\htdocs\gplan\app\Models\WalletModel.php(229): CodeIgniter\Database\BaseBuilder->get()
#5 C:\xampp\htdocs\gplan\app\Controllers\Wallet.php(110): App\Models\WalletModel->get_transaction('', 1, Array, Array)
#6 C:\xampp\htdocs\gplan\system\CodeIgniter.php(914): App\Controllers\Wallet->index()
#7 C:\xampp\htdocs\gplan\system\CodeIgniter.php(400): CodeIgniter\CodeIgniter->runController(Object(App\Controllers\Wallet))
#8 C:\xampp\htdocs\gplan\system\CodeIgniter.php(308): CodeIgniter\CodeIgniter->handleRequest(NULL, Object(Config\Cache), false)
#9 C:\xampp\htdocs\gplan\index.php(45): CodeIgniter\CodeIgniter->run()
#10 {main}
CRITICAL - 2022-02-20 20:10:59 --> Unknown column 'users' in 'field list'
#0 C:\xampp\htdocs\gplan\system\Database\MySQLi\Connection.php(331): mysqli->query('SELECT `wallet`...')
#1 C:\xampp\htdocs\gplan\system\Database\BaseConnection.php(738): CodeIgniter\Database\MySQLi\Connection->execute('SELECT `wallet`...')
#2 C:\xampp\htdocs\gplan\system\Database\BaseConnection.php(666): CodeIgniter\Database\BaseConnection->simpleQuery('SELECT `wallet`...')
#3 C:\xampp\htdocs\gplan\system\Database\BaseBuilder.php(1845): CodeIgniter\Database\BaseConnection->query('SELECT `wallet`...', Array, false)
#4 C:\xampp\htdocs\gplan\app\Models\WalletModel.php(229): CodeIgniter\Database\BaseBuilder->get()
#5 C:\xampp\htdocs\gplan\app\Controllers\Wallet.php(110): App\Models\WalletModel->get_transaction('', 1, Array, Array)
#6 C:\xampp\htdocs\gplan\system\CodeIgniter.php(914): App\Controllers\Wallet->index()
#7 C:\xampp\htdocs\gplan\system\CodeIgniter.php(400): CodeIgniter\CodeIgniter->runController(Object(App\Controllers\Wallet))
#8 C:\xampp\htdocs\gplan\system\CodeIgniter.php(308): CodeIgniter\CodeIgniter->handleRequest(NULL, Object(Config\Cache), false)
#9 C:\xampp\htdocs\gplan\index.php(45): CodeIgniter\CodeIgniter->run()
#10 {main}
CRITICAL - 2022-02-20 20:11:00 --> Unknown column 'users' in 'field list'
#0 C:\xampp\htdocs\gplan\system\Database\MySQLi\Connection.php(331): mysqli->query('SELECT `wallet`...')
#1 C:\xampp\htdocs\gplan\system\Database\BaseConnection.php(738): CodeIgniter\Database\MySQLi\Connection->execute('SELECT `wallet`...')
#2 C:\xampp\htdocs\gplan\system\Database\BaseConnection.php(666): CodeIgniter\Database\BaseConnection->simpleQuery('SELECT `wallet`...')
#3 C:\xampp\htdocs\gplan\system\Database\BaseBuilder.php(1845): CodeIgniter\Database\BaseConnection->query('SELECT `wallet`...', Array, false)
#4 C:\xampp\htdocs\gplan\app\Models\WalletModel.php(229): CodeIgniter\Database\BaseBuilder->get()
#5 C:\xampp\htdocs\gplan\app\Controllers\Wallet.php(110): App\Models\WalletModel->get_transaction('', 1, Array, Array)
#6 C:\xampp\htdocs\gplan\system\CodeIgniter.php(914): App\Controllers\Wallet->index()
#7 C:\xampp\htdocs\gplan\system\CodeIgniter.php(400): CodeIgniter\CodeIgniter->runController(Object(App\Controllers\Wallet))
#8 C:\xampp\htdocs\gplan\system\CodeIgniter.php(308): CodeIgniter\CodeIgniter->handleRequest(NULL, Object(Config\Cache), false)
#9 C:\xampp\htdocs\gplan\index.php(45): CodeIgniter\CodeIgniter->run()
#10 {main}
