CRITICAL - 2021-02-23 16:38:33 --> Unsupported operand types
#0 D:\www\plantation\system\CodeIgniter.php(914): App\Controllers\API->get_payment_summary()
#1 D:\www\plantation\system\CodeIgniter.php(400): CodeIgniter\CodeIgniter->runController(Object(App\Controllers\API))
#2 D:\www\plantation\system\CodeIgniter.php(308): CodeIgniter\CodeIgniter->handleRequest(NULL, Object(Config\Cache), false)
#3 D:\www\plantation\index.php(45): CodeIgniter\CodeIgniter->run()
#4 {main}
CRITICAL - 2021-02-23 16:38:33 --> Unsupported operand types
#0 D:\www\plantation\system\CodeIgniter.php(914): App\Controllers\API->get_payment_summary()
#1 D:\www\plantation\system\CodeIgniter.php(400): CodeIgniter\CodeIgniter->runController(Object(App\Controllers\API))
#2 D:\www\plantation\system\CodeIgniter.php(308): CodeIgniter\CodeIgniter->handleRequest(NULL, Object(Config\Cache), false)
#3 D:\www\plantation\index.php(45): CodeIgniter\CodeIgniter->run()
#4 {main}
CRITICAL - 2021-02-23 16:38:46 --> Unsupported operand types
#0 D:\www\plantation\system\CodeIgniter.php(914): App\Controllers\API->get_payment_summary()
#1 D:\www\plantation\system\CodeIgniter.php(400): CodeIgniter\CodeIgniter->runController(Object(App\Controllers\API))
#2 D:\www\plantation\system\CodeIgniter.php(308): CodeIgniter\CodeIgniter->handleRequest(NULL, Object(Config\Cache), false)
#3 D:\www\plantation\index.php(45): CodeIgniter\CodeIgniter->run()
#4 {main}
CRITICAL - 2021-02-23 16:38:46 --> Unsupported operand types
#0 D:\www\plantation\system\CodeIgniter.php(914): App\Controllers\API->get_payment_summary()
#1 D:\www\plantation\system\CodeIgniter.php(400): CodeIgniter\CodeIgniter->runController(Object(App\Controllers\API))
#2 D:\www\plantation\system\CodeIgniter.php(308): CodeIgniter\CodeIgniter->handleRequest(NULL, Object(Config\Cache), false)
#3 D:\www\plantation\index.php(45): CodeIgniter\CodeIgniter->run()
#4 {main}
CRITICAL - 2021-02-23 16:39:04 --> Unsupported operand types
#0 D:\www\plantation\system\CodeIgniter.php(914): App\Controllers\API->get_payment_summary()
#1 D:\www\plantation\system\CodeIgniter.php(400): CodeIgniter\CodeIgniter->runController(Object(App\Controllers\API))
#2 D:\www\plantation\system\CodeIgniter.php(308): CodeIgniter\CodeIgniter->handleRequest(NULL, Object(Config\Cache), false)
#3 D:\www\plantation\index.php(45): CodeIgniter\CodeIgniter->run()
#4 {main}
CRITICAL - 2021-02-23 16:39:04 --> Unsupported operand types
#0 D:\www\plantation\system\CodeIgniter.php(914): App\Controllers\API->get_payment_summary()
#1 D:\www\plantation\system\CodeIgniter.php(400): CodeIgniter\CodeIgniter->runController(Object(App\Controllers\API))
#2 D:\www\plantation\system\CodeIgniter.php(308): CodeIgniter\CodeIgniter->handleRequest(NULL, Object(Config\Cache), false)
#3 D:\www\plantation\index.php(45): CodeIgniter\CodeIgniter->run()
#4 {main}
CRITICAL - 2021-02-23 16:39:05 --> Unsupported operand types
#0 D:\www\plantation\system\CodeIgniter.php(914): App\Controllers\API->get_payment_summary()
#1 D:\www\plantation\system\CodeIgniter.php(400): CodeIgniter\CodeIgniter->runController(Object(App\Controllers\API))
#2 D:\www\plantation\system\CodeIgniter.php(308): CodeIgniter\CodeIgniter->handleRequest(NULL, Object(Config\Cache), false)
#3 D:\www\plantation\index.php(45): CodeIgniter\CodeIgniter->run()
#4 {main}
CRITICAL - 2021-02-23 16:39:05 --> Unsupported operand types
#0 D:\www\plantation\system\CodeIgniter.php(914): App\Controllers\API->get_payment_summary()
#1 D:\www\plantation\system\CodeIgniter.php(400): CodeIgniter\CodeIgniter->runController(Object(App\Controllers\API))
#2 D:\www\plantation\system\CodeIgniter.php(308): CodeIgniter\CodeIgniter->handleRequest(NULL, Object(Config\Cache), false)
#3 D:\www\plantation\index.php(45): CodeIgniter\CodeIgniter->run()
#4 {main}
CRITICAL - 2021-02-23 16:39:13 --> Unsupported operand types
#0 D:\www\plantation\system\CodeIgniter.php(914): App\Controllers\API->get_payment_summary()
#1 D:\www\plantation\system\CodeIgniter.php(400): CodeIgniter\CodeIgniter->runController(Object(App\Controllers\API))
#2 D:\www\plantation\system\CodeIgniter.php(308): CodeIgniter\CodeIgniter->handleRequest(NULL, Object(Config\Cache), false)
#3 D:\www\plantation\index.php(45): CodeIgniter\CodeIgniter->run()
#4 {main}
CRITICAL - 2021-02-23 16:39:14 --> Unsupported operand types
#0 D:\www\plantation\system\CodeIgniter.php(914): App\Controllers\API->get_payment_summary()
#1 D:\www\plantation\system\CodeIgniter.php(400): CodeIgniter\CodeIgniter->runController(Object(App\Controllers\API))
#2 D:\www\plantation\system\CodeIgniter.php(308): CodeIgniter\CodeIgniter->handleRequest(NULL, Object(Config\Cache), false)
#3 D:\www\plantation\index.php(45): CodeIgniter\CodeIgniter->run()
#4 {main}
CRITICAL - 2021-02-23 16:39:59 --> array_merge(): Expected parameter 1 to be an array, int given
#0 [internal function]: CodeIgniter\Debug\Exceptions->errorHandler(2, 'array_merge(): ...', 'D:\\www\\plantati...', 694, Array)
#1 D:\www\plantation\app\Controllers\API.php(694): array_merge(16, 1120, 820, Array)
#2 D:\www\plantation\system\CodeIgniter.php(914): App\Controllers\API->get_payment_summary()
#3 D:\www\plantation\system\CodeIgniter.php(400): CodeIgniter\CodeIgniter->runController(Object(App\Controllers\API))
#4 D:\www\plantation\system\CodeIgniter.php(308): CodeIgniter\CodeIgniter->handleRequest(NULL, Object(Config\Cache), false)
#5 D:\www\plantation\index.php(45): CodeIgniter\CodeIgniter->run()
#6 {main}
CRITICAL - 2021-02-23 16:39:59 --> array_merge(): Expected parameter 1 to be an array, int given
#0 [internal function]: CodeIgniter\Debug\Exceptions->errorHandler(2, 'array_merge(): ...', 'D:\\www\\plantati...', 694, Array)
#1 D:\www\plantation\app\Controllers\API.php(694): array_merge(16, 1120, 820, Array)
#2 D:\www\plantation\system\CodeIgniter.php(914): App\Controllers\API->get_payment_summary()
#3 D:\www\plantation\system\CodeIgniter.php(400): CodeIgniter\CodeIgniter->runController(Object(App\Controllers\API))
#4 D:\www\plantation\system\CodeIgniter.php(308): CodeIgniter\CodeIgniter->handleRequest(NULL, Object(Config\Cache), false)
#5 D:\www\plantation\index.php(45): CodeIgniter\CodeIgniter->run()
#6 {main}
CRITICAL - 2021-02-23 16:40:21 --> array_sum() expects exactly 1 parameter, 4 given
#0 [internal function]: CodeIgniter\Debug\Exceptions->errorHandler(2, 'array_sum() exp...', 'D:\\www\\plantati...', 694, Array)
#1 D:\www\plantation\app\Controllers\API.php(694): array_sum(16, 1120, 820, Array)
#2 D:\www\plantation\system\CodeIgniter.php(914): App\Controllers\API->get_payment_summary()
#3 D:\www\plantation\system\CodeIgniter.php(400): CodeIgniter\CodeIgniter->runController(Object(App\Controllers\API))
#4 D:\www\plantation\system\CodeIgniter.php(308): CodeIgniter\CodeIgniter->handleRequest(NULL, Object(Config\Cache), false)
#5 D:\www\plantation\index.php(45): CodeIgniter\CodeIgniter->run()
#6 {main}
CRITICAL - 2021-02-23 16:40:21 --> array_sum() expects exactly 1 parameter, 4 given
#0 [internal function]: CodeIgniter\Debug\Exceptions->errorHandler(2, 'array_sum() exp...', 'D:\\www\\plantati...', 694, Array)
#1 D:\www\plantation\app\Controllers\API.php(694): array_sum(16, 1120, 820, Array)
#2 D:\www\plantation\system\CodeIgniter.php(914): App\Controllers\API->get_payment_summary()
#3 D:\www\plantation\system\CodeIgniter.php(400): CodeIgniter\CodeIgniter->runController(Object(App\Controllers\API))
#4 D:\www\plantation\system\CodeIgniter.php(308): CodeIgniter\CodeIgniter->handleRequest(NULL, Object(Config\Cache), false)
#5 D:\www\plantation\index.php(45): CodeIgniter\CodeIgniter->run()
#6 {main}
CRITICAL - 2021-02-23 16:51:41 --> You have an error in your SQL syntax; check the manual that corresponds to your MySQL server version for the right syntax to use near ') AND attendence.month IN ()) AS total_working_day_working_hour, (SELECT SUM(att' at line 1
#0 D:\www\plantation\system\Database\MySQLi\Connection.php(331): mysqli->query('SELECT `attende...')
#1 D:\www\plantation\system\Database\BaseConnection.php(738): CodeIgniter\Database\MySQLi\Connection->execute('SELECT `attende...')
#2 D:\www\plantation\system\Database\BaseConnection.php(666): CodeIgniter\Database\BaseConnection->simpleQuery('SELECT `attende...')
#3 D:\www\plantation\system\Database\BaseBuilder.php(1845): CodeIgniter\Database\BaseConnection->query('SELECT `attende...', Array, false)
#4 D:\www\plantation\app\Models\AttendenceModel.php(176): CodeIgniter\Database\BaseBuilder->get()
#5 D:\www\plantation\app\Controllers\API.php(376): App\Models\AttendenceModel->get_for_pay_slip(Array)
#6 D:\www\plantation\system\CodeIgniter.php(914): App\Controllers\API->get_payslip_detail()
#7 D:\www\plantation\system\CodeIgniter.php(400): CodeIgniter\CodeIgniter->runController(Object(App\Controllers\API))
#8 D:\www\plantation\system\CodeIgniter.php(308): CodeIgniter\CodeIgniter->handleRequest(NULL, Object(Config\Cache), false)
#9 D:\www\plantation\index.php(45): CodeIgniter\CodeIgniter->run()
#10 {main}
CRITICAL - 2021-02-23 16:51:54 --> You have an error in your SQL syntax; check the manual that corresponds to your MySQL server version for the right syntax to use near ') AND attendence.month IN ()) AS total_working_day_working_hour, (SELECT SUM(att' at line 1
#0 D:\www\plantation\system\Database\MySQLi\Connection.php(331): mysqli->query('SELECT `attende...')
#1 D:\www\plantation\system\Database\BaseConnection.php(738): CodeIgniter\Database\MySQLi\Connection->execute('SELECT `attende...')
#2 D:\www\plantation\system\Database\BaseConnection.php(666): CodeIgniter\Database\BaseConnection->simpleQuery('SELECT `attende...')
#3 D:\www\plantation\system\Database\BaseBuilder.php(1845): CodeIgniter\Database\BaseConnection->query('SELECT `attende...', Array, false)
#4 D:\www\plantation\app\Models\AttendenceModel.php(176): CodeIgniter\Database\BaseBuilder->get()
#5 D:\www\plantation\app\Controllers\API.php(376): App\Models\AttendenceModel->get_for_pay_slip(Array)
#6 D:\www\plantation\system\CodeIgniter.php(914): App\Controllers\API->get_payslip_detail()
#7 D:\www\plantation\system\CodeIgniter.php(400): CodeIgniter\CodeIgniter->runController(Object(App\Controllers\API))
#8 D:\www\plantation\system\CodeIgniter.php(308): CodeIgniter\CodeIgniter->handleRequest(NULL, Object(Config\Cache), false)
#9 D:\www\plantation\index.php(45): CodeIgniter\CodeIgniter->run()
#10 {main}
CRITICAL - 2021-02-23 16:53:00 --> implode(): Invalid arguments passed
#0 [internal function]: CodeIgniter\Debug\Exceptions->errorHandler(2, 'implode(): Inva...', 'D:\\www\\plantati...', 64, Array)
#1 D:\www\plantation\app\Models\AttendenceModel.php(64): implode(',', '01')
#2 D:\www\plantation\app\Models\AttendenceModel.php(146): App\Models\AttendenceModel->get_attendance_hour_overtime('working_day', 'total_working_d...', 'total_working_d...', Array)
#3 D:\www\plantation\app\Controllers\API.php(376): App\Models\AttendenceModel->get_for_pay_slip(Array)
#4 D:\www\plantation\system\CodeIgniter.php(914): App\Controllers\API->get_payslip_detail()
#5 D:\www\plantation\system\CodeIgniter.php(400): CodeIgniter\CodeIgniter->runController(Object(App\Controllers\API))
#6 D:\www\plantation\system\CodeIgniter.php(308): CodeIgniter\CodeIgniter->handleRequest(NULL, Object(Config\Cache), false)
#7 D:\www\plantation\index.php(45): CodeIgniter\CodeIgniter->run()
#8 {main}
CRITICAL - 2021-02-23 16:55:39 --> You have an error in your SQL syntax; check the manual that corresponds to your MySQL server version for the right syntax to use near ') AS total_working_day_working_hour, (SELECT SUM(attendence.overtime) AS total_w' at line 1
#0 D:\www\plantation\system\Database\MySQLi\Connection.php(331): mysqli->query('SELECT `attende...')
#1 D:\www\plantation\system\Database\BaseConnection.php(738): CodeIgniter\Database\MySQLi\Connection->execute('SELECT `attende...')
#2 D:\www\plantation\system\Database\BaseConnection.php(666): CodeIgniter\Database\BaseConnection->simpleQuery('SELECT `attende...')
#3 D:\www\plantation\system\Database\BaseBuilder.php(1845): CodeIgniter\Database\BaseConnection->query('SELECT `attende...', Array, false)
#4 D:\www\plantation\app\Models\AttendenceModel.php(207): CodeIgniter\Database\BaseBuilder->get()
#5 D:\www\plantation\app\Controllers\API.php(376): App\Models\AttendenceModel->get_for_pay_slip(Array)
#6 D:\www\plantation\system\CodeIgniter.php(914): App\Controllers\API->get_payslip_detail()
#7 D:\www\plantation\system\CodeIgniter.php(400): CodeIgniter\CodeIgniter->runController(Object(App\Controllers\API))
#8 D:\www\plantation\system\CodeIgniter.php(308): CodeIgniter\CodeIgniter->handleRequest(NULL, Object(Config\Cache), false)
#9 D:\www\plantation\index.php(45): CodeIgniter\CodeIgniter->run()
#10 {main}
