CRITICAL - 2021-01-08 09:48:22 --> Access denied for user '****'@'localhost' (using password: NO)
#0 D:\www\plantation\system\Database\BaseConnection.php(377): CodeIgniter\Database\MySQLi\Connection->connect(false)
#1 D:\www\plantation\system\Database\BaseConnection.php(1611): CodeIgniter\Database\BaseConnection->initialize()
#2 D:\www\plantation\app\Core\BaseModel.php(85): CodeIgniter\Database\BaseConnection->getFieldNames('company')
#3 D:\www\plantation\app\Controllers\API.php(169): App\Core\BaseModel->getAll()
#4 D:\www\plantation\system\CodeIgniter.php(914): App\Controllers\API->get_company()
#5 D:\www\plantation\system\CodeIgniter.php(400): CodeIgniter\CodeIgniter->runController(Object(App\Controllers\API))
#6 D:\www\plantation\system\CodeIgniter.php(308): CodeIgniter\CodeIgniter->handleRequest(NULL, Object(Config\Cache), false)
#7 D:\www\plantation\index.php(45): CodeIgniter\CodeIgniter->run()
#8 {main}
CRITICAL - 2021-01-08 09:48:22 --> Access denied for user '****'@'localhost' (using password: NO)
#0 D:\www\plantation\system\Database\BaseConnection.php(377): CodeIgniter\Database\MySQLi\Connection->connect(false)
#1 D:\www\plantation\system\Database\BaseConnection.php(1611): CodeIgniter\Database\BaseConnection->initialize()
#2 D:\www\plantation\app\Core\BaseModel.php(85): CodeIgniter\Database\BaseConnection->getFieldNames('company')
#3 D:\www\plantation\app\Controllers\API.php(169): App\Core\BaseModel->getAll()
#4 D:\www\plantation\system\CodeIgniter.php(914): App\Controllers\API->get_company()
#5 D:\www\plantation\system\CodeIgniter.php(400): CodeIgniter\CodeIgniter->runController(Object(App\Controllers\API))
#6 D:\www\plantation\system\CodeIgniter.php(308): CodeIgniter\CodeIgniter->handleRequest(NULL, Object(Config\Cache), false)
#7 D:\www\plantation\index.php(45): CodeIgniter\CodeIgniter->run()
#8 {main}
CRITICAL - 2021-01-08 09:48:26 --> Access denied for user '****'@'localhost' (using password: NO)
#0 D:\www\plantation\system\Database\BaseConnection.php(377): CodeIgniter\Database\MySQLi\Connection->connect(false)
#1 D:\www\plantation\system\Database\BaseConnection.php(1611): CodeIgniter\Database\BaseConnection->initialize()
#2 D:\www\plantation\app\Core\BaseModel.php(85): CodeIgniter\Database\BaseConnection->getFieldNames('company')
#3 D:\www\plantation\app\Controllers\API.php(169): App\Core\BaseModel->getAll()
#4 D:\www\plantation\system\CodeIgniter.php(914): App\Controllers\API->get_company()
#5 D:\www\plantation\system\CodeIgniter.php(400): CodeIgniter\CodeIgniter->runController(Object(App\Controllers\API))
#6 D:\www\plantation\system\CodeIgniter.php(308): CodeIgniter\CodeIgniter->handleRequest(NULL, Object(Config\Cache), false)
#7 D:\www\plantation\index.php(45): CodeIgniter\CodeIgniter->run()
#8 {main}
CRITICAL - 2021-01-08 09:48:26 --> Access denied for user '****'@'localhost' (using password: NO)
#0 D:\www\plantation\system\Database\BaseConnection.php(377): CodeIgniter\Database\MySQLi\Connection->connect(false)
#1 D:\www\plantation\system\Database\BaseConnection.php(1611): CodeIgniter\Database\BaseConnection->initialize()
#2 D:\www\plantation\app\Core\BaseModel.php(85): CodeIgniter\Database\BaseConnection->getFieldNames('company')
#3 D:\www\plantation\app\Controllers\API.php(169): App\Core\BaseModel->getAll()
#4 D:\www\plantation\system\CodeIgniter.php(914): App\Controllers\API->get_company()
#5 D:\www\plantation\system\CodeIgniter.php(400): CodeIgniter\CodeIgniter->runController(Object(App\Controllers\API))
#6 D:\www\plantation\system\CodeIgniter.php(308): CodeIgniter\CodeIgniter->handleRequest(NULL, Object(Config\Cache), false)
#7 D:\www\plantation\index.php(45): CodeIgniter\CodeIgniter->run()
#8 {main}
CRITICAL - 2021-01-08 09:48:28 --> Access denied for user '****'@'localhost' (using password: NO)
#0 D:\www\plantation\system\Database\BaseConnection.php(377): CodeIgniter\Database\MySQLi\Connection->connect(false)
#1 D:\www\plantation\system\Database\BaseConnection.php(643): CodeIgniter\Database\BaseConnection->initialize()
#2 D:\www\plantation\system\Database\BaseBuilder.php(1845): CodeIgniter\Database\BaseConnection->query('SELECT *\nFROM `...', Array, false)
#3 D:\www\plantation\app\Core\BaseModel.php(141): CodeIgniter\Database\BaseBuilder->get()
#4 D:\www\plantation\app\Controllers\API.php(216): App\Core\BaseModel->getWhere(Array)
#5 D:\www\plantation\system\CodeIgniter.php(914): App\Controllers\API->get_attendence()
#6 D:\www\plantation\system\CodeIgniter.php(400): CodeIgniter\CodeIgniter->runController(Object(App\Controllers\API))
#7 D:\www\plantation\system\CodeIgniter.php(308): CodeIgniter\CodeIgniter->handleRequest(NULL, Object(Config\Cache), false)
#8 D:\www\plantation\index.php(45): CodeIgniter\CodeIgniter->run()
#9 {main}
CRITICAL - 2021-01-08 09:48:28 --> Access denied for user '****'@'localhost' (using password: NO)
#0 D:\www\plantation\system\Database\BaseConnection.php(377): CodeIgniter\Database\MySQLi\Connection->connect(false)
#1 D:\www\plantation\system\Database\BaseConnection.php(643): CodeIgniter\Database\BaseConnection->initialize()
#2 D:\www\plantation\app\Models\WorkerModel.php(30): CodeIgniter\Database\BaseConnection->query('SELECT *, (SELE...', '0')
#3 D:\www\plantation\app\Controllers\API.php(230): App\Models\WorkerModel->getWhere(Array)
#4 D:\www\plantation\system\CodeIgniter.php(914): App\Controllers\API->get_workers()
#5 D:\www\plantation\system\CodeIgniter.php(400): CodeIgniter\CodeIgniter->runController(Object(App\Controllers\API))
#6 D:\www\plantation\system\CodeIgniter.php(308): CodeIgniter\CodeIgniter->handleRequest(NULL, Object(Config\Cache), false)
#7 D:\www\plantation\index.php(45): CodeIgniter\CodeIgniter->run()
#8 {main}
CRITICAL - 2021-01-08 09:48:28 --> Access denied for user '****'@'localhost' (using password: NO)
#0 D:\www\plantation\system\Database\BaseConnection.php(377): CodeIgniter\Database\MySQLi\Connection->connect(false)
#1 D:\www\plantation\system\Database\BaseConnection.php(643): CodeIgniter\Database\BaseConnection->initialize()
#2 D:\www\plantation\system\Database\BaseBuilder.php(1845): CodeIgniter\Database\BaseConnection->query('SELECT *\nFROM `...', Array, false)
#3 D:\www\plantation\app\Core\BaseModel.php(141): CodeIgniter\Database\BaseBuilder->get()
#4 D:\www\plantation\app\Controllers\API.php(103): App\Core\BaseModel->getWhere(Array)
#5 D:\www\plantation\system\CodeIgniter.php(914): App\Controllers\API->get_designations()
#6 D:\www\plantation\system\CodeIgniter.php(400): CodeIgniter\CodeIgniter->runController(Object(App\Controllers\API))
#7 D:\www\plantation\system\CodeIgniter.php(308): CodeIgniter\CodeIgniter->handleRequest(NULL, Object(Config\Cache), false)
#8 D:\www\plantation\index.php(45): CodeIgniter\CodeIgniter->run()
#9 {main}
CRITICAL - 2021-01-08 09:48:29 --> Access denied for user '****'@'localhost' (using password: NO)
#0 D:\www\plantation\system\Database\BaseConnection.php(377): CodeIgniter\Database\MySQLi\Connection->connect(false)
#1 D:\www\plantation\system\Database\BaseConnection.php(643): CodeIgniter\Database\BaseConnection->initialize()
#2 D:\www\plantation\system\Database\BaseBuilder.php(1845): CodeIgniter\Database\BaseConnection->query('SELECT *\nFROM `...', Array, false)
#3 D:\www\plantation\app\Core\BaseModel.php(141): CodeIgniter\Database\BaseBuilder->get()
#4 D:\www\plantation\app\Controllers\API.php(86): App\Core\BaseModel->getWhere(Array)
#5 D:\www\plantation\system\CodeIgniter.php(914): App\Controllers\API->get_subdivisions()
#6 D:\www\plantation\system\CodeIgniter.php(400): CodeIgniter\CodeIgniter->runController(Object(App\Controllers\API))
#7 D:\www\plantation\system\CodeIgniter.php(308): CodeIgniter\CodeIgniter->handleRequest(NULL, Object(Config\Cache), false)
#8 D:\www\plantation\index.php(45): CodeIgniter\CodeIgniter->run()
#9 {main}
CRITICAL - 2021-01-08 09:48:30 --> Access denied for user '****'@'localhost' (using password: NO)
#0 D:\www\plantation\system\Database\BaseConnection.php(377): CodeIgniter\Database\MySQLi\Connection->connect(false)
#1 D:\www\plantation\system\Database\BaseConnection.php(643): CodeIgniter\Database\BaseConnection->initialize()
#2 D:\www\plantation\app\Models\WorkerModel.php(30): CodeIgniter\Database\BaseConnection->query('SELECT *, (SELE...', '0')
#3 D:\www\plantation\app\Controllers\API.php(230): App\Models\WorkerModel->getWhere(Array)
#4 D:\www\plantation\system\CodeIgniter.php(914): App\Controllers\API->get_workers()
#5 D:\www\plantation\system\CodeIgniter.php(400): CodeIgniter\CodeIgniter->runController(Object(App\Controllers\API))
#6 D:\www\plantation\system\CodeIgniter.php(308): CodeIgniter\CodeIgniter->handleRequest(NULL, Object(Config\Cache), false)
#7 D:\www\plantation\index.php(45): CodeIgniter\CodeIgniter->run()
#8 {main}
CRITICAL - 2021-01-08 09:48:30 --> Access denied for user '****'@'localhost' (using password: NO)
#0 D:\www\plantation\system\Database\BaseConnection.php(377): CodeIgniter\Database\MySQLi\Connection->connect(false)
#1 D:\www\plantation\system\Database\BaseConnection.php(643): CodeIgniter\Database\BaseConnection->initialize()
#2 D:\www\plantation\system\Database\BaseBuilder.php(1845): CodeIgniter\Database\BaseConnection->query('SELECT *\nFROM `...', Array, false)
#3 D:\www\plantation\app\Core\BaseModel.php(141): CodeIgniter\Database\BaseBuilder->get()
#4 D:\www\plantation\app\Controllers\API.php(103): App\Core\BaseModel->getWhere(Array)
#5 D:\www\plantation\system\CodeIgniter.php(914): App\Controllers\API->get_designations()
#6 D:\www\plantation\system\CodeIgniter.php(400): CodeIgniter\CodeIgniter->runController(Object(App\Controllers\API))
#7 D:\www\plantation\system\CodeIgniter.php(308): CodeIgniter\CodeIgniter->handleRequest(NULL, Object(Config\Cache), false)
#8 D:\www\plantation\index.php(45): CodeIgniter\CodeIgniter->run()
#9 {main}
CRITICAL - 2021-01-08 09:48:30 --> Access denied for user '****'@'localhost' (using password: NO)
#0 D:\www\plantation\system\Database\BaseConnection.php(377): CodeIgniter\Database\MySQLi\Connection->connect(false)
#1 D:\www\plantation\system\Database\BaseConnection.php(643): CodeIgniter\Database\BaseConnection->initialize()
#2 D:\www\plantation\system\Database\BaseBuilder.php(1845): CodeIgniter\Database\BaseConnection->query('SELECT *\nFROM `...', Array, false)
#3 D:\www\plantation\app\Core\BaseModel.php(141): CodeIgniter\Database\BaseBuilder->get()
#4 D:\www\plantation\app\Controllers\API.php(86): App\Core\BaseModel->getWhere(Array)
#5 D:\www\plantation\system\CodeIgniter.php(914): App\Controllers\API->get_subdivisions()
#6 D:\www\plantation\system\CodeIgniter.php(400): CodeIgniter\CodeIgniter->runController(Object(App\Controllers\API))
#7 D:\www\plantation\system\CodeIgniter.php(308): CodeIgniter\CodeIgniter->handleRequest(NULL, Object(Config\Cache), false)
#8 D:\www\plantation\index.php(45): CodeIgniter\CodeIgniter->run()
#9 {main}
CRITICAL - 2021-01-08 09:48:49 --> Access denied for user '****'@'localhost' (using password: NO)
#0 D:\www\plantation\system\Database\BaseConnection.php(377): CodeIgniter\Database\MySQLi\Connection->connect(false)
#1 D:\www\plantation\system\Database\BaseConnection.php(1611): CodeIgniter\Database\BaseConnection->initialize()
#2 D:\www\plantation\app\Core\BaseModel.php(85): CodeIgniter\Database\BaseConnection->getFieldNames('company')
#3 D:\www\plantation\app\Controllers\API.php(169): App\Core\BaseModel->getAll()
#4 D:\www\plantation\system\CodeIgniter.php(914): App\Controllers\API->get_company()
#5 D:\www\plantation\system\CodeIgniter.php(400): CodeIgniter\CodeIgniter->runController(Object(App\Controllers\API))
#6 D:\www\plantation\system\CodeIgniter.php(308): CodeIgniter\CodeIgniter->handleRequest(NULL, Object(Config\Cache), false)
#7 D:\www\plantation\index.php(45): CodeIgniter\CodeIgniter->run()
#8 {main}
CRITICAL - 2021-01-08 09:48:49 --> Access denied for user '****'@'localhost' (using password: NO)
#0 D:\www\plantation\system\Database\BaseConnection.php(377): CodeIgniter\Database\MySQLi\Connection->connect(false)
#1 D:\www\plantation\system\Database\BaseConnection.php(1611): CodeIgniter\Database\BaseConnection->initialize()
#2 D:\www\plantation\app\Core\BaseModel.php(85): CodeIgniter\Database\BaseConnection->getFieldNames('company')
#3 D:\www\plantation\app\Controllers\API.php(169): App\Core\BaseModel->getAll()
#4 D:\www\plantation\system\CodeIgniter.php(914): App\Controllers\API->get_company()
#5 D:\www\plantation\system\CodeIgniter.php(400): CodeIgniter\CodeIgniter->runController(Object(App\Controllers\API))
#6 D:\www\plantation\system\CodeIgniter.php(308): CodeIgniter\CodeIgniter->handleRequest(NULL, Object(Config\Cache), false)
#7 D:\www\plantation\index.php(45): CodeIgniter\CodeIgniter->run()
#8 {main}
CRITICAL - 2021-01-08 09:48:49 --> Access denied for user '****'@'localhost' (using password: NO)
#0 D:\www\plantation\system\Database\BaseConnection.php(377): CodeIgniter\Database\MySQLi\Connection->connect(false)
#1 D:\www\plantation\system\Database\BaseConnection.php(643): CodeIgniter\Database\BaseConnection->initialize()
#2 D:\www\plantation\app\Models\WorkerModel.php(30): CodeIgniter\Database\BaseConnection->query('SELECT *, (SELE...', '0')
#3 D:\www\plantation\app\Controllers\API.php(230): App\Models\WorkerModel->getWhere(Array)
#4 D:\www\plantation\system\CodeIgniter.php(914): App\Controllers\API->get_workers()
#5 D:\www\plantation\system\CodeIgniter.php(400): CodeIgniter\CodeIgniter->runController(Object(App\Controllers\API))
#6 D:\www\plantation\system\CodeIgniter.php(308): CodeIgniter\CodeIgniter->handleRequest(NULL, Object(Config\Cache), false)
#7 D:\www\plantation\index.php(45): CodeIgniter\CodeIgniter->run()
#8 {main}
CRITICAL - 2021-01-08 09:48:49 --> Access denied for user '****'@'localhost' (using password: NO)
#0 D:\www\plantation\system\Database\BaseConnection.php(377): CodeIgniter\Database\MySQLi\Connection->connect(false)
#1 D:\www\plantation\system\Database\BaseConnection.php(643): CodeIgniter\Database\BaseConnection->initialize()
#2 D:\www\plantation\system\Database\BaseBuilder.php(1845): CodeIgniter\Database\BaseConnection->query('SELECT *\nFROM `...', Array, false)
#3 D:\www\plantation\app\Core\BaseModel.php(141): CodeIgniter\Database\BaseBuilder->get()
#4 D:\www\plantation\app\Controllers\API.php(103): App\Core\BaseModel->getWhere(Array)
#5 D:\www\plantation\system\CodeIgniter.php(914): App\Controllers\API->get_designations()
#6 D:\www\plantation\system\CodeIgniter.php(400): CodeIgniter\CodeIgniter->runController(Object(App\Controllers\API))
#7 D:\www\plantation\system\CodeIgniter.php(308): CodeIgniter\CodeIgniter->handleRequest(NULL, Object(Config\Cache), false)
#8 D:\www\plantation\index.php(45): CodeIgniter\CodeIgniter->run()
#9 {main}
CRITICAL - 2021-01-08 09:48:49 --> Access denied for user '****'@'localhost' (using password: NO)
#0 D:\www\plantation\system\Database\BaseConnection.php(377): CodeIgniter\Database\MySQLi\Connection->connect(false)
#1 D:\www\plantation\system\Database\BaseConnection.php(643): CodeIgniter\Database\BaseConnection->initialize()
#2 D:\www\plantation\system\Database\BaseBuilder.php(1845): CodeIgniter\Database\BaseConnection->query('SELECT *\nFROM `...', Array, false)
#3 D:\www\plantation\app\Core\BaseModel.php(141): CodeIgniter\Database\BaseBuilder->get()
#4 D:\www\plantation\app\Controllers\API.php(86): App\Core\BaseModel->getWhere(Array)
#5 D:\www\plantation\system\CodeIgniter.php(914): App\Controllers\API->get_subdivisions()
#6 D:\www\plantation\system\CodeIgniter.php(400): CodeIgniter\CodeIgniter->runController(Object(App\Controllers\API))
#7 D:\www\plantation\system\CodeIgniter.php(308): CodeIgniter\CodeIgniter->handleRequest(NULL, Object(Config\Cache), false)
#8 D:\www\plantation\index.php(45): CodeIgniter\CodeIgniter->run()
#9 {main}
CRITICAL - 2021-01-08 10:11:13 --> Cannot redeclare App\Controllers\API::register_worker()
#0 [internal function]: CodeIgniter\Debug\Exceptions->shutdownHandler()
#1 {main}
CRITICAL - 2021-01-08 10:11:13 --> Cannot redeclare App\Controllers\API::register_worker()
#0 [internal function]: CodeIgniter\Debug\Exceptions->shutdownHandler()
#1 {main}
CRITICAL - 2021-01-08 10:11:13 --> Cannot redeclare App\Controllers\API::register_worker()
#0 [internal function]: CodeIgniter\Debug\Exceptions->shutdownHandler()
#1 {main}
CRITICAL - 2021-01-08 10:11:16 --> Cannot redeclare App\Controllers\API::register_worker()
#0 [internal function]: CodeIgniter\Debug\Exceptions->shutdownHandler()
#1 {main}
CRITICAL - 2021-01-08 10:11:16 --> Cannot redeclare App\Controllers\API::register_worker()
#0 [internal function]: CodeIgniter\Debug\Exceptions->shutdownHandler()
#1 {main}
CRITICAL - 2021-01-08 10:11:16 --> Cannot redeclare App\Controllers\API::register_worker()
#0 [internal function]: CodeIgniter\Debug\Exceptions->shutdownHandler()
#1 {main}
CRITICAL - 2021-01-08 10:11:16 --> Cannot redeclare App\Controllers\API::register_worker()
#0 [internal function]: CodeIgniter\Debug\Exceptions->shutdownHandler()
#1 {main}
CRITICAL - 2021-01-08 10:11:16 --> Cannot redeclare App\Controllers\API::register_worker()
#0 [internal function]: CodeIgniter\Debug\Exceptions->shutdownHandler()
#1 {main}
CRITICAL - 2021-01-08 10:11:19 --> Cannot redeclare App\Controllers\API::register_worker()
#0 [internal function]: CodeIgniter\Debug\Exceptions->shutdownHandler()
#1 {main}
CRITICAL - 2021-01-08 10:11:19 --> Cannot redeclare App\Controllers\API::register_worker()
#0 [internal function]: CodeIgniter\Debug\Exceptions->shutdownHandler()
#1 {main}
CRITICAL - 2021-01-08 10:11:19 --> Cannot redeclare App\Controllers\API::register_worker()
#0 [internal function]: CodeIgniter\Debug\Exceptions->shutdownHandler()
#1 {main}
CRITICAL - 2021-01-08 10:11:19 --> Cannot redeclare App\Controllers\API::register_worker()
#0 [internal function]: CodeIgniter\Debug\Exceptions->shutdownHandler()
#1 {main}
CRITICAL - 2021-01-08 10:11:19 --> Cannot redeclare App\Controllers\API::register_worker()
#0 [internal function]: CodeIgniter\Debug\Exceptions->shutdownHandler()
#1 {main}
CRITICAL - 2021-01-08 10:11:29 --> Cannot redeclare App\Controllers\API::register_worker()
#0 [internal function]: CodeIgniter\Debug\Exceptions->shutdownHandler()
#1 {main}
CRITICAL - 2021-01-08 10:11:29 --> Cannot redeclare App\Controllers\API::register_worker()
#0 [internal function]: CodeIgniter\Debug\Exceptions->shutdownHandler()
#1 {main}
CRITICAL - 2021-01-08 10:11:29 --> Cannot redeclare App\Controllers\API::register_worker()
#0 [internal function]: CodeIgniter\Debug\Exceptions->shutdownHandler()
#1 {main}
CRITICAL - 2021-01-08 10:11:29 --> Cannot redeclare App\Controllers\API::register_worker()
#0 [internal function]: CodeIgniter\Debug\Exceptions->shutdownHandler()
#1 {main}
CRITICAL - 2021-01-08 10:11:29 --> Cannot redeclare App\Controllers\API::register_worker()
#0 [internal function]: CodeIgniter\Debug\Exceptions->shutdownHandler()
#1 {main}
CRITICAL - 2021-01-08 10:11:57 --> Cannot redeclare App\Controllers\API::register_worker()
#0 [internal function]: CodeIgniter\Debug\Exceptions->shutdownHandler()
#1 {main}
CRITICAL - 2021-01-08 10:11:57 --> Cannot redeclare App\Controllers\API::register_worker()
#0 [internal function]: CodeIgniter\Debug\Exceptions->shutdownHandler()
#1 {main}
CRITICAL - 2021-01-08 10:11:57 --> Cannot redeclare App\Controllers\API::register_worker()
#0 [internal function]: CodeIgniter\Debug\Exceptions->shutdownHandler()
#1 {main}
CRITICAL - 2021-01-08 10:11:57 --> Cannot redeclare App\Controllers\API::register_worker()
#0 [internal function]: CodeIgniter\Debug\Exceptions->shutdownHandler()
#1 {main}
CRITICAL - 2021-01-08 10:11:57 --> Cannot redeclare App\Controllers\API::register_worker()
#0 [internal function]: CodeIgniter\Debug\Exceptions->shutdownHandler()
#1 {main}
CRITICAL - 2021-01-08 10:12:11 --> Cannot redeclare App\Controllers\API::register_worker()
#0 [internal function]: CodeIgniter\Debug\Exceptions->shutdownHandler()
#1 {main}
CRITICAL - 2021-01-08 10:12:11 --> Cannot redeclare App\Controllers\API::register_worker()
#0 [internal function]: CodeIgniter\Debug\Exceptions->shutdownHandler()
#1 {main}
CRITICAL - 2021-01-08 10:12:11 --> Cannot redeclare App\Controllers\API::register_worker()
#0 [internal function]: CodeIgniter\Debug\Exceptions->shutdownHandler()
#1 {main}
CRITICAL - 2021-01-08 10:12:11 --> Cannot redeclare App\Controllers\API::register_worker()
#0 [internal function]: CodeIgniter\Debug\Exceptions->shutdownHandler()
#1 {main}
CRITICAL - 2021-01-08 10:12:11 --> Cannot redeclare App\Controllers\API::register_worker()
#0 [internal function]: CodeIgniter\Debug\Exceptions->shutdownHandler()
#1 {main}
CRITICAL - 2021-01-08 10:12:22 --> Cannot redeclare App\Controllers\API::register_worker()
#0 [internal function]: CodeIgniter\Debug\Exceptions->shutdownHandler()
#1 {main}
CRITICAL - 2021-01-08 10:12:22 --> Cannot redeclare App\Controllers\API::register_worker()
#0 [internal function]: CodeIgniter\Debug\Exceptions->shutdownHandler()
#1 {main}
CRITICAL - 2021-01-08 10:12:22 --> Cannot redeclare App\Controllers\API::register_worker()
#0 [internal function]: CodeIgniter\Debug\Exceptions->shutdownHandler()
#1 {main}
CRITICAL - 2021-01-08 10:12:22 --> Cannot redeclare App\Controllers\API::register_worker()
#0 [internal function]: CodeIgniter\Debug\Exceptions->shutdownHandler()
#1 {main}
CRITICAL - 2021-01-08 10:12:22 --> Cannot redeclare App\Controllers\API::register_worker()
#0 [internal function]: CodeIgniter\Debug\Exceptions->shutdownHandler()
#1 {main}
CRITICAL - 2021-01-08 10:15:59 --> Unknown column 'attendance.company_id' in 'where clause'
#0 D:\www\plantation\system\Database\MySQLi\Connection.php(331): mysqli->query('SELECT *\nFROM `...')
#1 D:\www\plantation\system\Database\BaseConnection.php(738): CodeIgniter\Database\MySQLi\Connection->execute('SELECT *\nFROM `...')
#2 D:\www\plantation\system\Database\BaseConnection.php(666): CodeIgniter\Database\BaseConnection->simpleQuery('SELECT *\nFROM `...')
#3 D:\www\plantation\system\Database\BaseBuilder.php(1845): CodeIgniter\Database\BaseConnection->query('SELECT *\nFROM `...', Array, false)
#4 D:\www\plantation\app\Core\BaseModel.php(141): CodeIgniter\Database\BaseBuilder->get()
#5 D:\www\plantation\app\Controllers\API.php(217): App\Core\BaseModel->getWhere(Array)
#6 D:\www\plantation\system\CodeIgniter.php(914): App\Controllers\API->get_attendence()
#7 D:\www\plantation\system\CodeIgniter.php(400): CodeIgniter\CodeIgniter->runController(Object(App\Controllers\API))
#8 D:\www\plantation\system\CodeIgniter.php(308): CodeIgniter\CodeIgniter->handleRequest(NULL, Object(Config\Cache), false)
#9 D:\www\plantation\index.php(45): CodeIgniter\CodeIgniter->run()
#10 {main}
